[2023-01-21T21:19:25.173+0000] {taskinstance.py:1083} INFO - Dependencies all met for <TaskInstance: crypto_coins_etl.notify_user manual__2023-01-21T21:19:11.141759+00:00 [queued]>
[2023-01-21T21:19:25.187+0000] {taskinstance.py:1083} INFO - Dependencies all met for <TaskInstance: crypto_coins_etl.notify_user manual__2023-01-21T21:19:11.141759+00:00 [queued]>
[2023-01-21T21:19:25.188+0000] {taskinstance.py:1279} INFO - 
--------------------------------------------------------------------------------
[2023-01-21T21:19:25.189+0000] {taskinstance.py:1280} INFO - Starting attempt 1 of 1
[2023-01-21T21:19:25.189+0000] {taskinstance.py:1281} INFO - 
--------------------------------------------------------------------------------
[2023-01-21T21:19:25.205+0000] {taskinstance.py:1300} INFO - Executing <Task(PythonOperator): notify_user> on 2023-01-21 21:19:11.141759+00:00
[2023-01-21T21:19:25.211+0000] {standard_task_runner.py:55} INFO - Started process 5259 to run task
[2023-01-21T21:19:25.217+0000] {standard_task_runner.py:82} INFO - Running: ['***', 'tasks', 'run', 'crypto_coins_etl', 'notify_user', 'manual__2023-01-21T21:19:11.141759+00:00', '--job-id', '219', '--raw', '--subdir', 'DAGS_FOLDER/crypto_coins_etl.py', '--cfg-path', '/tmp/tmp5untn6_3']
[2023-01-21T21:19:25.220+0000] {standard_task_runner.py:83} INFO - Job 219: Subtask notify_user
[2023-01-21T21:19:25.305+0000] {task_command.py:388} INFO - Running <TaskInstance: crypto_coins_etl.notify_user manual__2023-01-21T21:19:11.141759+00:00 [running]> on host 6256f74551c5
[2023-01-21T21:19:25.382+0000] {taskinstance.py:1507} INFO - Exporting the following env vars:
AIRFLOW_CTX_DAG_OWNER=***
AIRFLOW_CTX_DAG_ID=crypto_coins_etl
AIRFLOW_CTX_TASK_ID=notify_user
AIRFLOW_CTX_EXECUTION_DATE=2023-01-21T21:19:11.141759+00:00
AIRFLOW_CTX_TRY_NUMBER=1
AIRFLOW_CTX_DAG_RUN_ID=manual__2023-01-21T21:19:11.141759+00:00
[2023-01-21T21:19:25.399+0000] {python.py:177} INFO - Done. Returned value was: True
[2023-01-21T21:19:25.429+0000] {taskinstance.py:1318} INFO - Marking task as SUCCESS. dag_id=crypto_coins_etl, task_id=notify_user, execution_date=20230121T211911, start_date=20230121T211925, end_date=20230121T211925
[2023-01-21T21:19:25.469+0000] {local_task_job.py:208} INFO - Task exited with return code 0
[2023-01-21T21:19:25.492+0000] {taskinstance.py:2578} INFO - 0 downstream tasks scheduled from follow-on schedule check
