[2023-01-21T20:39:29.078+0000] {taskinstance.py:1083} INFO - Dependencies all met for <TaskInstance: crypto_coins_etl.calculate_average_price manual__2023-01-21T20:39:20.009429+00:00 [queued]>
[2023-01-21T20:39:29.089+0000] {taskinstance.py:1083} INFO - Dependencies all met for <TaskInstance: crypto_coins_etl.calculate_average_price manual__2023-01-21T20:39:20.009429+00:00 [queued]>
[2023-01-21T20:39:29.090+0000] {taskinstance.py:1279} INFO - 
--------------------------------------------------------------------------------
[2023-01-21T20:39:29.090+0000] {taskinstance.py:1280} INFO - Starting attempt 1 of 1
[2023-01-21T20:39:29.091+0000] {taskinstance.py:1281} INFO - 
--------------------------------------------------------------------------------
[2023-01-21T20:39:29.104+0000] {taskinstance.py:1300} INFO - Executing <Task(PythonOperator): calculate_average_price> on 2023-01-21 20:39:20.009429+00:00
[2023-01-21T20:39:29.110+0000] {standard_task_runner.py:55} INFO - Started process 2626 to run task
[2023-01-21T20:39:29.115+0000] {standard_task_runner.py:82} INFO - Running: ['***', 'tasks', 'run', 'crypto_coins_etl', 'calculate_average_price', 'manual__2023-01-21T20:39:20.009429+00:00', '--job-id', '175', '--raw', '--subdir', 'DAGS_FOLDER/crypto_coins_etl.py', '--cfg-path', '/tmp/tmp_8ffu64l']
[2023-01-21T20:39:29.119+0000] {standard_task_runner.py:83} INFO - Job 175: Subtask calculate_average_price
[2023-01-21T20:39:29.195+0000] {task_command.py:388} INFO - Running <TaskInstance: crypto_coins_etl.calculate_average_price manual__2023-01-21T20:39:20.009429+00:00 [running]> on host 6256f74551c5
[2023-01-21T20:39:29.262+0000] {taskinstance.py:1507} INFO - Exporting the following env vars:
AIRFLOW_CTX_DAG_OWNER=***
AIRFLOW_CTX_DAG_ID=crypto_coins_etl
AIRFLOW_CTX_TASK_ID=calculate_average_price
AIRFLOW_CTX_EXECUTION_DATE=2023-01-21T20:39:20.009429+00:00
AIRFLOW_CTX_TRY_NUMBER=1
AIRFLOW_CTX_DAG_RUN_ID=manual__2023-01-21T20:39:20.009429+00:00
[2023-01-21T20:39:29.276+0000] {taskinstance.py:1768} ERROR - Task failed with exception
Traceback (most recent call last):
  File "/home/airflow/.local/lib/python3.8/site-packages/airflow/operators/python.py", line 175, in execute
    return_value = self.execute_callable()
  File "/home/airflow/.local/lib/python3.8/site-packages/airflow/operators/python.py", line 192, in execute_callable
    return self.python_callable(*self.op_args, **self.op_kwargs)
  File "/opt/airflow/plugins/transformers/crypto/crypto_transformer.py", line 66, in cal_avg_price
    must_buy_coins = [cls._get_avg_price(coin) for coin in coins]
  File "/opt/airflow/plugins/transformers/crypto/crypto_transformer.py", line 66, in <listcomp>
    must_buy_coins = [cls._get_avg_price(coin) for coin in coins]
  File "/opt/airflow/plugins/transformers/crypto/crypto_transformer.py", line 41, in _get_avg_price
    cls.logger.info(f"calculate_avg_price {coin_id}")
AttributeError: type object 'CryptoTransformer' has no attribute 'logger'
[2023-01-21T20:39:29.287+0000] {taskinstance.py:1318} INFO - Marking task as FAILED. dag_id=crypto_coins_etl, task_id=calculate_average_price, execution_date=20230121T203920, start_date=20230121T203929, end_date=20230121T203929
[2023-01-21T20:39:29.299+0000] {standard_task_runner.py:100} ERROR - Failed to execute job 175 for task calculate_average_price (type object 'CryptoTransformer' has no attribute 'logger'; 2626)
[2023-01-21T20:39:29.329+0000] {local_task_job.py:208} INFO - Task exited with return code 1
[2023-01-21T20:39:29.353+0000] {taskinstance.py:2578} INFO - 0 downstream tasks scheduled from follow-on schedule check
