[2023-01-22T03:08:53.991+0000] {taskinstance.py:1083} INFO - Dependencies all met for <TaskInstance: debts_tracker_etl.create_encrypt_file scheduled__2023-01-21T03:08:44.310853+00:00 [queued]>
[2023-01-22T03:08:54.002+0000] {taskinstance.py:1083} INFO - Dependencies all met for <TaskInstance: debts_tracker_etl.create_encrypt_file scheduled__2023-01-21T03:08:44.310853+00:00 [queued]>
[2023-01-22T03:08:54.003+0000] {taskinstance.py:1279} INFO - 
--------------------------------------------------------------------------------
[2023-01-22T03:08:54.004+0000] {taskinstance.py:1280} INFO - Starting attempt 1 of 2
[2023-01-22T03:08:54.005+0000] {taskinstance.py:1281} INFO - 
--------------------------------------------------------------------------------
[2023-01-22T03:08:54.018+0000] {taskinstance.py:1300} INFO - Executing <Task(PythonOperator): create_encrypt_file> on 2023-01-21 03:08:44.310853+00:00
[2023-01-22T03:08:54.025+0000] {standard_task_runner.py:55} INFO - Started process 230 to run task
[2023-01-22T03:08:54.029+0000] {standard_task_runner.py:82} INFO - Running: ['***', 'tasks', 'run', 'debts_tracker_etl', 'create_encrypt_file', 'scheduled__2023-01-21T03:08:44.310853+00:00', '--job-id', '6', '--raw', '--subdir', 'DAGS_FOLDER/debts_tracker_etl.py', '--cfg-path', '/tmp/tmpa92wgx4c']
[2023-01-22T03:08:54.033+0000] {standard_task_runner.py:83} INFO - Job 6: Subtask create_encrypt_file
[2023-01-22T03:08:54.112+0000] {task_command.py:388} INFO - Running <TaskInstance: debts_tracker_etl.create_encrypt_file scheduled__2023-01-21T03:08:44.310853+00:00 [running]> on host b6a4483f6ab0
[2023-01-22T03:08:54.180+0000] {taskinstance.py:1507} INFO - Exporting the following env vars:
AIRFLOW_CTX_DAG_OWNER=Tony Stark, Peter Parker
AIRFLOW_CTX_DAG_ID=debts_tracker_etl
AIRFLOW_CTX_TASK_ID=create_encrypt_file
AIRFLOW_CTX_EXECUTION_DATE=2023-01-21T03:08:44.310853+00:00
AIRFLOW_CTX_TRY_NUMBER=1
AIRFLOW_CTX_DAG_RUN_ID=scheduled__2023-01-21T03:08:44.310853+00:00
[2023-01-22T03:08:54.209+0000] {logging_mixin.py:137} INFO - 0-----
[2023-01-22T03:08:54.210+0000] {logging_mixin.py:137} INFO - b'gAAAAABjzKjG_kJaWpc13bpC_g3bSgEkmN-UDiRxzescOZOuqz3Uj9GIbjnwhdINzGxdq0g12jVeIQ4a9ayisXbC1G7I0aLqPNefMsBYT-le1YCZtuFXKFUdAlYBEJS1LNI0FcyOYtVYFf0qRMEXWUrbaKZJvw9MbzDZvbXMLs5iGjar1h81n5Clv6oanGu0dgO7Jca5X8-3kzLWX3Vhc901-2v8Dh9MrcCWJ9D0hXuWSTn0OaFSyy3hY6kiNThk0xe-lyIQVrRmAQU2EwmimYH1m1xmW4dMwz4QAzqH_FDG1xuk8zTl7YBp1qO3APYV7NQOJ-qcxVgVPTop5no94n3bSVXYjDJ37aIfAlo0TvAOAxDz5kqKTao='
[2023-01-22T03:08:54.210+0000] {python.py:177} INFO - Done. Returned value was: None
[2023-01-22T03:08:54.220+0000] {taskinstance.py:1318} INFO - Marking task as SUCCESS. dag_id=debts_tracker_etl, task_id=create_encrypt_file, execution_date=20230121T030844, start_date=20230122T030853, end_date=20230122T030854
[2023-01-22T03:08:54.283+0000] {local_task_job.py:208} INFO - Task exited with return code 0
[2023-01-22T03:08:54.302+0000] {taskinstance.py:2578} INFO - 0 downstream tasks scheduled from follow-on schedule check
