[2023-01-21T21:29:42.159+0000] {taskinstance.py:1083} INFO - Dependencies all met for <TaskInstance: crypto_currency_etl.save_purchase_record manual__2023-01-21T21:29:28.177241+00:00 [queued]>
[2023-01-21T21:29:42.171+0000] {taskinstance.py:1083} INFO - Dependencies all met for <TaskInstance: crypto_currency_etl.save_purchase_record manual__2023-01-21T21:29:28.177241+00:00 [queued]>
[2023-01-21T21:29:42.172+0000] {taskinstance.py:1279} INFO - 
--------------------------------------------------------------------------------
[2023-01-21T21:29:42.172+0000] {taskinstance.py:1280} INFO - Starting attempt 1 of 1
[2023-01-21T21:29:42.173+0000] {taskinstance.py:1281} INFO - 
--------------------------------------------------------------------------------
[2023-01-21T21:29:42.190+0000] {taskinstance.py:1300} INFO - Executing <Task(PythonOperator): save_purchase_record> on 2023-01-21 21:29:28.177241+00:00
[2023-01-21T21:29:42.196+0000] {standard_task_runner.py:55} INFO - Started process 533 to run task
[2023-01-21T21:29:42.200+0000] {standard_task_runner.py:82} INFO - Running: ['***', 'tasks', 'run', 'crypto_currency_etl', 'save_purchase_record', 'manual__2023-01-21T21:29:28.177241+00:00', '--job-id', '241', '--raw', '--subdir', 'DAGS_FOLDER/crypto_currency_etl.py', '--cfg-path', '/tmp/tmpgtloqd5s']
[2023-01-21T21:29:42.205+0000] {standard_task_runner.py:83} INFO - Job 241: Subtask save_purchase_record
[2023-01-21T21:29:42.292+0000] {task_command.py:388} INFO - Running <TaskInstance: crypto_currency_etl.save_purchase_record manual__2023-01-21T21:29:28.177241+00:00 [running]> on host 365d47c8e5b5
[2023-01-21T21:29:42.368+0000] {taskinstance.py:1507} INFO - Exporting the following env vars:
AIRFLOW_CTX_DAG_OWNER=***
AIRFLOW_CTX_DAG_ID=crypto_currency_etl
AIRFLOW_CTX_TASK_ID=save_purchase_record
AIRFLOW_CTX_EXECUTION_DATE=2023-01-21T21:29:28.177241+00:00
AIRFLOW_CTX_TRY_NUMBER=1
AIRFLOW_CTX_DAG_RUN_ID=manual__2023-01-21T21:29:28.177241+00:00
[2023-01-21T21:29:42.385+0000] {python.py:177} INFO - Done. Returned value was: True
[2023-01-21T21:29:42.413+0000] {taskinstance.py:1318} INFO - Marking task as SUCCESS. dag_id=crypto_currency_etl, task_id=save_purchase_record, execution_date=20230121T212928, start_date=20230121T212942, end_date=20230121T212942
[2023-01-21T21:29:42.454+0000] {local_task_job.py:208} INFO - Task exited with return code 0
[2023-01-21T21:29:42.479+0000] {taskinstance.py:2578} INFO - 0 downstream tasks scheduled from follow-on schedule check
