[2023-01-21T21:25:40.659+0000] {taskinstance.py:1083} INFO - Dependencies all met for <TaskInstance: crypto_currency_etl.get_top_three_coins manual__2023-01-21T21:25:37.135954+00:00 [queued]>
[2023-01-21T21:25:40.674+0000] {taskinstance.py:1083} INFO - Dependencies all met for <TaskInstance: crypto_currency_etl.get_top_three_coins manual__2023-01-21T21:25:37.135954+00:00 [queued]>
[2023-01-21T21:25:40.676+0000] {taskinstance.py:1279} INFO - 
--------------------------------------------------------------------------------
[2023-01-21T21:25:40.678+0000] {taskinstance.py:1280} INFO - Starting attempt 1 of 1
[2023-01-21T21:25:40.679+0000] {taskinstance.py:1281} INFO - 
--------------------------------------------------------------------------------
[2023-01-21T21:25:40.695+0000] {taskinstance.py:1300} INFO - Executing <Task(PythonOperator): get_top_three_coins> on 2023-01-21 21:25:37.135954+00:00
[2023-01-21T21:25:40.701+0000] {standard_task_runner.py:55} INFO - Started process 254 to run task
[2023-01-21T21:25:40.705+0000] {standard_task_runner.py:82} INFO - Running: ['***', 'tasks', 'run', 'crypto_currency_etl', 'get_top_three_coins', 'manual__2023-01-21T21:25:37.135954+00:00', '--job-id', '234', '--raw', '--subdir', 'DAGS_FOLDER/crypto_currency_etl.py', '--cfg-path', '/tmp/tmpbq2pxg5c']
[2023-01-21T21:25:40.713+0000] {standard_task_runner.py:83} INFO - Job 234: Subtask get_top_three_coins
[2023-01-21T21:25:40.785+0000] {task_command.py:388} INFO - Running <TaskInstance: crypto_currency_etl.get_top_three_coins manual__2023-01-21T21:25:37.135954+00:00 [running]> on host 365d47c8e5b5
[2023-01-21T21:25:40.859+0000] {taskinstance.py:1507} INFO - Exporting the following env vars:
AIRFLOW_CTX_DAG_OWNER=***
AIRFLOW_CTX_DAG_ID=crypto_currency_etl
AIRFLOW_CTX_TASK_ID=get_top_three_coins
AIRFLOW_CTX_EXECUTION_DATE=2023-01-21T21:25:37.135954+00:00
AIRFLOW_CTX_TRY_NUMBER=1
AIRFLOW_CTX_DAG_RUN_ID=manual__2023-01-21T21:25:37.135954+00:00
[2023-01-21T21:25:40.876+0000] {taskinstance.py:1768} ERROR - Task failed with exception
Traceback (most recent call last):
  File "/home/airflow/.local/lib/python3.8/site-packages/airflow/operators/python.py", line 175, in execute
    return_value = self.execute_callable()
  File "/home/airflow/.local/lib/python3.8/site-packages/airflow/operators/python.py", line 192, in execute_callable
    return self.python_callable(*self.op_args, **self.op_kwargs)
  File "/opt/airflow/plugins/transformers/crypto/crypto_transformer.py", line 24, in get_top_three_coins
    sorted_coins = sorted(coins, key= lambda k:k['current_price'], reverse=True)
  File "/opt/airflow/plugins/transformers/crypto/crypto_transformer.py", line 24, in <lambda>
    sorted_coins = sorted(coins, key= lambda k:k['current_price'], reverse=True)
TypeError: string indices must be integers
[2023-01-21T21:25:40.891+0000] {taskinstance.py:1318} INFO - Marking task as FAILED. dag_id=crypto_currency_etl, task_id=get_top_three_coins, execution_date=20230121T212537, start_date=20230121T212540, end_date=20230121T212540
[2023-01-21T21:25:40.905+0000] {standard_task_runner.py:100} ERROR - Failed to execute job 234 for task get_top_three_coins (string indices must be integers; 254)
[2023-01-21T21:25:40.918+0000] {local_task_job.py:208} INFO - Task exited with return code 1
[2023-01-21T21:25:40.948+0000] {taskinstance.py:2578} INFO - 0 downstream tasks scheduled from follow-on schedule check
