[2023-01-22T00:00:19.760+0000] {taskinstance.py:1083} INFO - Dependencies all met for <TaskInstance: crypto_currency_etl.notify_app_owner scheduled__2023-01-21T00:00:00+00:00 [queued]>
[2023-01-22T00:00:19.771+0000] {taskinstance.py:1083} INFO - Dependencies all met for <TaskInstance: crypto_currency_etl.notify_app_owner scheduled__2023-01-21T00:00:00+00:00 [queued]>
[2023-01-22T00:00:19.772+0000] {taskinstance.py:1279} INFO - 
--------------------------------------------------------------------------------
[2023-01-22T00:00:19.772+0000] {taskinstance.py:1280} INFO - Starting attempt 1 of 1
[2023-01-22T00:00:19.773+0000] {taskinstance.py:1281} INFO - 
--------------------------------------------------------------------------------
[2023-01-22T00:00:19.786+0000] {taskinstance.py:1300} INFO - Executing <Task(PythonOperator): notify_app_owner> on 2023-01-21 00:00:00+00:00
[2023-01-22T00:00:19.793+0000] {standard_task_runner.py:55} INFO - Started process 10321 to run task
[2023-01-22T00:00:19.797+0000] {standard_task_runner.py:82} INFO - Running: ['***', 'tasks', 'run', 'crypto_currency_etl', 'notify_app_owner', 'scheduled__2023-01-21T00:00:00+00:00', '--job-id', '251', '--raw', '--subdir', 'DAGS_FOLDER/crypto_currency_etl.py', '--cfg-path', '/tmp/tmp80avc2wi']
[2023-01-22T00:00:19.801+0000] {standard_task_runner.py:83} INFO - Job 251: Subtask notify_app_owner
[2023-01-22T00:00:19.877+0000] {task_command.py:388} INFO - Running <TaskInstance: crypto_currency_etl.notify_app_owner scheduled__2023-01-21T00:00:00+00:00 [running]> on host 365d47c8e5b5
[2023-01-22T00:00:19.948+0000] {taskinstance.py:1507} INFO - Exporting the following env vars:
AIRFLOW_CTX_DAG_OWNER=***
AIRFLOW_CTX_DAG_ID=crypto_currency_etl
AIRFLOW_CTX_TASK_ID=notify_app_owner
AIRFLOW_CTX_EXECUTION_DATE=2023-01-21T00:00:00+00:00
AIRFLOW_CTX_TRY_NUMBER=1
AIRFLOW_CTX_DAG_RUN_ID=scheduled__2023-01-21T00:00:00+00:00
[2023-01-22T00:00:19.962+0000] {python.py:177} INFO - Done. Returned value was: True
[2023-01-22T00:00:19.983+0000] {taskinstance.py:1318} INFO - Marking task as SUCCESS. dag_id=crypto_currency_etl, task_id=notify_app_owner, execution_date=20230121T000000, start_date=20230122T000019, end_date=20230122T000019
[2023-01-22T00:00:20.010+0000] {local_task_job.py:208} INFO - Task exited with return code 0
[2023-01-22T00:00:20.027+0000] {taskinstance.py:2578} INFO - 0 downstream tasks scheduled from follow-on schedule check
