[2023-01-21T06:12:41.316+0000] {taskinstance.py:1083} INFO - Dependencies all met for <TaskInstance: crypto_coins_etl.create_coins_table manual__2023-01-21T06:12:37.793660+00:00 [queued]>
[2023-01-21T06:12:41.333+0000] {taskinstance.py:1083} INFO - Dependencies all met for <TaskInstance: crypto_coins_etl.create_coins_table manual__2023-01-21T06:12:37.793660+00:00 [queued]>
[2023-01-21T06:12:41.334+0000] {taskinstance.py:1279} INFO - 
--------------------------------------------------------------------------------
[2023-01-21T06:12:41.335+0000] {taskinstance.py:1280} INFO - Starting attempt 1 of 1
[2023-01-21T06:12:41.335+0000] {taskinstance.py:1281} INFO - 
--------------------------------------------------------------------------------
[2023-01-21T06:12:41.351+0000] {taskinstance.py:1300} INFO - Executing <Task(PostgresOperator): create_coins_table> on 2023-01-21 06:12:37.793660+00:00
[2023-01-21T06:12:41.361+0000] {standard_task_runner.py:55} INFO - Started process 3413 to run task
[2023-01-21T06:12:41.365+0000] {standard_task_runner.py:82} INFO - Running: ['***', 'tasks', 'run', 'crypto_coins_etl', 'create_coins_table', 'manual__2023-01-21T06:12:37.793660+00:00', '--job-id', '81', '--raw', '--subdir', 'DAGS_FOLDER/crypto_coins_etl.py', '--cfg-path', '/tmp/tmp1yw7ie5v']
[2023-01-21T06:12:41.368+0000] {standard_task_runner.py:83} INFO - Job 81: Subtask create_coins_table
[2023-01-21T06:12:41.448+0000] {task_command.py:388} INFO - Running <TaskInstance: crypto_coins_etl.create_coins_table manual__2023-01-21T06:12:37.793660+00:00 [running]> on host ac5a85f5e1cc
[2023-01-21T06:12:41.521+0000] {taskinstance.py:1507} INFO - Exporting the following env vars:
AIRFLOW_CTX_DAG_OWNER=***
AIRFLOW_CTX_DAG_ID=crypto_coins_etl
AIRFLOW_CTX_TASK_ID=create_coins_table
AIRFLOW_CTX_EXECUTION_DATE=2023-01-21T06:12:37.793660+00:00
AIRFLOW_CTX_TRY_NUMBER=1
AIRFLOW_CTX_DAG_RUN_ID=manual__2023-01-21T06:12:37.793660+00:00
[2023-01-21T06:12:41.525+0000] {sql.py:254} INFO - Executing:  CREATE TABLE IF NOT EXISTS coin(             id INT  NOT NULL PRIMARY KEY,             name TEXT NOT NULL,             symbol TEXT ,             current_price FLOAT NOT NULL,             high_24h FLOAT NOT NULL,             low_24h FLOAT NOT NULL         );
[2023-01-21T06:12:41.535+0000] {base.py:73} INFO - Using connection ID 'postgres' for task execution.
[2023-01-21T06:12:41.794+0000] {base.py:73} INFO - Using connection ID 'postgres' for task execution.
[2023-01-21T06:12:41.800+0000] {sql.py:375} INFO - Running statement:  CREATE TABLE IF NOT EXISTS coin(             id INT  NOT NULL PRIMARY KEY,             name TEXT NOT NULL,             symbol TEXT ,             current_price FLOAT NOT NULL,             high_24h FLOAT NOT NULL,             low_24h FLOAT NOT NULL         );, parameters: None
[2023-01-21T06:12:41.811+0000] {taskinstance.py:1318} INFO - Marking task as SUCCESS. dag_id=crypto_coins_etl, task_id=create_coins_table, execution_date=20230121T061237, start_date=20230121T061241, end_date=20230121T061241
[2023-01-21T06:12:41.862+0000] {local_task_job.py:208} INFO - Task exited with return code 0
[2023-01-21T06:12:41.887+0000] {taskinstance.py:2578} INFO - 1 downstream tasks scheduled from follow-on schedule check
