[2023-01-22T04:26:55.651+0000] {taskinstance.py:1083} INFO - Dependencies all met for <TaskInstance: debts_tracker_etl.upload_file_to_vendor_s3_location manual__2023-01-22T04:26:48.486837+00:00 [queued]>
[2023-01-22T04:26:55.664+0000] {taskinstance.py:1083} INFO - Dependencies all met for <TaskInstance: debts_tracker_etl.upload_file_to_vendor_s3_location manual__2023-01-22T04:26:48.486837+00:00 [queued]>
[2023-01-22T04:26:55.665+0000] {taskinstance.py:1279} INFO - 
--------------------------------------------------------------------------------
[2023-01-22T04:26:55.665+0000] {taskinstance.py:1280} INFO - Starting attempt 1 of 2
[2023-01-22T04:26:55.666+0000] {taskinstance.py:1281} INFO - 
--------------------------------------------------------------------------------
[2023-01-22T04:26:55.683+0000] {taskinstance.py:1300} INFO - Executing <Task(PythonOperator): upload_file_to_vendor_s3_location> on 2023-01-22 04:26:48.486837+00:00
[2023-01-22T04:26:55.693+0000] {standard_task_runner.py:55} INFO - Started process 4209 to run task
[2023-01-22T04:26:55.697+0000] {standard_task_runner.py:82} INFO - Running: ['***', 'tasks', 'run', 'debts_tracker_etl', 'upload_file_to_vendor_s3_location', 'manual__2023-01-22T04:26:48.486837+00:00', '--job-id', '82', '--raw', '--subdir', 'DAGS_FOLDER/debts_tracker_etl.py', '--cfg-path', '/tmp/tmpv16f0eu5']
[2023-01-22T04:26:55.704+0000] {standard_task_runner.py:83} INFO - Job 82: Subtask upload_file_to_vendor_s3_location
[2023-01-22T04:26:55.781+0000] {task_command.py:388} INFO - Running <TaskInstance: debts_tracker_etl.upload_file_to_vendor_s3_location manual__2023-01-22T04:26:48.486837+00:00 [running]> on host 4b1c480b6ccb
[2023-01-22T04:26:55.853+0000] {taskinstance.py:1507} INFO - Exporting the following env vars:
AIRFLOW_CTX_DAG_OWNER=Tony Stark, Peter Parker
AIRFLOW_CTX_DAG_ID=debts_tracker_etl
AIRFLOW_CTX_TASK_ID=upload_file_to_vendor_s3_location
AIRFLOW_CTX_EXECUTION_DATE=2023-01-22T04:26:48.486837+00:00
AIRFLOW_CTX_TRY_NUMBER=1
AIRFLOW_CTX_DAG_RUN_ID=manual__2023-01-22T04:26:48.486837+00:00
[2023-01-22T04:26:55.868+0000] {base.py:73} INFO - Using connection ID 'aws_conn' for task execution.
[2023-01-22T04:26:55.870+0000] {connection_wrapper.py:334} INFO - AWS Connection (conn_id='aws_conn', conn_type='aws') credentials retrieved from login and password.
[2023-01-22T04:26:56.990+0000] {python.py:177} INFO - Done. Returned value was: None
[2023-01-22T04:26:57.004+0000] {taskinstance.py:1318} INFO - Marking task as SUCCESS. dag_id=debts_tracker_etl, task_id=upload_file_to_vendor_s3_location, execution_date=20230122T042648, start_date=20230122T042655, end_date=20230122T042657
[2023-01-22T04:26:57.085+0000] {local_task_job.py:208} INFO - Task exited with return code 0
[2023-01-22T04:26:57.110+0000] {taskinstance.py:2578} INFO - 0 downstream tasks scheduled from follow-on schedule check
