[2023-01-21T21:29:42.167+0000] {taskinstance.py:1083} INFO - Dependencies all met for <TaskInstance: crypto_currency_etl.notify_user manual__2023-01-21T21:29:28.177241+00:00 [queued]>
[2023-01-21T21:29:42.182+0000] {taskinstance.py:1083} INFO - Dependencies all met for <TaskInstance: crypto_currency_etl.notify_user manual__2023-01-21T21:29:28.177241+00:00 [queued]>
[2023-01-21T21:29:42.183+0000] {taskinstance.py:1279} INFO - 
--------------------------------------------------------------------------------
[2023-01-21T21:29:42.184+0000] {taskinstance.py:1280} INFO - Starting attempt 1 of 1
[2023-01-21T21:29:42.184+0000] {taskinstance.py:1281} INFO - 
--------------------------------------------------------------------------------
[2023-01-21T21:29:42.202+0000] {taskinstance.py:1300} INFO - Executing <Task(PythonOperator): notify_user> on 2023-01-21 21:29:28.177241+00:00
[2023-01-21T21:29:42.210+0000] {standard_task_runner.py:55} INFO - Started process 534 to run task
[2023-01-21T21:29:42.215+0000] {standard_task_runner.py:82} INFO - Running: ['***', 'tasks', 'run', 'crypto_currency_etl', 'notify_user', 'manual__2023-01-21T21:29:28.177241+00:00', '--job-id', '242', '--raw', '--subdir', 'DAGS_FOLDER/crypto_currency_etl.py', '--cfg-path', '/tmp/tmpw67u9yae']
[2023-01-21T21:29:42.219+0000] {standard_task_runner.py:83} INFO - Job 242: Subtask notify_user
[2023-01-21T21:29:42.304+0000] {task_command.py:388} INFO - Running <TaskInstance: crypto_currency_etl.notify_user manual__2023-01-21T21:29:28.177241+00:00 [running]> on host 365d47c8e5b5
[2023-01-21T21:29:42.385+0000] {taskinstance.py:1507} INFO - Exporting the following env vars:
AIRFLOW_CTX_DAG_OWNER=***
AIRFLOW_CTX_DAG_ID=crypto_currency_etl
AIRFLOW_CTX_TASK_ID=notify_user
AIRFLOW_CTX_EXECUTION_DATE=2023-01-21T21:29:28.177241+00:00
AIRFLOW_CTX_TRY_NUMBER=1
AIRFLOW_CTX_DAG_RUN_ID=manual__2023-01-21T21:29:28.177241+00:00
[2023-01-21T21:29:42.405+0000] {python.py:177} INFO - Done. Returned value was: True
[2023-01-21T21:29:42.437+0000] {taskinstance.py:1318} INFO - Marking task as SUCCESS. dag_id=crypto_currency_etl, task_id=notify_user, execution_date=20230121T212928, start_date=20230121T212942, end_date=20230121T212942
[2023-01-21T21:29:42.468+0000] {local_task_job.py:208} INFO - Task exited with return code 0
[2023-01-21T21:29:42.496+0000] {taskinstance.py:2578} INFO - 0 downstream tasks scheduled from follow-on schedule check
