[2023-01-21T21:24:18.877+0000] {taskinstance.py:1083} INFO - Dependencies all met for <TaskInstance: crypto_currency_etl.create_coins_table scheduled__2023-01-20T00:00:00+00:00 [queued]>
[2023-01-21T21:24:18.889+0000] {taskinstance.py:1083} INFO - Dependencies all met for <TaskInstance: crypto_currency_etl.create_coins_table scheduled__2023-01-20T00:00:00+00:00 [queued]>
[2023-01-21T21:24:18.890+0000] {taskinstance.py:1279} INFO - 
--------------------------------------------------------------------------------
[2023-01-21T21:24:18.891+0000] {taskinstance.py:1280} INFO - Starting attempt 1 of 1
[2023-01-21T21:24:18.892+0000] {taskinstance.py:1281} INFO - 
--------------------------------------------------------------------------------
[2023-01-21T21:24:18.907+0000] {taskinstance.py:1300} INFO - Executing <Task(PostgresOperator): create_coins_table> on 2023-01-20 00:00:00+00:00
[2023-01-21T21:24:18.916+0000] {standard_task_runner.py:55} INFO - Started process 158 to run task
[2023-01-21T21:24:18.921+0000] {standard_task_runner.py:82} INFO - Running: ['***', 'tasks', 'run', 'crypto_currency_etl', 'create_coins_table', 'scheduled__2023-01-20T00:00:00+00:00', '--job-id', '228', '--raw', '--subdir', 'DAGS_FOLDER/crypto_currency_etl.py', '--cfg-path', '/tmp/tmppgntt9_1']
[2023-01-21T21:24:18.925+0000] {standard_task_runner.py:83} INFO - Job 228: Subtask create_coins_table
[2023-01-21T21:24:19.019+0000] {task_command.py:388} INFO - Running <TaskInstance: crypto_currency_etl.create_coins_table scheduled__2023-01-20T00:00:00+00:00 [running]> on host 365d47c8e5b5
[2023-01-21T21:24:19.101+0000] {taskinstance.py:1507} INFO - Exporting the following env vars:
AIRFLOW_CTX_DAG_OWNER=***
AIRFLOW_CTX_DAG_ID=crypto_currency_etl
AIRFLOW_CTX_TASK_ID=create_coins_table
AIRFLOW_CTX_EXECUTION_DATE=2023-01-20T00:00:00+00:00
AIRFLOW_CTX_TRY_NUMBER=1
AIRFLOW_CTX_DAG_RUN_ID=scheduled__2023-01-20T00:00:00+00:00
[2023-01-21T21:24:19.104+0000] {sql.py:254} INFO - Executing:  CREATE TABLE IF NOT EXISTS coins(             id BIGSERIAL PRIMARY KEY,             name TEXT ,             symbol TEXT ,             current_price FLOAT NOT NULL,             high_24h FLOAT NOT NULL,             low_24h FLOAT NOT NULL         );
[2023-01-21T21:24:19.115+0000] {base.py:73} INFO - Using connection ID 'postgres' for task execution.
[2023-01-21T21:24:19.390+0000] {base.py:73} INFO - Using connection ID 'postgres' for task execution.
[2023-01-21T21:24:19.395+0000] {sql.py:375} INFO - Running statement:  CREATE TABLE IF NOT EXISTS coins(             id BIGSERIAL PRIMARY KEY,             name TEXT ,             symbol TEXT ,             current_price FLOAT NOT NULL,             high_24h FLOAT NOT NULL,             low_24h FLOAT NOT NULL         );, parameters: None
[2023-01-21T21:24:19.408+0000] {taskinstance.py:1318} INFO - Marking task as SUCCESS. dag_id=crypto_currency_etl, task_id=create_coins_table, execution_date=20230120T000000, start_date=20230121T212418, end_date=20230121T212419
[2023-01-21T21:24:19.457+0000] {local_task_job.py:208} INFO - Task exited with return code 0
[2023-01-21T21:24:19.494+0000] {taskinstance.py:2578} INFO - 1 downstream tasks scheduled from follow-on schedule check
