[2023-01-21T20:30:56.471+0000] {taskinstance.py:1083} INFO - Dependencies all met for <TaskInstance: crypto_coins_etl.get_top_three_coins manual__2023-01-21T20:30:53.070208+00:00 [queued]>
[2023-01-21T20:30:56.484+0000] {taskinstance.py:1083} INFO - Dependencies all met for <TaskInstance: crypto_coins_etl.get_top_three_coins manual__2023-01-21T20:30:53.070208+00:00 [queued]>
[2023-01-21T20:30:56.485+0000] {taskinstance.py:1279} INFO - 
--------------------------------------------------------------------------------
[2023-01-21T20:30:56.486+0000] {taskinstance.py:1280} INFO - Starting attempt 1 of 1
[2023-01-21T20:30:56.486+0000] {taskinstance.py:1281} INFO - 
--------------------------------------------------------------------------------
[2023-01-21T20:30:56.501+0000] {taskinstance.py:1300} INFO - Executing <Task(PythonOperator): get_top_three_coins> on 2023-01-21 20:30:53.070208+00:00
[2023-01-21T20:30:56.507+0000] {standard_task_runner.py:55} INFO - Started process 2004 to run task
[2023-01-21T20:30:56.512+0000] {standard_task_runner.py:82} INFO - Running: ['***', 'tasks', 'run', 'crypto_coins_etl', 'get_top_three_coins', 'manual__2023-01-21T20:30:53.070208+00:00', '--job-id', '142', '--raw', '--subdir', 'DAGS_FOLDER/crypto_coins_etl.py', '--cfg-path', '/tmp/tmpg9lxbe0w']
[2023-01-21T20:30:56.517+0000] {standard_task_runner.py:83} INFO - Job 142: Subtask get_top_three_coins
[2023-01-21T20:30:56.606+0000] {task_command.py:388} INFO - Running <TaskInstance: crypto_coins_etl.get_top_three_coins manual__2023-01-21T20:30:53.070208+00:00 [running]> on host 6256f74551c5
[2023-01-21T20:30:56.688+0000] {taskinstance.py:1507} INFO - Exporting the following env vars:
AIRFLOW_CTX_DAG_OWNER=***
AIRFLOW_CTX_DAG_ID=crypto_coins_etl
AIRFLOW_CTX_TASK_ID=get_top_three_coins
AIRFLOW_CTX_EXECUTION_DATE=2023-01-21T20:30:53.070208+00:00
AIRFLOW_CTX_TRY_NUMBER=1
AIRFLOW_CTX_DAG_RUN_ID=manual__2023-01-21T20:30:53.070208+00:00
[2023-01-21T20:30:56.706+0000] {python.py:177} INFO - Done. Returned value was: [{'id': 'bitcoin', 'symbol': 'btc', 'name': 'Bitcoin', 'image': 'https://assets.coingecko.com/coins/images/1/large/bitcoin.png?1547033579', 'current_price': 23165, 'market_cap': 446605269739, 'market_cap_rank': 1, 'fully_diluted_valuation': 486733099361, 'total_volume': 49686527543, 'high_24h': 23329, 'low_24h': 21877, 'price_change_24h': 1287.29, 'price_change_percentage_24h': 5.88409, 'market_cap_change_24h': 25284558021, 'market_cap_change_percentage_24h': 6.00126, 'circulating_supply': 19268693.0, 'total_supply': 21000000.0, 'max_supply': 21000000.0, 'ath': 69045, 'ath_change_percentage': -66.27871, 'ath_date': '2021-11-10T14:24:11.849Z', 'atl': 67.81, 'atl_change_percentage': 34235.83316, 'atl_date': '2013-07-06T00:00:00.000Z', 'roi': None, 'last_updated': '2023-01-21T20:29:56.742Z'}, {'id': 'ethereum', 'symbol': 'eth', 'name': 'Ethereum', 'image': 'https://assets.coingecko.com/coins/images/279/large/ethereum.png?1595348880', 'current_price': 1658.2, 'market_cap': 199834843070, 'market_cap_rank': 2, 'fully_diluted_valuation': 199834843070, 'total_volume': 10716461733, 'high_24h': 1676.55, 'low_24h': 1629.21, 'price_change_24h': 13.29, 'price_change_percentage_24h': 0.8077, 'market_cap_change_24h': 3750515632, 'market_cap_change_percentage_24h': 1.91271, 'circulating_supply': 120517812.503798, 'total_supply': 120517812.503798, 'max_supply': None, 'ath': 4878.26, 'ath_change_percentage': -65.856, 'ath_date': '2021-11-10T14:24:19.604Z', 'atl': 0.432979, 'atl_change_percentage': 384591.58986, 'atl_date': '2015-10-20T00:00:00.000Z', 'roi': {'times': 94.62900341804773, 'currency': 'btc', 'percentage': 9462.900341804772}, 'last_updated': '2023-01-21T20:30:01.244Z'}, {'id': 'binancecoin', 'symbol': 'bnb', 'name': 'BNB', 'image': 'https://assets.coingecko.com/coins/images/825/large/bnb-icon2_2x.png?1644979850', 'current_price': 303.32, 'market_cap': 40928131661, 'market_cap_rank': 5, 'fully_diluted_valuation': 60674504612, 'total_volume': 1238866348, 'high_24h': 310.68, 'low_24h': 297.79, 'price_change_24h': 5.52, 'price_change_percentage_24h': 1.8542, 'market_cap_change_24h': 609982686, 'market_cap_change_percentage_24h': 1.51292, 'circulating_supply': 134910476.56, 'total_supply': 157219628.63, 'max_supply': 200000000.0, 'ath': 686.31, 'ath_change_percentage': -55.63936, 'ath_date': '2021-05-10T07:24:17.097Z', 'atl': 0.0398177, 'atl_change_percentage': 764509.72763, 'atl_date': '2017-10-19T00:00:00.000Z', 'roi': None, 'last_updated': '2023-01-21T20:29:58.419Z'}]
[2023-01-21T20:30:56.737+0000] {taskinstance.py:1318} INFO - Marking task as SUCCESS. dag_id=crypto_coins_etl, task_id=get_top_three_coins, execution_date=20230121T203053, start_date=20230121T203056, end_date=20230121T203056
[2023-01-21T20:30:56.806+0000] {local_task_job.py:208} INFO - Task exited with return code 0
[2023-01-21T20:30:56.845+0000] {taskinstance.py:2578} INFO - 1 downstream tasks scheduled from follow-on schedule check
