[2023-01-22T04:23:06.457+0000] {taskinstance.py:1083} INFO - Dependencies all met for <TaskInstance: debts_tracker_etl.load_debts_data manual__2023-01-22T04:23:04.602945+00:00 [queued]>
[2023-01-22T04:23:06.472+0000] {taskinstance.py:1083} INFO - Dependencies all met for <TaskInstance: debts_tracker_etl.load_debts_data manual__2023-01-22T04:23:04.602945+00:00 [queued]>
[2023-01-22T04:23:06.473+0000] {taskinstance.py:1279} INFO - 
--------------------------------------------------------------------------------
[2023-01-22T04:23:06.474+0000] {taskinstance.py:1280} INFO - Starting attempt 1 of 2
[2023-01-22T04:23:06.475+0000] {taskinstance.py:1281} INFO - 
--------------------------------------------------------------------------------
[2023-01-22T04:23:06.492+0000] {taskinstance.py:1300} INFO - Executing <Task(PythonOperator): load_debts_data> on 2023-01-22 04:23:04.602945+00:00
[2023-01-22T04:23:06.506+0000] {standard_task_runner.py:55} INFO - Started process 3930 to run task
[2023-01-22T04:23:06.511+0000] {standard_task_runner.py:82} INFO - Running: ['***', 'tasks', 'run', 'debts_tracker_etl', 'load_debts_data', 'manual__2023-01-22T04:23:04.602945+00:00', '--job-id', '69', '--raw', '--subdir', 'DAGS_FOLDER/debts_tracker_etl.py', '--cfg-path', '/tmp/tmpcb2_ws24']
[2023-01-22T04:23:06.515+0000] {standard_task_runner.py:83} INFO - Job 69: Subtask load_debts_data
[2023-01-22T04:23:06.599+0000] {task_command.py:388} INFO - Running <TaskInstance: debts_tracker_etl.load_debts_data manual__2023-01-22T04:23:04.602945+00:00 [running]> on host 4b1c480b6ccb
[2023-01-22T04:23:06.667+0000] {taskinstance.py:1507} INFO - Exporting the following env vars:
AIRFLOW_CTX_DAG_OWNER=Tony Stark, Peter Parker
AIRFLOW_CTX_DAG_ID=debts_tracker_etl
AIRFLOW_CTX_TASK_ID=load_debts_data
AIRFLOW_CTX_EXECUTION_DATE=2023-01-22T04:23:04.602945+00:00
AIRFLOW_CTX_TRY_NUMBER=1
AIRFLOW_CTX_DAG_RUN_ID=manual__2023-01-22T04:23:04.602945+00:00
[2023-01-22T04:23:06.669+0000] {debts_tracker_transformer.py:29} INFO - init loading debts
[2023-01-22T04:23:07.095+0000] {http_services.py:40} INFO - Debts API call succefully 200
[2023-01-22T04:23:07.370+0000] {http_services.py:40} INFO - Debts API call succefully 200
[2023-01-22T04:23:07.372+0000] {http_services.py:68} INFO - validated payment_plan info 0
[2023-01-22T04:23:07.373+0000] {http_services.py:68} INFO - validated payment_plan info 1
[2023-01-22T04:23:07.373+0000] {http_services.py:68} INFO - validated payment_plan info 2
[2023-01-22T04:23:07.374+0000] {http_services.py:68} INFO - validated payment_plan info 3
[2023-01-22T04:23:07.735+0000] {http_services.py:40} INFO - Debts API call succefully 200
[2023-01-22T04:23:07.736+0000] {http_services.py:85} INFO - validated payment info 0
[2023-01-22T04:23:07.737+0000] {http_services.py:85} INFO - validated payment info 0
[2023-01-22T04:23:07.738+0000] {http_services.py:85} INFO - validated payment info 1
[2023-01-22T04:23:07.739+0000] {http_services.py:85} INFO - validated payment info 1
[2023-01-22T04:23:07.740+0000] {http_services.py:85} INFO - validated payment info 2
[2023-01-22T04:23:07.740+0000] {http_services.py:85} INFO - validated payment info 3
[2023-01-22T04:23:07.741+0000] {http_services.py:85} INFO - validated payment info 3
[2023-01-22T04:23:07.742+0000] {http_services.py:85} INFO - validated payment info 3
[2023-01-22T04:23:07.742+0000] {debts_tracker_transformer.py:33} INFO - login coins complete
[2023-01-22T04:23:07.743+0000] {python.py:177} INFO - Done. Returned value was: {'debts': {0: {'amount': 123.46, 'id': 0}, 1: {'amount': 100, 'id': 1}, 2: {'amount': 4920.34, 'id': 2}, 3: {'amount': 12938, 'id': 3}, 4: {'amount': 9238.02, 'id': 4}}, 'payment_plans': {0: {'amount_to_pay': 102.5, 'debt_id': 0, 'id': 0, 'installment_amount': 51.25, 'installment_frequency': 'WEEKLY', 'start_date': '2020-09-28'}, 1: {'amount_to_pay': 100, 'debt_id': 1, 'id': 1, 'installment_amount': 25, 'installment_frequency': 'WEEKLY', 'start_date': '2020-08-01'}, 2: {'amount_to_pay': 4920.34, 'debt_id': 2, 'id': 2, 'installment_amount': 1230.085, 'installment_frequency': 'BI_WEEKLY', 'start_date': '2020-01-01'}, 3: {'amount_to_pay': 4312.67, 'debt_id': 3, 'id': 3, 'installment_amount': 1230.085, 'installment_frequency': 'WEEKLY', 'start_date': '2020-08-01'}}, 'payments': {0: [{'amount': 51.25, 'date': '2020-09-29', 'payment_plan_id': 0}, {'amount': 51.25, 'date': '2020-10-29', 'payment_plan_id': 0}], 1: [{'amount': 25, 'date': '2020-08-08', 'payment_plan_id': 1}, {'amount': 25, 'date': '2020-08-08', 'payment_plan_id': 1}], 2: [{'amount': 4312.67, 'date': '2020-08-08', 'payment_plan_id': 2}], 3: [{'amount': 1230.085, 'date': '2020-08-01', 'payment_plan_id': 3}, {'amount': 1230.085, 'date': '2020-08-08', 'payment_plan_id': 3}, {'amount': 1230.085, 'date': '2020-08-15', 'payment_plan_id': 3}]}}
[2023-01-22T04:23:07.771+0000] {taskinstance.py:1318} INFO - Marking task as SUCCESS. dag_id=debts_tracker_etl, task_id=load_debts_data, execution_date=20230122T042304, start_date=20230122T042306, end_date=20230122T042307
[2023-01-22T04:23:07.800+0000] {local_task_job.py:208} INFO - Task exited with return code 0
[2023-01-22T04:23:07.837+0000] {taskinstance.py:2578} INFO - 1 downstream tasks scheduled from follow-on schedule check
