[2023-01-22T03:32:16.396+0000] {taskinstance.py:1083} INFO - Dependencies all met for <TaskInstance: debts_tracker_etl.create_encrypt_file manual__2023-01-22T03:32:11.891303+00:00 [queued]>
[2023-01-22T03:32:16.410+0000] {taskinstance.py:1083} INFO - Dependencies all met for <TaskInstance: debts_tracker_etl.create_encrypt_file manual__2023-01-22T03:32:11.891303+00:00 [queued]>
[2023-01-22T03:32:16.411+0000] {taskinstance.py:1279} INFO - 
--------------------------------------------------------------------------------
[2023-01-22T03:32:16.412+0000] {taskinstance.py:1280} INFO - Starting attempt 1 of 2
[2023-01-22T03:32:16.413+0000] {taskinstance.py:1281} INFO - 
--------------------------------------------------------------------------------
[2023-01-22T03:32:16.427+0000] {taskinstance.py:1300} INFO - Executing <Task(PythonOperator): create_encrypt_file> on 2023-01-22 03:32:11.891303+00:00
[2023-01-22T03:32:16.434+0000] {standard_task_runner.py:55} INFO - Started process 626 to run task
[2023-01-22T03:32:16.439+0000] {standard_task_runner.py:82} INFO - Running: ['***', 'tasks', 'run', 'debts_tracker_etl', 'create_encrypt_file', 'manual__2023-01-22T03:32:11.891303+00:00', '--job-id', '26', '--raw', '--subdir', 'DAGS_FOLDER/debts_tracker_etl.py', '--cfg-path', '/tmp/tmpk1t53kws']
[2023-01-22T03:32:16.443+0000] {standard_task_runner.py:83} INFO - Job 26: Subtask create_encrypt_file
[2023-01-22T03:32:16.529+0000] {task_command.py:388} INFO - Running <TaskInstance: debts_tracker_etl.create_encrypt_file manual__2023-01-22T03:32:11.891303+00:00 [running]> on host 4b1c480b6ccb
[2023-01-22T03:32:16.606+0000] {taskinstance.py:1507} INFO - Exporting the following env vars:
AIRFLOW_CTX_DAG_OWNER=Tony Stark, Peter Parker
AIRFLOW_CTX_DAG_ID=debts_tracker_etl
AIRFLOW_CTX_TASK_ID=create_encrypt_file
AIRFLOW_CTX_EXECUTION_DATE=2023-01-22T03:32:11.891303+00:00
AIRFLOW_CTX_TRY_NUMBER=1
AIRFLOW_CTX_DAG_RUN_ID=manual__2023-01-22T03:32:11.891303+00:00
[2023-01-22T03:32:16.628+0000] {taskinstance.py:1768} ERROR - Task failed with exception
Traceback (most recent call last):
  File "/home/airflow/.local/lib/python3.8/site-packages/airflow/operators/python.py", line 175, in execute
    return_value = self.execute_callable()
  File "/home/airflow/.local/lib/python3.8/site-packages/airflow/operators/python.py", line 192, in execute_callable
    return self.python_callable(*self.op_args, **self.op_kwargs)
  File "/opt/airflow/plugins/transformers/debts_tracker/debts_tracker_transformer.py", line 118, in encrypt_debts_data
    with open(f'/opt/airflow/encryted_files/{today_date}/encrypt_debts_file.csv', 'wb') as encrypted_file:
FileNotFoundError: [Errno 2] No such file or directory: '/opt/airflow/encryted_files/2023-01-22_03-32-16/encrypt_debts_file.csv'
[2023-01-22T03:32:16.640+0000] {taskinstance.py:1318} INFO - Marking task as UP_FOR_RETRY. dag_id=debts_tracker_etl, task_id=create_encrypt_file, execution_date=20230122T033211, start_date=20230122T033216, end_date=20230122T033216
[2023-01-22T03:32:16.654+0000] {standard_task_runner.py:100} ERROR - Failed to execute job 26 for task create_encrypt_file ([Errno 2] No such file or directory: '/opt/airflow/encryted_files/2023-01-22_03-32-16/encrypt_debts_file.csv'; 626)
[2023-01-22T03:32:16.693+0000] {local_task_job.py:208} INFO - Task exited with return code 1
[2023-01-22T03:32:16.719+0000] {taskinstance.py:2578} INFO - 0 downstream tasks scheduled from follow-on schedule check
