[2023-01-21T20:33:51.941+0000] {taskinstance.py:1083} INFO - Dependencies all met for <TaskInstance: crypto_coins_etl.calculate_average_price manual__2023-01-21T20:33:44.105511+00:00 [queued]>
[2023-01-21T20:33:51.957+0000] {taskinstance.py:1083} INFO - Dependencies all met for <TaskInstance: crypto_coins_etl.calculate_average_price manual__2023-01-21T20:33:44.105511+00:00 [queued]>
[2023-01-21T20:33:51.959+0000] {taskinstance.py:1279} INFO - 
--------------------------------------------------------------------------------
[2023-01-21T20:33:51.960+0000] {taskinstance.py:1280} INFO - Starting attempt 1 of 1
[2023-01-21T20:33:51.962+0000] {taskinstance.py:1281} INFO - 
--------------------------------------------------------------------------------
[2023-01-21T20:33:51.978+0000] {taskinstance.py:1300} INFO - Executing <Task(PythonOperator): calculate_average_price> on 2023-01-21 20:33:44.105511+00:00
[2023-01-21T20:33:51.986+0000] {standard_task_runner.py:55} INFO - Started process 2223 to run task
[2023-01-21T20:33:51.993+0000] {standard_task_runner.py:82} INFO - Running: ['***', 'tasks', 'run', 'crypto_coins_etl', 'calculate_average_price', 'manual__2023-01-21T20:33:44.105511+00:00', '--job-id', '155', '--raw', '--subdir', 'DAGS_FOLDER/crypto_coins_etl.py', '--cfg-path', '/tmp/tmpuzc1kwds']
[2023-01-21T20:33:51.998+0000] {standard_task_runner.py:83} INFO - Job 155: Subtask calculate_average_price
[2023-01-21T20:33:52.088+0000] {task_command.py:388} INFO - Running <TaskInstance: crypto_coins_etl.calculate_average_price manual__2023-01-21T20:33:44.105511+00:00 [running]> on host 6256f74551c5
[2023-01-21T20:33:52.179+0000] {taskinstance.py:1507} INFO - Exporting the following env vars:
AIRFLOW_CTX_DAG_OWNER=***
AIRFLOW_CTX_DAG_ID=crypto_coins_etl
AIRFLOW_CTX_TASK_ID=calculate_average_price
AIRFLOW_CTX_EXECUTION_DATE=2023-01-21T20:33:44.105511+00:00
AIRFLOW_CTX_TRY_NUMBER=1
AIRFLOW_CTX_DAG_RUN_ID=manual__2023-01-21T20:33:44.105511+00:00
[2023-01-21T20:33:52.198+0000] {logging_mixin.py:137} INFO - ----
[2023-01-21T20:33:52.200+0000] {logging_mixin.py:137} INFO - must_buy_coins []
[2023-01-21T20:33:52.201+0000] {logging_mixin.py:137} INFO - ----
[2023-01-21T20:33:52.202+0000] {python.py:177} INFO - Done. Returned value was: []
[2023-01-21T20:33:52.240+0000] {taskinstance.py:1318} INFO - Marking task as SUCCESS. dag_id=crypto_coins_etl, task_id=calculate_average_price, execution_date=20230121T203344, start_date=20230121T203351, end_date=20230121T203352
[2023-01-21T20:33:52.287+0000] {local_task_job.py:208} INFO - Task exited with return code 0
[2023-01-21T20:33:52.310+0000] {taskinstance.py:2578} INFO - 0 downstream tasks scheduled from follow-on schedule check
