[2023-01-21T06:08:37.831+0000] {taskinstance.py:1083} INFO - Dependencies all met for <TaskInstance: crypto_coins_etl.create_coins_table manual__2023-01-21T06:08:33.818614+00:00 [queued]>
[2023-01-21T06:08:37.849+0000] {taskinstance.py:1083} INFO - Dependencies all met for <TaskInstance: crypto_coins_etl.create_coins_table manual__2023-01-21T06:08:33.818614+00:00 [queued]>
[2023-01-21T06:08:37.850+0000] {taskinstance.py:1279} INFO - 
--------------------------------------------------------------------------------
[2023-01-21T06:08:37.851+0000] {taskinstance.py:1280} INFO - Starting attempt 1 of 1
[2023-01-21T06:08:37.852+0000] {taskinstance.py:1281} INFO - 
--------------------------------------------------------------------------------
[2023-01-21T06:08:37.869+0000] {taskinstance.py:1300} INFO - Executing <Task(PostgresOperator): create_coins_table> on 2023-01-21 06:08:33.818614+00:00
[2023-01-21T06:08:37.879+0000] {standard_task_runner.py:55} INFO - Started process 3148 to run task
[2023-01-21T06:08:37.884+0000] {standard_task_runner.py:82} INFO - Running: ['***', 'tasks', 'run', 'crypto_coins_etl', 'create_coins_table', 'manual__2023-01-21T06:08:33.818614+00:00', '--job-id', '75', '--raw', '--subdir', 'DAGS_FOLDER/crypto_coins_etl.py', '--cfg-path', '/tmp/tmpv15inkl8']
[2023-01-21T06:08:37.889+0000] {standard_task_runner.py:83} INFO - Job 75: Subtask create_coins_table
[2023-01-21T06:08:37.989+0000] {task_command.py:388} INFO - Running <TaskInstance: crypto_coins_etl.create_coins_table manual__2023-01-21T06:08:33.818614+00:00 [running]> on host ac5a85f5e1cc
[2023-01-21T06:08:38.060+0000] {taskinstance.py:1507} INFO - Exporting the following env vars:
AIRFLOW_CTX_DAG_OWNER=***
AIRFLOW_CTX_DAG_ID=crypto_coins_etl
AIRFLOW_CTX_TASK_ID=create_coins_table
AIRFLOW_CTX_EXECUTION_DATE=2023-01-21T06:08:33.818614+00:00
AIRFLOW_CTX_TRY_NUMBER=1
AIRFLOW_CTX_DAG_RUN_ID=manual__2023-01-21T06:08:33.818614+00:00
[2023-01-21T06:08:38.063+0000] {sql.py:254} INFO - Executing:  CREATE TABLE IF NOT EXISTS coin(             id INT NOT NULL,             name TEXT NOT NULL,             symbol TEXT ,             current_price FLOAT NOT NULL,             high_24h FLOAT NOT NULL,             low_24h FLOAT NOT NULL         );
[2023-01-21T06:08:38.072+0000] {base.py:73} INFO - Using connection ID 'postgres' for task execution.
[2023-01-21T06:08:38.312+0000] {base.py:73} INFO - Using connection ID 'postgres' for task execution.
[2023-01-21T06:08:38.318+0000] {sql.py:375} INFO - Running statement:  CREATE TABLE IF NOT EXISTS coin(             id INT NOT NULL,             name TEXT NOT NULL,             symbol TEXT ,             current_price FLOAT NOT NULL,             high_24h FLOAT NOT NULL,             low_24h FLOAT NOT NULL         );, parameters: None
[2023-01-21T06:08:38.331+0000] {taskinstance.py:1318} INFO - Marking task as SUCCESS. dag_id=crypto_coins_etl, task_id=create_coins_table, execution_date=20230121T060833, start_date=20230121T060837, end_date=20230121T060838
[2023-01-21T06:08:38.379+0000] {local_task_job.py:208} INFO - Task exited with return code 0
[2023-01-21T06:08:38.404+0000] {taskinstance.py:2578} INFO - 1 downstream tasks scheduled from follow-on schedule check
