[2023-01-21T21:17:28.601+0000] {taskinstance.py:1083} INFO - Dependencies all met for <TaskInstance: crypto_coins_etl.create_coins_table manual__2023-01-21T21:17:23.700152+00:00 [queued]>
[2023-01-21T21:17:28.615+0000] {taskinstance.py:1083} INFO - Dependencies all met for <TaskInstance: crypto_coins_etl.create_coins_table manual__2023-01-21T21:17:23.700152+00:00 [queued]>
[2023-01-21T21:17:28.616+0000] {taskinstance.py:1279} INFO - 
--------------------------------------------------------------------------------
[2023-01-21T21:17:28.617+0000] {taskinstance.py:1280} INFO - Starting attempt 1 of 1
[2023-01-21T21:17:28.618+0000] {taskinstance.py:1281} INFO - 
--------------------------------------------------------------------------------
[2023-01-21T21:17:28.631+0000] {taskinstance.py:1300} INFO - Executing <Task(PostgresOperator): create_coins_table> on 2023-01-21 21:17:23.700152+00:00
[2023-01-21T21:17:28.637+0000] {standard_task_runner.py:55} INFO - Started process 5111 to run task
[2023-01-21T21:17:28.641+0000] {standard_task_runner.py:82} INFO - Running: ['***', 'tasks', 'run', 'crypto_coins_etl', 'create_coins_table', 'manual__2023-01-21T21:17:23.700152+00:00', '--job-id', '209', '--raw', '--subdir', 'DAGS_FOLDER/crypto_coins_etl.py', '--cfg-path', '/tmp/tmp6hfucoei']
[2023-01-21T21:17:28.645+0000] {standard_task_runner.py:83} INFO - Job 209: Subtask create_coins_table
[2023-01-21T21:17:28.722+0000] {task_command.py:388} INFO - Running <TaskInstance: crypto_coins_etl.create_coins_table manual__2023-01-21T21:17:23.700152+00:00 [running]> on host 6256f74551c5
[2023-01-21T21:17:28.792+0000] {taskinstance.py:1507} INFO - Exporting the following env vars:
AIRFLOW_CTX_DAG_OWNER=***
AIRFLOW_CTX_DAG_ID=crypto_coins_etl
AIRFLOW_CTX_TASK_ID=create_coins_table
AIRFLOW_CTX_EXECUTION_DATE=2023-01-21T21:17:23.700152+00:00
AIRFLOW_CTX_TRY_NUMBER=1
AIRFLOW_CTX_DAG_RUN_ID=manual__2023-01-21T21:17:23.700152+00:00
[2023-01-21T21:17:28.794+0000] {sql.py:254} INFO - Executing:  CREATE TABLE IF NOT EXISTS coins(             id BIGSERIAL PRIMARY KEY,             name TEXT ,             symbol TEXT ,             current_price FLOAT NOT NULL,             high_24h FLOAT NOT NULL,             low_24h FLOAT NOT NULL         );
[2023-01-21T21:17:28.804+0000] {base.py:73} INFO - Using connection ID 'postgres' for task execution.
[2023-01-21T21:17:29.046+0000] {base.py:73} INFO - Using connection ID 'postgres' for task execution.
[2023-01-21T21:17:29.051+0000] {sql.py:375} INFO - Running statement:  CREATE TABLE IF NOT EXISTS coins(             id BIGSERIAL PRIMARY KEY,             name TEXT ,             symbol TEXT ,             current_price FLOAT NOT NULL,             high_24h FLOAT NOT NULL,             low_24h FLOAT NOT NULL         );, parameters: None
[2023-01-21T21:17:29.062+0000] {taskinstance.py:1318} INFO - Marking task as SUCCESS. dag_id=crypto_coins_etl, task_id=create_coins_table, execution_date=20230121T211723, start_date=20230121T211728, end_date=20230121T211729
[2023-01-21T21:17:29.096+0000] {local_task_job.py:208} INFO - Task exited with return code 0
[2023-01-21T21:17:29.129+0000] {taskinstance.py:2578} INFO - 1 downstream tasks scheduled from follow-on schedule check
