[2023-01-21T04:56:06.659+0000] {taskinstance.py:1083} INFO - Dependencies all met for <TaskInstance: crypto_coins_etl.load_top_three_coins manual__2023-01-21T04:56:05.753954+00:00 [queued]>
[2023-01-21T04:56:06.669+0000] {taskinstance.py:1083} INFO - Dependencies all met for <TaskInstance: crypto_coins_etl.load_top_three_coins manual__2023-01-21T04:56:05.753954+00:00 [queued]>
[2023-01-21T04:56:06.671+0000] {taskinstance.py:1279} INFO - 
--------------------------------------------------------------------------------
[2023-01-21T04:56:06.672+0000] {taskinstance.py:1280} INFO - Starting attempt 1 of 1
[2023-01-21T04:56:06.672+0000] {taskinstance.py:1281} INFO - 
--------------------------------------------------------------------------------
[2023-01-21T04:56:06.686+0000] {taskinstance.py:1300} INFO - Executing <Task(PythonOperator): load_top_three_coins> on 2023-01-21 04:56:05.753954+00:00
[2023-01-21T04:56:06.692+0000] {standard_task_runner.py:55} INFO - Started process 653 to run task
[2023-01-21T04:56:06.695+0000] {standard_task_runner.py:82} INFO - Running: ['***', 'tasks', 'run', 'crypto_coins_etl', 'load_top_three_coins', 'manual__2023-01-21T04:56:05.753954+00:00', '--job-id', '37', '--raw', '--subdir', 'DAGS_FOLDER/crypto_coins_etl.py', '--cfg-path', '/tmp/tmpiknljjfd']
[2023-01-21T04:56:06.697+0000] {standard_task_runner.py:83} INFO - Job 37: Subtask load_top_three_coins
[2023-01-21T04:56:06.773+0000] {task_command.py:388} INFO - Running <TaskInstance: crypto_coins_etl.load_top_three_coins manual__2023-01-21T04:56:05.753954+00:00 [running]> on host 492086e6db69
[2023-01-21T04:56:06.844+0000] {taskinstance.py:1507} INFO - Exporting the following env vars:
AIRFLOW_CTX_DAG_OWNER=***
AIRFLOW_CTX_DAG_ID=crypto_coins_etl
AIRFLOW_CTX_TASK_ID=load_top_three_coins
AIRFLOW_CTX_EXECUTION_DATE=2023-01-21T04:56:05.753954+00:00
AIRFLOW_CTX_TRY_NUMBER=1
AIRFLOW_CTX_DAG_RUN_ID=manual__2023-01-21T04:56:05.753954+00:00
[2023-01-21T04:56:06.846+0000] {logging_mixin.py:137} INFO - the_factor
[2023-01-21T04:56:06.846+0000] {logging_mixin.py:137} INFO - ti <TaskInstance: crypto_coins_etl.load_top_three_coins manual__2023-01-21T04:56:05.753954+00:00 [running]>
[2023-01-21T04:56:07.192+0000] {logging_mixin.py:137} INFO - -----
[2023-01-21T04:56:07.196+0000] {logging_mixin.py:137} INFO - {'id': 'bitcoin', 'symbol': 'btc', 'name': 'Bitcoin', 'image': 'https://assets.coingecko.com/coins/images/1/large/bitcoin.png?1547033579', 'current_price': 22619, 'market_cap': 435675517310, 'market_cap_rank': 1, 'fully_diluted_valuation': 474837318118, 'total_volume': 42427243042, 'high_24h': 22732, 'low_24h': 20918, 'price_change_24h': 1538.98, 'price_change_percentage_24h': 7.30078, 'market_cap_change_24h': 28964839856, 'market_cap_change_percentage_24h': 7.12173, 'circulating_supply': 19268043.0, 'total_supply': 21000000.0, 'max_supply': 21000000.0, 'ath': 69045, 'ath_change_percentage': -67.24591, 'ath_date': '2021-11-10T14:24:11.849Z', 'atl': 67.81, 'atl_change_percentage': 33251.01211, 'atl_date': '2013-07-06T00:00:00.000Z', 'roi': None, 'last_updated': '2023-01-21T04:55:25.213Z'}
[2023-01-21T04:56:07.197+0000] {logging_mixin.py:137} INFO - -----
[2023-01-21T04:56:07.198+0000] {logging_mixin.py:137} INFO - {'id': 'ethereum', 'symbol': 'eth', 'name': 'Ethereum', 'image': 'https://assets.coingecko.com/coins/images/279/large/ethereum.png?1595348880', 'current_price': 1653.88, 'market_cap': 199268804238, 'market_cap_rank': 2, 'fully_diluted_valuation': 199268804238, 'total_volume': 9876344665, 'high_24h': 1666.29, 'low_24h': 1545.68, 'price_change_24h': 99.23, 'price_change_percentage_24h': 6.38273, 'market_cap_change_24h': 11850041133, 'market_cap_change_percentage_24h': 6.32276, 'circulating_supply': 120517812.503798, 'total_supply': 120517812.503798, 'max_supply': None, 'ath': 4878.26, 'ath_change_percentage': -66.09156, 'ath_date': '2021-11-10T14:24:19.604Z', 'atl': 0.432979, 'atl_change_percentage': 381937.60849, 'atl_date': '2015-10-20T00:00:00.000Z', 'roi': {'times': 96.75786372833697, 'currency': 'btc', 'percentage': 9675.786372833696}, 'last_updated': '2023-01-21T04:54:52.572Z'}
[2023-01-21T04:56:07.199+0000] {logging_mixin.py:137} INFO - -----
[2023-01-21T04:56:07.200+0000] {logging_mixin.py:137} INFO - {'id': 'tether', 'symbol': 'usdt', 'name': 'Tether', 'image': 'https://assets.coingecko.com/coins/images/325/large/Tether.png?1668148663', 'current_price': 1.0, 'market_cap': 66479108183, 'market_cap_rank': 3, 'fully_diluted_valuation': 66479108183, 'total_volume': 48482825058, 'high_24h': 1.005, 'low_24h': 0.994336, 'price_change_24h': -0.000141470649332787, 'price_change_percentage_24h': -0.01414, 'market_cap_change_24h': -155643278.6633606, 'market_cap_change_percentage_24h': -0.23358, 'circulating_supply': 66484835812.1458, 'total_supply': 66484835812.1458, 'max_supply': None, 'ath': 1.32, 'ath_change_percentage': -24.32275, 'ath_date': '2018-07-24T00:00:00.000Z', 'atl': 0.572521, 'atl_change_percentage': 74.89003, 'atl_date': '2015-03-02T00:00:00.000Z', 'roi': None, 'last_updated': '2023-01-21T04:55:29.499Z'}
[2023-01-21T04:56:07.201+0000] {logging_mixin.py:137} INFO - -----
[2023-01-21T04:56:07.202+0000] {logging_mixin.py:137} INFO - {'id': 'usd-coin', 'symbol': 'usdc', 'name': 'USD Coin', 'image': 'https://assets.coingecko.com/coins/images/6319/large/USD_Coin_icon.png?1547042389', 'current_price': 0.999946, 'market_cap': 43187052230, 'market_cap_rank': 4, 'fully_diluted_valuation': 43187041904, 'total_volume': 3440342443, 'high_24h': 1.004, 'low_24h': 0.993609, 'price_change_24h': 0.00043492, 'price_change_percentage_24h': 0.04351, 'market_cap_change_24h': -27609983.38093567, 'market_cap_change_percentage_24h': -0.06389, 'circulating_supply': 43199677609.4453, 'total_supply': 43199667279.7453, 'max_supply': None, 'ath': 1.17, 'ath_change_percentage': -14.71572, 'ath_date': '2019-05-08T00:40:28.300Z', 'atl': 0.891848, 'atl_change_percentage': 12.14176, 'atl_date': '2021-05-19T13:14:05.611Z', 'roi': None, 'last_updated': '2023-01-21T04:55:14.629Z'}
[2023-01-21T04:56:07.202+0000] {logging_mixin.py:137} INFO - -----
[2023-01-21T04:56:07.203+0000] {logging_mixin.py:137} INFO - {'id': 'binancecoin', 'symbol': 'bnb', 'name': 'BNB', 'image': 'https://assets.coingecko.com/coins/images/825/large/bnb-icon2_2x.png?1644979850', 'current_price': 303.27, 'market_cap': 40909475189, 'market_cap_rank': 5, 'fully_diluted_valuation': 60646847053, 'total_volume': 656034557, 'high_24h': 305.52, 'low_24h': 287.29, 'price_change_24h': 8.3, 'price_change_percentage_24h': 2.81266, 'market_cap_change_24h': 1100659535, 'market_cap_change_percentage_24h': 2.76486, 'circulating_supply': 134910476.56, 'total_supply': 157219628.63, 'max_supply': 200000000.0, 'ath': 686.31, 'ath_change_percentage': -55.79171, 'ath_date': '2021-05-10T07:24:17.097Z', 'atl': 0.0398177, 'atl_change_percentage': 761883.82736, 'atl_date': '2017-10-19T00:00:00.000Z', 'roi': None, 'last_updated': '2023-01-21T04:55:08.669Z'}
[2023-01-21T04:56:07.204+0000] {logging_mixin.py:137} INFO - -----
[2023-01-21T04:56:07.205+0000] {logging_mixin.py:137} INFO - {'id': 'ripple', 'symbol': 'xrp', 'name': 'XRP', 'image': 'https://assets.coingecko.com/coins/images/44/large/xrp-symbol-white-128.png?1605778731', 'current_price': 0.410752, 'market_cap': 20869346903, 'market_cap_rank': 6, 'fully_diluted_valuation': 41083916715, 'total_volume': 1246380024, 'high_24h': 0.413974, 'low_24h': 0.387281, 'price_change_24h': 0.02347192, 'price_change_percentage_24h': 6.0607, 'market_cap_change_24h': 1046351482, 'market_cap_change_percentage_24h': 5.27847, 'circulating_supply': 50796877639.0, 'total_supply': 99989148225.0, 'max_supply': 100000000000.0, 'ath': 3.4, 'ath_change_percentage': -87.90184, 'ath_date': '2018-01-07T00:00:00.000Z', 'atl': 0.00268621, 'atl_change_percentage': 15205.97317, 'atl_date': '2014-05-22T00:00:00.000Z', 'roi': None, 'last_updated': '2023-01-21T04:55:53.657Z'}
[2023-01-21T04:56:07.205+0000] {logging_mixin.py:137} INFO - -----
[2023-01-21T04:56:07.206+0000] {logging_mixin.py:137} INFO - {'id': 'binance-usd', 'symbol': 'busd', 'name': 'Binance USD', 'image': 'https://assets.coingecko.com/coins/images/9576/large/BUSD.png?1568947766', 'current_price': 0.999975, 'market_cap': 16337656919, 'market_cap_rank': 7, 'fully_diluted_valuation': 16337656919, 'total_volume': 12064376565, 'high_24h': 1.017, 'low_24h': 0.993632, 'price_change_24h': 0.00258157, 'price_change_percentage_24h': 0.25883, 'market_cap_change_24h': -48210189.21049309, 'market_cap_change_percentage_24h': -0.29422, 'circulating_supply': 16336869449.97, 'total_supply': 16336869449.97, 'max_supply': None, 'ath': 1.15, 'ath_change_percentage': -13.30414, 'ath_date': '2020-03-13T02:35:42.953Z', 'atl': 0.901127, 'atl_change_percentage': 11.04393, 'atl_date': '2021-05-19T13:04:37.445Z', 'roi': None, 'last_updated': '2023-01-21T04:55:53.870Z'}
[2023-01-21T04:56:07.207+0000] {logging_mixin.py:137} INFO - -----
[2023-01-21T04:56:07.208+0000] {logging_mixin.py:137} INFO - {'id': 'cardano', 'symbol': 'ada', 'name': 'Cardano', 'image': 'https://assets.coingecko.com/coins/images/975/large/cardano.png?1547034860', 'current_price': 0.363041, 'market_cap': 12731275478, 'market_cap_rank': 8, 'fully_diluted_valuation': 16347754486, 'total_volume': 435568244, 'high_24h': 0.367107, 'low_24h': 0.335257, 'price_change_24h': 0.02344828, 'price_change_percentage_24h': 6.90483, 'market_cap_change_24h': 819557631, 'market_cap_change_percentage_24h': 6.88026, 'circulating_supply': 35045020830.3234, 'total_supply': 45000000000.0, 'max_supply': 45000000000.0, 'ath': 3.09, 'ath_change_percentage': -88.23397, 'ath_date': '2021-09-02T06:00:10.474Z', 'atl': 0.01925275, 'atl_change_percentage': 1786.52042, 'atl_date': '2020-03-13T02:22:55.044Z', 'roi': None, 'last_updated': '2023-01-21T04:55:56.452Z'}
[2023-01-21T04:56:07.209+0000] {logging_mixin.py:137} INFO - -----
[2023-01-21T04:56:07.209+0000] {logging_mixin.py:137} INFO - {'id': 'dogecoin', 'symbol': 'doge', 'name': 'Dogecoin', 'image': 'https://assets.coingecko.com/coins/images/5/large/dogecoin.png?1547792256', 'current_price': 0.086314, 'market_cap': 11904479795, 'market_cap_rank': 9, 'fully_diluted_valuation': None, 'total_volume': 624616697, 'high_24h': 0.086928, 'low_24h': 0.080869, 'price_change_24h': 0.00457684, 'price_change_percentage_24h': 5.59944, 'market_cap_change_24h': 643642749, 'market_cap_change_percentage_24h': 5.71576, 'circulating_supply': 137808696383.705, 'total_supply': None, 'max_supply': None, 'ath': 0.731578, 'ath_change_percentage': -88.19026, 'ath_date': '2021-05-08T05:08:23.458Z', 'atl': 8.69e-05, 'atl_change_percentage': 99317.43965, 'atl_date': '2015-05-06T00:00:00.000Z', 'roi': None, 'last_updated': '2023-01-21T04:55:54.389Z'}
[2023-01-21T04:56:07.210+0000] {logging_mixin.py:137} INFO - -----
[2023-01-21T04:56:07.211+0000] {logging_mixin.py:137} INFO - {'id': 'solana', 'symbol': 'sol', 'name': 'Solana', 'image': 'https://assets.coingecko.com/coins/images/4128/large/solana.png?1640133422', 'current_price': 25.04, 'market_cap': 9295727939, 'market_cap_rank': 10, 'fully_diluted_valuation': 13501288264, 'total_volume': 1847555183, 'high_24h': 25.72, 'low_24h': 21.0, 'price_change_24h': 3.93, 'price_change_percentage_24h': 18.62805, 'market_cap_change_24h': 1406780057, 'market_cap_change_percentage_24h': 17.83229, 'circulating_supply': 371063998.552037, 'total_supply': 538940257.476611, 'max_supply': None, 'ath': 259.96, 'ath_change_percentage': -90.33879, 'ath_date': '2021-11-06T21:54:35.825Z', 'atl': 0.500801, 'atl_change_percentage': 4915.00668, 'atl_date': '2020-05-11T19:35:23.449Z', 'roi': None, 'last_updated': '2023-01-21T04:55:36.777Z'}
[2023-01-21T04:56:07.211+0000] {python.py:177} INFO - Done. Returned value was: hello
[2023-01-21T04:56:07.236+0000] {taskinstance.py:1318} INFO - Marking task as SUCCESS. dag_id=crypto_coins_etl, task_id=load_top_three_coins, execution_date=20230121T045605, start_date=20230121T045606, end_date=20230121T045607
[2023-01-21T04:56:07.271+0000] {local_task_job.py:208} INFO - Task exited with return code 0
[2023-01-21T04:56:07.293+0000] {taskinstance.py:2578} INFO - 0 downstream tasks scheduled from follow-on schedule check
