[2023-01-22T04:26:54.457+0000] {taskinstance.py:1083} INFO - Dependencies all met for <TaskInstance: debts_tracker_etl.create_encrypt_file manual__2023-01-22T04:26:48.486837+00:00 [queued]>
[2023-01-22T04:26:54.471+0000] {taskinstance.py:1083} INFO - Dependencies all met for <TaskInstance: debts_tracker_etl.create_encrypt_file manual__2023-01-22T04:26:48.486837+00:00 [queued]>
[2023-01-22T04:26:54.473+0000] {taskinstance.py:1279} INFO - 
--------------------------------------------------------------------------------
[2023-01-22T04:26:54.473+0000] {taskinstance.py:1280} INFO - Starting attempt 1 of 2
[2023-01-22T04:26:54.474+0000] {taskinstance.py:1281} INFO - 
--------------------------------------------------------------------------------
[2023-01-22T04:26:54.488+0000] {taskinstance.py:1300} INFO - Executing <Task(PythonOperator): create_encrypt_file> on 2023-01-22 04:26:48.486837+00:00
[2023-01-22T04:26:54.496+0000] {standard_task_runner.py:55} INFO - Started process 4206 to run task
[2023-01-22T04:26:54.501+0000] {standard_task_runner.py:82} INFO - Running: ['***', 'tasks', 'run', 'debts_tracker_etl', 'create_encrypt_file', 'manual__2023-01-22T04:26:48.486837+00:00', '--job-id', '81', '--raw', '--subdir', 'DAGS_FOLDER/debts_tracker_etl.py', '--cfg-path', '/tmp/tmpekgd8vd4']
[2023-01-22T04:26:54.509+0000] {standard_task_runner.py:83} INFO - Job 81: Subtask create_encrypt_file
[2023-01-22T04:26:54.589+0000] {task_command.py:388} INFO - Running <TaskInstance: debts_tracker_etl.create_encrypt_file manual__2023-01-22T04:26:48.486837+00:00 [running]> on host 4b1c480b6ccb
[2023-01-22T04:26:54.660+0000] {taskinstance.py:1507} INFO - Exporting the following env vars:
AIRFLOW_CTX_DAG_OWNER=Tony Stark, Peter Parker
AIRFLOW_CTX_DAG_ID=debts_tracker_etl
AIRFLOW_CTX_TASK_ID=create_encrypt_file
AIRFLOW_CTX_EXECUTION_DATE=2023-01-22T04:26:48.486837+00:00
AIRFLOW_CTX_TRY_NUMBER=1
AIRFLOW_CTX_DAG_RUN_ID=manual__2023-01-22T04:26:48.486837+00:00
[2023-01-22T04:26:54.683+0000] {python.py:177} INFO - Done. Returned value was: None
[2023-01-22T04:26:54.694+0000] {taskinstance.py:1318} INFO - Marking task as SUCCESS. dag_id=debts_tracker_etl, task_id=create_encrypt_file, execution_date=20230122T042648, start_date=20230122T042654, end_date=20230122T042654
[2023-01-22T04:26:54.754+0000] {local_task_job.py:208} INFO - Task exited with return code 0
[2023-01-22T04:26:54.779+0000] {taskinstance.py:2578} INFO - 0 downstream tasks scheduled from follow-on schedule check
