[2023-01-21T21:19:23.897+0000] {taskinstance.py:1083} INFO - Dependencies all met for <TaskInstance: crypto_coins_etl.place_order manual__2023-01-21T21:19:11.141759+00:00 [queued]>
[2023-01-21T21:19:23.910+0000] {taskinstance.py:1083} INFO - Dependencies all met for <TaskInstance: crypto_coins_etl.place_order manual__2023-01-21T21:19:11.141759+00:00 [queued]>
[2023-01-21T21:19:23.911+0000] {taskinstance.py:1279} INFO - 
--------------------------------------------------------------------------------
[2023-01-21T21:19:23.911+0000] {taskinstance.py:1280} INFO - Starting attempt 1 of 1
[2023-01-21T21:19:23.912+0000] {taskinstance.py:1281} INFO - 
--------------------------------------------------------------------------------
[2023-01-21T21:19:23.927+0000] {taskinstance.py:1300} INFO - Executing <Task(PythonOperator): place_order> on 2023-01-21 21:19:11.141759+00:00
[2023-01-21T21:19:23.933+0000] {standard_task_runner.py:55} INFO - Started process 5254 to run task
[2023-01-21T21:19:23.938+0000] {standard_task_runner.py:82} INFO - Running: ['***', 'tasks', 'run', 'crypto_coins_etl', 'place_order', 'manual__2023-01-21T21:19:11.141759+00:00', '--job-id', '218', '--raw', '--subdir', 'DAGS_FOLDER/crypto_coins_etl.py', '--cfg-path', '/tmp/tmppns208q3']
[2023-01-21T21:19:23.942+0000] {standard_task_runner.py:83} INFO - Job 218: Subtask place_order
[2023-01-21T21:19:24.022+0000] {task_command.py:388} INFO - Running <TaskInstance: crypto_coins_etl.place_order manual__2023-01-21T21:19:11.141759+00:00 [running]> on host 6256f74551c5
[2023-01-21T21:19:24.095+0000] {taskinstance.py:1507} INFO - Exporting the following env vars:
AIRFLOW_CTX_DAG_OWNER=***
AIRFLOW_CTX_DAG_ID=crypto_coins_etl
AIRFLOW_CTX_TASK_ID=place_order
AIRFLOW_CTX_EXECUTION_DATE=2023-01-21T21:19:11.141759+00:00
AIRFLOW_CTX_TRY_NUMBER=1
AIRFLOW_CTX_DAG_RUN_ID=manual__2023-01-21T21:19:11.141759+00:00
[2023-01-21T21:19:24.110+0000] {python.py:177} INFO - Done. Returned value was: [{'coin_id': {'id': 'tether', 'symbol': 'usdt', 'name': 'Tether', 'image': 'https://assets.coingecko.com/coins/images/325/large/Tether.png?1668148663', 'current_price': 0.999945, 'market_cap': 66626709093, 'market_cap_rank': 3, 'fully_diluted_valuation': 66626709093, 'total_volume': 55708996316, 'high_24h': 1.005, 'low_24h': 0.988207, 'price_change_24h': -0.001672221670103613, 'price_change_percentage_24h': -0.16695, 'market_cap_change_24h': 333200858, 'market_cap_change_percentage_24h': 0.50261, 'circulating_supply': 66484835812.1458, 'total_supply': 66484835812.1458, 'max_supply': None, 'ath': 1.32, 'ath_change_percentage': -24.34641, 'ath_date': '2018-07-24T00:00:00.000Z', 'atl': 0.572521, 'atl_change_percentage': 74.83535, 'atl_date': '2015-03-02T00:00:00.000Z', 'roi': None, 'last_updated': '2023-01-21T21:15:06.692Z'}, 'quantity': 3, 'status': 'completed'}, {'coin_id': {'id': 'usd-coin', 'symbol': 'usdc', 'name': 'USD Coin', 'image': 'https://assets.coingecko.com/coins/images/6319/large/USD_Coin_icon.png?1547042389', 'current_price': 1.0, 'market_cap': 43400211443, 'market_cap_rank': 4, 'fully_diluted_valuation': 43396394718, 'total_volume': 3667394453, 'high_24h': 1.004, 'low_24h': 0.987488, 'price_change_24h': -0.003269542843824303, 'price_change_percentage_24h': -0.32588, 'market_cap_change_24h': 297780740, 'market_cap_change_percentage_24h': 0.69087, 'circulating_supply': 43352224707.5394, 'total_supply': 43348412202.4294, 'max_supply': None, 'ath': 1.17, 'ath_change_percentage': -14.76063, 'ath_date': '2019-05-08T00:40:28.300Z', 'atl': 0.891848, 'atl_change_percentage': 12.08271, 'atl_date': '2021-05-19T13:14:05.611Z', 'roi': None, 'last_updated': '2023-01-21T21:16:23.503Z'}, 'quantity': 3, 'status': 'completed'}, {'coin_id': {'id': 'binance-usd', 'symbol': 'busd', 'name': 'Binance USD', 'image': 'https://assets.coingecko.com/coins/images/9576/large/BUSD.png?1568947766', 'current_price': 0.998424, 'market_cap': 16188105842, 'market_cap_rank': 7, 'fully_diluted_valuation': 16188105842, 'total_volume': 13913881185, 'high_24h': 1.008, 'low_24h': 0.99123, 'price_change_24h': -0.005284774589581099, 'price_change_percentage_24h': -0.52652, 'market_cap_change_24h': -45607911.568473816, 'market_cap_change_percentage_24h': -0.28095, 'circulating_supply': 16216621579.68, 'total_supply': 16216621579.68, 'max_supply': None, 'ath': 1.15, 'ath_change_percentage': -13.3939, 'ath_date': '2020-03-13T02:35:42.953Z', 'atl': 0.901127, 'atl_change_percentage': 10.92896, 'atl_date': '2021-05-19T13:04:37.445Z', 'roi': None, 'last_updated': '2023-01-21T21:16:45.945Z'}, 'quantity': 3, 'status': 'completed'}]
[2023-01-21T21:19:24.135+0000] {taskinstance.py:1318} INFO - Marking task as SUCCESS. dag_id=crypto_coins_etl, task_id=place_order, execution_date=20230121T211911, start_date=20230121T211923, end_date=20230121T211924
[2023-01-21T21:19:24.191+0000] {local_task_job.py:208} INFO - Task exited with return code 0
[2023-01-21T21:19:24.216+0000] {taskinstance.py:2578} INFO - 2 downstream tasks scheduled from follow-on schedule check
