[2023-01-21T21:19:18.206+0000] {taskinstance.py:1083} INFO - Dependencies all met for <TaskInstance: crypto_coins_etl.save_top_three_coins manual__2023-01-21T21:19:11.141759+00:00 [queued]>
[2023-01-21T21:19:18.219+0000] {taskinstance.py:1083} INFO - Dependencies all met for <TaskInstance: crypto_coins_etl.save_top_three_coins manual__2023-01-21T21:19:11.141759+00:00 [queued]>
[2023-01-21T21:19:18.220+0000] {taskinstance.py:1279} INFO - 
--------------------------------------------------------------------------------
[2023-01-21T21:19:18.221+0000] {taskinstance.py:1280} INFO - Starting attempt 1 of 1
[2023-01-21T21:19:18.222+0000] {taskinstance.py:1281} INFO - 
--------------------------------------------------------------------------------
[2023-01-21T21:19:18.235+0000] {taskinstance.py:1300} INFO - Executing <Task(PythonOperator): save_top_three_coins> on 2023-01-21 21:19:11.141759+00:00
[2023-01-21T21:19:18.242+0000] {standard_task_runner.py:55} INFO - Started process 5248 to run task
[2023-01-21T21:19:18.246+0000] {standard_task_runner.py:82} INFO - Running: ['***', 'tasks', 'run', 'crypto_coins_etl', 'save_top_three_coins', 'manual__2023-01-21T21:19:11.141759+00:00', '--job-id', '216', '--raw', '--subdir', 'DAGS_FOLDER/crypto_coins_etl.py', '--cfg-path', '/tmp/tmp08rjzw3s']
[2023-01-21T21:19:18.250+0000] {standard_task_runner.py:83} INFO - Job 216: Subtask save_top_three_coins
[2023-01-21T21:19:18.329+0000] {task_command.py:388} INFO - Running <TaskInstance: crypto_coins_etl.save_top_three_coins manual__2023-01-21T21:19:11.141759+00:00 [running]> on host 6256f74551c5
[2023-01-21T21:19:18.400+0000] {taskinstance.py:1507} INFO - Exporting the following env vars:
AIRFLOW_CTX_DAG_OWNER=***
AIRFLOW_CTX_DAG_ID=crypto_coins_etl
AIRFLOW_CTX_TASK_ID=save_top_three_coins
AIRFLOW_CTX_EXECUTION_DATE=2023-01-21T21:19:11.141759+00:00
AIRFLOW_CTX_TRY_NUMBER=1
AIRFLOW_CTX_DAG_RUN_ID=manual__2023-01-21T21:19:11.141759+00:00
[2023-01-21T21:19:18.428+0000] {coin.py:32} INFO - coin already exist Bitcoin
[2023-01-21T21:19:18.430+0000] {coin.py:32} INFO - coin already exist Ethereum
[2023-01-21T21:19:18.433+0000] {coin.py:32} INFO - coin already exist BNB
[2023-01-21T21:19:18.434+0000] {logging_mixin.py:137} INFO - data loading completed [{'id': 'bitcoin', 'symbol': 'btc', 'name': 'Bitcoin', 'image': 'https://assets.coingecko.com/coins/images/1/large/bitcoin.png?1547033579', 'current_price': 23124, 'market_cap': 445732750816, 'market_cap_rank': 1, 'fully_diluted_valuation': 485781074656, 'total_volume': 47342360455, 'high_24h': 23329, 'low_24h': 22251, 'price_change_24h': 771.05, 'price_change_percentage_24h': 3.4495, 'market_cap_change_24h': 15738045384, 'market_cap_change_percentage_24h': 3.66006, 'circulating_supply': 19268737.0, 'total_supply': 21000000.0, 'max_supply': 21000000.0, 'ath': 69045, 'ath_change_percentage': -66.49085, 'ath_date': '2021-11-10T14:24:11.849Z', 'atl': 67.81, 'atl_change_percentage': 34019.8281, 'atl_date': '2013-07-06T00:00:00.000Z', 'roi': None, 'last_updated': '2023-01-21T21:16:17.177Z'}, {'id': 'ethereum', 'symbol': 'eth', 'name': 'Ethereum', 'image': 'https://assets.coingecko.com/coins/images/279/large/ethereum.png?1595348880', 'current_price': 1655.8, 'market_cap': 199682829288, 'market_cap_rank': 2, 'fully_diluted_valuation': 199682829288, 'total_volume': 10101427658, 'high_24h': 1676.55, 'low_24h': 1631.33, 'price_change_24h': 12.49, 'price_change_percentage_24h': 0.76, 'market_cap_change_24h': 2888613551, 'market_cap_change_percentage_24h': 1.46783, 'circulating_supply': 120517812.503798, 'total_supply': 120517812.503798, 'max_supply': None, 'ath': 4878.26, 'ath_change_percentage': -66.04246, 'ath_date': '2021-11-10T14:24:19.604Z', 'atl': 0.432979, 'atl_change_percentage': 382490.76792, 'atl_date': '2015-10-20T00:00:00.000Z', 'roi': {'times': 94.79245811501117, 'currency': 'btc', 'percentage': 9479.245811501118}, 'last_updated': '2023-01-21T21:16:08.563Z'}, {'id': 'binancecoin', 'symbol': 'bnb', 'name': 'BNB', 'image': 'https://assets.coingecko.com/coins/images/825/large/bnb-icon2_2x.png?1644979850', 'current_price': 303.39, 'market_cap': 40947497802, 'market_cap_rank': 5, 'fully_diluted_valuation': 60703214229, 'total_volume': 1164526456, 'high_24h': 310.68, 'low_24h': 300.77, 'price_change_24h': 1.47, 'price_change_percentage_24h': 0.4879, 'market_cap_change_24h': 273450003, 'market_cap_change_percentage_24h': 0.6723, 'circulating_supply': 134910476.56, 'total_supply': 157219628.63, 'max_supply': 200000000.0, 'ath': 686.31, 'ath_change_percentage': -55.73463, 'ath_date': '2021-05-10T07:24:17.097Z', 'atl': 0.0398177, 'atl_change_percentage': 762867.74527, 'atl_date': '2017-10-19T00:00:00.000Z', 'roi': None, 'last_updated': '2023-01-21T21:16:36.300Z'}]
[2023-01-21T21:19:18.436+0000] {python.py:177} INFO - Done. Returned value was: None
[2023-01-21T21:19:18.445+0000] {taskinstance.py:1318} INFO - Marking task as SUCCESS. dag_id=crypto_coins_etl, task_id=save_top_three_coins, execution_date=20230121T211911, start_date=20230121T211918, end_date=20230121T211918
[2023-01-21T21:19:18.499+0000] {local_task_job.py:208} INFO - Task exited with return code 0
[2023-01-21T21:19:18.529+0000] {taskinstance.py:2578} INFO - 1 downstream tasks scheduled from follow-on schedule check
