[2023-01-21T06:31:50.580+0000] {taskinstance.py:1083} INFO - Dependencies all met for <TaskInstance: crypto_coins_etl.get_top_three_coins manual__2023-01-21T06:31:46.512171+00:00 [queued]>
[2023-01-21T06:31:50.596+0000] {taskinstance.py:1083} INFO - Dependencies all met for <TaskInstance: crypto_coins_etl.get_top_three_coins manual__2023-01-21T06:31:46.512171+00:00 [queued]>
[2023-01-21T06:31:50.597+0000] {taskinstance.py:1279} INFO - 
--------------------------------------------------------------------------------
[2023-01-21T06:31:50.598+0000] {taskinstance.py:1280} INFO - Starting attempt 1 of 1
[2023-01-21T06:31:50.599+0000] {taskinstance.py:1281} INFO - 
--------------------------------------------------------------------------------
[2023-01-21T06:31:50.615+0000] {taskinstance.py:1300} INFO - Executing <Task(PythonOperator): get_top_three_coins> on 2023-01-21 06:31:46.512171+00:00
[2023-01-21T06:31:50.625+0000] {standard_task_runner.py:55} INFO - Started process 4683 to run task
[2023-01-21T06:31:50.630+0000] {standard_task_runner.py:82} INFO - Running: ['***', 'tasks', 'run', 'crypto_coins_etl', 'get_top_three_coins', 'manual__2023-01-21T06:31:46.512171+00:00', '--job-id', '106', '--raw', '--subdir', 'DAGS_FOLDER/crypto_coins_etl.py', '--cfg-path', '/tmp/tmp_0n3igod']
[2023-01-21T06:31:50.634+0000] {standard_task_runner.py:83} INFO - Job 106: Subtask get_top_three_coins
[2023-01-21T06:31:50.710+0000] {task_command.py:388} INFO - Running <TaskInstance: crypto_coins_etl.get_top_three_coins manual__2023-01-21T06:31:46.512171+00:00 [running]> on host ac5a85f5e1cc
[2023-01-21T06:31:50.778+0000] {taskinstance.py:1507} INFO - Exporting the following env vars:
AIRFLOW_CTX_DAG_OWNER=***
AIRFLOW_CTX_DAG_ID=crypto_coins_etl
AIRFLOW_CTX_TASK_ID=get_top_three_coins
AIRFLOW_CTX_EXECUTION_DATE=2023-01-21T06:31:46.512171+00:00
AIRFLOW_CTX_TRY_NUMBER=1
AIRFLOW_CTX_DAG_RUN_ID=manual__2023-01-21T06:31:46.512171+00:00
[2023-01-21T06:31:50.793+0000] {taskinstance.py:1768} ERROR - Task failed with exception
Traceback (most recent call last):
  File "/home/airflow/.local/lib/python3.8/site-packages/airflow/operators/python.py", line 175, in execute
    return_value = self.execute_callable()
  File "/home/airflow/.local/lib/python3.8/site-packages/airflow/operators/python.py", line 192, in execute_callable
    return self.python_callable(*self.op_args, **self.op_kwargs)
  File "/opt/airflow/plugins/transformers/crypto/crypto_transformer.py", line 23, in get_top_three_coins
    sorted_coins = sorted(cls.coins, key= lambda k:k['current_price'], reverse=True)
NameError: name 'cls' is not defined
[2023-01-21T06:31:50.804+0000] {taskinstance.py:1318} INFO - Marking task as FAILED. dag_id=crypto_coins_etl, task_id=get_top_three_coins, execution_date=20230121T063146, start_date=20230121T063150, end_date=20230121T063150
[2023-01-21T06:31:50.815+0000] {standard_task_runner.py:100} ERROR - Failed to execute job 106 for task get_top_three_coins (name 'cls' is not defined; 4683)
[2023-01-21T06:31:50.841+0000] {local_task_job.py:208} INFO - Task exited with return code 1
[2023-01-21T06:31:50.870+0000] {taskinstance.py:2578} INFO - 0 downstream tasks scheduled from follow-on schedule check
