[2023-01-21T05:27:55.002+0000] {taskinstance.py:1083} INFO - Dependencies all met for <TaskInstance: crypto_coins_etl.create_coins_table manual__2023-01-21T05:27:51.932646+00:00 [queued]>
[2023-01-21T05:27:55.014+0000] {taskinstance.py:1083} INFO - Dependencies all met for <TaskInstance: crypto_coins_etl.create_coins_table manual__2023-01-21T05:27:51.932646+00:00 [queued]>
[2023-01-21T05:27:55.015+0000] {taskinstance.py:1279} INFO - 
--------------------------------------------------------------------------------
[2023-01-21T05:27:55.016+0000] {taskinstance.py:1280} INFO - Starting attempt 1 of 1
[2023-01-21T05:27:55.017+0000] {taskinstance.py:1281} INFO - 
--------------------------------------------------------------------------------
[2023-01-21T05:27:55.030+0000] {taskinstance.py:1300} INFO - Executing <Task(PostgresOperator): create_coins_table> on 2023-01-21 05:27:51.932646+00:00
[2023-01-21T05:27:55.040+0000] {standard_task_runner.py:55} INFO - Started process 582 to run task
[2023-01-21T05:27:55.044+0000] {standard_task_runner.py:82} INFO - Running: ['***', 'tasks', 'run', 'crypto_coins_etl', 'create_coins_table', 'manual__2023-01-21T05:27:51.932646+00:00', '--job-id', '54', '--raw', '--subdir', 'DAGS_FOLDER/crypto_coins_etl.py', '--cfg-path', '/tmp/tmpr563nlgt']
[2023-01-21T05:27:55.047+0000] {standard_task_runner.py:83} INFO - Job 54: Subtask create_coins_table
[2023-01-21T05:27:55.128+0000] {task_command.py:388} INFO - Running <TaskInstance: crypto_coins_etl.create_coins_table manual__2023-01-21T05:27:51.932646+00:00 [running]> on host ac5a85f5e1cc
[2023-01-21T05:27:55.203+0000] {taskinstance.py:1507} INFO - Exporting the following env vars:
AIRFLOW_CTX_DAG_OWNER=***
AIRFLOW_CTX_DAG_ID=crypto_coins_etl
AIRFLOW_CTX_TASK_ID=create_coins_table
AIRFLOW_CTX_EXECUTION_DATE=2023-01-21T05:27:51.932646+00:00
AIRFLOW_CTX_TRY_NUMBER=1
AIRFLOW_CTX_DAG_RUN_ID=manual__2023-01-21T05:27:51.932646+00:00
[2023-01-21T05:27:55.205+0000] {sql.py:254} INFO - Executing:  CREATE TABLE IF NOT EXISTS coins(             firstname TEXT NOT NULL,             lastname TEXT NOT NULL,             country TEXT NOT NULL,             username TEXT NOT NULL,             password TEXT NOT NULL,             Email TEXT NOT NULL         );
[2023-01-21T05:27:55.215+0000] {base.py:73} INFO - Using connection ID 'postgres' for task execution.
[2023-01-21T05:27:55.511+0000] {base.py:73} INFO - Using connection ID 'postgres' for task execution.
[2023-01-21T05:27:55.516+0000] {sql.py:375} INFO - Running statement:  CREATE TABLE IF NOT EXISTS coins(             firstname TEXT NOT NULL,             lastname TEXT NOT NULL,             country TEXT NOT NULL,             username TEXT NOT NULL,             password TEXT NOT NULL,             Email TEXT NOT NULL         );, parameters: None
[2023-01-21T05:27:55.528+0000] {taskinstance.py:1318} INFO - Marking task as SUCCESS. dag_id=crypto_coins_etl, task_id=create_coins_table, execution_date=20230121T052751, start_date=20230121T052755, end_date=20230121T052755
[2023-01-21T05:27:55.579+0000] {local_task_job.py:208} INFO - Task exited with return code 0
[2023-01-21T05:27:55.602+0000] {taskinstance.py:2578} INFO - 1 downstream tasks scheduled from follow-on schedule check
