[2023-01-22T04:19:26.150+0000] {taskinstance.py:1083} INFO - Dependencies all met for <TaskInstance: debts_tracker_etl.map_debts_data manual__2023-01-22T04:19:21.516551+00:00 [queued]>
[2023-01-22T04:19:26.165+0000] {taskinstance.py:1083} INFO - Dependencies all met for <TaskInstance: debts_tracker_etl.map_debts_data manual__2023-01-22T04:19:21.516551+00:00 [queued]>
[2023-01-22T04:19:26.166+0000] {taskinstance.py:1279} INFO - 
--------------------------------------------------------------------------------
[2023-01-22T04:19:26.167+0000] {taskinstance.py:1280} INFO - Starting attempt 1 of 2
[2023-01-22T04:19:26.168+0000] {taskinstance.py:1281} INFO - 
--------------------------------------------------------------------------------
[2023-01-22T04:19:26.183+0000] {taskinstance.py:1300} INFO - Executing <Task(PythonOperator): map_debts_data> on 2023-01-22 04:19:21.516551+00:00
[2023-01-22T04:19:26.190+0000] {standard_task_runner.py:55} INFO - Started process 3659 to run task
[2023-01-22T04:19:26.196+0000] {standard_task_runner.py:82} INFO - Running: ['***', 'tasks', 'run', 'debts_tracker_etl', 'map_debts_data', 'manual__2023-01-22T04:19:21.516551+00:00', '--job-id', '60', '--raw', '--subdir', 'DAGS_FOLDER/debts_tracker_etl.py', '--cfg-path', '/tmp/tmpzrjr8sk0']
[2023-01-22T04:19:26.203+0000] {standard_task_runner.py:83} INFO - Job 60: Subtask map_debts_data
[2023-01-22T04:19:26.291+0000] {task_command.py:388} INFO - Running <TaskInstance: debts_tracker_etl.map_debts_data manual__2023-01-22T04:19:21.516551+00:00 [running]> on host 4b1c480b6ccb
[2023-01-22T04:19:26.371+0000] {taskinstance.py:1507} INFO - Exporting the following env vars:
AIRFLOW_CTX_DAG_OWNER=Tony Stark, Peter Parker
AIRFLOW_CTX_DAG_ID=debts_tracker_etl
AIRFLOW_CTX_TASK_ID=map_debts_data
AIRFLOW_CTX_EXECUTION_DATE=2023-01-22T04:19:21.516551+00:00
AIRFLOW_CTX_TRY_NUMBER=1
AIRFLOW_CTX_DAG_RUN_ID=manual__2023-01-22T04:19:21.516551+00:00
[2023-01-22T04:19:26.386+0000] {logging_mixin.py:137} INFO - ---------------1
[2023-01-22T04:19:26.387+0000] {logging_mixin.py:137} INFO - the paiytmen {'0': [{'amount': 51.25, 'date': '2020-09-29', 'payment_plan_id': 0}, {'amount': 51.25, 'date': '2020-10-29', 'payment_plan_id': 0}], '1': [{'amount': 25, 'date': '2020-08-08', 'payment_plan_id': 1}, {'amount': 25, 'date': '2020-08-08', 'payment_plan_id': 1}], '2': [{'amount': 4312.67, 'date': '2020-08-08', 'payment_plan_id': 2}], '3': [{'amount': 1230.085, 'date': '2020-08-01', 'payment_plan_id': 3}, {'amount': 1230.085, 'date': '2020-08-08', 'payment_plan_id': 3}, {'amount': 1230.085, 'date': '2020-08-15', 'payment_plan_id': 3}]}
[2023-01-22T04:19:26.388+0000] {debts_tracker_transformer.py:96} INFO - setting debts is_in_payment_plan flag for debt_id: 0
[2023-01-22T04:19:26.389+0000] {debts_tracker_transformer.py:47} INFO - Getting payments info for payment_plan_id: 0
[2023-01-22T04:19:26.389+0000] {debts_tracker_transformer.py:70} INFO - calculating remaining amount for payment_plan_id: 0
[2023-01-22T04:19:26.390+0000] {debts_tracker_transformer.py:53} INFO - checking if payments are on time
[2023-01-22T04:19:26.392+0000] {debts_tracker_transformer.py:96} INFO - setting debts is_in_payment_plan flag for debt_id: 1
[2023-01-22T04:19:26.392+0000] {debts_tracker_transformer.py:47} INFO - Getting payments info for payment_plan_id: 1
[2023-01-22T04:19:26.393+0000] {debts_tracker_transformer.py:70} INFO - calculating remaining amount for payment_plan_id: 1
[2023-01-22T04:19:26.394+0000] {debts_tracker_transformer.py:53} INFO - checking if payments are on time
[2023-01-22T04:19:26.395+0000] {debts_tracker_transformer.py:96} INFO - setting debts is_in_payment_plan flag for debt_id: 2
[2023-01-22T04:19:26.396+0000] {debts_tracker_transformer.py:47} INFO - Getting payments info for payment_plan_id: 2
[2023-01-22T04:19:26.397+0000] {debts_tracker_transformer.py:70} INFO - calculating remaining amount for payment_plan_id: 2
[2023-01-22T04:19:26.398+0000] {debts_tracker_transformer.py:53} INFO - checking if payments are on time
[2023-01-22T04:19:26.398+0000] {debts_tracker_transformer.py:96} INFO - setting debts is_in_payment_plan flag for debt_id: 3
[2023-01-22T04:19:26.399+0000] {debts_tracker_transformer.py:47} INFO - Getting payments info for payment_plan_id: 3
[2023-01-22T04:19:26.400+0000] {debts_tracker_transformer.py:70} INFO - calculating remaining amount for payment_plan_id: 3
[2023-01-22T04:19:26.401+0000] {debts_tracker_transformer.py:53} INFO - checking if payments are on time
[2023-01-22T04:19:26.401+0000] {debts_tracker_transformer.py:96} INFO - setting debts is_in_payment_plan flag for debt_id: 4
[2023-01-22T04:19:26.402+0000] {python.py:177} INFO - Done. Returned value was: [{'amount': 123.46, 'id': 0, 'is_in_payment_plan': True, 'remaining_amount': 0.0, 'is_payment_on_time': False}, {'amount': 100, 'id': 1, 'is_in_payment_plan': True, 'remaining_amount': 50, 'is_payment_on_time': False}, {'amount': 4920.34, 'id': 2, 'is_in_payment_plan': True, 'remaining_amount': 607.6700000000001, 'is_payment_on_time': True}, {'amount': 12938, 'id': 3, 'is_in_payment_plan': True, 'remaining_amount': 622.415, 'is_payment_on_time': True}, {'amount': 9238.02, 'id': 4, 'is_in_payment_plan': False}]
[2023-01-22T04:19:26.428+0000] {taskinstance.py:1318} INFO - Marking task as SUCCESS. dag_id=debts_tracker_etl, task_id=map_debts_data, execution_date=20230122T041921, start_date=20230122T041926, end_date=20230122T041926
[2023-01-22T04:19:26.490+0000] {local_task_job.py:208} INFO - Task exited with return code 0
[2023-01-22T04:19:26.526+0000] {taskinstance.py:2578} INFO - 1 downstream tasks scheduled from follow-on schedule check
