[2023-01-21T05:23:47.732+0000] {taskinstance.py:1083} INFO - Dependencies all met for <TaskInstance: crypto_coins_etl.create_coins_table manual__2023-01-21T05:23:44.073111+00:00 [queued]>
[2023-01-21T05:23:47.743+0000] {taskinstance.py:1083} INFO - Dependencies all met for <TaskInstance: crypto_coins_etl.create_coins_table manual__2023-01-21T05:23:44.073111+00:00 [queued]>
[2023-01-21T05:23:47.744+0000] {taskinstance.py:1279} INFO - 
--------------------------------------------------------------------------------
[2023-01-21T05:23:47.745+0000] {taskinstance.py:1280} INFO - Starting attempt 1 of 1
[2023-01-21T05:23:47.746+0000] {taskinstance.py:1281} INFO - 
--------------------------------------------------------------------------------
[2023-01-21T05:23:47.760+0000] {taskinstance.py:1300} INFO - Executing <Task(PostgresOperator): create_coins_table> on 2023-01-21 05:23:44.073111+00:00
[2023-01-21T05:23:47.767+0000] {standard_task_runner.py:55} INFO - Started process 313 to run task
[2023-01-21T05:23:47.771+0000] {standard_task_runner.py:82} INFO - Running: ['***', 'tasks', 'run', 'crypto_coins_etl', 'create_coins_table', 'manual__2023-01-21T05:23:44.073111+00:00', '--job-id', '51', '--raw', '--subdir', 'DAGS_FOLDER/crypto_coins_etl.py', '--cfg-path', '/tmp/tmp2iv0lx98']
[2023-01-21T05:23:47.775+0000] {standard_task_runner.py:83} INFO - Job 51: Subtask create_coins_table
[2023-01-21T05:23:47.849+0000] {task_command.py:388} INFO - Running <TaskInstance: crypto_coins_etl.create_coins_table manual__2023-01-21T05:23:44.073111+00:00 [running]> on host ac5a85f5e1cc
[2023-01-21T05:23:47.916+0000] {taskinstance.py:1507} INFO - Exporting the following env vars:
AIRFLOW_CTX_DAG_OWNER=***
AIRFLOW_CTX_DAG_ID=crypto_coins_etl
AIRFLOW_CTX_TASK_ID=create_coins_table
AIRFLOW_CTX_EXECUTION_DATE=2023-01-21T05:23:44.073111+00:00
AIRFLOW_CTX_TRY_NUMBER=1
AIRFLOW_CTX_DAG_RUN_ID=manual__2023-01-21T05:23:44.073111+00:00
[2023-01-21T05:23:47.917+0000] {sql.py:254} INFO - Executing:  CREATE TABLE IF NOT EXISTS coins(             firstname TEXT NOT NULL,             lastname TEXT NOT NULL,             country TEXT NOT NULL,             username TEXT NOT NULL,             password TEXT NOT NULL,             Email TEXT NOT NULL         );
[2023-01-21T05:23:47.927+0000] {base.py:73} INFO - Using connection ID 'postgres' for task execution.
[2023-01-21T05:23:48.181+0000] {base.py:73} INFO - Using connection ID 'postgres' for task execution.
[2023-01-21T05:23:48.185+0000] {sql.py:375} INFO - Running statement:  CREATE TABLE IF NOT EXISTS coins(             firstname TEXT NOT NULL,             lastname TEXT NOT NULL,             country TEXT NOT NULL,             username TEXT NOT NULL,             password TEXT NOT NULL,             Email TEXT NOT NULL         );, parameters: None
[2023-01-21T05:23:48.195+0000] {taskinstance.py:1318} INFO - Marking task as SUCCESS. dag_id=crypto_coins_etl, task_id=create_coins_table, execution_date=20230121T052344, start_date=20230121T052347, end_date=20230121T052348
[2023-01-21T05:23:48.226+0000] {local_task_job.py:208} INFO - Task exited with return code 0
[2023-01-21T05:23:48.250+0000] {taskinstance.py:2578} INFO - 1 downstream tasks scheduled from follow-on schedule check
