[2023-01-22T00:00:03.309+0000] {taskinstance.py:1083} INFO - Dependencies all met for <TaskInstance: crypto_currency_etl.get_top_three_coins scheduled__2023-01-21T00:00:00+00:00 [queued]>
[2023-01-22T00:00:03.321+0000] {taskinstance.py:1083} INFO - Dependencies all met for <TaskInstance: crypto_currency_etl.get_top_three_coins scheduled__2023-01-21T00:00:00+00:00 [queued]>
[2023-01-22T00:00:03.323+0000] {taskinstance.py:1279} INFO - 
--------------------------------------------------------------------------------
[2023-01-22T00:00:03.323+0000] {taskinstance.py:1280} INFO - Starting attempt 1 of 1
[2023-01-22T00:00:03.324+0000] {taskinstance.py:1281} INFO - 
--------------------------------------------------------------------------------
[2023-01-22T00:00:03.339+0000] {taskinstance.py:1300} INFO - Executing <Task(PythonOperator): get_top_three_coins> on 2023-01-21 00:00:00+00:00
[2023-01-22T00:00:03.346+0000] {standard_task_runner.py:55} INFO - Started process 10281 to run task
[2023-01-22T00:00:03.350+0000] {standard_task_runner.py:82} INFO - Running: ['***', 'tasks', 'run', 'crypto_currency_etl', 'get_top_three_coins', 'scheduled__2023-01-21T00:00:00+00:00', '--job-id', '244', '--raw', '--subdir', 'DAGS_FOLDER/crypto_currency_etl.py', '--cfg-path', '/tmp/tmprerhf9w4']
[2023-01-22T00:00:03.354+0000] {standard_task_runner.py:83} INFO - Job 244: Subtask get_top_three_coins
[2023-01-22T00:00:03.440+0000] {task_command.py:388} INFO - Running <TaskInstance: crypto_currency_etl.get_top_three_coins scheduled__2023-01-21T00:00:00+00:00 [running]> on host 365d47c8e5b5
[2023-01-22T00:00:03.517+0000] {taskinstance.py:1507} INFO - Exporting the following env vars:
AIRFLOW_CTX_DAG_OWNER=***
AIRFLOW_CTX_DAG_ID=crypto_currency_etl
AIRFLOW_CTX_TASK_ID=get_top_three_coins
AIRFLOW_CTX_EXECUTION_DATE=2023-01-21T00:00:00+00:00
AIRFLOW_CTX_TRY_NUMBER=1
AIRFLOW_CTX_DAG_RUN_ID=scheduled__2023-01-21T00:00:00+00:00
[2023-01-22T00:00:03.534+0000] {python.py:177} INFO - Done. Returned value was: [{'id': 'bitcoin', 'symbol': 'btc', 'name': 'Bitcoin', 'image': 'https://assets.coingecko.com/coins/images/1/large/bitcoin.png?1547033579', 'current_price': 22769, 'market_cap': 438578588179, 'market_cap_rank': 1, 'fully_diluted_valuation': 477982559981, 'total_volume': 43880328133, 'high_24h': 23329, 'low_24h': 22537, 'price_change_24h': 63.48, 'price_change_percentage_24h': 0.27958, 'market_cap_change_24h': 1853594527, 'market_cap_change_percentage_24h': 0.42443, 'circulating_supply': 19268800.0, 'total_supply': 21000000.0, 'max_supply': 21000000.0, 'ath': 69045, 'ath_change_percentage': -66.96346, 'ath_date': '2021-11-10T14:24:11.849Z', 'atl': 67.81, 'atl_change_percentage': 33538.60986, 'atl_date': '2013-07-06T00:00:00.000Z', 'roi': None, 'last_updated': '2023-01-21T23:59:42.134Z'}, {'id': 'ethereum', 'symbol': 'eth', 'name': 'Ethereum', 'image': 'https://assets.coingecko.com/coins/images/279/large/ethereum.png?1595348880', 'current_price': 1625.24, 'market_cap': 195908718395, 'market_cap_rank': 2, 'fully_diluted_valuation': 195908718395, 'total_volume': 9662931927, 'high_24h': 1676.55, 'low_24h': 1624.52, 'price_change_24h': -36.41246231803507, 'price_change_percentage_24h': -2.19134, 'market_cap_change_24h': -4102442615.4388123, 'market_cap_change_percentage_24h': -2.05111, 'circulating_supply': 120517812.503798, 'total_supply': 120517812.503798, 'max_supply': None, 'ath': 4878.26, 'ath_change_percentage': -66.62268, 'ath_date': '2021-11-10T14:24:19.604Z', 'atl': 0.432979, 'atl_change_percentage': 375953.64476, 'atl_date': '2015-10-20T00:00:00.000Z', 'roi': {'times': 94.47934489177206, 'currency': 'btc', 'percentage': 9447.934489177205}, 'last_updated': '2023-01-21T23:58:58.275Z'}, {'id': 'binancecoin', 'symbol': 'bnb', 'name': 'BNB', 'image': 'https://assets.coingecko.com/coins/images/825/large/bnb-icon2_2x.png?1644979850', 'current_price': 298.91, 'market_cap': 40342844635, 'market_cap_rank': 5, 'fully_diluted_valuation': 59806837339, 'total_volume': 888353514, 'high_24h': 310.68, 'low_24h': 298.96, 'price_change_24h': -6.370231029928107, 'price_change_percentage_24h': -2.08669, 'market_cap_change_24h': -764972507.7685394, 'market_cap_change_percentage_24h': -1.86089, 'circulating_supply': 134910476.56, 'total_supply': 157219628.63, 'max_supply': 200000000.0, 'ath': 686.31, 'ath_change_percentage': -56.21469, 'ath_date': '2021-05-10T07:24:17.097Z', 'atl': 0.0398177, 'atl_change_percentage': 754593.27378, 'atl_date': '2017-10-19T00:00:00.000Z', 'roi': None, 'last_updated': '2023-01-21T23:59:15.009Z'}]
[2023-01-22T00:00:03.566+0000] {taskinstance.py:1318} INFO - Marking task as SUCCESS. dag_id=crypto_currency_etl, task_id=get_top_three_coins, execution_date=20230121T000000, start_date=20230122T000003, end_date=20230122T000003
[2023-01-22T00:00:03.604+0000] {local_task_job.py:208} INFO - Task exited with return code 0
[2023-01-22T00:00:03.634+0000] {taskinstance.py:2578} INFO - 1 downstream tasks scheduled from follow-on schedule check
