[2023-01-21T06:08:05.367+0000] {taskinstance.py:1083} INFO - Dependencies all met for <TaskInstance: crypto_coins_etl.create_coins_table manual__2023-01-21T06:08:02.008113+00:00 [queued]>
[2023-01-21T06:08:05.382+0000] {taskinstance.py:1083} INFO - Dependencies all met for <TaskInstance: crypto_coins_etl.create_coins_table manual__2023-01-21T06:08:02.008113+00:00 [queued]>
[2023-01-21T06:08:05.383+0000] {taskinstance.py:1279} INFO - 
--------------------------------------------------------------------------------
[2023-01-21T06:08:05.383+0000] {taskinstance.py:1280} INFO - Starting attempt 1 of 1
[2023-01-21T06:08:05.384+0000] {taskinstance.py:1281} INFO - 
--------------------------------------------------------------------------------
[2023-01-21T06:08:05.398+0000] {taskinstance.py:1300} INFO - Executing <Task(PostgresOperator): create_coins_table> on 2023-01-21 06:08:02.008113+00:00
[2023-01-21T06:08:05.406+0000] {standard_task_runner.py:55} INFO - Started process 3100 to run task
[2023-01-21T06:08:05.410+0000] {standard_task_runner.py:82} INFO - Running: ['***', 'tasks', 'run', 'crypto_coins_etl', 'create_coins_table', 'manual__2023-01-21T06:08:02.008113+00:00', '--job-id', '72', '--raw', '--subdir', 'DAGS_FOLDER/crypto_coins_etl.py', '--cfg-path', '/tmp/tmp4lscsqrh']
[2023-01-21T06:08:05.415+0000] {standard_task_runner.py:83} INFO - Job 72: Subtask create_coins_table
[2023-01-21T06:08:05.496+0000] {task_command.py:388} INFO - Running <TaskInstance: crypto_coins_etl.create_coins_table manual__2023-01-21T06:08:02.008113+00:00 [running]> on host ac5a85f5e1cc
[2023-01-21T06:08:05.566+0000] {taskinstance.py:1507} INFO - Exporting the following env vars:
AIRFLOW_CTX_DAG_OWNER=***
AIRFLOW_CTX_DAG_ID=crypto_coins_etl
AIRFLOW_CTX_TASK_ID=create_coins_table
AIRFLOW_CTX_EXECUTION_DATE=2023-01-21T06:08:02.008113+00:00
AIRFLOW_CTX_TRY_NUMBER=1
AIRFLOW_CTX_DAG_RUN_ID=manual__2023-01-21T06:08:02.008113+00:00
[2023-01-21T06:08:05.570+0000] {sql.py:254} INFO - Executing:  CREATE TABLE IF NOT EXISTS coin(             id INT NOT NULL,             name TEXT NOT NULL,             symbol TEXT ,             current_price FLOAT NOT NULL,             high_24h FLOAT NOT NULL,             low_24h FLOAT NOT NULL         );
[2023-01-21T06:08:05.581+0000] {base.py:73} INFO - Using connection ID 'postgres' for task execution.
[2023-01-21T06:08:05.815+0000] {base.py:73} INFO - Using connection ID 'postgres' for task execution.
[2023-01-21T06:08:05.821+0000] {sql.py:375} INFO - Running statement:  CREATE TABLE IF NOT EXISTS coin(             id INT NOT NULL,             name TEXT NOT NULL,             symbol TEXT ,             current_price FLOAT NOT NULL,             high_24h FLOAT NOT NULL,             low_24h FLOAT NOT NULL         );, parameters: None
[2023-01-21T06:08:05.831+0000] {taskinstance.py:1318} INFO - Marking task as SUCCESS. dag_id=crypto_coins_etl, task_id=create_coins_table, execution_date=20230121T060802, start_date=20230121T060805, end_date=20230121T060805
[2023-01-21T06:08:05.866+0000] {local_task_job.py:208} INFO - Task exited with return code 0
[2023-01-21T06:08:05.892+0000] {taskinstance.py:2578} INFO - 1 downstream tasks scheduled from follow-on schedule check
