[2023-01-21T20:50:57.556+0000] {taskinstance.py:1083} INFO - Dependencies all met for <TaskInstance: crypto_coins_etl.save_top_three_coins manual__2023-01-21T20:50:51.388968+00:00 [queued]>
[2023-01-21T20:50:57.568+0000] {taskinstance.py:1083} INFO - Dependencies all met for <TaskInstance: crypto_coins_etl.save_top_three_coins manual__2023-01-21T20:50:51.388968+00:00 [queued]>
[2023-01-21T20:50:57.569+0000] {taskinstance.py:1279} INFO - 
--------------------------------------------------------------------------------
[2023-01-21T20:50:57.570+0000] {taskinstance.py:1280} INFO - Starting attempt 1 of 1
[2023-01-21T20:50:57.570+0000] {taskinstance.py:1281} INFO - 
--------------------------------------------------------------------------------
[2023-01-21T20:50:57.584+0000] {taskinstance.py:1300} INFO - Executing <Task(PythonOperator): save_top_three_coins> on 2023-01-21 20:50:51.388968+00:00
[2023-01-21T20:50:57.591+0000] {standard_task_runner.py:55} INFO - Started process 3372 to run task
[2023-01-21T20:50:57.598+0000] {standard_task_runner.py:82} INFO - Running: ['***', 'tasks', 'run', 'crypto_coins_etl', 'save_top_three_coins', 'manual__2023-01-21T20:50:51.388968+00:00', '--job-id', '184', '--raw', '--subdir', 'DAGS_FOLDER/crypto_coins_etl.py', '--cfg-path', '/tmp/tmpmgbzzdgs']
[2023-01-21T20:50:57.602+0000] {standard_task_runner.py:83} INFO - Job 184: Subtask save_top_three_coins
[2023-01-21T20:50:57.674+0000] {task_command.py:388} INFO - Running <TaskInstance: crypto_coins_etl.save_top_three_coins manual__2023-01-21T20:50:51.388968+00:00 [running]> on host 6256f74551c5
[2023-01-21T20:50:57.749+0000] {taskinstance.py:1507} INFO - Exporting the following env vars:
AIRFLOW_CTX_DAG_OWNER=***
AIRFLOW_CTX_DAG_ID=crypto_coins_etl
AIRFLOW_CTX_TASK_ID=save_top_three_coins
AIRFLOW_CTX_EXECUTION_DATE=2023-01-21T20:50:51.388968+00:00
AIRFLOW_CTX_TRY_NUMBER=1
AIRFLOW_CTX_DAG_RUN_ID=manual__2023-01-21T20:50:51.388968+00:00
[2023-01-21T20:50:57.777+0000] {coin.py:32} INFO - coin already exist Bitcoin
[2023-01-21T20:50:57.779+0000] {coin.py:32} INFO - coin already exist Ethereum
[2023-01-21T20:50:57.781+0000] {coin.py:32} INFO - coin already exist BNB
[2023-01-21T20:50:57.782+0000] {logging_mixin.py:137} INFO - data loading completed [{'id': 'bitcoin', 'symbol': 'btc', 'name': 'Bitcoin', 'image': 'https://assets.coingecko.com/coins/images/1/large/bitcoin.png?1547033579', 'current_price': 23183, 'market_cap': 447075195379, 'market_cap_rank': 1, 'fully_diluted_valuation': 487244439004, 'total_volume': 48870196294, 'high_24h': 23329, 'low_24h': 22124, 'price_change_24h': 1059.13, 'price_change_percentage_24h': 4.78726, 'market_cap_change_24h': 21136359288, 'market_cap_change_percentage_24h': 4.9623, 'circulating_supply': 19268725.0, 'total_supply': 21000000.0, 'max_supply': 21000000.0, 'ath': 69045, 'ath_change_percentage': -66.39555, 'ath_date': '2021-11-10T14:24:11.849Z', 'atl': 67.81, 'atl_change_percentage': 34116.86818, 'atl_date': '2013-07-06T00:00:00.000Z', 'roi': None, 'last_updated': '2023-01-21T20:50:04.916Z'}, {'id': 'ethereum', 'symbol': 'eth', 'name': 'Ethereum', 'image': 'https://assets.coingecko.com/coins/images/279/large/ethereum.png?1595348880', 'current_price': 1659.94, 'market_cap': 200029832142, 'market_cap_rank': 2, 'fully_diluted_valuation': 200029832142, 'total_volume': 10493043953, 'high_24h': 1676.55, 'low_24h': 1631.33, 'price_change_24h': 22.24, 'price_change_percentage_24h': 1.35826, 'market_cap_change_24h': 2773332354, 'market_cap_change_percentage_24h': 1.40595, 'circulating_supply': 120517812.503798, 'total_supply': 120517812.503798, 'max_supply': None, 'ath': 4878.26, 'ath_change_percentage': -65.97651, 'ath_date': '2021-11-10T14:24:19.604Z', 'atl': 0.432979, 'atl_change_percentage': 383233.78677, 'atl_date': '2015-10-20T00:00:00.000Z', 'roi': {'times': 94.71523052067795, 'currency': 'btc', 'percentage': 9471.523052067796}, 'last_updated': '2023-01-21T20:50:01.144Z'}, {'id': 'binancecoin', 'symbol': 'bnb', 'name': 'BNB', 'image': 'https://assets.coingecko.com/coins/images/825/large/bnb-icon2_2x.png?1644979850', 'current_price': 304.27, 'market_cap': 40995488552, 'market_cap_rank': 5, 'fully_diluted_valuation': 60774358816, 'total_volume': 1216846277, 'high_24h': 310.68, 'low_24h': 299.56, 'price_change_24h': 4.06, 'price_change_percentage_24h': 1.35333, 'market_cap_change_24h': 524178298, 'market_cap_change_percentage_24h': 1.29518, 'circulating_supply': 134910476.56, 'total_supply': 157219628.63, 'max_supply': 200000000.0, 'ath': 686.31, 'ath_change_percentage': -55.72361, 'ath_date': '2021-05-10T07:24:17.097Z', 'atl': 0.0398177, 'atl_change_percentage': 763057.62975, 'atl_date': '2017-10-19T00:00:00.000Z', 'roi': None, 'last_updated': '2023-01-21T20:50:00.633Z'}]
[2023-01-21T20:50:57.783+0000] {python.py:177} INFO - Done. Returned value was: None
[2023-01-21T20:50:57.793+0000] {taskinstance.py:1318} INFO - Marking task as SUCCESS. dag_id=crypto_coins_etl, task_id=save_top_three_coins, execution_date=20230121T205051, start_date=20230121T205057, end_date=20230121T205057
[2023-01-21T20:50:57.852+0000] {local_task_job.py:208} INFO - Task exited with return code 0
[2023-01-21T20:50:57.875+0000] {taskinstance.py:2578} INFO - 1 downstream tasks scheduled from follow-on schedule check
