[2023-01-22T00:51:42.845+0000] {taskinstance.py:1083} INFO - Dependencies all met for <TaskInstance: debts_tracker_etl.load_debts_data manual__2023-01-22T00:51:41.096911+00:00 [queued]>
[2023-01-22T00:51:42.857+0000] {taskinstance.py:1083} INFO - Dependencies all met for <TaskInstance: debts_tracker_etl.load_debts_data manual__2023-01-22T00:51:41.096911+00:00 [queued]>
[2023-01-22T00:51:42.858+0000] {taskinstance.py:1279} INFO - 
--------------------------------------------------------------------------------
[2023-01-22T00:51:42.859+0000] {taskinstance.py:1280} INFO - Starting attempt 1 of 2
[2023-01-22T00:51:42.859+0000] {taskinstance.py:1281} INFO - 
--------------------------------------------------------------------------------
[2023-01-22T00:51:42.874+0000] {taskinstance.py:1300} INFO - Executing <Task(PythonOperator): load_debts_data> on 2023-01-22 00:51:41.096911+00:00
[2023-01-22T00:51:42.880+0000] {standard_task_runner.py:55} INFO - Started process 13582 to run task
[2023-01-22T00:51:42.885+0000] {standard_task_runner.py:82} INFO - Running: ['***', 'tasks', 'run', 'debts_tracker_etl', 'load_debts_data', 'manual__2023-01-22T00:51:41.096911+00:00', '--job-id', '253', '--raw', '--subdir', 'DAGS_FOLDER/debts_tracker_etl.py', '--cfg-path', '/tmp/tmp3vbyww3t']
[2023-01-22T00:51:42.889+0000] {standard_task_runner.py:83} INFO - Job 253: Subtask load_debts_data
[2023-01-22T00:51:42.966+0000] {task_command.py:388} INFO - Running <TaskInstance: debts_tracker_etl.load_debts_data manual__2023-01-22T00:51:41.096911+00:00 [running]> on host 365d47c8e5b5
[2023-01-22T00:51:43.045+0000] {taskinstance.py:1507} INFO - Exporting the following env vars:
AIRFLOW_CTX_DAG_OWNER=Bruce Wayne
AIRFLOW_CTX_DAG_ID=debts_tracker_etl
AIRFLOW_CTX_TASK_ID=load_debts_data
AIRFLOW_CTX_EXECUTION_DATE=2023-01-22T00:51:41.096911+00:00
AIRFLOW_CTX_TRY_NUMBER=1
AIRFLOW_CTX_DAG_RUN_ID=manual__2023-01-22T00:51:41.096911+00:00
[2023-01-22T00:51:43.048+0000] {debts_tracker_transformer.py:11} INFO - init loading debts
[2023-01-22T00:51:43.049+0000] {taskinstance.py:1768} ERROR - Task failed with exception
Traceback (most recent call last):
  File "/home/airflow/.local/lib/python3.8/site-packages/airflow/operators/python.py", line 175, in execute
    return_value = self.execute_callable()
  File "/home/airflow/.local/lib/python3.8/site-packages/airflow/operators/python.py", line 192, in execute_callable
    return self.python_callable(*self.op_args, **self.op_kwargs)
  File "/opt/airflow/plugins/transformers/debts_tracker/debts_tracker_transformer.py", line 12, in load_debts
    debts = HttpServices.get_debts()
  File "/opt/airflow/plugins/services/http_services.py", line 46, in get_debts
    debts = cls.fetch_debts_from_api()
AttributeError: type object 'HttpServices' has no attribute 'fetch_debts_from_api'
[2023-01-22T00:51:43.061+0000] {taskinstance.py:1318} INFO - Marking task as UP_FOR_RETRY. dag_id=debts_tracker_etl, task_id=load_debts_data, execution_date=20230122T005141, start_date=20230122T005142, end_date=20230122T005143
[2023-01-22T00:51:43.072+0000] {standard_task_runner.py:100} ERROR - Failed to execute job 253 for task load_debts_data (type object 'HttpServices' has no attribute 'fetch_debts_from_api'; 13582)
[2023-01-22T00:51:43.099+0000] {local_task_job.py:208} INFO - Task exited with return code 1
[2023-01-22T00:51:43.117+0000] {taskinstance.py:2578} INFO - 0 downstream tasks scheduled from follow-on schedule check
