[2023-01-22T00:51:49.575+0000] {taskinstance.py:1083} INFO - Dependencies all met for <TaskInstance: debts_tracker_etl.load_debts_data manual__2023-01-22T00:51:41.096911+00:00 [queued]>
[2023-01-22T00:51:49.594+0000] {taskinstance.py:1083} INFO - Dependencies all met for <TaskInstance: debts_tracker_etl.load_debts_data manual__2023-01-22T00:51:41.096911+00:00 [queued]>
[2023-01-22T00:51:49.594+0000] {taskinstance.py:1279} INFO - 
--------------------------------------------------------------------------------
[2023-01-22T00:51:49.595+0000] {taskinstance.py:1280} INFO - Starting attempt 2 of 2
[2023-01-22T00:51:49.596+0000] {taskinstance.py:1281} INFO - 
--------------------------------------------------------------------------------
[2023-01-22T00:51:49.610+0000] {taskinstance.py:1300} INFO - Executing <Task(PythonOperator): load_debts_data> on 2023-01-22 00:51:41.096911+00:00
[2023-01-22T00:51:49.615+0000] {standard_task_runner.py:55} INFO - Started process 13596 to run task
[2023-01-22T00:51:49.621+0000] {standard_task_runner.py:82} INFO - Running: ['***', 'tasks', 'run', 'debts_tracker_etl', 'load_debts_data', 'manual__2023-01-22T00:51:41.096911+00:00', '--job-id', '255', '--raw', '--subdir', 'DAGS_FOLDER/debts_tracker_etl.py', '--cfg-path', '/tmp/tmpabr1ldo9']
[2023-01-22T00:51:49.624+0000] {standard_task_runner.py:83} INFO - Job 255: Subtask load_debts_data
[2023-01-22T00:51:49.702+0000] {task_command.py:388} INFO - Running <TaskInstance: debts_tracker_etl.load_debts_data manual__2023-01-22T00:51:41.096911+00:00 [running]> on host 365d47c8e5b5
[2023-01-22T00:51:49.776+0000] {taskinstance.py:1507} INFO - Exporting the following env vars:
AIRFLOW_CTX_DAG_OWNER=Bruce Wayne
AIRFLOW_CTX_DAG_ID=debts_tracker_etl
AIRFLOW_CTX_TASK_ID=load_debts_data
AIRFLOW_CTX_EXECUTION_DATE=2023-01-22T00:51:41.096911+00:00
AIRFLOW_CTX_TRY_NUMBER=2
AIRFLOW_CTX_DAG_RUN_ID=manual__2023-01-22T00:51:41.096911+00:00
[2023-01-22T00:51:49.779+0000] {debts_tracker_transformer.py:11} INFO - init loading debts
[2023-01-22T00:51:49.780+0000] {taskinstance.py:1768} ERROR - Task failed with exception
Traceback (most recent call last):
  File "/home/airflow/.local/lib/python3.8/site-packages/airflow/operators/python.py", line 175, in execute
    return_value = self.execute_callable()
  File "/home/airflow/.local/lib/python3.8/site-packages/airflow/operators/python.py", line 192, in execute_callable
    return self.python_callable(*self.op_args, **self.op_kwargs)
  File "/opt/airflow/plugins/transformers/debts_tracker/debts_tracker_transformer.py", line 12, in load_debts
    debts = HttpServices.get_debts()
  File "/opt/airflow/plugins/services/http_services.py", line 46, in get_debts
    debts = cls.fetch_debts_from_api()
AttributeError: type object 'HttpServices' has no attribute 'fetch_debts_from_api'
[2023-01-22T00:51:49.796+0000] {taskinstance.py:1318} INFO - Marking task as FAILED. dag_id=debts_tracker_etl, task_id=load_debts_data, execution_date=20230122T005141, start_date=20230122T005149, end_date=20230122T005149
[2023-01-22T00:51:49.811+0000] {standard_task_runner.py:100} ERROR - Failed to execute job 255 for task load_debts_data (type object 'HttpServices' has no attribute 'fetch_debts_from_api'; 13596)
[2023-01-22T00:51:49.834+0000] {local_task_job.py:208} INFO - Task exited with return code 1
[2023-01-22T00:51:49.884+0000] {taskinstance.py:2578} INFO - 0 downstream tasks scheduled from follow-on schedule check
