[2023-01-21 04:05:09,654] {processor.py:163} INFO - Started process (PID=78) to work on /home/airflow/.local/lib/python3.8/site-packages/airflow/example_dags/tutorial_taskflow_api_etl.py
[2023-01-21 04:05:09,656] {processor.py:642} INFO - Processing file /home/airflow/.local/lib/python3.8/site-packages/airflow/example_dags/tutorial_taskflow_api_etl.py for tasks to queue
[2023-01-21 04:05:09,658] {logging_mixin.py:109} INFO - [2023-01-21 04:05:09,658] {dagbag.py:500} INFO - Filling up the DagBag from /home/airflow/.local/lib/python3.8/site-packages/airflow/example_dags/tutorial_taskflow_api_etl.py
[2023-01-21 04:05:09,700] {processor.py:654} INFO - DAG(s) dict_keys(['tutorial_taskflow_api_etl']) retrieved from /home/airflow/.local/lib/python3.8/site-packages/airflow/example_dags/tutorial_taskflow_api_etl.py
[2023-01-21 04:05:13,035] {logging_mixin.py:109} INFO - [2023-01-21 04:05:13,035] {manager.py:496} INFO - Created Permission View: can edit on DAG:tutorial_taskflow_api_etl
[2023-01-21 04:05:13,052] {logging_mixin.py:109} INFO - [2023-01-21 04:05:13,052] {manager.py:496} INFO - Created Permission View: can read on DAG:tutorial_taskflow_api_etl
[2023-01-21 04:05:13,056] {logging_mixin.py:109} INFO - [2023-01-21 04:05:13,056] {dag.py:2398} INFO - Sync 1 DAGs
[2023-01-21 04:05:13,073] {logging_mixin.py:109} INFO - [2023-01-21 04:05:13,073] {dag.py:2417} INFO - Creating ORM DAG for tutorial_taskflow_api_etl
[2023-01-21 04:05:13,088] {logging_mixin.py:109} INFO - [2023-01-21 04:05:13,088] {dag.py:2937} INFO - Setting next_dagrun for tutorial_taskflow_api_etl to None
[2023-01-21 04:05:13,108] {processor.py:171} INFO - Processing /home/airflow/.local/lib/python3.8/site-packages/airflow/example_dags/tutorial_taskflow_api_etl.py took 3.458 seconds
[2023-01-21 04:05:44,026] {processor.py:163} INFO - Started process (PID=153) to work on /home/airflow/.local/lib/python3.8/site-packages/airflow/example_dags/tutorial_taskflow_api_etl.py
[2023-01-21 04:05:44,027] {processor.py:642} INFO - Processing file /home/airflow/.local/lib/python3.8/site-packages/airflow/example_dags/tutorial_taskflow_api_etl.py for tasks to queue
[2023-01-21 04:05:44,029] {logging_mixin.py:109} INFO - [2023-01-21 04:05:44,029] {dagbag.py:500} INFO - Filling up the DagBag from /home/airflow/.local/lib/python3.8/site-packages/airflow/example_dags/tutorial_taskflow_api_etl.py
[2023-01-21 04:05:44,069] {processor.py:654} INFO - DAG(s) dict_keys(['tutorial_taskflow_api_etl']) retrieved from /home/airflow/.local/lib/python3.8/site-packages/airflow/example_dags/tutorial_taskflow_api_etl.py
[2023-01-21 04:05:44,402] {logging_mixin.py:109} INFO - [2023-01-21 04:05:44,402] {dag.py:2398} INFO - Sync 1 DAGs
[2023-01-21 04:05:44,429] {logging_mixin.py:109} INFO - [2023-01-21 04:05:44,429] {dag.py:2937} INFO - Setting next_dagrun for tutorial_taskflow_api_etl to None
[2023-01-21 04:05:44,470] {processor.py:171} INFO - Processing /home/airflow/.local/lib/python3.8/site-packages/airflow/example_dags/tutorial_taskflow_api_etl.py took 0.470 seconds
[2023-01-21 04:06:14,512] {processor.py:163} INFO - Started process (PID=217) to work on /home/airflow/.local/lib/python3.8/site-packages/airflow/example_dags/tutorial_taskflow_api_etl.py
[2023-01-21 04:06:14,515] {processor.py:642} INFO - Processing file /home/airflow/.local/lib/python3.8/site-packages/airflow/example_dags/tutorial_taskflow_api_etl.py for tasks to queue
[2023-01-21 04:06:14,516] {logging_mixin.py:109} INFO - [2023-01-21 04:06:14,516] {dagbag.py:500} INFO - Filling up the DagBag from /home/airflow/.local/lib/python3.8/site-packages/airflow/example_dags/tutorial_taskflow_api_etl.py
[2023-01-21 04:06:14,581] {processor.py:654} INFO - DAG(s) dict_keys(['tutorial_taskflow_api_etl']) retrieved from /home/airflow/.local/lib/python3.8/site-packages/airflow/example_dags/tutorial_taskflow_api_etl.py
[2023-01-21 04:06:15,113] {logging_mixin.py:109} INFO - [2023-01-21 04:06:15,113] {dag.py:2398} INFO - Sync 1 DAGs
[2023-01-21 04:06:15,141] {logging_mixin.py:109} INFO - [2023-01-21 04:06:15,141] {dag.py:2937} INFO - Setting next_dagrun for tutorial_taskflow_api_etl to None
[2023-01-21 04:06:15,167] {processor.py:171} INFO - Processing /home/airflow/.local/lib/python3.8/site-packages/airflow/example_dags/tutorial_taskflow_api_etl.py took 0.659 seconds
[2023-01-21 04:06:58,135] {processor.py:163} INFO - Started process (PID=72) to work on /home/airflow/.local/lib/python3.8/site-packages/airflow/example_dags/tutorial_taskflow_api_etl.py
[2023-01-21 04:06:58,137] {processor.py:642} INFO - Processing file /home/airflow/.local/lib/python3.8/site-packages/airflow/example_dags/tutorial_taskflow_api_etl.py for tasks to queue
[2023-01-21 04:06:58,138] {logging_mixin.py:109} INFO - [2023-01-21 04:06:58,138] {dagbag.py:500} INFO - Filling up the DagBag from /home/airflow/.local/lib/python3.8/site-packages/airflow/example_dags/tutorial_taskflow_api_etl.py
[2023-01-21 04:06:58,174] {processor.py:654} INFO - DAG(s) dict_keys(['tutorial_taskflow_api_etl']) retrieved from /home/airflow/.local/lib/python3.8/site-packages/airflow/example_dags/tutorial_taskflow_api_etl.py
[2023-01-21 04:06:58,363] {logging_mixin.py:109} INFO - [2023-01-21 04:06:58,362] {dag.py:2398} INFO - Sync 1 DAGs
[2023-01-21 04:06:58,471] {logging_mixin.py:109} INFO - [2023-01-21 04:06:58,471] {dag.py:2937} INFO - Setting next_dagrun for tutorial_taskflow_api_etl to None
[2023-01-21 04:06:58,484] {processor.py:171} INFO - Processing /home/airflow/.local/lib/python3.8/site-packages/airflow/example_dags/tutorial_taskflow_api_etl.py took 0.352 seconds
[2023-01-21 04:07:29,664] {processor.py:163} INFO - Started process (PID=142) to work on /home/airflow/.local/lib/python3.8/site-packages/airflow/example_dags/tutorial_taskflow_api_etl.py
[2023-01-21 04:07:29,666] {processor.py:642} INFO - Processing file /home/airflow/.local/lib/python3.8/site-packages/airflow/example_dags/tutorial_taskflow_api_etl.py for tasks to queue
[2023-01-21 04:07:29,667] {logging_mixin.py:109} INFO - [2023-01-21 04:07:29,667] {dagbag.py:500} INFO - Filling up the DagBag from /home/airflow/.local/lib/python3.8/site-packages/airflow/example_dags/tutorial_taskflow_api_etl.py
[2023-01-21 04:07:29,703] {processor.py:654} INFO - DAG(s) dict_keys(['tutorial_taskflow_api_etl']) retrieved from /home/airflow/.local/lib/python3.8/site-packages/airflow/example_dags/tutorial_taskflow_api_etl.py
[2023-01-21 04:07:29,973] {logging_mixin.py:109} INFO - [2023-01-21 04:07:29,973] {dag.py:2398} INFO - Sync 1 DAGs
[2023-01-21 04:07:29,989] {logging_mixin.py:109} INFO - [2023-01-21 04:07:29,989] {dag.py:2937} INFO - Setting next_dagrun for tutorial_taskflow_api_etl to None
[2023-01-21 04:07:30,000] {processor.py:171} INFO - Processing /home/airflow/.local/lib/python3.8/site-packages/airflow/example_dags/tutorial_taskflow_api_etl.py took 0.340 seconds
[2023-01-21 04:08:01,146] {processor.py:163} INFO - Started process (PID=204) to work on /home/airflow/.local/lib/python3.8/site-packages/airflow/example_dags/tutorial_taskflow_api_etl.py
[2023-01-21 04:08:01,148] {processor.py:642} INFO - Processing file /home/airflow/.local/lib/python3.8/site-packages/airflow/example_dags/tutorial_taskflow_api_etl.py for tasks to queue
[2023-01-21 04:08:01,150] {logging_mixin.py:109} INFO - [2023-01-21 04:08:01,149] {dagbag.py:500} INFO - Filling up the DagBag from /home/airflow/.local/lib/python3.8/site-packages/airflow/example_dags/tutorial_taskflow_api_etl.py
[2023-01-21 04:08:01,191] {processor.py:654} INFO - DAG(s) dict_keys(['tutorial_taskflow_api_etl']) retrieved from /home/airflow/.local/lib/python3.8/site-packages/airflow/example_dags/tutorial_taskflow_api_etl.py
[2023-01-21 04:08:01,496] {logging_mixin.py:109} INFO - [2023-01-21 04:08:01,496] {dag.py:2398} INFO - Sync 1 DAGs
[2023-01-21 04:08:01,512] {logging_mixin.py:109} INFO - [2023-01-21 04:08:01,512] {dag.py:2937} INFO - Setting next_dagrun for tutorial_taskflow_api_etl to None
[2023-01-21 04:08:01,527] {processor.py:171} INFO - Processing /home/airflow/.local/lib/python3.8/site-packages/airflow/example_dags/tutorial_taskflow_api_etl.py took 0.385 seconds
[2023-01-21 04:08:33,061] {processor.py:163} INFO - Started process (PID=274) to work on /home/airflow/.local/lib/python3.8/site-packages/airflow/example_dags/tutorial_taskflow_api_etl.py
[2023-01-21 04:08:33,064] {processor.py:642} INFO - Processing file /home/airflow/.local/lib/python3.8/site-packages/airflow/example_dags/tutorial_taskflow_api_etl.py for tasks to queue
[2023-01-21 04:08:33,065] {logging_mixin.py:109} INFO - [2023-01-21 04:08:33,065] {dagbag.py:500} INFO - Filling up the DagBag from /home/airflow/.local/lib/python3.8/site-packages/airflow/example_dags/tutorial_taskflow_api_etl.py
[2023-01-21 04:08:33,116] {processor.py:654} INFO - DAG(s) dict_keys(['tutorial_taskflow_api_etl']) retrieved from /home/airflow/.local/lib/python3.8/site-packages/airflow/example_dags/tutorial_taskflow_api_etl.py
[2023-01-21 04:08:33,486] {logging_mixin.py:109} INFO - [2023-01-21 04:08:33,486] {dag.py:2398} INFO - Sync 1 DAGs
[2023-01-21 04:08:33,500] {logging_mixin.py:109} INFO - [2023-01-21 04:08:33,500] {dag.py:2937} INFO - Setting next_dagrun for tutorial_taskflow_api_etl to None
[2023-01-21 04:08:33,522] {processor.py:171} INFO - Processing /home/airflow/.local/lib/python3.8/site-packages/airflow/example_dags/tutorial_taskflow_api_etl.py took 0.465 seconds
[2023-01-21 04:09:06,057] {processor.py:163} INFO - Started process (PID=336) to work on /home/airflow/.local/lib/python3.8/site-packages/airflow/example_dags/tutorial_taskflow_api_etl.py
[2023-01-21 04:09:06,060] {processor.py:642} INFO - Processing file /home/airflow/.local/lib/python3.8/site-packages/airflow/example_dags/tutorial_taskflow_api_etl.py for tasks to queue
[2023-01-21 04:09:06,062] {logging_mixin.py:109} INFO - [2023-01-21 04:09:06,062] {dagbag.py:500} INFO - Filling up the DagBag from /home/airflow/.local/lib/python3.8/site-packages/airflow/example_dags/tutorial_taskflow_api_etl.py
[2023-01-21 04:09:06,137] {processor.py:654} INFO - DAG(s) dict_keys(['tutorial_taskflow_api_etl']) retrieved from /home/airflow/.local/lib/python3.8/site-packages/airflow/example_dags/tutorial_taskflow_api_etl.py
[2023-01-21 04:09:06,545] {logging_mixin.py:109} INFO - [2023-01-21 04:09:06,545] {dag.py:2398} INFO - Sync 1 DAGs
[2023-01-21 04:09:06,564] {logging_mixin.py:109} INFO - [2023-01-21 04:09:06,563] {dag.py:2937} INFO - Setting next_dagrun for tutorial_taskflow_api_etl to None
[2023-01-21 04:09:06,582] {processor.py:171} INFO - Processing /home/airflow/.local/lib/python3.8/site-packages/airflow/example_dags/tutorial_taskflow_api_etl.py took 0.530 seconds
[2023-01-21 04:09:36,918] {processor.py:163} INFO - Started process (PID=398) to work on /home/airflow/.local/lib/python3.8/site-packages/airflow/example_dags/tutorial_taskflow_api_etl.py
[2023-01-21 04:09:36,920] {processor.py:642} INFO - Processing file /home/airflow/.local/lib/python3.8/site-packages/airflow/example_dags/tutorial_taskflow_api_etl.py for tasks to queue
[2023-01-21 04:09:36,921] {logging_mixin.py:109} INFO - [2023-01-21 04:09:36,921] {dagbag.py:500} INFO - Filling up the DagBag from /home/airflow/.local/lib/python3.8/site-packages/airflow/example_dags/tutorial_taskflow_api_etl.py
[2023-01-21 04:09:36,959] {processor.py:654} INFO - DAG(s) dict_keys(['tutorial_taskflow_api_etl']) retrieved from /home/airflow/.local/lib/python3.8/site-packages/airflow/example_dags/tutorial_taskflow_api_etl.py
[2023-01-21 04:09:37,287] {logging_mixin.py:109} INFO - [2023-01-21 04:09:37,287] {dag.py:2398} INFO - Sync 1 DAGs
[2023-01-21 04:09:37,305] {logging_mixin.py:109} INFO - [2023-01-21 04:09:37,305] {dag.py:2937} INFO - Setting next_dagrun for tutorial_taskflow_api_etl to None
[2023-01-21 04:09:37,316] {processor.py:171} INFO - Processing /home/airflow/.local/lib/python3.8/site-packages/airflow/example_dags/tutorial_taskflow_api_etl.py took 0.408 seconds
[2023-01-21 04:10:08,024] {processor.py:163} INFO - Started process (PID=468) to work on /home/airflow/.local/lib/python3.8/site-packages/airflow/example_dags/tutorial_taskflow_api_etl.py
[2023-01-21 04:10:08,041] {processor.py:642} INFO - Processing file /home/airflow/.local/lib/python3.8/site-packages/airflow/example_dags/tutorial_taskflow_api_etl.py for tasks to queue
[2023-01-21 04:10:08,043] {logging_mixin.py:109} INFO - [2023-01-21 04:10:08,043] {dagbag.py:500} INFO - Filling up the DagBag from /home/airflow/.local/lib/python3.8/site-packages/airflow/example_dags/tutorial_taskflow_api_etl.py
[2023-01-21 04:10:08,090] {processor.py:654} INFO - DAG(s) dict_keys(['tutorial_taskflow_api_etl']) retrieved from /home/airflow/.local/lib/python3.8/site-packages/airflow/example_dags/tutorial_taskflow_api_etl.py
[2023-01-21 04:10:08,417] {logging_mixin.py:109} INFO - [2023-01-21 04:10:08,417] {dag.py:2398} INFO - Sync 1 DAGs
[2023-01-21 04:10:08,437] {logging_mixin.py:109} INFO - [2023-01-21 04:10:08,436] {dag.py:2937} INFO - Setting next_dagrun for tutorial_taskflow_api_etl to None
[2023-01-21 04:10:08,451] {processor.py:171} INFO - Processing /home/airflow/.local/lib/python3.8/site-packages/airflow/example_dags/tutorial_taskflow_api_etl.py took 0.433 seconds
[2023-01-21 04:10:39,297] {processor.py:163} INFO - Started process (PID=530) to work on /home/airflow/.local/lib/python3.8/site-packages/airflow/example_dags/tutorial_taskflow_api_etl.py
[2023-01-21 04:10:39,299] {processor.py:642} INFO - Processing file /home/airflow/.local/lib/python3.8/site-packages/airflow/example_dags/tutorial_taskflow_api_etl.py for tasks to queue
[2023-01-21 04:10:39,300] {logging_mixin.py:109} INFO - [2023-01-21 04:10:39,300] {dagbag.py:500} INFO - Filling up the DagBag from /home/airflow/.local/lib/python3.8/site-packages/airflow/example_dags/tutorial_taskflow_api_etl.py
[2023-01-21 04:10:39,339] {processor.py:654} INFO - DAG(s) dict_keys(['tutorial_taskflow_api_etl']) retrieved from /home/airflow/.local/lib/python3.8/site-packages/airflow/example_dags/tutorial_taskflow_api_etl.py
[2023-01-21 04:10:39,687] {logging_mixin.py:109} INFO - [2023-01-21 04:10:39,687] {dag.py:2398} INFO - Sync 1 DAGs
[2023-01-21 04:10:39,706] {logging_mixin.py:109} INFO - [2023-01-21 04:10:39,706] {dag.py:2937} INFO - Setting next_dagrun for tutorial_taskflow_api_etl to None
[2023-01-21 04:10:39,724] {processor.py:171} INFO - Processing /home/airflow/.local/lib/python3.8/site-packages/airflow/example_dags/tutorial_taskflow_api_etl.py took 0.431 seconds
[2023-01-21 04:11:10,284] {processor.py:163} INFO - Started process (PID=600) to work on /home/airflow/.local/lib/python3.8/site-packages/airflow/example_dags/tutorial_taskflow_api_etl.py
[2023-01-21 04:11:10,286] {processor.py:642} INFO - Processing file /home/airflow/.local/lib/python3.8/site-packages/airflow/example_dags/tutorial_taskflow_api_etl.py for tasks to queue
[2023-01-21 04:11:10,287] {logging_mixin.py:109} INFO - [2023-01-21 04:11:10,287] {dagbag.py:500} INFO - Filling up the DagBag from /home/airflow/.local/lib/python3.8/site-packages/airflow/example_dags/tutorial_taskflow_api_etl.py
[2023-01-21 04:11:10,323] {processor.py:654} INFO - DAG(s) dict_keys(['tutorial_taskflow_api_etl']) retrieved from /home/airflow/.local/lib/python3.8/site-packages/airflow/example_dags/tutorial_taskflow_api_etl.py
[2023-01-21 04:11:10,583] {logging_mixin.py:109} INFO - [2023-01-21 04:11:10,583] {dag.py:2398} INFO - Sync 1 DAGs
[2023-01-21 04:11:10,597] {logging_mixin.py:109} INFO - [2023-01-21 04:11:10,597] {dag.py:2937} INFO - Setting next_dagrun for tutorial_taskflow_api_etl to None
[2023-01-21 04:11:10,609] {processor.py:171} INFO - Processing /home/airflow/.local/lib/python3.8/site-packages/airflow/example_dags/tutorial_taskflow_api_etl.py took 0.329 seconds
[2023-01-21 04:11:42,383] {processor.py:163} INFO - Started process (PID=661) to work on /home/airflow/.local/lib/python3.8/site-packages/airflow/example_dags/tutorial_taskflow_api_etl.py
[2023-01-21 04:11:42,385] {processor.py:642} INFO - Processing file /home/airflow/.local/lib/python3.8/site-packages/airflow/example_dags/tutorial_taskflow_api_etl.py for tasks to queue
[2023-01-21 04:11:42,387] {logging_mixin.py:109} INFO - [2023-01-21 04:11:42,387] {dagbag.py:500} INFO - Filling up the DagBag from /home/airflow/.local/lib/python3.8/site-packages/airflow/example_dags/tutorial_taskflow_api_etl.py
[2023-01-21 04:11:42,435] {processor.py:654} INFO - DAG(s) dict_keys(['tutorial_taskflow_api_etl']) retrieved from /home/airflow/.local/lib/python3.8/site-packages/airflow/example_dags/tutorial_taskflow_api_etl.py
[2023-01-21 04:11:42,740] {logging_mixin.py:109} INFO - [2023-01-21 04:11:42,740] {dag.py:2398} INFO - Sync 1 DAGs
[2023-01-21 04:11:42,758] {logging_mixin.py:109} INFO - [2023-01-21 04:11:42,758] {dag.py:2937} INFO - Setting next_dagrun for tutorial_taskflow_api_etl to None
[2023-01-21 04:11:42,772] {processor.py:171} INFO - Processing /home/airflow/.local/lib/python3.8/site-packages/airflow/example_dags/tutorial_taskflow_api_etl.py took 0.394 seconds
[2023-01-21 04:12:13,516] {processor.py:163} INFO - Started process (PID=730) to work on /home/airflow/.local/lib/python3.8/site-packages/airflow/example_dags/tutorial_taskflow_api_etl.py
[2023-01-21 04:12:13,519] {processor.py:642} INFO - Processing file /home/airflow/.local/lib/python3.8/site-packages/airflow/example_dags/tutorial_taskflow_api_etl.py for tasks to queue
[2023-01-21 04:12:13,520] {logging_mixin.py:109} INFO - [2023-01-21 04:12:13,520] {dagbag.py:500} INFO - Filling up the DagBag from /home/airflow/.local/lib/python3.8/site-packages/airflow/example_dags/tutorial_taskflow_api_etl.py
[2023-01-21 04:12:13,574] {processor.py:654} INFO - DAG(s) dict_keys(['tutorial_taskflow_api_etl']) retrieved from /home/airflow/.local/lib/python3.8/site-packages/airflow/example_dags/tutorial_taskflow_api_etl.py
[2023-01-21 04:12:13,965] {logging_mixin.py:109} INFO - [2023-01-21 04:12:13,965] {dag.py:2398} INFO - Sync 1 DAGs
[2023-01-21 04:12:13,983] {logging_mixin.py:109} INFO - [2023-01-21 04:12:13,983] {dag.py:2937} INFO - Setting next_dagrun for tutorial_taskflow_api_etl to None
[2023-01-21 04:12:14,060] {processor.py:171} INFO - Processing /home/airflow/.local/lib/python3.8/site-packages/airflow/example_dags/tutorial_taskflow_api_etl.py took 0.571 seconds
[2023-01-21 04:12:44,799] {processor.py:163} INFO - Started process (PID=806) to work on /home/airflow/.local/lib/python3.8/site-packages/airflow/example_dags/tutorial_taskflow_api_etl.py
[2023-01-21 04:12:44,801] {processor.py:642} INFO - Processing file /home/airflow/.local/lib/python3.8/site-packages/airflow/example_dags/tutorial_taskflow_api_etl.py for tasks to queue
[2023-01-21 04:12:44,802] {logging_mixin.py:109} INFO - [2023-01-21 04:12:44,802] {dagbag.py:500} INFO - Filling up the DagBag from /home/airflow/.local/lib/python3.8/site-packages/airflow/example_dags/tutorial_taskflow_api_etl.py
[2023-01-21 04:12:44,842] {processor.py:654} INFO - DAG(s) dict_keys(['tutorial_taskflow_api_etl']) retrieved from /home/airflow/.local/lib/python3.8/site-packages/airflow/example_dags/tutorial_taskflow_api_etl.py
[2023-01-21 04:12:45,144] {logging_mixin.py:109} INFO - [2023-01-21 04:12:45,144] {dag.py:2398} INFO - Sync 1 DAGs
[2023-01-21 04:12:45,161] {logging_mixin.py:109} INFO - [2023-01-21 04:12:45,161] {dag.py:2937} INFO - Setting next_dagrun for tutorial_taskflow_api_etl to None
[2023-01-21 04:12:45,174] {processor.py:171} INFO - Processing /home/airflow/.local/lib/python3.8/site-packages/airflow/example_dags/tutorial_taskflow_api_etl.py took 0.379 seconds
[2023-01-21 04:13:15,626] {processor.py:163} INFO - Started process (PID=868) to work on /home/airflow/.local/lib/python3.8/site-packages/airflow/example_dags/tutorial_taskflow_api_etl.py
[2023-01-21 04:13:15,629] {processor.py:642} INFO - Processing file /home/airflow/.local/lib/python3.8/site-packages/airflow/example_dags/tutorial_taskflow_api_etl.py for tasks to queue
[2023-01-21 04:13:15,630] {logging_mixin.py:109} INFO - [2023-01-21 04:13:15,630] {dagbag.py:500} INFO - Filling up the DagBag from /home/airflow/.local/lib/python3.8/site-packages/airflow/example_dags/tutorial_taskflow_api_etl.py
[2023-01-21 04:13:15,670] {processor.py:654} INFO - DAG(s) dict_keys(['tutorial_taskflow_api_etl']) retrieved from /home/airflow/.local/lib/python3.8/site-packages/airflow/example_dags/tutorial_taskflow_api_etl.py
[2023-01-21 04:13:15,975] {logging_mixin.py:109} INFO - [2023-01-21 04:13:15,975] {dag.py:2398} INFO - Sync 1 DAGs
[2023-01-21 04:13:15,989] {logging_mixin.py:109} INFO - [2023-01-21 04:13:15,989] {dag.py:2937} INFO - Setting next_dagrun for tutorial_taskflow_api_etl to None
[2023-01-21 04:13:15,999] {processor.py:171} INFO - Processing /home/airflow/.local/lib/python3.8/site-packages/airflow/example_dags/tutorial_taskflow_api_etl.py took 0.378 seconds
[2023-01-21 04:13:46,589] {processor.py:163} INFO - Started process (PID=945) to work on /home/airflow/.local/lib/python3.8/site-packages/airflow/example_dags/tutorial_taskflow_api_etl.py
[2023-01-21 04:13:46,591] {processor.py:642} INFO - Processing file /home/airflow/.local/lib/python3.8/site-packages/airflow/example_dags/tutorial_taskflow_api_etl.py for tasks to queue
[2023-01-21 04:13:46,593] {logging_mixin.py:109} INFO - [2023-01-21 04:13:46,593] {dagbag.py:500} INFO - Filling up the DagBag from /home/airflow/.local/lib/python3.8/site-packages/airflow/example_dags/tutorial_taskflow_api_etl.py
[2023-01-21 04:13:46,643] {processor.py:654} INFO - DAG(s) dict_keys(['tutorial_taskflow_api_etl']) retrieved from /home/airflow/.local/lib/python3.8/site-packages/airflow/example_dags/tutorial_taskflow_api_etl.py
[2023-01-21 04:13:47,213] {logging_mixin.py:109} INFO - [2023-01-21 04:13:47,213] {dag.py:2398} INFO - Sync 1 DAGs
[2023-01-21 04:13:47,250] {logging_mixin.py:109} INFO - [2023-01-21 04:13:47,249] {dag.py:2937} INFO - Setting next_dagrun for tutorial_taskflow_api_etl to None
[2023-01-21 04:13:47,273] {processor.py:171} INFO - Processing /home/airflow/.local/lib/python3.8/site-packages/airflow/example_dags/tutorial_taskflow_api_etl.py took 0.688 seconds
[2023-01-21 04:14:17,787] {processor.py:163} INFO - Started process (PID=1007) to work on /home/airflow/.local/lib/python3.8/site-packages/airflow/example_dags/tutorial_taskflow_api_etl.py
[2023-01-21 04:14:17,788] {processor.py:642} INFO - Processing file /home/airflow/.local/lib/python3.8/site-packages/airflow/example_dags/tutorial_taskflow_api_etl.py for tasks to queue
[2023-01-21 04:14:17,790] {logging_mixin.py:109} INFO - [2023-01-21 04:14:17,790] {dagbag.py:500} INFO - Filling up the DagBag from /home/airflow/.local/lib/python3.8/site-packages/airflow/example_dags/tutorial_taskflow_api_etl.py
[2023-01-21 04:14:17,836] {processor.py:654} INFO - DAG(s) dict_keys(['tutorial_taskflow_api_etl']) retrieved from /home/airflow/.local/lib/python3.8/site-packages/airflow/example_dags/tutorial_taskflow_api_etl.py
[2023-01-21 04:14:18,148] {logging_mixin.py:109} INFO - [2023-01-21 04:14:18,148] {dag.py:2398} INFO - Sync 1 DAGs
[2023-01-21 04:14:18,164] {logging_mixin.py:109} INFO - [2023-01-21 04:14:18,164] {dag.py:2937} INFO - Setting next_dagrun for tutorial_taskflow_api_etl to None
[2023-01-21 04:14:18,176] {processor.py:171} INFO - Processing /home/airflow/.local/lib/python3.8/site-packages/airflow/example_dags/tutorial_taskflow_api_etl.py took 0.394 seconds
[2023-01-21 04:14:48,855] {processor.py:163} INFO - Started process (PID=1069) to work on /home/airflow/.local/lib/python3.8/site-packages/airflow/example_dags/tutorial_taskflow_api_etl.py
[2023-01-21 04:14:48,857] {processor.py:642} INFO - Processing file /home/airflow/.local/lib/python3.8/site-packages/airflow/example_dags/tutorial_taskflow_api_etl.py for tasks to queue
[2023-01-21 04:14:48,859] {logging_mixin.py:109} INFO - [2023-01-21 04:14:48,859] {dagbag.py:500} INFO - Filling up the DagBag from /home/airflow/.local/lib/python3.8/site-packages/airflow/example_dags/tutorial_taskflow_api_etl.py
[2023-01-21 04:14:48,912] {processor.py:654} INFO - DAG(s) dict_keys(['tutorial_taskflow_api_etl']) retrieved from /home/airflow/.local/lib/python3.8/site-packages/airflow/example_dags/tutorial_taskflow_api_etl.py
[2023-01-21 04:14:49,328] {logging_mixin.py:109} INFO - [2023-01-21 04:14:49,328] {dag.py:2398} INFO - Sync 1 DAGs
[2023-01-21 04:14:49,356] {logging_mixin.py:109} INFO - [2023-01-21 04:14:49,356] {dag.py:2937} INFO - Setting next_dagrun for tutorial_taskflow_api_etl to None
[2023-01-21 04:14:49,383] {processor.py:171} INFO - Processing /home/airflow/.local/lib/python3.8/site-packages/airflow/example_dags/tutorial_taskflow_api_etl.py took 0.532 seconds
[2023-01-21 04:15:19,934] {processor.py:163} INFO - Started process (PID=1138) to work on /home/airflow/.local/lib/python3.8/site-packages/airflow/example_dags/tutorial_taskflow_api_etl.py
[2023-01-21 04:15:19,937] {processor.py:642} INFO - Processing file /home/airflow/.local/lib/python3.8/site-packages/airflow/example_dags/tutorial_taskflow_api_etl.py for tasks to queue
[2023-01-21 04:15:19,938] {logging_mixin.py:109} INFO - [2023-01-21 04:15:19,938] {dagbag.py:500} INFO - Filling up the DagBag from /home/airflow/.local/lib/python3.8/site-packages/airflow/example_dags/tutorial_taskflow_api_etl.py
[2023-01-21 04:15:19,981] {processor.py:654} INFO - DAG(s) dict_keys(['tutorial_taskflow_api_etl']) retrieved from /home/airflow/.local/lib/python3.8/site-packages/airflow/example_dags/tutorial_taskflow_api_etl.py
[2023-01-21 04:15:20,311] {logging_mixin.py:109} INFO - [2023-01-21 04:15:20,311] {dag.py:2398} INFO - Sync 1 DAGs
[2023-01-21 04:15:20,326] {logging_mixin.py:109} INFO - [2023-01-21 04:15:20,326] {dag.py:2937} INFO - Setting next_dagrun for tutorial_taskflow_api_etl to None
[2023-01-21 04:15:20,338] {processor.py:171} INFO - Processing /home/airflow/.local/lib/python3.8/site-packages/airflow/example_dags/tutorial_taskflow_api_etl.py took 0.408 seconds
[2023-01-21 04:15:50,453] {processor.py:163} INFO - Started process (PID=1201) to work on /home/airflow/.local/lib/python3.8/site-packages/airflow/example_dags/tutorial_taskflow_api_etl.py
[2023-01-21 04:15:50,456] {processor.py:642} INFO - Processing file /home/airflow/.local/lib/python3.8/site-packages/airflow/example_dags/tutorial_taskflow_api_etl.py for tasks to queue
[2023-01-21 04:15:50,457] {logging_mixin.py:109} INFO - [2023-01-21 04:15:50,457] {dagbag.py:500} INFO - Filling up the DagBag from /home/airflow/.local/lib/python3.8/site-packages/airflow/example_dags/tutorial_taskflow_api_etl.py
[2023-01-21 04:15:50,502] {processor.py:654} INFO - DAG(s) dict_keys(['tutorial_taskflow_api_etl']) retrieved from /home/airflow/.local/lib/python3.8/site-packages/airflow/example_dags/tutorial_taskflow_api_etl.py
[2023-01-21 04:15:50,825] {logging_mixin.py:109} INFO - [2023-01-21 04:15:50,825] {dag.py:2398} INFO - Sync 1 DAGs
[2023-01-21 04:15:50,840] {logging_mixin.py:109} INFO - [2023-01-21 04:15:50,840] {dag.py:2937} INFO - Setting next_dagrun for tutorial_taskflow_api_etl to None
[2023-01-21 04:15:50,851] {processor.py:171} INFO - Processing /home/airflow/.local/lib/python3.8/site-packages/airflow/example_dags/tutorial_taskflow_api_etl.py took 0.402 seconds
[2023-01-21 04:16:21,109] {processor.py:163} INFO - Started process (PID=1278) to work on /home/airflow/.local/lib/python3.8/site-packages/airflow/example_dags/tutorial_taskflow_api_etl.py
[2023-01-21 04:16:21,111] {processor.py:642} INFO - Processing file /home/airflow/.local/lib/python3.8/site-packages/airflow/example_dags/tutorial_taskflow_api_etl.py for tasks to queue
[2023-01-21 04:16:21,112] {logging_mixin.py:109} INFO - [2023-01-21 04:16:21,112] {dagbag.py:500} INFO - Filling up the DagBag from /home/airflow/.local/lib/python3.8/site-packages/airflow/example_dags/tutorial_taskflow_api_etl.py
[2023-01-21 04:16:21,156] {processor.py:654} INFO - DAG(s) dict_keys(['tutorial_taskflow_api_etl']) retrieved from /home/airflow/.local/lib/python3.8/site-packages/airflow/example_dags/tutorial_taskflow_api_etl.py
[2023-01-21 04:16:21,467] {logging_mixin.py:109} INFO - [2023-01-21 04:16:21,467] {dag.py:2398} INFO - Sync 1 DAGs
[2023-01-21 04:16:21,481] {logging_mixin.py:109} INFO - [2023-01-21 04:16:21,481] {dag.py:2937} INFO - Setting next_dagrun for tutorial_taskflow_api_etl to None
[2023-01-21 04:16:21,491] {processor.py:171} INFO - Processing /home/airflow/.local/lib/python3.8/site-packages/airflow/example_dags/tutorial_taskflow_api_etl.py took 0.385 seconds
[2023-01-21 04:16:51,848] {processor.py:163} INFO - Started process (PID=1343) to work on /home/airflow/.local/lib/python3.8/site-packages/airflow/example_dags/tutorial_taskflow_api_etl.py
[2023-01-21 04:16:51,851] {processor.py:642} INFO - Processing file /home/airflow/.local/lib/python3.8/site-packages/airflow/example_dags/tutorial_taskflow_api_etl.py for tasks to queue
[2023-01-21 04:16:51,852] {logging_mixin.py:109} INFO - [2023-01-21 04:16:51,852] {dagbag.py:500} INFO - Filling up the DagBag from /home/airflow/.local/lib/python3.8/site-packages/airflow/example_dags/tutorial_taskflow_api_etl.py
[2023-01-21 04:16:51,898] {processor.py:654} INFO - DAG(s) dict_keys(['tutorial_taskflow_api_etl']) retrieved from /home/airflow/.local/lib/python3.8/site-packages/airflow/example_dags/tutorial_taskflow_api_etl.py
[2023-01-21 04:16:52,219] {logging_mixin.py:109} INFO - [2023-01-21 04:16:52,219] {dag.py:2398} INFO - Sync 1 DAGs
[2023-01-21 04:16:52,233] {logging_mixin.py:109} INFO - [2023-01-21 04:16:52,233] {dag.py:2937} INFO - Setting next_dagrun for tutorial_taskflow_api_etl to None
[2023-01-21 04:16:52,242] {processor.py:171} INFO - Processing /home/airflow/.local/lib/python3.8/site-packages/airflow/example_dags/tutorial_taskflow_api_etl.py took 0.398 seconds
[2023-01-21 04:17:22,507] {processor.py:163} INFO - Started process (PID=1406) to work on /home/airflow/.local/lib/python3.8/site-packages/airflow/example_dags/tutorial_taskflow_api_etl.py
[2023-01-21 04:17:22,510] {processor.py:642} INFO - Processing file /home/airflow/.local/lib/python3.8/site-packages/airflow/example_dags/tutorial_taskflow_api_etl.py for tasks to queue
[2023-01-21 04:17:22,512] {logging_mixin.py:109} INFO - [2023-01-21 04:17:22,512] {dagbag.py:500} INFO - Filling up the DagBag from /home/airflow/.local/lib/python3.8/site-packages/airflow/example_dags/tutorial_taskflow_api_etl.py
[2023-01-21 04:17:22,553] {processor.py:654} INFO - DAG(s) dict_keys(['tutorial_taskflow_api_etl']) retrieved from /home/airflow/.local/lib/python3.8/site-packages/airflow/example_dags/tutorial_taskflow_api_etl.py
[2023-01-21 04:17:22,869] {logging_mixin.py:109} INFO - [2023-01-21 04:17:22,869] {dag.py:2398} INFO - Sync 1 DAGs
[2023-01-21 04:17:22,883] {logging_mixin.py:109} INFO - [2023-01-21 04:17:22,883] {dag.py:2937} INFO - Setting next_dagrun for tutorial_taskflow_api_etl to None
[2023-01-21 04:17:22,893] {processor.py:171} INFO - Processing /home/airflow/.local/lib/python3.8/site-packages/airflow/example_dags/tutorial_taskflow_api_etl.py took 0.389 seconds
[2023-01-21 04:17:53,235] {processor.py:163} INFO - Started process (PID=1478) to work on /home/airflow/.local/lib/python3.8/site-packages/airflow/example_dags/tutorial_taskflow_api_etl.py
[2023-01-21 04:17:53,237] {processor.py:642} INFO - Processing file /home/airflow/.local/lib/python3.8/site-packages/airflow/example_dags/tutorial_taskflow_api_etl.py for tasks to queue
[2023-01-21 04:17:53,238] {logging_mixin.py:109} INFO - [2023-01-21 04:17:53,238] {dagbag.py:500} INFO - Filling up the DagBag from /home/airflow/.local/lib/python3.8/site-packages/airflow/example_dags/tutorial_taskflow_api_etl.py
[2023-01-21 04:17:53,276] {processor.py:654} INFO - DAG(s) dict_keys(['tutorial_taskflow_api_etl']) retrieved from /home/airflow/.local/lib/python3.8/site-packages/airflow/example_dags/tutorial_taskflow_api_etl.py
[2023-01-21 04:17:53,562] {logging_mixin.py:109} INFO - [2023-01-21 04:17:53,562] {dag.py:2398} INFO - Sync 1 DAGs
[2023-01-21 04:17:53,574] {logging_mixin.py:109} INFO - [2023-01-21 04:17:53,574] {dag.py:2937} INFO - Setting next_dagrun for tutorial_taskflow_api_etl to None
[2023-01-21 04:17:53,587] {processor.py:171} INFO - Processing /home/airflow/.local/lib/python3.8/site-packages/airflow/example_dags/tutorial_taskflow_api_etl.py took 0.356 seconds
[2023-01-21 04:18:23,908] {processor.py:163} INFO - Started process (PID=1540) to work on /home/airflow/.local/lib/python3.8/site-packages/airflow/example_dags/tutorial_taskflow_api_etl.py
[2023-01-21 04:18:23,910] {processor.py:642} INFO - Processing file /home/airflow/.local/lib/python3.8/site-packages/airflow/example_dags/tutorial_taskflow_api_etl.py for tasks to queue
[2023-01-21 04:18:23,911] {logging_mixin.py:109} INFO - [2023-01-21 04:18:23,911] {dagbag.py:500} INFO - Filling up the DagBag from /home/airflow/.local/lib/python3.8/site-packages/airflow/example_dags/tutorial_taskflow_api_etl.py
[2023-01-21 04:18:23,950] {processor.py:654} INFO - DAG(s) dict_keys(['tutorial_taskflow_api_etl']) retrieved from /home/airflow/.local/lib/python3.8/site-packages/airflow/example_dags/tutorial_taskflow_api_etl.py
[2023-01-21 04:18:24,227] {logging_mixin.py:109} INFO - [2023-01-21 04:18:24,227] {dag.py:2398} INFO - Sync 1 DAGs
[2023-01-21 04:18:24,240] {logging_mixin.py:109} INFO - [2023-01-21 04:18:24,240] {dag.py:2937} INFO - Setting next_dagrun for tutorial_taskflow_api_etl to None
[2023-01-21 04:18:24,250] {processor.py:171} INFO - Processing /home/airflow/.local/lib/python3.8/site-packages/airflow/example_dags/tutorial_taskflow_api_etl.py took 0.345 seconds
[2023-01-21 04:18:54,571] {processor.py:163} INFO - Started process (PID=1611) to work on /home/airflow/.local/lib/python3.8/site-packages/airflow/example_dags/tutorial_taskflow_api_etl.py
[2023-01-21 04:18:54,573] {processor.py:642} INFO - Processing file /home/airflow/.local/lib/python3.8/site-packages/airflow/example_dags/tutorial_taskflow_api_etl.py for tasks to queue
[2023-01-21 04:18:54,575] {logging_mixin.py:109} INFO - [2023-01-21 04:18:54,575] {dagbag.py:500} INFO - Filling up the DagBag from /home/airflow/.local/lib/python3.8/site-packages/airflow/example_dags/tutorial_taskflow_api_etl.py
[2023-01-21 04:18:54,617] {processor.py:654} INFO - DAG(s) dict_keys(['tutorial_taskflow_api_etl']) retrieved from /home/airflow/.local/lib/python3.8/site-packages/airflow/example_dags/tutorial_taskflow_api_etl.py
[2023-01-21 04:18:54,953] {logging_mixin.py:109} INFO - [2023-01-21 04:18:54,953] {dag.py:2398} INFO - Sync 1 DAGs
[2023-01-21 04:18:54,968] {logging_mixin.py:109} INFO - [2023-01-21 04:18:54,967] {dag.py:2937} INFO - Setting next_dagrun for tutorial_taskflow_api_etl to None
[2023-01-21 04:18:54,979] {processor.py:171} INFO - Processing /home/airflow/.local/lib/python3.8/site-packages/airflow/example_dags/tutorial_taskflow_api_etl.py took 0.412 seconds
[2023-01-21 04:19:25,039] {processor.py:163} INFO - Started process (PID=1671) to work on /home/airflow/.local/lib/python3.8/site-packages/airflow/example_dags/tutorial_taskflow_api_etl.py
[2023-01-21 04:19:25,051] {processor.py:642} INFO - Processing file /home/airflow/.local/lib/python3.8/site-packages/airflow/example_dags/tutorial_taskflow_api_etl.py for tasks to queue
[2023-01-21 04:19:25,061] {logging_mixin.py:109} INFO - [2023-01-21 04:19:25,061] {dagbag.py:500} INFO - Filling up the DagBag from /home/airflow/.local/lib/python3.8/site-packages/airflow/example_dags/tutorial_taskflow_api_etl.py
[2023-01-21 04:19:25,162] {processor.py:654} INFO - DAG(s) dict_keys(['tutorial_taskflow_api_etl']) retrieved from /home/airflow/.local/lib/python3.8/site-packages/airflow/example_dags/tutorial_taskflow_api_etl.py
[2023-01-21 04:19:25,552] {logging_mixin.py:109} INFO - [2023-01-21 04:19:25,551] {dag.py:2398} INFO - Sync 1 DAGs
[2023-01-21 04:19:25,574] {logging_mixin.py:109} INFO - [2023-01-21 04:19:25,574] {dag.py:2937} INFO - Setting next_dagrun for tutorial_taskflow_api_etl to None
[2023-01-21 04:19:25,589] {processor.py:171} INFO - Processing /home/airflow/.local/lib/python3.8/site-packages/airflow/example_dags/tutorial_taskflow_api_etl.py took 0.556 seconds
[2023-01-21 04:19:55,997] {processor.py:163} INFO - Started process (PID=1733) to work on /home/airflow/.local/lib/python3.8/site-packages/airflow/example_dags/tutorial_taskflow_api_etl.py
[2023-01-21 04:19:55,999] {processor.py:642} INFO - Processing file /home/airflow/.local/lib/python3.8/site-packages/airflow/example_dags/tutorial_taskflow_api_etl.py for tasks to queue
[2023-01-21 04:19:56,000] {logging_mixin.py:109} INFO - [2023-01-21 04:19:56,000] {dagbag.py:500} INFO - Filling up the DagBag from /home/airflow/.local/lib/python3.8/site-packages/airflow/example_dags/tutorial_taskflow_api_etl.py
[2023-01-21 04:19:56,046] {processor.py:654} INFO - DAG(s) dict_keys(['tutorial_taskflow_api_etl']) retrieved from /home/airflow/.local/lib/python3.8/site-packages/airflow/example_dags/tutorial_taskflow_api_etl.py
[2023-01-21 04:19:56,384] {logging_mixin.py:109} INFO - [2023-01-21 04:19:56,384] {dag.py:2398} INFO - Sync 1 DAGs
[2023-01-21 04:19:56,402] {logging_mixin.py:109} INFO - [2023-01-21 04:19:56,402] {dag.py:2937} INFO - Setting next_dagrun for tutorial_taskflow_api_etl to None
[2023-01-21 04:19:56,417] {processor.py:171} INFO - Processing /home/airflow/.local/lib/python3.8/site-packages/airflow/example_dags/tutorial_taskflow_api_etl.py took 0.424 seconds
[2023-01-21 04:20:26,959] {processor.py:163} INFO - Started process (PID=1800) to work on /home/airflow/.local/lib/python3.8/site-packages/airflow/example_dags/tutorial_taskflow_api_etl.py
[2023-01-21 04:20:26,961] {processor.py:642} INFO - Processing file /home/airflow/.local/lib/python3.8/site-packages/airflow/example_dags/tutorial_taskflow_api_etl.py for tasks to queue
[2023-01-21 04:20:26,962] {logging_mixin.py:109} INFO - [2023-01-21 04:20:26,962] {dagbag.py:500} INFO - Filling up the DagBag from /home/airflow/.local/lib/python3.8/site-packages/airflow/example_dags/tutorial_taskflow_api_etl.py
[2023-01-21 04:20:27,006] {processor.py:654} INFO - DAG(s) dict_keys(['tutorial_taskflow_api_etl']) retrieved from /home/airflow/.local/lib/python3.8/site-packages/airflow/example_dags/tutorial_taskflow_api_etl.py
[2023-01-21 04:20:27,329] {logging_mixin.py:109} INFO - [2023-01-21 04:20:27,329] {dag.py:2398} INFO - Sync 1 DAGs
[2023-01-21 04:20:27,343] {logging_mixin.py:109} INFO - [2023-01-21 04:20:27,343] {dag.py:2937} INFO - Setting next_dagrun for tutorial_taskflow_api_etl to None
[2023-01-21 04:20:27,356] {processor.py:171} INFO - Processing /home/airflow/.local/lib/python3.8/site-packages/airflow/example_dags/tutorial_taskflow_api_etl.py took 0.401 seconds
[2023-01-21 04:20:57,581] {processor.py:163} INFO - Started process (PID=1862) to work on /home/airflow/.local/lib/python3.8/site-packages/airflow/example_dags/tutorial_taskflow_api_etl.py
[2023-01-21 04:20:57,584] {processor.py:642} INFO - Processing file /home/airflow/.local/lib/python3.8/site-packages/airflow/example_dags/tutorial_taskflow_api_etl.py for tasks to queue
[2023-01-21 04:20:57,585] {logging_mixin.py:109} INFO - [2023-01-21 04:20:57,585] {dagbag.py:500} INFO - Filling up the DagBag from /home/airflow/.local/lib/python3.8/site-packages/airflow/example_dags/tutorial_taskflow_api_etl.py
[2023-01-21 04:20:57,627] {processor.py:654} INFO - DAG(s) dict_keys(['tutorial_taskflow_api_etl']) retrieved from /home/airflow/.local/lib/python3.8/site-packages/airflow/example_dags/tutorial_taskflow_api_etl.py
[2023-01-21 04:20:57,930] {logging_mixin.py:109} INFO - [2023-01-21 04:20:57,929] {dag.py:2398} INFO - Sync 1 DAGs
[2023-01-21 04:20:57,944] {logging_mixin.py:109} INFO - [2023-01-21 04:20:57,943] {dag.py:2937} INFO - Setting next_dagrun for tutorial_taskflow_api_etl to None
[2023-01-21 04:20:57,954] {processor.py:171} INFO - Processing /home/airflow/.local/lib/python3.8/site-packages/airflow/example_dags/tutorial_taskflow_api_etl.py took 0.377 seconds
[2023-01-21 04:21:28,568] {processor.py:163} INFO - Started process (PID=1933) to work on /home/airflow/.local/lib/python3.8/site-packages/airflow/example_dags/tutorial_taskflow_api_etl.py
[2023-01-21 04:21:28,570] {processor.py:642} INFO - Processing file /home/airflow/.local/lib/python3.8/site-packages/airflow/example_dags/tutorial_taskflow_api_etl.py for tasks to queue
[2023-01-21 04:21:28,572] {logging_mixin.py:109} INFO - [2023-01-21 04:21:28,572] {dagbag.py:500} INFO - Filling up the DagBag from /home/airflow/.local/lib/python3.8/site-packages/airflow/example_dags/tutorial_taskflow_api_etl.py
[2023-01-21 04:21:28,620] {processor.py:654} INFO - DAG(s) dict_keys(['tutorial_taskflow_api_etl']) retrieved from /home/airflow/.local/lib/python3.8/site-packages/airflow/example_dags/tutorial_taskflow_api_etl.py
[2023-01-21 04:21:28,955] {logging_mixin.py:109} INFO - [2023-01-21 04:21:28,955] {dag.py:2398} INFO - Sync 1 DAGs
[2023-01-21 04:21:28,970] {logging_mixin.py:109} INFO - [2023-01-21 04:21:28,970] {dag.py:2937} INFO - Setting next_dagrun for tutorial_taskflow_api_etl to None
[2023-01-21 04:21:28,981] {processor.py:171} INFO - Processing /home/airflow/.local/lib/python3.8/site-packages/airflow/example_dags/tutorial_taskflow_api_etl.py took 0.419 seconds
[2023-01-21 04:21:59,781] {processor.py:163} INFO - Started process (PID=2005) to work on /home/airflow/.local/lib/python3.8/site-packages/airflow/example_dags/tutorial_taskflow_api_etl.py
[2023-01-21 04:21:59,783] {processor.py:642} INFO - Processing file /home/airflow/.local/lib/python3.8/site-packages/airflow/example_dags/tutorial_taskflow_api_etl.py for tasks to queue
[2023-01-21 04:21:59,785] {logging_mixin.py:109} INFO - [2023-01-21 04:21:59,785] {dagbag.py:500} INFO - Filling up the DagBag from /home/airflow/.local/lib/python3.8/site-packages/airflow/example_dags/tutorial_taskflow_api_etl.py
[2023-01-21 04:21:59,823] {processor.py:654} INFO - DAG(s) dict_keys(['tutorial_taskflow_api_etl']) retrieved from /home/airflow/.local/lib/python3.8/site-packages/airflow/example_dags/tutorial_taskflow_api_etl.py
[2023-01-21 04:22:00,100] {logging_mixin.py:109} INFO - [2023-01-21 04:22:00,100] {dag.py:2398} INFO - Sync 1 DAGs
[2023-01-21 04:22:00,112] {logging_mixin.py:109} INFO - [2023-01-21 04:22:00,112] {dag.py:2937} INFO - Setting next_dagrun for tutorial_taskflow_api_etl to None
[2023-01-21 04:22:00,122] {processor.py:171} INFO - Processing /home/airflow/.local/lib/python3.8/site-packages/airflow/example_dags/tutorial_taskflow_api_etl.py took 0.345 seconds
[2023-01-21 04:22:30,861] {processor.py:163} INFO - Started process (PID=2068) to work on /home/airflow/.local/lib/python3.8/site-packages/airflow/example_dags/tutorial_taskflow_api_etl.py
[2023-01-21 04:22:30,864] {processor.py:642} INFO - Processing file /home/airflow/.local/lib/python3.8/site-packages/airflow/example_dags/tutorial_taskflow_api_etl.py for tasks to queue
[2023-01-21 04:22:30,865] {logging_mixin.py:109} INFO - [2023-01-21 04:22:30,865] {dagbag.py:500} INFO - Filling up the DagBag from /home/airflow/.local/lib/python3.8/site-packages/airflow/example_dags/tutorial_taskflow_api_etl.py
[2023-01-21 04:22:30,904] {processor.py:654} INFO - DAG(s) dict_keys(['tutorial_taskflow_api_etl']) retrieved from /home/airflow/.local/lib/python3.8/site-packages/airflow/example_dags/tutorial_taskflow_api_etl.py
[2023-01-21 04:22:31,214] {logging_mixin.py:109} INFO - [2023-01-21 04:22:31,214] {dag.py:2398} INFO - Sync 1 DAGs
[2023-01-21 04:22:31,228] {logging_mixin.py:109} INFO - [2023-01-21 04:22:31,228] {dag.py:2937} INFO - Setting next_dagrun for tutorial_taskflow_api_etl to None
[2023-01-21 04:22:31,242] {processor.py:171} INFO - Processing /home/airflow/.local/lib/python3.8/site-packages/airflow/example_dags/tutorial_taskflow_api_etl.py took 0.384 seconds
[2023-01-21 04:23:01,738] {processor.py:163} INFO - Started process (PID=2143) to work on /home/airflow/.local/lib/python3.8/site-packages/airflow/example_dags/tutorial_taskflow_api_etl.py
[2023-01-21 04:23:01,740] {processor.py:642} INFO - Processing file /home/airflow/.local/lib/python3.8/site-packages/airflow/example_dags/tutorial_taskflow_api_etl.py for tasks to queue
[2023-01-21 04:23:01,741] {logging_mixin.py:109} INFO - [2023-01-21 04:23:01,741] {dagbag.py:500} INFO - Filling up the DagBag from /home/airflow/.local/lib/python3.8/site-packages/airflow/example_dags/tutorial_taskflow_api_etl.py
[2023-01-21 04:23:01,783] {processor.py:654} INFO - DAG(s) dict_keys(['tutorial_taskflow_api_etl']) retrieved from /home/airflow/.local/lib/python3.8/site-packages/airflow/example_dags/tutorial_taskflow_api_etl.py
[2023-01-21 04:23:02,100] {logging_mixin.py:109} INFO - [2023-01-21 04:23:02,100] {dag.py:2398} INFO - Sync 1 DAGs
[2023-01-21 04:23:02,129] {logging_mixin.py:109} INFO - [2023-01-21 04:23:02,128] {dag.py:2937} INFO - Setting next_dagrun for tutorial_taskflow_api_etl to None
[2023-01-21 04:23:02,153] {processor.py:171} INFO - Processing /home/airflow/.local/lib/python3.8/site-packages/airflow/example_dags/tutorial_taskflow_api_etl.py took 0.419 seconds
[2023-01-21 04:23:32,869] {processor.py:163} INFO - Started process (PID=2211) to work on /home/airflow/.local/lib/python3.8/site-packages/airflow/example_dags/tutorial_taskflow_api_etl.py
[2023-01-21 04:23:32,871] {processor.py:642} INFO - Processing file /home/airflow/.local/lib/python3.8/site-packages/airflow/example_dags/tutorial_taskflow_api_etl.py for tasks to queue
[2023-01-21 04:23:32,872] {logging_mixin.py:109} INFO - [2023-01-21 04:23:32,872] {dagbag.py:500} INFO - Filling up the DagBag from /home/airflow/.local/lib/python3.8/site-packages/airflow/example_dags/tutorial_taskflow_api_etl.py
[2023-01-21 04:23:32,919] {processor.py:654} INFO - DAG(s) dict_keys(['tutorial_taskflow_api_etl']) retrieved from /home/airflow/.local/lib/python3.8/site-packages/airflow/example_dags/tutorial_taskflow_api_etl.py
[2023-01-21 04:23:33,253] {logging_mixin.py:109} INFO - [2023-01-21 04:23:33,252] {dag.py:2398} INFO - Sync 1 DAGs
[2023-01-21 04:23:33,266] {logging_mixin.py:109} INFO - [2023-01-21 04:23:33,266] {dag.py:2937} INFO - Setting next_dagrun for tutorial_taskflow_api_etl to None
[2023-01-21 04:23:33,280] {processor.py:171} INFO - Processing /home/airflow/.local/lib/python3.8/site-packages/airflow/example_dags/tutorial_taskflow_api_etl.py took 0.416 seconds
[2023-01-21 04:24:03,781] {processor.py:163} INFO - Started process (PID=2279) to work on /home/airflow/.local/lib/python3.8/site-packages/airflow/example_dags/tutorial_taskflow_api_etl.py
[2023-01-21 04:24:03,784] {processor.py:642} INFO - Processing file /home/airflow/.local/lib/python3.8/site-packages/airflow/example_dags/tutorial_taskflow_api_etl.py for tasks to queue
[2023-01-21 04:24:03,786] {logging_mixin.py:109} INFO - [2023-01-21 04:24:03,785] {dagbag.py:500} INFO - Filling up the DagBag from /home/airflow/.local/lib/python3.8/site-packages/airflow/example_dags/tutorial_taskflow_api_etl.py
[2023-01-21 04:24:03,832] {processor.py:654} INFO - DAG(s) dict_keys(['tutorial_taskflow_api_etl']) retrieved from /home/airflow/.local/lib/python3.8/site-packages/airflow/example_dags/tutorial_taskflow_api_etl.py
[2023-01-21 04:24:04,463] {logging_mixin.py:109} INFO - [2023-01-21 04:24:04,462] {dag.py:2398} INFO - Sync 1 DAGs
[2023-01-21 04:24:04,480] {logging_mixin.py:109} INFO - [2023-01-21 04:24:04,480] {dag.py:2937} INFO - Setting next_dagrun for tutorial_taskflow_api_etl to None
[2023-01-21 04:24:04,497] {processor.py:171} INFO - Processing /home/airflow/.local/lib/python3.8/site-packages/airflow/example_dags/tutorial_taskflow_api_etl.py took 0.720 seconds
[2023-01-21 04:24:34,744] {processor.py:163} INFO - Started process (PID=2355) to work on /home/airflow/.local/lib/python3.8/site-packages/airflow/example_dags/tutorial_taskflow_api_etl.py
[2023-01-21 04:24:34,747] {processor.py:642} INFO - Processing file /home/airflow/.local/lib/python3.8/site-packages/airflow/example_dags/tutorial_taskflow_api_etl.py for tasks to queue
[2023-01-21 04:24:34,748] {logging_mixin.py:109} INFO - [2023-01-21 04:24:34,748] {dagbag.py:500} INFO - Filling up the DagBag from /home/airflow/.local/lib/python3.8/site-packages/airflow/example_dags/tutorial_taskflow_api_etl.py
[2023-01-21 04:24:34,807] {processor.py:654} INFO - DAG(s) dict_keys(['tutorial_taskflow_api_etl']) retrieved from /home/airflow/.local/lib/python3.8/site-packages/airflow/example_dags/tutorial_taskflow_api_etl.py
[2023-01-21 04:24:35,136] {logging_mixin.py:109} INFO - [2023-01-21 04:24:35,135] {dag.py:2398} INFO - Sync 1 DAGs
[2023-01-21 04:24:35,163] {logging_mixin.py:109} INFO - [2023-01-21 04:24:35,163] {dag.py:2937} INFO - Setting next_dagrun for tutorial_taskflow_api_etl to None
[2023-01-21 04:24:35,178] {processor.py:171} INFO - Processing /home/airflow/.local/lib/python3.8/site-packages/airflow/example_dags/tutorial_taskflow_api_etl.py took 0.438 seconds
[2023-01-21 04:25:05,303] {processor.py:163} INFO - Started process (PID=2422) to work on /home/airflow/.local/lib/python3.8/site-packages/airflow/example_dags/tutorial_taskflow_api_etl.py
[2023-01-21 04:25:05,305] {processor.py:642} INFO - Processing file /home/airflow/.local/lib/python3.8/site-packages/airflow/example_dags/tutorial_taskflow_api_etl.py for tasks to queue
[2023-01-21 04:25:05,307] {logging_mixin.py:109} INFO - [2023-01-21 04:25:05,307] {dagbag.py:500} INFO - Filling up the DagBag from /home/airflow/.local/lib/python3.8/site-packages/airflow/example_dags/tutorial_taskflow_api_etl.py
[2023-01-21 04:25:05,344] {processor.py:654} INFO - DAG(s) dict_keys(['tutorial_taskflow_api_etl']) retrieved from /home/airflow/.local/lib/python3.8/site-packages/airflow/example_dags/tutorial_taskflow_api_etl.py
[2023-01-21 04:25:05,649] {logging_mixin.py:109} INFO - [2023-01-21 04:25:05,649] {dag.py:2398} INFO - Sync 1 DAGs
[2023-01-21 04:25:05,663] {logging_mixin.py:109} INFO - [2023-01-21 04:25:05,663] {dag.py:2937} INFO - Setting next_dagrun for tutorial_taskflow_api_etl to None
[2023-01-21 04:25:05,673] {processor.py:171} INFO - Processing /home/airflow/.local/lib/python3.8/site-packages/airflow/example_dags/tutorial_taskflow_api_etl.py took 0.374 seconds
[2023-01-21 04:25:35,825] {processor.py:163} INFO - Started process (PID=2486) to work on /home/airflow/.local/lib/python3.8/site-packages/airflow/example_dags/tutorial_taskflow_api_etl.py
[2023-01-21 04:25:35,829] {processor.py:642} INFO - Processing file /home/airflow/.local/lib/python3.8/site-packages/airflow/example_dags/tutorial_taskflow_api_etl.py for tasks to queue
[2023-01-21 04:25:35,830] {logging_mixin.py:109} INFO - [2023-01-21 04:25:35,830] {dagbag.py:500} INFO - Filling up the DagBag from /home/airflow/.local/lib/python3.8/site-packages/airflow/example_dags/tutorial_taskflow_api_etl.py
[2023-01-21 04:25:35,871] {processor.py:654} INFO - DAG(s) dict_keys(['tutorial_taskflow_api_etl']) retrieved from /home/airflow/.local/lib/python3.8/site-packages/airflow/example_dags/tutorial_taskflow_api_etl.py
[2023-01-21 04:25:36,211] {logging_mixin.py:109} INFO - [2023-01-21 04:25:36,211] {dag.py:2398} INFO - Sync 1 DAGs
[2023-01-21 04:25:36,230] {logging_mixin.py:109} INFO - [2023-01-21 04:25:36,230] {dag.py:2937} INFO - Setting next_dagrun for tutorial_taskflow_api_etl to None
[2023-01-21 04:25:36,245] {processor.py:171} INFO - Processing /home/airflow/.local/lib/python3.8/site-packages/airflow/example_dags/tutorial_taskflow_api_etl.py took 0.424 seconds
[2023-01-21 04:26:06,352] {processor.py:163} INFO - Started process (PID=2561) to work on /home/airflow/.local/lib/python3.8/site-packages/airflow/example_dags/tutorial_taskflow_api_etl.py
[2023-01-21 04:26:06,354] {processor.py:642} INFO - Processing file /home/airflow/.local/lib/python3.8/site-packages/airflow/example_dags/tutorial_taskflow_api_etl.py for tasks to queue
[2023-01-21 04:26:06,355] {logging_mixin.py:109} INFO - [2023-01-21 04:26:06,355] {dagbag.py:500} INFO - Filling up the DagBag from /home/airflow/.local/lib/python3.8/site-packages/airflow/example_dags/tutorial_taskflow_api_etl.py
[2023-01-21 04:26:06,394] {processor.py:654} INFO - DAG(s) dict_keys(['tutorial_taskflow_api_etl']) retrieved from /home/airflow/.local/lib/python3.8/site-packages/airflow/example_dags/tutorial_taskflow_api_etl.py
[2023-01-21 04:26:06,709] {logging_mixin.py:109} INFO - [2023-01-21 04:26:06,709] {dag.py:2398} INFO - Sync 1 DAGs
[2023-01-21 04:26:06,731] {logging_mixin.py:109} INFO - [2023-01-21 04:26:06,731] {dag.py:2937} INFO - Setting next_dagrun for tutorial_taskflow_api_etl to None
[2023-01-21 04:26:06,752] {processor.py:171} INFO - Processing /home/airflow/.local/lib/python3.8/site-packages/airflow/example_dags/tutorial_taskflow_api_etl.py took 0.404 seconds
[2023-01-21 04:26:37,295] {processor.py:163} INFO - Started process (PID=2629) to work on /home/airflow/.local/lib/python3.8/site-packages/airflow/example_dags/tutorial_taskflow_api_etl.py
[2023-01-21 04:26:37,299] {processor.py:642} INFO - Processing file /home/airflow/.local/lib/python3.8/site-packages/airflow/example_dags/tutorial_taskflow_api_etl.py for tasks to queue
[2023-01-21 04:26:37,302] {logging_mixin.py:109} INFO - [2023-01-21 04:26:37,301] {dagbag.py:500} INFO - Filling up the DagBag from /home/airflow/.local/lib/python3.8/site-packages/airflow/example_dags/tutorial_taskflow_api_etl.py
[2023-01-21 04:26:37,354] {processor.py:654} INFO - DAG(s) dict_keys(['tutorial_taskflow_api_etl']) retrieved from /home/airflow/.local/lib/python3.8/site-packages/airflow/example_dags/tutorial_taskflow_api_etl.py
[2023-01-21 04:26:37,780] {logging_mixin.py:109} INFO - [2023-01-21 04:26:37,780] {dag.py:2398} INFO - Sync 1 DAGs
[2023-01-21 04:26:37,814] {logging_mixin.py:109} INFO - [2023-01-21 04:26:37,814] {dag.py:2937} INFO - Setting next_dagrun for tutorial_taskflow_api_etl to None
[2023-01-21 04:26:37,842] {processor.py:171} INFO - Processing /home/airflow/.local/lib/python3.8/site-packages/airflow/example_dags/tutorial_taskflow_api_etl.py took 0.556 seconds
[2023-01-21 04:27:08,705] {processor.py:163} INFO - Started process (PID=2698) to work on /home/airflow/.local/lib/python3.8/site-packages/airflow/example_dags/tutorial_taskflow_api_etl.py
[2023-01-21 04:27:08,706] {processor.py:642} INFO - Processing file /home/airflow/.local/lib/python3.8/site-packages/airflow/example_dags/tutorial_taskflow_api_etl.py for tasks to queue
[2023-01-21 04:27:08,708] {logging_mixin.py:109} INFO - [2023-01-21 04:27:08,707] {dagbag.py:500} INFO - Filling up the DagBag from /home/airflow/.local/lib/python3.8/site-packages/airflow/example_dags/tutorial_taskflow_api_etl.py
[2023-01-21 04:27:08,745] {processor.py:654} INFO - DAG(s) dict_keys(['tutorial_taskflow_api_etl']) retrieved from /home/airflow/.local/lib/python3.8/site-packages/airflow/example_dags/tutorial_taskflow_api_etl.py
[2023-01-21 04:27:09,014] {logging_mixin.py:109} INFO - [2023-01-21 04:27:09,014] {dag.py:2398} INFO - Sync 1 DAGs
[2023-01-21 04:27:09,028] {logging_mixin.py:109} INFO - [2023-01-21 04:27:09,028] {dag.py:2937} INFO - Setting next_dagrun for tutorial_taskflow_api_etl to None
[2023-01-21 04:27:09,038] {processor.py:171} INFO - Processing /home/airflow/.local/lib/python3.8/site-packages/airflow/example_dags/tutorial_taskflow_api_etl.py took 0.337 seconds
[2023-01-21 04:27:39,495] {processor.py:163} INFO - Started process (PID=2774) to work on /home/airflow/.local/lib/python3.8/site-packages/airflow/example_dags/tutorial_taskflow_api_etl.py
[2023-01-21 04:27:39,498] {processor.py:642} INFO - Processing file /home/airflow/.local/lib/python3.8/site-packages/airflow/example_dags/tutorial_taskflow_api_etl.py for tasks to queue
[2023-01-21 04:27:39,500] {logging_mixin.py:109} INFO - [2023-01-21 04:27:39,500] {dagbag.py:500} INFO - Filling up the DagBag from /home/airflow/.local/lib/python3.8/site-packages/airflow/example_dags/tutorial_taskflow_api_etl.py
[2023-01-21 04:27:39,554] {processor.py:654} INFO - DAG(s) dict_keys(['tutorial_taskflow_api_etl']) retrieved from /home/airflow/.local/lib/python3.8/site-packages/airflow/example_dags/tutorial_taskflow_api_etl.py
[2023-01-21 04:27:39,855] {logging_mixin.py:109} INFO - [2023-01-21 04:27:39,855] {dag.py:2398} INFO - Sync 1 DAGs
[2023-01-21 04:27:39,873] {logging_mixin.py:109} INFO - [2023-01-21 04:27:39,873] {dag.py:2937} INFO - Setting next_dagrun for tutorial_taskflow_api_etl to None
[2023-01-21 04:27:39,887] {processor.py:171} INFO - Processing /home/airflow/.local/lib/python3.8/site-packages/airflow/example_dags/tutorial_taskflow_api_etl.py took 0.396 seconds
[2023-01-21 04:28:10,057] {processor.py:163} INFO - Started process (PID=2842) to work on /home/airflow/.local/lib/python3.8/site-packages/airflow/example_dags/tutorial_taskflow_api_etl.py
[2023-01-21 04:28:10,059] {processor.py:642} INFO - Processing file /home/airflow/.local/lib/python3.8/site-packages/airflow/example_dags/tutorial_taskflow_api_etl.py for tasks to queue
[2023-01-21 04:28:10,060] {logging_mixin.py:109} INFO - [2023-01-21 04:28:10,060] {dagbag.py:500} INFO - Filling up the DagBag from /home/airflow/.local/lib/python3.8/site-packages/airflow/example_dags/tutorial_taskflow_api_etl.py
[2023-01-21 04:28:10,096] {processor.py:654} INFO - DAG(s) dict_keys(['tutorial_taskflow_api_etl']) retrieved from /home/airflow/.local/lib/python3.8/site-packages/airflow/example_dags/tutorial_taskflow_api_etl.py
[2023-01-21 04:28:10,379] {logging_mixin.py:109} INFO - [2023-01-21 04:28:10,379] {dag.py:2398} INFO - Sync 1 DAGs
[2023-01-21 04:28:10,393] {logging_mixin.py:109} INFO - [2023-01-21 04:28:10,393] {dag.py:2937} INFO - Setting next_dagrun for tutorial_taskflow_api_etl to None
[2023-01-21 04:28:10,403] {processor.py:171} INFO - Processing /home/airflow/.local/lib/python3.8/site-packages/airflow/example_dags/tutorial_taskflow_api_etl.py took 0.351 seconds
