[2023-01-21 04:05:07,514] {processor.py:163} INFO - Started process (PID=67) to work on /home/airflow/.local/lib/python3.8/site-packages/airflow/example_dags/tutorial_etl_dag.py
[2023-01-21 04:05:07,517] {processor.py:642} INFO - Processing file /home/airflow/.local/lib/python3.8/site-packages/airflow/example_dags/tutorial_etl_dag.py for tasks to queue
[2023-01-21 04:05:07,519] {logging_mixin.py:109} INFO - [2023-01-21 04:05:07,519] {dagbag.py:500} INFO - Filling up the DagBag from /home/airflow/.local/lib/python3.8/site-packages/airflow/example_dags/tutorial_etl_dag.py
[2023-01-21 04:05:07,599] {processor.py:654} INFO - DAG(s) dict_keys(['tutorial_etl_dag']) retrieved from /home/airflow/.local/lib/python3.8/site-packages/airflow/example_dags/tutorial_etl_dag.py
[2023-01-21 04:05:11,443] {logging_mixin.py:109} WARNING - /home/airflow/.local/lib/python3.8/site-packages/azure/storage/common/_connection.py:82 SyntaxWarning: "is" with a literal. Did you mean "=="?
[2023-01-21 04:05:12,801] {logging_mixin.py:109} INFO - [2023-01-21 04:05:12,801] {manager.py:496} INFO - Created Permission View: can edit on DAG:tutorial_etl_dag
[2023-01-21 04:05:12,811] {logging_mixin.py:109} INFO - [2023-01-21 04:05:12,811] {manager.py:496} INFO - Created Permission View: can read on DAG:tutorial_etl_dag
[2023-01-21 04:05:12,812] {logging_mixin.py:109} INFO - [2023-01-21 04:05:12,812] {dag.py:2398} INFO - Sync 1 DAGs
[2023-01-21 04:05:12,821] {logging_mixin.py:109} INFO - [2023-01-21 04:05:12,821] {dag.py:2417} INFO - Creating ORM DAG for tutorial_etl_dag
[2023-01-21 04:05:12,830] {logging_mixin.py:109} INFO - [2023-01-21 04:05:12,830] {dag.py:2937} INFO - Setting next_dagrun for tutorial_etl_dag to None
[2023-01-21 04:05:12,843] {processor.py:171} INFO - Processing /home/airflow/.local/lib/python3.8/site-packages/airflow/example_dags/tutorial_etl_dag.py took 5.334 seconds
[2023-01-21 04:05:43,019] {processor.py:163} INFO - Started process (PID=152) to work on /home/airflow/.local/lib/python3.8/site-packages/airflow/example_dags/tutorial_etl_dag.py
[2023-01-21 04:05:43,021] {processor.py:642} INFO - Processing file /home/airflow/.local/lib/python3.8/site-packages/airflow/example_dags/tutorial_etl_dag.py for tasks to queue
[2023-01-21 04:05:43,023] {logging_mixin.py:109} INFO - [2023-01-21 04:05:43,022] {dagbag.py:500} INFO - Filling up the DagBag from /home/airflow/.local/lib/python3.8/site-packages/airflow/example_dags/tutorial_etl_dag.py
[2023-01-21 04:05:43,057] {processor.py:654} INFO - DAG(s) dict_keys(['tutorial_etl_dag']) retrieved from /home/airflow/.local/lib/python3.8/site-packages/airflow/example_dags/tutorial_etl_dag.py
[2023-01-21 04:05:43,068] {logging_mixin.py:109} INFO - [2023-01-21 04:05:43,068] {dag.py:2398} INFO - Sync 1 DAGs
[2023-01-21 04:05:43,084] {logging_mixin.py:109} INFO - [2023-01-21 04:05:43,083] {dag.py:2937} INFO - Setting next_dagrun for tutorial_etl_dag to None
[2023-01-21 04:05:43,092] {processor.py:171} INFO - Processing /home/airflow/.local/lib/python3.8/site-packages/airflow/example_dags/tutorial_etl_dag.py took 0.076 seconds
[2023-01-21 04:06:13,398] {processor.py:163} INFO - Started process (PID=214) to work on /home/airflow/.local/lib/python3.8/site-packages/airflow/example_dags/tutorial_etl_dag.py
[2023-01-21 04:06:13,400] {processor.py:642} INFO - Processing file /home/airflow/.local/lib/python3.8/site-packages/airflow/example_dags/tutorial_etl_dag.py for tasks to queue
[2023-01-21 04:06:13,401] {logging_mixin.py:109} INFO - [2023-01-21 04:06:13,401] {dagbag.py:500} INFO - Filling up the DagBag from /home/airflow/.local/lib/python3.8/site-packages/airflow/example_dags/tutorial_etl_dag.py
[2023-01-21 04:06:13,437] {processor.py:654} INFO - DAG(s) dict_keys(['tutorial_etl_dag']) retrieved from /home/airflow/.local/lib/python3.8/site-packages/airflow/example_dags/tutorial_etl_dag.py
[2023-01-21 04:06:13,447] {logging_mixin.py:109} INFO - [2023-01-21 04:06:13,447] {dag.py:2398} INFO - Sync 1 DAGs
[2023-01-21 04:06:13,462] {logging_mixin.py:109} INFO - [2023-01-21 04:06:13,462] {dag.py:2937} INFO - Setting next_dagrun for tutorial_etl_dag to None
[2023-01-21 04:06:13,471] {processor.py:171} INFO - Processing /home/airflow/.local/lib/python3.8/site-packages/airflow/example_dags/tutorial_etl_dag.py took 0.077 seconds
[2023-01-21 04:06:57,696] {processor.py:163} INFO - Started process (PID=67) to work on /home/airflow/.local/lib/python3.8/site-packages/airflow/example_dags/tutorial_etl_dag.py
[2023-01-21 04:06:57,697] {processor.py:642} INFO - Processing file /home/airflow/.local/lib/python3.8/site-packages/airflow/example_dags/tutorial_etl_dag.py for tasks to queue
[2023-01-21 04:06:57,699] {logging_mixin.py:109} INFO - [2023-01-21 04:06:57,699] {dagbag.py:500} INFO - Filling up the DagBag from /home/airflow/.local/lib/python3.8/site-packages/airflow/example_dags/tutorial_etl_dag.py
[2023-01-21 04:06:57,734] {processor.py:654} INFO - DAG(s) dict_keys(['tutorial_etl_dag']) retrieved from /home/airflow/.local/lib/python3.8/site-packages/airflow/example_dags/tutorial_etl_dag.py
[2023-01-21 04:06:57,745] {logging_mixin.py:109} INFO - [2023-01-21 04:06:57,745] {dag.py:2398} INFO - Sync 1 DAGs
[2023-01-21 04:06:57,762] {logging_mixin.py:109} INFO - [2023-01-21 04:06:57,762] {dag.py:2937} INFO - Setting next_dagrun for tutorial_etl_dag to None
[2023-01-21 04:06:57,771] {processor.py:171} INFO - Processing /home/airflow/.local/lib/python3.8/site-packages/airflow/example_dags/tutorial_etl_dag.py took 0.080 seconds
[2023-01-21 04:07:29,228] {processor.py:163} INFO - Started process (PID=137) to work on /home/airflow/.local/lib/python3.8/site-packages/airflow/example_dags/tutorial_etl_dag.py
[2023-01-21 04:07:29,230] {processor.py:642} INFO - Processing file /home/airflow/.local/lib/python3.8/site-packages/airflow/example_dags/tutorial_etl_dag.py for tasks to queue
[2023-01-21 04:07:29,231] {logging_mixin.py:109} INFO - [2023-01-21 04:07:29,231] {dagbag.py:500} INFO - Filling up the DagBag from /home/airflow/.local/lib/python3.8/site-packages/airflow/example_dags/tutorial_etl_dag.py
[2023-01-21 04:07:29,267] {processor.py:654} INFO - DAG(s) dict_keys(['tutorial_etl_dag']) retrieved from /home/airflow/.local/lib/python3.8/site-packages/airflow/example_dags/tutorial_etl_dag.py
[2023-01-21 04:07:29,278] {logging_mixin.py:109} INFO - [2023-01-21 04:07:29,278] {dag.py:2398} INFO - Sync 1 DAGs
[2023-01-21 04:07:29,294] {logging_mixin.py:109} INFO - [2023-01-21 04:07:29,294] {dag.py:2937} INFO - Setting next_dagrun for tutorial_etl_dag to None
[2023-01-21 04:07:29,304] {processor.py:171} INFO - Processing /home/airflow/.local/lib/python3.8/site-packages/airflow/example_dags/tutorial_etl_dag.py took 0.080 seconds
[2023-01-21 04:08:00,774] {processor.py:163} INFO - Started process (PID=199) to work on /home/airflow/.local/lib/python3.8/site-packages/airflow/example_dags/tutorial_etl_dag.py
[2023-01-21 04:08:00,775] {processor.py:642} INFO - Processing file /home/airflow/.local/lib/python3.8/site-packages/airflow/example_dags/tutorial_etl_dag.py for tasks to queue
[2023-01-21 04:08:00,777] {logging_mixin.py:109} INFO - [2023-01-21 04:08:00,777] {dagbag.py:500} INFO - Filling up the DagBag from /home/airflow/.local/lib/python3.8/site-packages/airflow/example_dags/tutorial_etl_dag.py
[2023-01-21 04:08:00,809] {processor.py:654} INFO - DAG(s) dict_keys(['tutorial_etl_dag']) retrieved from /home/airflow/.local/lib/python3.8/site-packages/airflow/example_dags/tutorial_etl_dag.py
[2023-01-21 04:08:00,820] {logging_mixin.py:109} INFO - [2023-01-21 04:08:00,820] {dag.py:2398} INFO - Sync 1 DAGs
[2023-01-21 04:08:00,835] {logging_mixin.py:109} INFO - [2023-01-21 04:08:00,835] {dag.py:2937} INFO - Setting next_dagrun for tutorial_etl_dag to None
[2023-01-21 04:08:00,845] {processor.py:171} INFO - Processing /home/airflow/.local/lib/python3.8/site-packages/airflow/example_dags/tutorial_etl_dag.py took 0.075 seconds
[2023-01-21 04:08:32,594] {processor.py:163} INFO - Started process (PID=269) to work on /home/airflow/.local/lib/python3.8/site-packages/airflow/example_dags/tutorial_etl_dag.py
[2023-01-21 04:08:32,597] {processor.py:642} INFO - Processing file /home/airflow/.local/lib/python3.8/site-packages/airflow/example_dags/tutorial_etl_dag.py for tasks to queue
[2023-01-21 04:08:32,599] {logging_mixin.py:109} INFO - [2023-01-21 04:08:32,599] {dagbag.py:500} INFO - Filling up the DagBag from /home/airflow/.local/lib/python3.8/site-packages/airflow/example_dags/tutorial_etl_dag.py
[2023-01-21 04:08:32,638] {processor.py:654} INFO - DAG(s) dict_keys(['tutorial_etl_dag']) retrieved from /home/airflow/.local/lib/python3.8/site-packages/airflow/example_dags/tutorial_etl_dag.py
[2023-01-21 04:08:32,649] {logging_mixin.py:109} INFO - [2023-01-21 04:08:32,649] {dag.py:2398} INFO - Sync 1 DAGs
[2023-01-21 04:08:32,666] {logging_mixin.py:109} INFO - [2023-01-21 04:08:32,666] {dag.py:2937} INFO - Setting next_dagrun for tutorial_etl_dag to None
[2023-01-21 04:08:32,677] {processor.py:171} INFO - Processing /home/airflow/.local/lib/python3.8/site-packages/airflow/example_dags/tutorial_etl_dag.py took 0.087 seconds
[2023-01-21 04:09:05,045] {processor.py:163} INFO - Started process (PID=330) to work on /home/airflow/.local/lib/python3.8/site-packages/airflow/example_dags/tutorial_etl_dag.py
[2023-01-21 04:09:05,047] {processor.py:642} INFO - Processing file /home/airflow/.local/lib/python3.8/site-packages/airflow/example_dags/tutorial_etl_dag.py for tasks to queue
[2023-01-21 04:09:05,049] {logging_mixin.py:109} INFO - [2023-01-21 04:09:05,049] {dagbag.py:500} INFO - Filling up the DagBag from /home/airflow/.local/lib/python3.8/site-packages/airflow/example_dags/tutorial_etl_dag.py
[2023-01-21 04:09:05,106] {processor.py:654} INFO - DAG(s) dict_keys(['tutorial_etl_dag']) retrieved from /home/airflow/.local/lib/python3.8/site-packages/airflow/example_dags/tutorial_etl_dag.py
[2023-01-21 04:09:05,125] {logging_mixin.py:109} INFO - [2023-01-21 04:09:05,124] {dag.py:2398} INFO - Sync 1 DAGs
[2023-01-21 04:09:05,152] {logging_mixin.py:109} INFO - [2023-01-21 04:09:05,152] {dag.py:2937} INFO - Setting next_dagrun for tutorial_etl_dag to None
[2023-01-21 04:09:05,172] {processor.py:171} INFO - Processing /home/airflow/.local/lib/python3.8/site-packages/airflow/example_dags/tutorial_etl_dag.py took 0.133 seconds
[2023-01-21 04:09:35,402] {processor.py:163} INFO - Started process (PID=392) to work on /home/airflow/.local/lib/python3.8/site-packages/airflow/example_dags/tutorial_etl_dag.py
[2023-01-21 04:09:35,404] {processor.py:642} INFO - Processing file /home/airflow/.local/lib/python3.8/site-packages/airflow/example_dags/tutorial_etl_dag.py for tasks to queue
[2023-01-21 04:09:35,405] {logging_mixin.py:109} INFO - [2023-01-21 04:09:35,405] {dagbag.py:500} INFO - Filling up the DagBag from /home/airflow/.local/lib/python3.8/site-packages/airflow/example_dags/tutorial_etl_dag.py
[2023-01-21 04:09:35,440] {processor.py:654} INFO - DAG(s) dict_keys(['tutorial_etl_dag']) retrieved from /home/airflow/.local/lib/python3.8/site-packages/airflow/example_dags/tutorial_etl_dag.py
[2023-01-21 04:09:35,453] {logging_mixin.py:109} INFO - [2023-01-21 04:09:35,453] {dag.py:2398} INFO - Sync 1 DAGs
[2023-01-21 04:09:35,471] {logging_mixin.py:109} INFO - [2023-01-21 04:09:35,470] {dag.py:2937} INFO - Setting next_dagrun for tutorial_etl_dag to None
[2023-01-21 04:09:35,480] {processor.py:171} INFO - Processing /home/airflow/.local/lib/python3.8/site-packages/airflow/example_dags/tutorial_etl_dag.py took 0.082 seconds
[2023-01-21 04:10:07,455] {processor.py:163} INFO - Started process (PID=462) to work on /home/airflow/.local/lib/python3.8/site-packages/airflow/example_dags/tutorial_etl_dag.py
[2023-01-21 04:10:07,457] {processor.py:642} INFO - Processing file /home/airflow/.local/lib/python3.8/site-packages/airflow/example_dags/tutorial_etl_dag.py for tasks to queue
[2023-01-21 04:10:07,458] {logging_mixin.py:109} INFO - [2023-01-21 04:10:07,458] {dagbag.py:500} INFO - Filling up the DagBag from /home/airflow/.local/lib/python3.8/site-packages/airflow/example_dags/tutorial_etl_dag.py
[2023-01-21 04:10:07,491] {processor.py:654} INFO - DAG(s) dict_keys(['tutorial_etl_dag']) retrieved from /home/airflow/.local/lib/python3.8/site-packages/airflow/example_dags/tutorial_etl_dag.py
[2023-01-21 04:10:07,502] {logging_mixin.py:109} INFO - [2023-01-21 04:10:07,502] {dag.py:2398} INFO - Sync 1 DAGs
[2023-01-21 04:10:07,518] {logging_mixin.py:109} INFO - [2023-01-21 04:10:07,518] {dag.py:2937} INFO - Setting next_dagrun for tutorial_etl_dag to None
[2023-01-21 04:10:07,526] {processor.py:171} INFO - Processing /home/airflow/.local/lib/python3.8/site-packages/airflow/example_dags/tutorial_etl_dag.py took 0.075 seconds
[2023-01-21 04:10:38,621] {processor.py:163} INFO - Started process (PID=524) to work on /home/airflow/.local/lib/python3.8/site-packages/airflow/example_dags/tutorial_etl_dag.py
[2023-01-21 04:10:38,623] {processor.py:642} INFO - Processing file /home/airflow/.local/lib/python3.8/site-packages/airflow/example_dags/tutorial_etl_dag.py for tasks to queue
[2023-01-21 04:10:38,625] {logging_mixin.py:109} INFO - [2023-01-21 04:10:38,625] {dagbag.py:500} INFO - Filling up the DagBag from /home/airflow/.local/lib/python3.8/site-packages/airflow/example_dags/tutorial_etl_dag.py
[2023-01-21 04:10:38,665] {processor.py:654} INFO - DAG(s) dict_keys(['tutorial_etl_dag']) retrieved from /home/airflow/.local/lib/python3.8/site-packages/airflow/example_dags/tutorial_etl_dag.py
[2023-01-21 04:10:38,681] {logging_mixin.py:109} INFO - [2023-01-21 04:10:38,680] {dag.py:2398} INFO - Sync 1 DAGs
[2023-01-21 04:10:38,699] {logging_mixin.py:109} INFO - [2023-01-21 04:10:38,699] {dag.py:2937} INFO - Setting next_dagrun for tutorial_etl_dag to None
[2023-01-21 04:10:38,709] {processor.py:171} INFO - Processing /home/airflow/.local/lib/python3.8/site-packages/airflow/example_dags/tutorial_etl_dag.py took 0.093 seconds
[2023-01-21 04:11:09,797] {processor.py:163} INFO - Started process (PID=595) to work on /home/airflow/.local/lib/python3.8/site-packages/airflow/example_dags/tutorial_etl_dag.py
[2023-01-21 04:11:09,800] {processor.py:642} INFO - Processing file /home/airflow/.local/lib/python3.8/site-packages/airflow/example_dags/tutorial_etl_dag.py for tasks to queue
[2023-01-21 04:11:09,801] {logging_mixin.py:109} INFO - [2023-01-21 04:11:09,801] {dagbag.py:500} INFO - Filling up the DagBag from /home/airflow/.local/lib/python3.8/site-packages/airflow/example_dags/tutorial_etl_dag.py
[2023-01-21 04:11:09,838] {processor.py:654} INFO - DAG(s) dict_keys(['tutorial_etl_dag']) retrieved from /home/airflow/.local/lib/python3.8/site-packages/airflow/example_dags/tutorial_etl_dag.py
[2023-01-21 04:11:09,849] {logging_mixin.py:109} INFO - [2023-01-21 04:11:09,848] {dag.py:2398} INFO - Sync 1 DAGs
[2023-01-21 04:11:09,866] {logging_mixin.py:109} INFO - [2023-01-21 04:11:09,866] {dag.py:2937} INFO - Setting next_dagrun for tutorial_etl_dag to None
[2023-01-21 04:11:09,880] {processor.py:171} INFO - Processing /home/airflow/.local/lib/python3.8/site-packages/airflow/example_dags/tutorial_etl_dag.py took 0.086 seconds
[2023-01-21 04:11:41,926] {processor.py:163} INFO - Started process (PID=656) to work on /home/airflow/.local/lib/python3.8/site-packages/airflow/example_dags/tutorial_etl_dag.py
[2023-01-21 04:11:41,929] {processor.py:642} INFO - Processing file /home/airflow/.local/lib/python3.8/site-packages/airflow/example_dags/tutorial_etl_dag.py for tasks to queue
[2023-01-21 04:11:41,931] {logging_mixin.py:109} INFO - [2023-01-21 04:11:41,931] {dagbag.py:500} INFO - Filling up the DagBag from /home/airflow/.local/lib/python3.8/site-packages/airflow/example_dags/tutorial_etl_dag.py
[2023-01-21 04:11:41,981] {processor.py:654} INFO - DAG(s) dict_keys(['tutorial_etl_dag']) retrieved from /home/airflow/.local/lib/python3.8/site-packages/airflow/example_dags/tutorial_etl_dag.py
[2023-01-21 04:11:41,999] {logging_mixin.py:109} INFO - [2023-01-21 04:11:41,999] {dag.py:2398} INFO - Sync 1 DAGs
[2023-01-21 04:11:42,021] {logging_mixin.py:109} INFO - [2023-01-21 04:11:42,021] {dag.py:2937} INFO - Setting next_dagrun for tutorial_etl_dag to None
[2023-01-21 04:11:42,033] {processor.py:171} INFO - Processing /home/airflow/.local/lib/python3.8/site-packages/airflow/example_dags/tutorial_etl_dag.py took 0.114 seconds
[2023-01-21 04:12:12,967] {processor.py:163} INFO - Started process (PID=725) to work on /home/airflow/.local/lib/python3.8/site-packages/airflow/example_dags/tutorial_etl_dag.py
[2023-01-21 04:12:12,969] {processor.py:642} INFO - Processing file /home/airflow/.local/lib/python3.8/site-packages/airflow/example_dags/tutorial_etl_dag.py for tasks to queue
[2023-01-21 04:12:12,971] {logging_mixin.py:109} INFO - [2023-01-21 04:12:12,970] {dagbag.py:500} INFO - Filling up the DagBag from /home/airflow/.local/lib/python3.8/site-packages/airflow/example_dags/tutorial_etl_dag.py
[2023-01-21 04:12:13,012] {processor.py:654} INFO - DAG(s) dict_keys(['tutorial_etl_dag']) retrieved from /home/airflow/.local/lib/python3.8/site-packages/airflow/example_dags/tutorial_etl_dag.py
[2023-01-21 04:12:13,046] {logging_mixin.py:109} INFO - [2023-01-21 04:12:13,046] {dag.py:2398} INFO - Sync 1 DAGs
[2023-01-21 04:12:13,073] {logging_mixin.py:109} INFO - [2023-01-21 04:12:13,072] {dag.py:2937} INFO - Setting next_dagrun for tutorial_etl_dag to None
[2023-01-21 04:12:13,090] {processor.py:171} INFO - Processing /home/airflow/.local/lib/python3.8/site-packages/airflow/example_dags/tutorial_etl_dag.py took 0.128 seconds
[2023-01-21 04:12:43,262] {processor.py:163} INFO - Started process (PID=800) to work on /home/airflow/.local/lib/python3.8/site-packages/airflow/example_dags/tutorial_etl_dag.py
[2023-01-21 04:12:43,265] {processor.py:642} INFO - Processing file /home/airflow/.local/lib/python3.8/site-packages/airflow/example_dags/tutorial_etl_dag.py for tasks to queue
[2023-01-21 04:12:43,266] {logging_mixin.py:109} INFO - [2023-01-21 04:12:43,266] {dagbag.py:500} INFO - Filling up the DagBag from /home/airflow/.local/lib/python3.8/site-packages/airflow/example_dags/tutorial_etl_dag.py
[2023-01-21 04:12:43,321] {processor.py:654} INFO - DAG(s) dict_keys(['tutorial_etl_dag']) retrieved from /home/airflow/.local/lib/python3.8/site-packages/airflow/example_dags/tutorial_etl_dag.py
[2023-01-21 04:12:43,339] {logging_mixin.py:109} INFO - [2023-01-21 04:12:43,339] {dag.py:2398} INFO - Sync 1 DAGs
[2023-01-21 04:12:43,362] {logging_mixin.py:109} INFO - [2023-01-21 04:12:43,362] {dag.py:2937} INFO - Setting next_dagrun for tutorial_etl_dag to None
[2023-01-21 04:12:43,373] {processor.py:171} INFO - Processing /home/airflow/.local/lib/python3.8/site-packages/airflow/example_dags/tutorial_etl_dag.py took 0.117 seconds
[2023-01-21 04:13:14,075] {processor.py:163} INFO - Started process (PID=862) to work on /home/airflow/.local/lib/python3.8/site-packages/airflow/example_dags/tutorial_etl_dag.py
[2023-01-21 04:13:14,077] {processor.py:642} INFO - Processing file /home/airflow/.local/lib/python3.8/site-packages/airflow/example_dags/tutorial_etl_dag.py for tasks to queue
[2023-01-21 04:13:14,078] {logging_mixin.py:109} INFO - [2023-01-21 04:13:14,078] {dagbag.py:500} INFO - Filling up the DagBag from /home/airflow/.local/lib/python3.8/site-packages/airflow/example_dags/tutorial_etl_dag.py
[2023-01-21 04:13:14,114] {processor.py:654} INFO - DAG(s) dict_keys(['tutorial_etl_dag']) retrieved from /home/airflow/.local/lib/python3.8/site-packages/airflow/example_dags/tutorial_etl_dag.py
[2023-01-21 04:13:14,125] {logging_mixin.py:109} INFO - [2023-01-21 04:13:14,125] {dag.py:2398} INFO - Sync 1 DAGs
[2023-01-21 04:13:14,142] {logging_mixin.py:109} INFO - [2023-01-21 04:13:14,142] {dag.py:2937} INFO - Setting next_dagrun for tutorial_etl_dag to None
[2023-01-21 04:13:14,152] {processor.py:171} INFO - Processing /home/airflow/.local/lib/python3.8/site-packages/airflow/example_dags/tutorial_etl_dag.py took 0.081 seconds
[2023-01-21 04:13:45,171] {processor.py:163} INFO - Started process (PID=932) to work on /home/airflow/.local/lib/python3.8/site-packages/airflow/example_dags/tutorial_etl_dag.py
[2023-01-21 04:13:45,173] {processor.py:642} INFO - Processing file /home/airflow/.local/lib/python3.8/site-packages/airflow/example_dags/tutorial_etl_dag.py for tasks to queue
[2023-01-21 04:13:45,176] {logging_mixin.py:109} INFO - [2023-01-21 04:13:45,175] {dagbag.py:500} INFO - Filling up the DagBag from /home/airflow/.local/lib/python3.8/site-packages/airflow/example_dags/tutorial_etl_dag.py
[2023-01-21 04:13:45,231] {processor.py:654} INFO - DAG(s) dict_keys(['tutorial_etl_dag']) retrieved from /home/airflow/.local/lib/python3.8/site-packages/airflow/example_dags/tutorial_etl_dag.py
[2023-01-21 04:13:45,259] {logging_mixin.py:109} INFO - [2023-01-21 04:13:45,258] {dag.py:2398} INFO - Sync 1 DAGs
[2023-01-21 04:13:45,312] {logging_mixin.py:109} INFO - [2023-01-21 04:13:45,312] {dag.py:2937} INFO - Setting next_dagrun for tutorial_etl_dag to None
[2023-01-21 04:13:45,337] {processor.py:171} INFO - Processing /home/airflow/.local/lib/python3.8/site-packages/airflow/example_dags/tutorial_etl_dag.py took 0.171 seconds
[2023-01-21 04:14:15,480] {processor.py:163} INFO - Started process (PID=994) to work on /home/airflow/.local/lib/python3.8/site-packages/airflow/example_dags/tutorial_etl_dag.py
[2023-01-21 04:14:15,483] {processor.py:642} INFO - Processing file /home/airflow/.local/lib/python3.8/site-packages/airflow/example_dags/tutorial_etl_dag.py for tasks to queue
[2023-01-21 04:14:15,484] {logging_mixin.py:109} INFO - [2023-01-21 04:14:15,484] {dagbag.py:500} INFO - Filling up the DagBag from /home/airflow/.local/lib/python3.8/site-packages/airflow/example_dags/tutorial_etl_dag.py
[2023-01-21 04:14:15,522] {processor.py:654} INFO - DAG(s) dict_keys(['tutorial_etl_dag']) retrieved from /home/airflow/.local/lib/python3.8/site-packages/airflow/example_dags/tutorial_etl_dag.py
[2023-01-21 04:14:15,535] {logging_mixin.py:109} INFO - [2023-01-21 04:14:15,534] {dag.py:2398} INFO - Sync 1 DAGs
[2023-01-21 04:14:15,553] {logging_mixin.py:109} INFO - [2023-01-21 04:14:15,553] {dag.py:2937} INFO - Setting next_dagrun for tutorial_etl_dag to None
[2023-01-21 04:14:15,566] {processor.py:171} INFO - Processing /home/airflow/.local/lib/python3.8/site-packages/airflow/example_dags/tutorial_etl_dag.py took 0.090 seconds
[2023-01-21 04:14:45,863] {processor.py:163} INFO - Started process (PID=1056) to work on /home/airflow/.local/lib/python3.8/site-packages/airflow/example_dags/tutorial_etl_dag.py
[2023-01-21 04:14:45,865] {processor.py:642} INFO - Processing file /home/airflow/.local/lib/python3.8/site-packages/airflow/example_dags/tutorial_etl_dag.py for tasks to queue
[2023-01-21 04:14:45,866] {logging_mixin.py:109} INFO - [2023-01-21 04:14:45,866] {dagbag.py:500} INFO - Filling up the DagBag from /home/airflow/.local/lib/python3.8/site-packages/airflow/example_dags/tutorial_etl_dag.py
[2023-01-21 04:14:45,903] {processor.py:654} INFO - DAG(s) dict_keys(['tutorial_etl_dag']) retrieved from /home/airflow/.local/lib/python3.8/site-packages/airflow/example_dags/tutorial_etl_dag.py
[2023-01-21 04:14:45,916] {logging_mixin.py:109} INFO - [2023-01-21 04:14:45,916] {dag.py:2398} INFO - Sync 1 DAGs
[2023-01-21 04:14:45,932] {logging_mixin.py:109} INFO - [2023-01-21 04:14:45,932] {dag.py:2937} INFO - Setting next_dagrun for tutorial_etl_dag to None
[2023-01-21 04:14:45,941] {processor.py:171} INFO - Processing /home/airflow/.local/lib/python3.8/site-packages/airflow/example_dags/tutorial_etl_dag.py took 0.082 seconds
[2023-01-21 04:15:16,017] {processor.py:163} INFO - Started process (PID=1126) to work on /home/airflow/.local/lib/python3.8/site-packages/airflow/example_dags/tutorial_etl_dag.py
[2023-01-21 04:15:16,020] {processor.py:642} INFO - Processing file /home/airflow/.local/lib/python3.8/site-packages/airflow/example_dags/tutorial_etl_dag.py for tasks to queue
[2023-01-21 04:15:16,022] {logging_mixin.py:109} INFO - [2023-01-21 04:15:16,021] {dagbag.py:500} INFO - Filling up the DagBag from /home/airflow/.local/lib/python3.8/site-packages/airflow/example_dags/tutorial_etl_dag.py
[2023-01-21 04:15:16,059] {processor.py:654} INFO - DAG(s) dict_keys(['tutorial_etl_dag']) retrieved from /home/airflow/.local/lib/python3.8/site-packages/airflow/example_dags/tutorial_etl_dag.py
[2023-01-21 04:15:16,071] {logging_mixin.py:109} INFO - [2023-01-21 04:15:16,071] {dag.py:2398} INFO - Sync 1 DAGs
[2023-01-21 04:15:16,089] {logging_mixin.py:109} INFO - [2023-01-21 04:15:16,089] {dag.py:2937} INFO - Setting next_dagrun for tutorial_etl_dag to None
[2023-01-21 04:15:16,100] {processor.py:171} INFO - Processing /home/airflow/.local/lib/python3.8/site-packages/airflow/example_dags/tutorial_etl_dag.py took 0.087 seconds
[2023-01-21 04:15:46,709] {processor.py:163} INFO - Started process (PID=1195) to work on /home/airflow/.local/lib/python3.8/site-packages/airflow/example_dags/tutorial_etl_dag.py
[2023-01-21 04:15:46,711] {processor.py:642} INFO - Processing file /home/airflow/.local/lib/python3.8/site-packages/airflow/example_dags/tutorial_etl_dag.py for tasks to queue
[2023-01-21 04:15:46,713] {logging_mixin.py:109} INFO - [2023-01-21 04:15:46,713] {dagbag.py:500} INFO - Filling up the DagBag from /home/airflow/.local/lib/python3.8/site-packages/airflow/example_dags/tutorial_etl_dag.py
[2023-01-21 04:15:46,747] {processor.py:654} INFO - DAG(s) dict_keys(['tutorial_etl_dag']) retrieved from /home/airflow/.local/lib/python3.8/site-packages/airflow/example_dags/tutorial_etl_dag.py
[2023-01-21 04:15:46,758] {logging_mixin.py:109} INFO - [2023-01-21 04:15:46,758] {dag.py:2398} INFO - Sync 1 DAGs
[2023-01-21 04:15:46,774] {logging_mixin.py:109} INFO - [2023-01-21 04:15:46,774] {dag.py:2937} INFO - Setting next_dagrun for tutorial_etl_dag to None
[2023-01-21 04:15:46,784] {processor.py:171} INFO - Processing /home/airflow/.local/lib/python3.8/site-packages/airflow/example_dags/tutorial_etl_dag.py took 0.078 seconds
[2023-01-21 04:16:17,088] {processor.py:163} INFO - Started process (PID=1263) to work on /home/airflow/.local/lib/python3.8/site-packages/airflow/example_dags/tutorial_etl_dag.py
[2023-01-21 04:16:17,090] {processor.py:642} INFO - Processing file /home/airflow/.local/lib/python3.8/site-packages/airflow/example_dags/tutorial_etl_dag.py for tasks to queue
[2023-01-21 04:16:17,092] {logging_mixin.py:109} INFO - [2023-01-21 04:16:17,091] {dagbag.py:500} INFO - Filling up the DagBag from /home/airflow/.local/lib/python3.8/site-packages/airflow/example_dags/tutorial_etl_dag.py
[2023-01-21 04:16:17,131] {processor.py:654} INFO - DAG(s) dict_keys(['tutorial_etl_dag']) retrieved from /home/airflow/.local/lib/python3.8/site-packages/airflow/example_dags/tutorial_etl_dag.py
[2023-01-21 04:16:17,147] {logging_mixin.py:109} INFO - [2023-01-21 04:16:17,147] {dag.py:2398} INFO - Sync 1 DAGs
[2023-01-21 04:16:17,169] {logging_mixin.py:109} INFO - [2023-01-21 04:16:17,168] {dag.py:2937} INFO - Setting next_dagrun for tutorial_etl_dag to None
[2023-01-21 04:16:17,190] {processor.py:171} INFO - Processing /home/airflow/.local/lib/python3.8/site-packages/airflow/example_dags/tutorial_etl_dag.py took 0.106 seconds
[2023-01-21 04:16:49,146] {processor.py:163} INFO - Started process (PID=1334) to work on /home/airflow/.local/lib/python3.8/site-packages/airflow/example_dags/tutorial_etl_dag.py
[2023-01-21 04:16:49,149] {processor.py:642} INFO - Processing file /home/airflow/.local/lib/python3.8/site-packages/airflow/example_dags/tutorial_etl_dag.py for tasks to queue
[2023-01-21 04:16:49,150] {logging_mixin.py:109} INFO - [2023-01-21 04:16:49,150] {dagbag.py:500} INFO - Filling up the DagBag from /home/airflow/.local/lib/python3.8/site-packages/airflow/example_dags/tutorial_etl_dag.py
[2023-01-21 04:16:49,203] {processor.py:654} INFO - DAG(s) dict_keys(['tutorial_etl_dag']) retrieved from /home/airflow/.local/lib/python3.8/site-packages/airflow/example_dags/tutorial_etl_dag.py
[2023-01-21 04:16:49,220] {logging_mixin.py:109} INFO - [2023-01-21 04:16:49,220] {dag.py:2398} INFO - Sync 1 DAGs
[2023-01-21 04:16:49,241] {logging_mixin.py:109} INFO - [2023-01-21 04:16:49,241] {dag.py:2937} INFO - Setting next_dagrun for tutorial_etl_dag to None
[2023-01-21 04:16:49,252] {processor.py:171} INFO - Processing /home/airflow/.local/lib/python3.8/site-packages/airflow/example_dags/tutorial_etl_dag.py took 0.110 seconds
[2023-01-21 04:17:20,785] {processor.py:163} INFO - Started process (PID=1396) to work on /home/airflow/.local/lib/python3.8/site-packages/airflow/example_dags/tutorial_etl_dag.py
[2023-01-21 04:17:20,787] {processor.py:642} INFO - Processing file /home/airflow/.local/lib/python3.8/site-packages/airflow/example_dags/tutorial_etl_dag.py for tasks to queue
[2023-01-21 04:17:20,788] {logging_mixin.py:109} INFO - [2023-01-21 04:17:20,788] {dagbag.py:500} INFO - Filling up the DagBag from /home/airflow/.local/lib/python3.8/site-packages/airflow/example_dags/tutorial_etl_dag.py
[2023-01-21 04:17:20,828] {processor.py:654} INFO - DAG(s) dict_keys(['tutorial_etl_dag']) retrieved from /home/airflow/.local/lib/python3.8/site-packages/airflow/example_dags/tutorial_etl_dag.py
[2023-01-21 04:17:20,839] {logging_mixin.py:109} INFO - [2023-01-21 04:17:20,839] {dag.py:2398} INFO - Sync 1 DAGs
[2023-01-21 04:17:20,855] {logging_mixin.py:109} INFO - [2023-01-21 04:17:20,855] {dag.py:2937} INFO - Setting next_dagrun for tutorial_etl_dag to None
[2023-01-21 04:17:20,868] {processor.py:171} INFO - Processing /home/airflow/.local/lib/python3.8/site-packages/airflow/example_dags/tutorial_etl_dag.py took 0.088 seconds
[2023-01-21 04:17:51,315] {processor.py:163} INFO - Started process (PID=1466) to work on /home/airflow/.local/lib/python3.8/site-packages/airflow/example_dags/tutorial_etl_dag.py
[2023-01-21 04:17:51,318] {processor.py:642} INFO - Processing file /home/airflow/.local/lib/python3.8/site-packages/airflow/example_dags/tutorial_etl_dag.py for tasks to queue
[2023-01-21 04:17:51,319] {logging_mixin.py:109} INFO - [2023-01-21 04:17:51,319] {dagbag.py:500} INFO - Filling up the DagBag from /home/airflow/.local/lib/python3.8/site-packages/airflow/example_dags/tutorial_etl_dag.py
[2023-01-21 04:17:51,358] {processor.py:654} INFO - DAG(s) dict_keys(['tutorial_etl_dag']) retrieved from /home/airflow/.local/lib/python3.8/site-packages/airflow/example_dags/tutorial_etl_dag.py
[2023-01-21 04:17:51,369] {logging_mixin.py:109} INFO - [2023-01-21 04:17:51,369] {dag.py:2398} INFO - Sync 1 DAGs
[2023-01-21 04:17:51,390] {logging_mixin.py:109} INFO - [2023-01-21 04:17:51,389] {dag.py:2937} INFO - Setting next_dagrun for tutorial_etl_dag to None
[2023-01-21 04:17:51,400] {processor.py:171} INFO - Processing /home/airflow/.local/lib/python3.8/site-packages/airflow/example_dags/tutorial_etl_dag.py took 0.090 seconds
[2023-01-21 04:18:22,047] {processor.py:163} INFO - Started process (PID=1528) to work on /home/airflow/.local/lib/python3.8/site-packages/airflow/example_dags/tutorial_etl_dag.py
[2023-01-21 04:18:22,049] {processor.py:642} INFO - Processing file /home/airflow/.local/lib/python3.8/site-packages/airflow/example_dags/tutorial_etl_dag.py for tasks to queue
[2023-01-21 04:18:22,050] {logging_mixin.py:109} INFO - [2023-01-21 04:18:22,050] {dagbag.py:500} INFO - Filling up the DagBag from /home/airflow/.local/lib/python3.8/site-packages/airflow/example_dags/tutorial_etl_dag.py
[2023-01-21 04:18:22,091] {processor.py:654} INFO - DAG(s) dict_keys(['tutorial_etl_dag']) retrieved from /home/airflow/.local/lib/python3.8/site-packages/airflow/example_dags/tutorial_etl_dag.py
[2023-01-21 04:18:22,104] {logging_mixin.py:109} INFO - [2023-01-21 04:18:22,104] {dag.py:2398} INFO - Sync 1 DAGs
[2023-01-21 04:18:22,126] {logging_mixin.py:109} INFO - [2023-01-21 04:18:22,126] {dag.py:2937} INFO - Setting next_dagrun for tutorial_etl_dag to None
[2023-01-21 04:18:22,148] {processor.py:171} INFO - Processing /home/airflow/.local/lib/python3.8/site-packages/airflow/example_dags/tutorial_etl_dag.py took 0.105 seconds
[2023-01-21 04:18:52,469] {processor.py:163} INFO - Started process (PID=1591) to work on /home/airflow/.local/lib/python3.8/site-packages/airflow/example_dags/tutorial_etl_dag.py
[2023-01-21 04:18:52,472] {processor.py:642} INFO - Processing file /home/airflow/.local/lib/python3.8/site-packages/airflow/example_dags/tutorial_etl_dag.py for tasks to queue
[2023-01-21 04:18:52,473] {logging_mixin.py:109} INFO - [2023-01-21 04:18:52,473] {dagbag.py:500} INFO - Filling up the DagBag from /home/airflow/.local/lib/python3.8/site-packages/airflow/example_dags/tutorial_etl_dag.py
[2023-01-21 04:18:52,515] {processor.py:654} INFO - DAG(s) dict_keys(['tutorial_etl_dag']) retrieved from /home/airflow/.local/lib/python3.8/site-packages/airflow/example_dags/tutorial_etl_dag.py
[2023-01-21 04:18:52,529] {logging_mixin.py:109} INFO - [2023-01-21 04:18:52,529] {dag.py:2398} INFO - Sync 1 DAGs
[2023-01-21 04:18:52,549] {logging_mixin.py:109} INFO - [2023-01-21 04:18:52,549] {dag.py:2937} INFO - Setting next_dagrun for tutorial_etl_dag to None
[2023-01-21 04:18:52,559] {processor.py:171} INFO - Processing /home/airflow/.local/lib/python3.8/site-packages/airflow/example_dags/tutorial_etl_dag.py took 0.095 seconds
[2023-01-21 04:19:23,284] {processor.py:163} INFO - Started process (PID=1661) to work on /home/airflow/.local/lib/python3.8/site-packages/airflow/example_dags/tutorial_etl_dag.py
[2023-01-21 04:19:23,286] {processor.py:642} INFO - Processing file /home/airflow/.local/lib/python3.8/site-packages/airflow/example_dags/tutorial_etl_dag.py for tasks to queue
[2023-01-21 04:19:23,288] {logging_mixin.py:109} INFO - [2023-01-21 04:19:23,287] {dagbag.py:500} INFO - Filling up the DagBag from /home/airflow/.local/lib/python3.8/site-packages/airflow/example_dags/tutorial_etl_dag.py
[2023-01-21 04:19:23,323] {processor.py:654} INFO - DAG(s) dict_keys(['tutorial_etl_dag']) retrieved from /home/airflow/.local/lib/python3.8/site-packages/airflow/example_dags/tutorial_etl_dag.py
[2023-01-21 04:19:23,334] {logging_mixin.py:109} INFO - [2023-01-21 04:19:23,334] {dag.py:2398} INFO - Sync 1 DAGs
[2023-01-21 04:19:23,350] {logging_mixin.py:109} INFO - [2023-01-21 04:19:23,350] {dag.py:2937} INFO - Setting next_dagrun for tutorial_etl_dag to None
[2023-01-21 04:19:23,359] {processor.py:171} INFO - Processing /home/airflow/.local/lib/python3.8/site-packages/airflow/example_dags/tutorial_etl_dag.py took 0.079 seconds
[2023-01-21 04:19:54,083] {processor.py:163} INFO - Started process (PID=1723) to work on /home/airflow/.local/lib/python3.8/site-packages/airflow/example_dags/tutorial_etl_dag.py
[2023-01-21 04:19:54,086] {processor.py:642} INFO - Processing file /home/airflow/.local/lib/python3.8/site-packages/airflow/example_dags/tutorial_etl_dag.py for tasks to queue
[2023-01-21 04:19:54,087] {logging_mixin.py:109} INFO - [2023-01-21 04:19:54,087] {dagbag.py:500} INFO - Filling up the DagBag from /home/airflow/.local/lib/python3.8/site-packages/airflow/example_dags/tutorial_etl_dag.py
[2023-01-21 04:19:54,121] {processor.py:654} INFO - DAG(s) dict_keys(['tutorial_etl_dag']) retrieved from /home/airflow/.local/lib/python3.8/site-packages/airflow/example_dags/tutorial_etl_dag.py
[2023-01-21 04:19:54,133] {logging_mixin.py:109} INFO - [2023-01-21 04:19:54,133] {dag.py:2398} INFO - Sync 1 DAGs
[2023-01-21 04:19:54,150] {logging_mixin.py:109} INFO - [2023-01-21 04:19:54,150] {dag.py:2937} INFO - Setting next_dagrun for tutorial_etl_dag to None
[2023-01-21 04:19:54,160] {processor.py:171} INFO - Processing /home/airflow/.local/lib/python3.8/site-packages/airflow/example_dags/tutorial_etl_dag.py took 0.081 seconds
[2023-01-21 04:20:25,220] {processor.py:163} INFO - Started process (PID=1793) to work on /home/airflow/.local/lib/python3.8/site-packages/airflow/example_dags/tutorial_etl_dag.py
[2023-01-21 04:20:25,222] {processor.py:642} INFO - Processing file /home/airflow/.local/lib/python3.8/site-packages/airflow/example_dags/tutorial_etl_dag.py for tasks to queue
[2023-01-21 04:20:25,224] {logging_mixin.py:109} INFO - [2023-01-21 04:20:25,224] {dagbag.py:500} INFO - Filling up the DagBag from /home/airflow/.local/lib/python3.8/site-packages/airflow/example_dags/tutorial_etl_dag.py
[2023-01-21 04:20:25,259] {processor.py:654} INFO - DAG(s) dict_keys(['tutorial_etl_dag']) retrieved from /home/airflow/.local/lib/python3.8/site-packages/airflow/example_dags/tutorial_etl_dag.py
[2023-01-21 04:20:25,271] {logging_mixin.py:109} INFO - [2023-01-21 04:20:25,270] {dag.py:2398} INFO - Sync 1 DAGs
[2023-01-21 04:20:25,287] {logging_mixin.py:109} INFO - [2023-01-21 04:20:25,287] {dag.py:2937} INFO - Setting next_dagrun for tutorial_etl_dag to None
[2023-01-21 04:20:25,297] {processor.py:171} INFO - Processing /home/airflow/.local/lib/python3.8/site-packages/airflow/example_dags/tutorial_etl_dag.py took 0.080 seconds
[2023-01-21 04:20:56,817] {processor.py:163} INFO - Started process (PID=1855) to work on /home/airflow/.local/lib/python3.8/site-packages/airflow/example_dags/tutorial_etl_dag.py
[2023-01-21 04:20:56,819] {processor.py:642} INFO - Processing file /home/airflow/.local/lib/python3.8/site-packages/airflow/example_dags/tutorial_etl_dag.py for tasks to queue
[2023-01-21 04:20:56,822] {logging_mixin.py:109} INFO - [2023-01-21 04:20:56,822] {dagbag.py:500} INFO - Filling up the DagBag from /home/airflow/.local/lib/python3.8/site-packages/airflow/example_dags/tutorial_etl_dag.py
[2023-01-21 04:20:56,863] {processor.py:654} INFO - DAG(s) dict_keys(['tutorial_etl_dag']) retrieved from /home/airflow/.local/lib/python3.8/site-packages/airflow/example_dags/tutorial_etl_dag.py
[2023-01-21 04:20:56,877] {logging_mixin.py:109} INFO - [2023-01-21 04:20:56,877] {dag.py:2398} INFO - Sync 1 DAGs
[2023-01-21 04:20:56,898] {logging_mixin.py:109} INFO - [2023-01-21 04:20:56,897] {dag.py:2937} INFO - Setting next_dagrun for tutorial_etl_dag to None
[2023-01-21 04:20:56,907] {processor.py:171} INFO - Processing /home/airflow/.local/lib/python3.8/site-packages/airflow/example_dags/tutorial_etl_dag.py took 0.096 seconds
[2023-01-21 04:21:27,748] {processor.py:163} INFO - Started process (PID=1917) to work on /home/airflow/.local/lib/python3.8/site-packages/airflow/example_dags/tutorial_etl_dag.py
[2023-01-21 04:21:27,750] {processor.py:642} INFO - Processing file /home/airflow/.local/lib/python3.8/site-packages/airflow/example_dags/tutorial_etl_dag.py for tasks to queue
[2023-01-21 04:21:27,752] {logging_mixin.py:109} INFO - [2023-01-21 04:21:27,751] {dagbag.py:500} INFO - Filling up the DagBag from /home/airflow/.local/lib/python3.8/site-packages/airflow/example_dags/tutorial_etl_dag.py
[2023-01-21 04:21:27,788] {processor.py:654} INFO - DAG(s) dict_keys(['tutorial_etl_dag']) retrieved from /home/airflow/.local/lib/python3.8/site-packages/airflow/example_dags/tutorial_etl_dag.py
[2023-01-21 04:21:27,799] {logging_mixin.py:109} INFO - [2023-01-21 04:21:27,799] {dag.py:2398} INFO - Sync 1 DAGs
[2023-01-21 04:21:27,814] {logging_mixin.py:109} INFO - [2023-01-21 04:21:27,814] {dag.py:2937} INFO - Setting next_dagrun for tutorial_etl_dag to None
[2023-01-21 04:21:27,824] {processor.py:171} INFO - Processing /home/airflow/.local/lib/python3.8/site-packages/airflow/example_dags/tutorial_etl_dag.py took 0.080 seconds
[2023-01-21 04:21:58,778] {processor.py:163} INFO - Started process (PID=1993) to work on /home/airflow/.local/lib/python3.8/site-packages/airflow/example_dags/tutorial_etl_dag.py
[2023-01-21 04:21:58,781] {processor.py:642} INFO - Processing file /home/airflow/.local/lib/python3.8/site-packages/airflow/example_dags/tutorial_etl_dag.py for tasks to queue
[2023-01-21 04:21:58,782] {logging_mixin.py:109} INFO - [2023-01-21 04:21:58,782] {dagbag.py:500} INFO - Filling up the DagBag from /home/airflow/.local/lib/python3.8/site-packages/airflow/example_dags/tutorial_etl_dag.py
[2023-01-21 04:21:58,816] {processor.py:654} INFO - DAG(s) dict_keys(['tutorial_etl_dag']) retrieved from /home/airflow/.local/lib/python3.8/site-packages/airflow/example_dags/tutorial_etl_dag.py
[2023-01-21 04:21:58,827] {logging_mixin.py:109} INFO - [2023-01-21 04:21:58,827] {dag.py:2398} INFO - Sync 1 DAGs
[2023-01-21 04:21:58,848] {logging_mixin.py:109} INFO - [2023-01-21 04:21:58,848] {dag.py:2937} INFO - Setting next_dagrun for tutorial_etl_dag to None
[2023-01-21 04:21:58,870] {processor.py:171} INFO - Processing /home/airflow/.local/lib/python3.8/site-packages/airflow/example_dags/tutorial_etl_dag.py took 0.096 seconds
[2023-01-21 04:22:30,448] {processor.py:163} INFO - Started process (PID=2062) to work on /home/airflow/.local/lib/python3.8/site-packages/airflow/example_dags/tutorial_etl_dag.py
[2023-01-21 04:22:30,450] {processor.py:642} INFO - Processing file /home/airflow/.local/lib/python3.8/site-packages/airflow/example_dags/tutorial_etl_dag.py for tasks to queue
[2023-01-21 04:22:30,452] {logging_mixin.py:109} INFO - [2023-01-21 04:22:30,452] {dagbag.py:500} INFO - Filling up the DagBag from /home/airflow/.local/lib/python3.8/site-packages/airflow/example_dags/tutorial_etl_dag.py
[2023-01-21 04:22:30,495] {processor.py:654} INFO - DAG(s) dict_keys(['tutorial_etl_dag']) retrieved from /home/airflow/.local/lib/python3.8/site-packages/airflow/example_dags/tutorial_etl_dag.py
[2023-01-21 04:22:30,509] {logging_mixin.py:109} INFO - [2023-01-21 04:22:30,509] {dag.py:2398} INFO - Sync 1 DAGs
[2023-01-21 04:22:30,533] {logging_mixin.py:109} INFO - [2023-01-21 04:22:30,533] {dag.py:2937} INFO - Setting next_dagrun for tutorial_etl_dag to None
[2023-01-21 04:22:30,548] {processor.py:171} INFO - Processing /home/airflow/.local/lib/python3.8/site-packages/airflow/example_dags/tutorial_etl_dag.py took 0.106 seconds
[2023-01-21 04:23:01,184] {processor.py:163} INFO - Started process (PID=2138) to work on /home/airflow/.local/lib/python3.8/site-packages/airflow/example_dags/tutorial_etl_dag.py
[2023-01-21 04:23:01,186] {processor.py:642} INFO - Processing file /home/airflow/.local/lib/python3.8/site-packages/airflow/example_dags/tutorial_etl_dag.py for tasks to queue
[2023-01-21 04:23:01,188] {logging_mixin.py:109} INFO - [2023-01-21 04:23:01,188] {dagbag.py:500} INFO - Filling up the DagBag from /home/airflow/.local/lib/python3.8/site-packages/airflow/example_dags/tutorial_etl_dag.py
[2023-01-21 04:23:01,223] {processor.py:654} INFO - DAG(s) dict_keys(['tutorial_etl_dag']) retrieved from /home/airflow/.local/lib/python3.8/site-packages/airflow/example_dags/tutorial_etl_dag.py
[2023-01-21 04:23:01,238] {logging_mixin.py:109} INFO - [2023-01-21 04:23:01,238] {dag.py:2398} INFO - Sync 1 DAGs
[2023-01-21 04:23:01,259] {logging_mixin.py:109} INFO - [2023-01-21 04:23:01,259] {dag.py:2937} INFO - Setting next_dagrun for tutorial_etl_dag to None
[2023-01-21 04:23:01,270] {processor.py:171} INFO - Processing /home/airflow/.local/lib/python3.8/site-packages/airflow/example_dags/tutorial_etl_dag.py took 0.090 seconds
[2023-01-21 04:23:32,466] {processor.py:163} INFO - Started process (PID=2206) to work on /home/airflow/.local/lib/python3.8/site-packages/airflow/example_dags/tutorial_etl_dag.py
[2023-01-21 04:23:32,469] {processor.py:642} INFO - Processing file /home/airflow/.local/lib/python3.8/site-packages/airflow/example_dags/tutorial_etl_dag.py for tasks to queue
[2023-01-21 04:23:32,470] {logging_mixin.py:109} INFO - [2023-01-21 04:23:32,470] {dagbag.py:500} INFO - Filling up the DagBag from /home/airflow/.local/lib/python3.8/site-packages/airflow/example_dags/tutorial_etl_dag.py
[2023-01-21 04:23:32,511] {processor.py:654} INFO - DAG(s) dict_keys(['tutorial_etl_dag']) retrieved from /home/airflow/.local/lib/python3.8/site-packages/airflow/example_dags/tutorial_etl_dag.py
[2023-01-21 04:23:32,525] {logging_mixin.py:109} INFO - [2023-01-21 04:23:32,525] {dag.py:2398} INFO - Sync 1 DAGs
[2023-01-21 04:23:32,543] {logging_mixin.py:109} INFO - [2023-01-21 04:23:32,543] {dag.py:2937} INFO - Setting next_dagrun for tutorial_etl_dag to None
[2023-01-21 04:23:32,553] {processor.py:171} INFO - Processing /home/airflow/.local/lib/python3.8/site-packages/airflow/example_dags/tutorial_etl_dag.py took 0.091 seconds
[2023-01-21 04:24:02,808] {processor.py:163} INFO - Started process (PID=2267) to work on /home/airflow/.local/lib/python3.8/site-packages/airflow/example_dags/tutorial_etl_dag.py
[2023-01-21 04:24:02,810] {processor.py:642} INFO - Processing file /home/airflow/.local/lib/python3.8/site-packages/airflow/example_dags/tutorial_etl_dag.py for tasks to queue
[2023-01-21 04:24:02,811] {logging_mixin.py:109} INFO - [2023-01-21 04:24:02,811] {dagbag.py:500} INFO - Filling up the DagBag from /home/airflow/.local/lib/python3.8/site-packages/airflow/example_dags/tutorial_etl_dag.py
[2023-01-21 04:24:02,853] {processor.py:654} INFO - DAG(s) dict_keys(['tutorial_etl_dag']) retrieved from /home/airflow/.local/lib/python3.8/site-packages/airflow/example_dags/tutorial_etl_dag.py
[2023-01-21 04:24:02,866] {logging_mixin.py:109} INFO - [2023-01-21 04:24:02,866] {dag.py:2398} INFO - Sync 1 DAGs
[2023-01-21 04:24:02,887] {logging_mixin.py:109} INFO - [2023-01-21 04:24:02,886] {dag.py:2937} INFO - Setting next_dagrun for tutorial_etl_dag to None
[2023-01-21 04:24:02,899] {processor.py:171} INFO - Processing /home/airflow/.local/lib/python3.8/site-packages/airflow/example_dags/tutorial_etl_dag.py took 0.095 seconds
[2023-01-21 04:24:33,580] {processor.py:163} INFO - Started process (PID=2343) to work on /home/airflow/.local/lib/python3.8/site-packages/airflow/example_dags/tutorial_etl_dag.py
[2023-01-21 04:24:33,583] {processor.py:642} INFO - Processing file /home/airflow/.local/lib/python3.8/site-packages/airflow/example_dags/tutorial_etl_dag.py for tasks to queue
[2023-01-21 04:24:33,587] {logging_mixin.py:109} INFO - [2023-01-21 04:24:33,586] {dagbag.py:500} INFO - Filling up the DagBag from /home/airflow/.local/lib/python3.8/site-packages/airflow/example_dags/tutorial_etl_dag.py
[2023-01-21 04:24:33,638] {processor.py:654} INFO - DAG(s) dict_keys(['tutorial_etl_dag']) retrieved from /home/airflow/.local/lib/python3.8/site-packages/airflow/example_dags/tutorial_etl_dag.py
[2023-01-21 04:24:33,661] {logging_mixin.py:109} INFO - [2023-01-21 04:24:33,661] {dag.py:2398} INFO - Sync 1 DAGs
[2023-01-21 04:24:33,692] {logging_mixin.py:109} INFO - [2023-01-21 04:24:33,692] {dag.py:2937} INFO - Setting next_dagrun for tutorial_etl_dag to None
[2023-01-21 04:24:33,711] {processor.py:171} INFO - Processing /home/airflow/.local/lib/python3.8/site-packages/airflow/example_dags/tutorial_etl_dag.py took 0.135 seconds
[2023-01-21 04:25:04,478] {processor.py:163} INFO - Started process (PID=2411) to work on /home/airflow/.local/lib/python3.8/site-packages/airflow/example_dags/tutorial_etl_dag.py
[2023-01-21 04:25:04,480] {processor.py:642} INFO - Processing file /home/airflow/.local/lib/python3.8/site-packages/airflow/example_dags/tutorial_etl_dag.py for tasks to queue
[2023-01-21 04:25:04,482] {logging_mixin.py:109} INFO - [2023-01-21 04:25:04,482] {dagbag.py:500} INFO - Filling up the DagBag from /home/airflow/.local/lib/python3.8/site-packages/airflow/example_dags/tutorial_etl_dag.py
[2023-01-21 04:25:04,518] {processor.py:654} INFO - DAG(s) dict_keys(['tutorial_etl_dag']) retrieved from /home/airflow/.local/lib/python3.8/site-packages/airflow/example_dags/tutorial_etl_dag.py
[2023-01-21 04:25:04,530] {logging_mixin.py:109} INFO - [2023-01-21 04:25:04,530] {dag.py:2398} INFO - Sync 1 DAGs
[2023-01-21 04:25:04,548] {logging_mixin.py:109} INFO - [2023-01-21 04:25:04,548] {dag.py:2937} INFO - Setting next_dagrun for tutorial_etl_dag to None
[2023-01-21 04:25:04,560] {processor.py:171} INFO - Processing /home/airflow/.local/lib/python3.8/site-packages/airflow/example_dags/tutorial_etl_dag.py took 0.087 seconds
[2023-01-21 04:25:34,959] {processor.py:163} INFO - Started process (PID=2480) to work on /home/airflow/.local/lib/python3.8/site-packages/airflow/example_dags/tutorial_etl_dag.py
[2023-01-21 04:25:34,962] {processor.py:642} INFO - Processing file /home/airflow/.local/lib/python3.8/site-packages/airflow/example_dags/tutorial_etl_dag.py for tasks to queue
[2023-01-21 04:25:34,964] {logging_mixin.py:109} INFO - [2023-01-21 04:25:34,964] {dagbag.py:500} INFO - Filling up the DagBag from /home/airflow/.local/lib/python3.8/site-packages/airflow/example_dags/tutorial_etl_dag.py
[2023-01-21 04:25:35,001] {processor.py:654} INFO - DAG(s) dict_keys(['tutorial_etl_dag']) retrieved from /home/airflow/.local/lib/python3.8/site-packages/airflow/example_dags/tutorial_etl_dag.py
[2023-01-21 04:25:35,022] {logging_mixin.py:109} INFO - [2023-01-21 04:25:35,022] {dag.py:2398} INFO - Sync 1 DAGs
[2023-01-21 04:25:35,048] {logging_mixin.py:109} INFO - [2023-01-21 04:25:35,048] {dag.py:2937} INFO - Setting next_dagrun for tutorial_etl_dag to None
[2023-01-21 04:25:35,066] {processor.py:171} INFO - Processing /home/airflow/.local/lib/python3.8/site-packages/airflow/example_dags/tutorial_etl_dag.py took 0.111 seconds
[2023-01-21 04:26:05,277] {processor.py:163} INFO - Started process (PID=2555) to work on /home/airflow/.local/lib/python3.8/site-packages/airflow/example_dags/tutorial_etl_dag.py
[2023-01-21 04:26:05,279] {processor.py:642} INFO - Processing file /home/airflow/.local/lib/python3.8/site-packages/airflow/example_dags/tutorial_etl_dag.py for tasks to queue
[2023-01-21 04:26:05,281] {logging_mixin.py:109} INFO - [2023-01-21 04:26:05,281] {dagbag.py:500} INFO - Filling up the DagBag from /home/airflow/.local/lib/python3.8/site-packages/airflow/example_dags/tutorial_etl_dag.py
[2023-01-21 04:26:05,317] {processor.py:654} INFO - DAG(s) dict_keys(['tutorial_etl_dag']) retrieved from /home/airflow/.local/lib/python3.8/site-packages/airflow/example_dags/tutorial_etl_dag.py
[2023-01-21 04:26:05,329] {logging_mixin.py:109} INFO - [2023-01-21 04:26:05,329] {dag.py:2398} INFO - Sync 1 DAGs
[2023-01-21 04:26:05,344] {logging_mixin.py:109} INFO - [2023-01-21 04:26:05,344] {dag.py:2937} INFO - Setting next_dagrun for tutorial_etl_dag to None
[2023-01-21 04:26:05,353] {processor.py:171} INFO - Processing /home/airflow/.local/lib/python3.8/site-packages/airflow/example_dags/tutorial_etl_dag.py took 0.080 seconds
[2023-01-21 04:26:36,318] {processor.py:163} INFO - Started process (PID=2624) to work on /home/airflow/.local/lib/python3.8/site-packages/airflow/example_dags/tutorial_etl_dag.py
[2023-01-21 04:26:36,322] {processor.py:642} INFO - Processing file /home/airflow/.local/lib/python3.8/site-packages/airflow/example_dags/tutorial_etl_dag.py for tasks to queue
[2023-01-21 04:26:36,327] {logging_mixin.py:109} INFO - [2023-01-21 04:26:36,327] {dagbag.py:500} INFO - Filling up the DagBag from /home/airflow/.local/lib/python3.8/site-packages/airflow/example_dags/tutorial_etl_dag.py
[2023-01-21 04:26:36,407] {processor.py:654} INFO - DAG(s) dict_keys(['tutorial_etl_dag']) retrieved from /home/airflow/.local/lib/python3.8/site-packages/airflow/example_dags/tutorial_etl_dag.py
[2023-01-21 04:26:36,433] {logging_mixin.py:109} INFO - [2023-01-21 04:26:36,433] {dag.py:2398} INFO - Sync 1 DAGs
[2023-01-21 04:26:36,473] {logging_mixin.py:109} INFO - [2023-01-21 04:26:36,472] {dag.py:2937} INFO - Setting next_dagrun for tutorial_etl_dag to None
[2023-01-21 04:26:36,493] {processor.py:171} INFO - Processing /home/airflow/.local/lib/python3.8/site-packages/airflow/example_dags/tutorial_etl_dag.py took 0.182 seconds
[2023-01-21 04:27:07,120] {processor.py:163} INFO - Started process (PID=2693) to work on /home/airflow/.local/lib/python3.8/site-packages/airflow/example_dags/tutorial_etl_dag.py
[2023-01-21 04:27:07,123] {processor.py:642} INFO - Processing file /home/airflow/.local/lib/python3.8/site-packages/airflow/example_dags/tutorial_etl_dag.py for tasks to queue
[2023-01-21 04:27:07,125] {logging_mixin.py:109} INFO - [2023-01-21 04:27:07,125] {dagbag.py:500} INFO - Filling up the DagBag from /home/airflow/.local/lib/python3.8/site-packages/airflow/example_dags/tutorial_etl_dag.py
[2023-01-21 04:27:07,171] {processor.py:654} INFO - DAG(s) dict_keys(['tutorial_etl_dag']) retrieved from /home/airflow/.local/lib/python3.8/site-packages/airflow/example_dags/tutorial_etl_dag.py
[2023-01-21 04:27:07,189] {logging_mixin.py:109} INFO - [2023-01-21 04:27:07,188] {dag.py:2398} INFO - Sync 1 DAGs
[2023-01-21 04:27:07,216] {logging_mixin.py:109} INFO - [2023-01-21 04:27:07,216] {dag.py:2937} INFO - Setting next_dagrun for tutorial_etl_dag to None
[2023-01-21 04:27:07,236] {processor.py:171} INFO - Processing /home/airflow/.local/lib/python3.8/site-packages/airflow/example_dags/tutorial_etl_dag.py took 0.119 seconds
[2023-01-21 04:27:38,037] {processor.py:163} INFO - Started process (PID=2769) to work on /home/airflow/.local/lib/python3.8/site-packages/airflow/example_dags/tutorial_etl_dag.py
[2023-01-21 04:27:38,039] {processor.py:642} INFO - Processing file /home/airflow/.local/lib/python3.8/site-packages/airflow/example_dags/tutorial_etl_dag.py for tasks to queue
[2023-01-21 04:27:38,040] {logging_mixin.py:109} INFO - [2023-01-21 04:27:38,040] {dagbag.py:500} INFO - Filling up the DagBag from /home/airflow/.local/lib/python3.8/site-packages/airflow/example_dags/tutorial_etl_dag.py
[2023-01-21 04:27:38,075] {processor.py:654} INFO - DAG(s) dict_keys(['tutorial_etl_dag']) retrieved from /home/airflow/.local/lib/python3.8/site-packages/airflow/example_dags/tutorial_etl_dag.py
[2023-01-21 04:27:38,088] {logging_mixin.py:109} INFO - [2023-01-21 04:27:38,088] {dag.py:2398} INFO - Sync 1 DAGs
[2023-01-21 04:27:38,106] {logging_mixin.py:109} INFO - [2023-01-21 04:27:38,106] {dag.py:2937} INFO - Setting next_dagrun for tutorial_etl_dag to None
[2023-01-21 04:27:38,117] {processor.py:171} INFO - Processing /home/airflow/.local/lib/python3.8/site-packages/airflow/example_dags/tutorial_etl_dag.py took 0.084 seconds
[2023-01-21 04:28:08,693] {processor.py:163} INFO - Started process (PID=2837) to work on /home/airflow/.local/lib/python3.8/site-packages/airflow/example_dags/tutorial_etl_dag.py
[2023-01-21 04:28:08,695] {processor.py:642} INFO - Processing file /home/airflow/.local/lib/python3.8/site-packages/airflow/example_dags/tutorial_etl_dag.py for tasks to queue
[2023-01-21 04:28:08,696] {logging_mixin.py:109} INFO - [2023-01-21 04:28:08,696] {dagbag.py:500} INFO - Filling up the DagBag from /home/airflow/.local/lib/python3.8/site-packages/airflow/example_dags/tutorial_etl_dag.py
[2023-01-21 04:28:08,731] {processor.py:654} INFO - DAG(s) dict_keys(['tutorial_etl_dag']) retrieved from /home/airflow/.local/lib/python3.8/site-packages/airflow/example_dags/tutorial_etl_dag.py
[2023-01-21 04:28:08,742] {logging_mixin.py:109} INFO - [2023-01-21 04:28:08,742] {dag.py:2398} INFO - Sync 1 DAGs
[2023-01-21 04:28:08,757] {logging_mixin.py:109} INFO - [2023-01-21 04:28:08,757] {dag.py:2937} INFO - Setting next_dagrun for tutorial_etl_dag to None
[2023-01-21 04:28:08,766] {processor.py:171} INFO - Processing /home/airflow/.local/lib/python3.8/site-packages/airflow/example_dags/tutorial_etl_dag.py took 0.077 seconds
