[2023-01-21 04:03:58,591] {processor.py:163} INFO - Started process (PID=50) to work on /home/airflow/.local/lib/python3.8/site-packages/airflow/example_dags/tutorial_taskflow_api_etl_virtualenv.py
[2023-01-21 04:03:58,593] {processor.py:642} INFO - Processing file /home/airflow/.local/lib/python3.8/site-packages/airflow/example_dags/tutorial_taskflow_api_etl_virtualenv.py for tasks to queue
[2023-01-21 04:03:58,594] {logging_mixin.py:109} INFO - [2023-01-21 04:03:58,594] {dagbag.py:500} INFO - Filling up the DagBag from /home/airflow/.local/lib/python3.8/site-packages/airflow/example_dags/tutorial_taskflow_api_etl_virtualenv.py
[2023-01-21 04:03:58,639] {processor.py:654} INFO - DAG(s) dict_keys(['tutorial_taskflow_api_etl_virtualenv']) retrieved from /home/airflow/.local/lib/python3.8/site-packages/airflow/example_dags/tutorial_taskflow_api_etl_virtualenv.py
[2023-01-21 04:04:02,245] {logging_mixin.py:109} WARNING - /home/airflow/.local/lib/python3.8/site-packages/azure/storage/common/_connection.py:82 SyntaxWarning: "is" with a literal. Did you mean "=="?
[2023-01-21 04:04:03,702] {logging_mixin.py:109} INFO - [2023-01-21 04:04:03,702] {manager.py:496} INFO - Created Permission View: can edit on DAG:tutorial_taskflow_api_etl_virtualenv
[2023-01-21 04:04:03,737] {logging_mixin.py:109} INFO - [2023-01-21 04:04:03,737] {manager.py:496} INFO - Created Permission View: can read on DAG:tutorial_taskflow_api_etl_virtualenv
[2023-01-21 04:04:03,741] {logging_mixin.py:109} INFO - [2023-01-21 04:04:03,740] {dag.py:2398} INFO - Sync 1 DAGs
[2023-01-21 04:04:03,762] {logging_mixin.py:109} INFO - [2023-01-21 04:04:03,762] {dag.py:2417} INFO - Creating ORM DAG for tutorial_taskflow_api_etl_virtualenv
[2023-01-21 04:04:03,788] {logging_mixin.py:109} INFO - [2023-01-21 04:04:03,788] {dag.py:2937} INFO - Setting next_dagrun for tutorial_taskflow_api_etl_virtualenv to None
[2023-01-21 04:04:03,836] {processor.py:171} INFO - Processing /home/airflow/.local/lib/python3.8/site-packages/airflow/example_dags/tutorial_taskflow_api_etl_virtualenv.py took 5.249 seconds
[2023-01-21 04:05:05,028] {processor.py:163} INFO - Started process (PID=49) to work on /home/airflow/.local/lib/python3.8/site-packages/airflow/example_dags/tutorial_taskflow_api_etl_virtualenv.py
[2023-01-21 04:05:05,031] {processor.py:642} INFO - Processing file /home/airflow/.local/lib/python3.8/site-packages/airflow/example_dags/tutorial_taskflow_api_etl_virtualenv.py for tasks to queue
[2023-01-21 04:05:05,034] {logging_mixin.py:109} INFO - [2023-01-21 04:05:05,034] {dagbag.py:500} INFO - Filling up the DagBag from /home/airflow/.local/lib/python3.8/site-packages/airflow/example_dags/tutorial_taskflow_api_etl_virtualenv.py
[2023-01-21 04:05:05,107] {processor.py:654} INFO - DAG(s) dict_keys(['tutorial_taskflow_api_etl_virtualenv']) retrieved from /home/airflow/.local/lib/python3.8/site-packages/airflow/example_dags/tutorial_taskflow_api_etl_virtualenv.py
[2023-01-21 04:05:05,373] {logging_mixin.py:109} INFO - [2023-01-21 04:05:05,373] {dag.py:2398} INFO - Sync 1 DAGs
[2023-01-21 04:05:05,496] {logging_mixin.py:109} INFO - [2023-01-21 04:05:05,496] {dag.py:2937} INFO - Setting next_dagrun for tutorial_taskflow_api_etl_virtualenv to None
[2023-01-21 04:05:05,509] {processor.py:171} INFO - Processing /home/airflow/.local/lib/python3.8/site-packages/airflow/example_dags/tutorial_taskflow_api_etl_virtualenv.py took 0.489 seconds
[2023-01-21 04:05:35,780] {processor.py:163} INFO - Started process (PID=116) to work on /home/airflow/.local/lib/python3.8/site-packages/airflow/example_dags/tutorial_taskflow_api_etl_virtualenv.py
[2023-01-21 04:05:35,781] {processor.py:642} INFO - Processing file /home/airflow/.local/lib/python3.8/site-packages/airflow/example_dags/tutorial_taskflow_api_etl_virtualenv.py for tasks to queue
[2023-01-21 04:05:35,782] {logging_mixin.py:109} INFO - [2023-01-21 04:05:35,782] {dagbag.py:500} INFO - Filling up the DagBag from /home/airflow/.local/lib/python3.8/site-packages/airflow/example_dags/tutorial_taskflow_api_etl_virtualenv.py
[2023-01-21 04:05:35,818] {processor.py:654} INFO - DAG(s) dict_keys(['tutorial_taskflow_api_etl_virtualenv']) retrieved from /home/airflow/.local/lib/python3.8/site-packages/airflow/example_dags/tutorial_taskflow_api_etl_virtualenv.py
[2023-01-21 04:05:36,095] {logging_mixin.py:109} INFO - [2023-01-21 04:05:36,095] {dag.py:2398} INFO - Sync 1 DAGs
[2023-01-21 04:05:36,111] {logging_mixin.py:109} INFO - [2023-01-21 04:05:36,111] {dag.py:2937} INFO - Setting next_dagrun for tutorial_taskflow_api_etl_virtualenv to None
[2023-01-21 04:05:36,122] {processor.py:171} INFO - Processing /home/airflow/.local/lib/python3.8/site-packages/airflow/example_dags/tutorial_taskflow_api_etl_virtualenv.py took 0.346 seconds
[2023-01-21 04:06:06,705] {processor.py:163} INFO - Started process (PID=186) to work on /home/airflow/.local/lib/python3.8/site-packages/airflow/example_dags/tutorial_taskflow_api_etl_virtualenv.py
[2023-01-21 04:06:06,708] {processor.py:642} INFO - Processing file /home/airflow/.local/lib/python3.8/site-packages/airflow/example_dags/tutorial_taskflow_api_etl_virtualenv.py for tasks to queue
[2023-01-21 04:06:06,709] {logging_mixin.py:109} INFO - [2023-01-21 04:06:06,709] {dagbag.py:500} INFO - Filling up the DagBag from /home/airflow/.local/lib/python3.8/site-packages/airflow/example_dags/tutorial_taskflow_api_etl_virtualenv.py
[2023-01-21 04:06:06,751] {processor.py:654} INFO - DAG(s) dict_keys(['tutorial_taskflow_api_etl_virtualenv']) retrieved from /home/airflow/.local/lib/python3.8/site-packages/airflow/example_dags/tutorial_taskflow_api_etl_virtualenv.py
[2023-01-21 04:06:07,065] {logging_mixin.py:109} INFO - [2023-01-21 04:06:07,064] {dag.py:2398} INFO - Sync 1 DAGs
[2023-01-21 04:06:07,089] {logging_mixin.py:109} INFO - [2023-01-21 04:06:07,089] {dag.py:2937} INFO - Setting next_dagrun for tutorial_taskflow_api_etl_virtualenv to None
[2023-01-21 04:06:07,122] {processor.py:171} INFO - Processing /home/airflow/.local/lib/python3.8/site-packages/airflow/example_dags/tutorial_taskflow_api_etl_virtualenv.py took 0.423 seconds
[2023-01-21 04:06:56,104] {processor.py:163} INFO - Started process (PID=49) to work on /home/airflow/.local/lib/python3.8/site-packages/airflow/example_dags/tutorial_taskflow_api_etl_virtualenv.py
[2023-01-21 04:06:56,106] {processor.py:642} INFO - Processing file /home/airflow/.local/lib/python3.8/site-packages/airflow/example_dags/tutorial_taskflow_api_etl_virtualenv.py for tasks to queue
[2023-01-21 04:06:56,108] {logging_mixin.py:109} INFO - [2023-01-21 04:06:56,108] {dagbag.py:500} INFO - Filling up the DagBag from /home/airflow/.local/lib/python3.8/site-packages/airflow/example_dags/tutorial_taskflow_api_etl_virtualenv.py
[2023-01-21 04:06:56,160] {processor.py:654} INFO - DAG(s) dict_keys(['tutorial_taskflow_api_etl_virtualenv']) retrieved from /home/airflow/.local/lib/python3.8/site-packages/airflow/example_dags/tutorial_taskflow_api_etl_virtualenv.py
[2023-01-21 04:06:56,414] {logging_mixin.py:109} INFO - [2023-01-21 04:06:56,414] {dag.py:2398} INFO - Sync 1 DAGs
[2023-01-21 04:06:56,530] {logging_mixin.py:109} INFO - [2023-01-21 04:06:56,530] {dag.py:2937} INFO - Setting next_dagrun for tutorial_taskflow_api_etl_virtualenv to None
[2023-01-21 04:06:56,540] {processor.py:171} INFO - Processing /home/airflow/.local/lib/python3.8/site-packages/airflow/example_dags/tutorial_taskflow_api_etl_virtualenv.py took 0.440 seconds
[2023-01-21 04:07:27,716] {processor.py:163} INFO - Started process (PID=111) to work on /home/airflow/.local/lib/python3.8/site-packages/airflow/example_dags/tutorial_taskflow_api_etl_virtualenv.py
[2023-01-21 04:07:27,718] {processor.py:642} INFO - Processing file /home/airflow/.local/lib/python3.8/site-packages/airflow/example_dags/tutorial_taskflow_api_etl_virtualenv.py for tasks to queue
[2023-01-21 04:07:27,719] {logging_mixin.py:109} INFO - [2023-01-21 04:07:27,719] {dagbag.py:500} INFO - Filling up the DagBag from /home/airflow/.local/lib/python3.8/site-packages/airflow/example_dags/tutorial_taskflow_api_etl_virtualenv.py
[2023-01-21 04:07:27,760] {processor.py:654} INFO - DAG(s) dict_keys(['tutorial_taskflow_api_etl_virtualenv']) retrieved from /home/airflow/.local/lib/python3.8/site-packages/airflow/example_dags/tutorial_taskflow_api_etl_virtualenv.py
[2023-01-21 04:07:28,047] {logging_mixin.py:109} INFO - [2023-01-21 04:07:28,047] {dag.py:2398} INFO - Sync 1 DAGs
[2023-01-21 04:07:28,062] {logging_mixin.py:109} INFO - [2023-01-21 04:07:28,061] {dag.py:2937} INFO - Setting next_dagrun for tutorial_taskflow_api_etl_virtualenv to None
[2023-01-21 04:07:28,076] {processor.py:171} INFO - Processing /home/airflow/.local/lib/python3.8/site-packages/airflow/example_dags/tutorial_taskflow_api_etl_virtualenv.py took 0.364 seconds
[2023-01-21 04:07:59,233] {processor.py:163} INFO - Started process (PID=181) to work on /home/airflow/.local/lib/python3.8/site-packages/airflow/example_dags/tutorial_taskflow_api_etl_virtualenv.py
[2023-01-21 04:07:59,235] {processor.py:642} INFO - Processing file /home/airflow/.local/lib/python3.8/site-packages/airflow/example_dags/tutorial_taskflow_api_etl_virtualenv.py for tasks to queue
[2023-01-21 04:07:59,237] {logging_mixin.py:109} INFO - [2023-01-21 04:07:59,236] {dagbag.py:500} INFO - Filling up the DagBag from /home/airflow/.local/lib/python3.8/site-packages/airflow/example_dags/tutorial_taskflow_api_etl_virtualenv.py
[2023-01-21 04:07:59,283] {processor.py:654} INFO - DAG(s) dict_keys(['tutorial_taskflow_api_etl_virtualenv']) retrieved from /home/airflow/.local/lib/python3.8/site-packages/airflow/example_dags/tutorial_taskflow_api_etl_virtualenv.py
[2023-01-21 04:07:59,566] {logging_mixin.py:109} INFO - [2023-01-21 04:07:59,566] {dag.py:2398} INFO - Sync 1 DAGs
[2023-01-21 04:07:59,581] {logging_mixin.py:109} INFO - [2023-01-21 04:07:59,581] {dag.py:2937} INFO - Setting next_dagrun for tutorial_taskflow_api_etl_virtualenv to None
[2023-01-21 04:07:59,593] {processor.py:171} INFO - Processing /home/airflow/.local/lib/python3.8/site-packages/airflow/example_dags/tutorial_taskflow_api_etl_virtualenv.py took 0.363 seconds
[2023-01-21 04:08:30,844] {processor.py:163} INFO - Started process (PID=243) to work on /home/airflow/.local/lib/python3.8/site-packages/airflow/example_dags/tutorial_taskflow_api_etl_virtualenv.py
[2023-01-21 04:08:30,847] {processor.py:642} INFO - Processing file /home/airflow/.local/lib/python3.8/site-packages/airflow/example_dags/tutorial_taskflow_api_etl_virtualenv.py for tasks to queue
[2023-01-21 04:08:30,849] {logging_mixin.py:109} INFO - [2023-01-21 04:08:30,849] {dagbag.py:500} INFO - Filling up the DagBag from /home/airflow/.local/lib/python3.8/site-packages/airflow/example_dags/tutorial_taskflow_api_etl_virtualenv.py
[2023-01-21 04:08:30,903] {processor.py:654} INFO - DAG(s) dict_keys(['tutorial_taskflow_api_etl_virtualenv']) retrieved from /home/airflow/.local/lib/python3.8/site-packages/airflow/example_dags/tutorial_taskflow_api_etl_virtualenv.py
[2023-01-21 04:08:31,226] {logging_mixin.py:109} INFO - [2023-01-21 04:08:31,225] {dag.py:2398} INFO - Sync 1 DAGs
[2023-01-21 04:08:31,241] {logging_mixin.py:109} INFO - [2023-01-21 04:08:31,241] {dag.py:2937} INFO - Setting next_dagrun for tutorial_taskflow_api_etl_virtualenv to None
[2023-01-21 04:08:31,254] {processor.py:171} INFO - Processing /home/airflow/.local/lib/python3.8/site-packages/airflow/example_dags/tutorial_taskflow_api_etl_virtualenv.py took 0.414 seconds
[2023-01-21 04:09:02,728] {processor.py:163} INFO - Started process (PID=313) to work on /home/airflow/.local/lib/python3.8/site-packages/airflow/example_dags/tutorial_taskflow_api_etl_virtualenv.py
[2023-01-21 04:09:02,733] {processor.py:642} INFO - Processing file /home/airflow/.local/lib/python3.8/site-packages/airflow/example_dags/tutorial_taskflow_api_etl_virtualenv.py for tasks to queue
[2023-01-21 04:09:02,736] {logging_mixin.py:109} INFO - [2023-01-21 04:09:02,736] {dagbag.py:500} INFO - Filling up the DagBag from /home/airflow/.local/lib/python3.8/site-packages/airflow/example_dags/tutorial_taskflow_api_etl_virtualenv.py
[2023-01-21 04:09:02,839] {processor.py:654} INFO - DAG(s) dict_keys(['tutorial_taskflow_api_etl_virtualenv']) retrieved from /home/airflow/.local/lib/python3.8/site-packages/airflow/example_dags/tutorial_taskflow_api_etl_virtualenv.py
[2023-01-21 04:09:03,236] {logging_mixin.py:109} INFO - [2023-01-21 04:09:03,235] {dag.py:2398} INFO - Sync 1 DAGs
[2023-01-21 04:09:03,253] {logging_mixin.py:109} INFO - [2023-01-21 04:09:03,253] {dag.py:2937} INFO - Setting next_dagrun for tutorial_taskflow_api_etl_virtualenv to None
[2023-01-21 04:09:03,269] {processor.py:171} INFO - Processing /home/airflow/.local/lib/python3.8/site-packages/airflow/example_dags/tutorial_taskflow_api_etl_virtualenv.py took 0.549 seconds
[2023-01-21 04:09:33,991] {processor.py:163} INFO - Started process (PID=376) to work on /home/airflow/.local/lib/python3.8/site-packages/airflow/example_dags/tutorial_taskflow_api_etl_virtualenv.py
[2023-01-21 04:09:33,993] {processor.py:642} INFO - Processing file /home/airflow/.local/lib/python3.8/site-packages/airflow/example_dags/tutorial_taskflow_api_etl_virtualenv.py for tasks to queue
[2023-01-21 04:09:33,995] {logging_mixin.py:109} INFO - [2023-01-21 04:09:33,995] {dagbag.py:500} INFO - Filling up the DagBag from /home/airflow/.local/lib/python3.8/site-packages/airflow/example_dags/tutorial_taskflow_api_etl_virtualenv.py
[2023-01-21 04:09:34,034] {processor.py:654} INFO - DAG(s) dict_keys(['tutorial_taskflow_api_etl_virtualenv']) retrieved from /home/airflow/.local/lib/python3.8/site-packages/airflow/example_dags/tutorial_taskflow_api_etl_virtualenv.py
[2023-01-21 04:09:34,331] {logging_mixin.py:109} INFO - [2023-01-21 04:09:34,330] {dag.py:2398} INFO - Sync 1 DAGs
[2023-01-21 04:09:34,344] {logging_mixin.py:109} INFO - [2023-01-21 04:09:34,344] {dag.py:2937} INFO - Setting next_dagrun for tutorial_taskflow_api_etl_virtualenv to None
[2023-01-21 04:09:34,356] {processor.py:171} INFO - Processing /home/airflow/.local/lib/python3.8/site-packages/airflow/example_dags/tutorial_taskflow_api_etl_virtualenv.py took 0.369 seconds
[2023-01-21 04:10:05,836] {processor.py:163} INFO - Started process (PID=445) to work on /home/airflow/.local/lib/python3.8/site-packages/airflow/example_dags/tutorial_taskflow_api_etl_virtualenv.py
[2023-01-21 04:10:05,839] {processor.py:642} INFO - Processing file /home/airflow/.local/lib/python3.8/site-packages/airflow/example_dags/tutorial_taskflow_api_etl_virtualenv.py for tasks to queue
[2023-01-21 04:10:05,841] {logging_mixin.py:109} INFO - [2023-01-21 04:10:05,840] {dagbag.py:500} INFO - Filling up the DagBag from /home/airflow/.local/lib/python3.8/site-packages/airflow/example_dags/tutorial_taskflow_api_etl_virtualenv.py
[2023-01-21 04:10:05,902] {processor.py:654} INFO - DAG(s) dict_keys(['tutorial_taskflow_api_etl_virtualenv']) retrieved from /home/airflow/.local/lib/python3.8/site-packages/airflow/example_dags/tutorial_taskflow_api_etl_virtualenv.py
[2023-01-21 04:10:06,270] {logging_mixin.py:109} INFO - [2023-01-21 04:10:06,270] {dag.py:2398} INFO - Sync 1 DAGs
[2023-01-21 04:10:06,285] {logging_mixin.py:109} INFO - [2023-01-21 04:10:06,285] {dag.py:2937} INFO - Setting next_dagrun for tutorial_taskflow_api_etl_virtualenv to None
[2023-01-21 04:10:06,298] {processor.py:171} INFO - Processing /home/airflow/.local/lib/python3.8/site-packages/airflow/example_dags/tutorial_taskflow_api_etl_virtualenv.py took 0.466 seconds
[2023-01-21 04:10:36,873] {processor.py:163} INFO - Started process (PID=507) to work on /home/airflow/.local/lib/python3.8/site-packages/airflow/example_dags/tutorial_taskflow_api_etl_virtualenv.py
[2023-01-21 04:10:36,875] {processor.py:642} INFO - Processing file /home/airflow/.local/lib/python3.8/site-packages/airflow/example_dags/tutorial_taskflow_api_etl_virtualenv.py for tasks to queue
[2023-01-21 04:10:36,877] {logging_mixin.py:109} INFO - [2023-01-21 04:10:36,877] {dagbag.py:500} INFO - Filling up the DagBag from /home/airflow/.local/lib/python3.8/site-packages/airflow/example_dags/tutorial_taskflow_api_etl_virtualenv.py
[2023-01-21 04:10:36,930] {processor.py:654} INFO - DAG(s) dict_keys(['tutorial_taskflow_api_etl_virtualenv']) retrieved from /home/airflow/.local/lib/python3.8/site-packages/airflow/example_dags/tutorial_taskflow_api_etl_virtualenv.py
[2023-01-21 04:10:37,286] {logging_mixin.py:109} INFO - [2023-01-21 04:10:37,286] {dag.py:2398} INFO - Sync 1 DAGs
[2023-01-21 04:10:37,301] {logging_mixin.py:109} INFO - [2023-01-21 04:10:37,301] {dag.py:2937} INFO - Setting next_dagrun for tutorial_taskflow_api_etl_virtualenv to None
[2023-01-21 04:10:37,312] {processor.py:171} INFO - Processing /home/airflow/.local/lib/python3.8/site-packages/airflow/example_dags/tutorial_taskflow_api_etl_virtualenv.py took 0.444 seconds
[2023-01-21 04:11:08,357] {processor.py:163} INFO - Started process (PID=579) to work on /home/airflow/.local/lib/python3.8/site-packages/airflow/example_dags/tutorial_taskflow_api_etl_virtualenv.py
[2023-01-21 04:11:08,359] {processor.py:642} INFO - Processing file /home/airflow/.local/lib/python3.8/site-packages/airflow/example_dags/tutorial_taskflow_api_etl_virtualenv.py for tasks to queue
[2023-01-21 04:11:08,361] {logging_mixin.py:109} INFO - [2023-01-21 04:11:08,361] {dagbag.py:500} INFO - Filling up the DagBag from /home/airflow/.local/lib/python3.8/site-packages/airflow/example_dags/tutorial_taskflow_api_etl_virtualenv.py
[2023-01-21 04:11:08,402] {processor.py:654} INFO - DAG(s) dict_keys(['tutorial_taskflow_api_etl_virtualenv']) retrieved from /home/airflow/.local/lib/python3.8/site-packages/airflow/example_dags/tutorial_taskflow_api_etl_virtualenv.py
[2023-01-21 04:11:08,669] {logging_mixin.py:109} INFO - [2023-01-21 04:11:08,668] {dag.py:2398} INFO - Sync 1 DAGs
[2023-01-21 04:11:08,683] {logging_mixin.py:109} INFO - [2023-01-21 04:11:08,682] {dag.py:2937} INFO - Setting next_dagrun for tutorial_taskflow_api_etl_virtualenv to None
[2023-01-21 04:11:08,694] {processor.py:171} INFO - Processing /home/airflow/.local/lib/python3.8/site-packages/airflow/example_dags/tutorial_taskflow_api_etl_virtualenv.py took 0.340 seconds
[2023-01-21 04:11:39,998] {processor.py:163} INFO - Started process (PID=638) to work on /home/airflow/.local/lib/python3.8/site-packages/airflow/example_dags/tutorial_taskflow_api_etl_virtualenv.py
[2023-01-21 04:11:40,001] {processor.py:642} INFO - Processing file /home/airflow/.local/lib/python3.8/site-packages/airflow/example_dags/tutorial_taskflow_api_etl_virtualenv.py for tasks to queue
[2023-01-21 04:11:40,003] {logging_mixin.py:109} INFO - [2023-01-21 04:11:40,003] {dagbag.py:500} INFO - Filling up the DagBag from /home/airflow/.local/lib/python3.8/site-packages/airflow/example_dags/tutorial_taskflow_api_etl_virtualenv.py
[2023-01-21 04:11:40,062] {processor.py:654} INFO - DAG(s) dict_keys(['tutorial_taskflow_api_etl_virtualenv']) retrieved from /home/airflow/.local/lib/python3.8/site-packages/airflow/example_dags/tutorial_taskflow_api_etl_virtualenv.py
[2023-01-21 04:11:40,423] {logging_mixin.py:109} INFO - [2023-01-21 04:11:40,422] {dag.py:2398} INFO - Sync 1 DAGs
[2023-01-21 04:11:40,437] {logging_mixin.py:109} INFO - [2023-01-21 04:11:40,437] {dag.py:2937} INFO - Setting next_dagrun for tutorial_taskflow_api_etl_virtualenv to None
[2023-01-21 04:11:40,449] {processor.py:171} INFO - Processing /home/airflow/.local/lib/python3.8/site-packages/airflow/example_dags/tutorial_taskflow_api_etl_virtualenv.py took 0.456 seconds
[2023-01-21 04:12:11,020] {processor.py:163} INFO - Started process (PID=699) to work on /home/airflow/.local/lib/python3.8/site-packages/airflow/example_dags/tutorial_taskflow_api_etl_virtualenv.py
[2023-01-21 04:12:11,022] {processor.py:642} INFO - Processing file /home/airflow/.local/lib/python3.8/site-packages/airflow/example_dags/tutorial_taskflow_api_etl_virtualenv.py for tasks to queue
[2023-01-21 04:12:11,024] {logging_mixin.py:109} INFO - [2023-01-21 04:12:11,024] {dagbag.py:500} INFO - Filling up the DagBag from /home/airflow/.local/lib/python3.8/site-packages/airflow/example_dags/tutorial_taskflow_api_etl_virtualenv.py
[2023-01-21 04:12:11,069] {processor.py:654} INFO - DAG(s) dict_keys(['tutorial_taskflow_api_etl_virtualenv']) retrieved from /home/airflow/.local/lib/python3.8/site-packages/airflow/example_dags/tutorial_taskflow_api_etl_virtualenv.py
[2023-01-21 04:12:11,429] {logging_mixin.py:109} INFO - [2023-01-21 04:12:11,429] {dag.py:2398} INFO - Sync 1 DAGs
[2023-01-21 04:12:11,443] {logging_mixin.py:109} INFO - [2023-01-21 04:12:11,443] {dag.py:2937} INFO - Setting next_dagrun for tutorial_taskflow_api_etl_virtualenv to None
[2023-01-21 04:12:11,452] {processor.py:171} INFO - Processing /home/airflow/.local/lib/python3.8/site-packages/airflow/example_dags/tutorial_taskflow_api_etl_virtualenv.py took 0.436 seconds
[2023-01-21 04:12:41,515] {processor.py:163} INFO - Started process (PID=783) to work on /home/airflow/.local/lib/python3.8/site-packages/airflow/example_dags/tutorial_taskflow_api_etl_virtualenv.py
[2023-01-21 04:12:41,517] {processor.py:642} INFO - Processing file /home/airflow/.local/lib/python3.8/site-packages/airflow/example_dags/tutorial_taskflow_api_etl_virtualenv.py for tasks to queue
[2023-01-21 04:12:41,519] {logging_mixin.py:109} INFO - [2023-01-21 04:12:41,519] {dagbag.py:500} INFO - Filling up the DagBag from /home/airflow/.local/lib/python3.8/site-packages/airflow/example_dags/tutorial_taskflow_api_etl_virtualenv.py
[2023-01-21 04:12:41,564] {processor.py:654} INFO - DAG(s) dict_keys(['tutorial_taskflow_api_etl_virtualenv']) retrieved from /home/airflow/.local/lib/python3.8/site-packages/airflow/example_dags/tutorial_taskflow_api_etl_virtualenv.py
[2023-01-21 04:12:41,964] {logging_mixin.py:109} INFO - [2023-01-21 04:12:41,964] {dag.py:2398} INFO - Sync 1 DAGs
[2023-01-21 04:12:41,984] {logging_mixin.py:109} INFO - [2023-01-21 04:12:41,983] {dag.py:2937} INFO - Setting next_dagrun for tutorial_taskflow_api_etl_virtualenv to None
[2023-01-21 04:12:41,996] {processor.py:171} INFO - Processing /home/airflow/.local/lib/python3.8/site-packages/airflow/example_dags/tutorial_taskflow_api_etl_virtualenv.py took 0.488 seconds
[2023-01-21 04:13:12,602] {processor.py:163} INFO - Started process (PID=845) to work on /home/airflow/.local/lib/python3.8/site-packages/airflow/example_dags/tutorial_taskflow_api_etl_virtualenv.py
[2023-01-21 04:13:12,605] {processor.py:642} INFO - Processing file /home/airflow/.local/lib/python3.8/site-packages/airflow/example_dags/tutorial_taskflow_api_etl_virtualenv.py for tasks to queue
[2023-01-21 04:13:12,606] {logging_mixin.py:109} INFO - [2023-01-21 04:13:12,606] {dagbag.py:500} INFO - Filling up the DagBag from /home/airflow/.local/lib/python3.8/site-packages/airflow/example_dags/tutorial_taskflow_api_etl_virtualenv.py
[2023-01-21 04:13:12,649] {processor.py:654} INFO - DAG(s) dict_keys(['tutorial_taskflow_api_etl_virtualenv']) retrieved from /home/airflow/.local/lib/python3.8/site-packages/airflow/example_dags/tutorial_taskflow_api_etl_virtualenv.py
[2023-01-21 04:13:12,970] {logging_mixin.py:109} INFO - [2023-01-21 04:13:12,970] {dag.py:2398} INFO - Sync 1 DAGs
[2023-01-21 04:13:13,008] {logging_mixin.py:109} INFO - [2023-01-21 04:13:13,008] {dag.py:2937} INFO - Setting next_dagrun for tutorial_taskflow_api_etl_virtualenv to None
[2023-01-21 04:13:13,038] {processor.py:171} INFO - Processing /home/airflow/.local/lib/python3.8/site-packages/airflow/example_dags/tutorial_taskflow_api_etl_virtualenv.py took 0.440 seconds
[2023-01-21 04:13:43,302] {processor.py:163} INFO - Started process (PID=907) to work on /home/airflow/.local/lib/python3.8/site-packages/airflow/example_dags/tutorial_taskflow_api_etl_virtualenv.py
[2023-01-21 04:13:43,305] {processor.py:642} INFO - Processing file /home/airflow/.local/lib/python3.8/site-packages/airflow/example_dags/tutorial_taskflow_api_etl_virtualenv.py for tasks to queue
[2023-01-21 04:13:43,306] {logging_mixin.py:109} INFO - [2023-01-21 04:13:43,306] {dagbag.py:500} INFO - Filling up the DagBag from /home/airflow/.local/lib/python3.8/site-packages/airflow/example_dags/tutorial_taskflow_api_etl_virtualenv.py
[2023-01-21 04:13:43,354] {processor.py:654} INFO - DAG(s) dict_keys(['tutorial_taskflow_api_etl_virtualenv']) retrieved from /home/airflow/.local/lib/python3.8/site-packages/airflow/example_dags/tutorial_taskflow_api_etl_virtualenv.py
[2023-01-21 04:13:43,736] {logging_mixin.py:109} INFO - [2023-01-21 04:13:43,736] {dag.py:2398} INFO - Sync 1 DAGs
[2023-01-21 04:13:43,764] {logging_mixin.py:109} INFO - [2023-01-21 04:13:43,764] {dag.py:2937} INFO - Setting next_dagrun for tutorial_taskflow_api_etl_virtualenv to None
[2023-01-21 04:13:43,814] {processor.py:171} INFO - Processing /home/airflow/.local/lib/python3.8/site-packages/airflow/example_dags/tutorial_taskflow_api_etl_virtualenv.py took 0.518 seconds
[2023-01-21 04:14:13,953] {processor.py:163} INFO - Started process (PID=980) to work on /home/airflow/.local/lib/python3.8/site-packages/airflow/example_dags/tutorial_taskflow_api_etl_virtualenv.py
[2023-01-21 04:14:13,955] {processor.py:642} INFO - Processing file /home/airflow/.local/lib/python3.8/site-packages/airflow/example_dags/tutorial_taskflow_api_etl_virtualenv.py for tasks to queue
[2023-01-21 04:14:13,956] {logging_mixin.py:109} INFO - [2023-01-21 04:14:13,956] {dagbag.py:500} INFO - Filling up the DagBag from /home/airflow/.local/lib/python3.8/site-packages/airflow/example_dags/tutorial_taskflow_api_etl_virtualenv.py
[2023-01-21 04:14:13,993] {processor.py:654} INFO - DAG(s) dict_keys(['tutorial_taskflow_api_etl_virtualenv']) retrieved from /home/airflow/.local/lib/python3.8/site-packages/airflow/example_dags/tutorial_taskflow_api_etl_virtualenv.py
[2023-01-21 04:14:14,252] {logging_mixin.py:109} INFO - [2023-01-21 04:14:14,252] {dag.py:2398} INFO - Sync 1 DAGs
[2023-01-21 04:14:14,266] {logging_mixin.py:109} INFO - [2023-01-21 04:14:14,266] {dag.py:2937} INFO - Setting next_dagrun for tutorial_taskflow_api_etl_virtualenv to None
[2023-01-21 04:14:14,277] {processor.py:171} INFO - Processing /home/airflow/.local/lib/python3.8/site-packages/airflow/example_dags/tutorial_taskflow_api_etl_virtualenv.py took 0.328 seconds
[2023-01-21 04:14:44,529] {processor.py:163} INFO - Started process (PID=1039) to work on /home/airflow/.local/lib/python3.8/site-packages/airflow/example_dags/tutorial_taskflow_api_etl_virtualenv.py
[2023-01-21 04:14:44,531] {processor.py:642} INFO - Processing file /home/airflow/.local/lib/python3.8/site-packages/airflow/example_dags/tutorial_taskflow_api_etl_virtualenv.py for tasks to queue
[2023-01-21 04:14:44,532] {logging_mixin.py:109} INFO - [2023-01-21 04:14:44,532] {dagbag.py:500} INFO - Filling up the DagBag from /home/airflow/.local/lib/python3.8/site-packages/airflow/example_dags/tutorial_taskflow_api_etl_virtualenv.py
[2023-01-21 04:14:44,572] {processor.py:654} INFO - DAG(s) dict_keys(['tutorial_taskflow_api_etl_virtualenv']) retrieved from /home/airflow/.local/lib/python3.8/site-packages/airflow/example_dags/tutorial_taskflow_api_etl_virtualenv.py
[2023-01-21 04:14:44,870] {logging_mixin.py:109} INFO - [2023-01-21 04:14:44,870] {dag.py:2398} INFO - Sync 1 DAGs
[2023-01-21 04:14:44,884] {logging_mixin.py:109} INFO - [2023-01-21 04:14:44,883] {dag.py:2937} INFO - Setting next_dagrun for tutorial_taskflow_api_etl_virtualenv to None
[2023-01-21 04:14:44,896] {processor.py:171} INFO - Processing /home/airflow/.local/lib/python3.8/site-packages/airflow/example_dags/tutorial_taskflow_api_etl_virtualenv.py took 0.372 seconds
[2023-01-21 04:15:15,005] {processor.py:163} INFO - Started process (PID=1104) to work on /home/airflow/.local/lib/python3.8/site-packages/airflow/example_dags/tutorial_taskflow_api_etl_virtualenv.py
[2023-01-21 04:15:15,007] {processor.py:642} INFO - Processing file /home/airflow/.local/lib/python3.8/site-packages/airflow/example_dags/tutorial_taskflow_api_etl_virtualenv.py for tasks to queue
[2023-01-21 04:15:15,009] {logging_mixin.py:109} INFO - [2023-01-21 04:15:15,009] {dagbag.py:500} INFO - Filling up the DagBag from /home/airflow/.local/lib/python3.8/site-packages/airflow/example_dags/tutorial_taskflow_api_etl_virtualenv.py
[2023-01-21 04:15:15,058] {processor.py:654} INFO - DAG(s) dict_keys(['tutorial_taskflow_api_etl_virtualenv']) retrieved from /home/airflow/.local/lib/python3.8/site-packages/airflow/example_dags/tutorial_taskflow_api_etl_virtualenv.py
[2023-01-21 04:15:15,366] {logging_mixin.py:109} INFO - [2023-01-21 04:15:15,366] {dag.py:2398} INFO - Sync 1 DAGs
[2023-01-21 04:15:15,380] {logging_mixin.py:109} INFO - [2023-01-21 04:15:15,380] {dag.py:2937} INFO - Setting next_dagrun for tutorial_taskflow_api_etl_virtualenv to None
[2023-01-21 04:15:15,391] {processor.py:171} INFO - Processing /home/airflow/.local/lib/python3.8/site-packages/airflow/example_dags/tutorial_taskflow_api_etl_virtualenv.py took 0.390 seconds
[2023-01-21 04:15:45,464] {processor.py:163} INFO - Started process (PID=1178) to work on /home/airflow/.local/lib/python3.8/site-packages/airflow/example_dags/tutorial_taskflow_api_etl_virtualenv.py
[2023-01-21 04:15:45,468] {processor.py:642} INFO - Processing file /home/airflow/.local/lib/python3.8/site-packages/airflow/example_dags/tutorial_taskflow_api_etl_virtualenv.py for tasks to queue
[2023-01-21 04:15:45,469] {logging_mixin.py:109} INFO - [2023-01-21 04:15:45,469] {dagbag.py:500} INFO - Filling up the DagBag from /home/airflow/.local/lib/python3.8/site-packages/airflow/example_dags/tutorial_taskflow_api_etl_virtualenv.py
[2023-01-21 04:15:45,513] {processor.py:654} INFO - DAG(s) dict_keys(['tutorial_taskflow_api_etl_virtualenv']) retrieved from /home/airflow/.local/lib/python3.8/site-packages/airflow/example_dags/tutorial_taskflow_api_etl_virtualenv.py
[2023-01-21 04:15:45,861] {logging_mixin.py:109} INFO - [2023-01-21 04:15:45,860] {dag.py:2398} INFO - Sync 1 DAGs
[2023-01-21 04:15:45,879] {logging_mixin.py:109} INFO - [2023-01-21 04:15:45,879] {dag.py:2937} INFO - Setting next_dagrun for tutorial_taskflow_api_etl_virtualenv to None
[2023-01-21 04:15:45,893] {processor.py:171} INFO - Processing /home/airflow/.local/lib/python3.8/site-packages/airflow/example_dags/tutorial_taskflow_api_etl_virtualenv.py took 0.436 seconds
[2023-01-21 04:16:16,096] {processor.py:163} INFO - Started process (PID=1250) to work on /home/airflow/.local/lib/python3.8/site-packages/airflow/example_dags/tutorial_taskflow_api_etl_virtualenv.py
[2023-01-21 04:16:16,098] {processor.py:642} INFO - Processing file /home/airflow/.local/lib/python3.8/site-packages/airflow/example_dags/tutorial_taskflow_api_etl_virtualenv.py for tasks to queue
[2023-01-21 04:16:16,100] {logging_mixin.py:109} INFO - [2023-01-21 04:16:16,100] {dagbag.py:500} INFO - Filling up the DagBag from /home/airflow/.local/lib/python3.8/site-packages/airflow/example_dags/tutorial_taskflow_api_etl_virtualenv.py
[2023-01-21 04:16:16,143] {processor.py:654} INFO - DAG(s) dict_keys(['tutorial_taskflow_api_etl_virtualenv']) retrieved from /home/airflow/.local/lib/python3.8/site-packages/airflow/example_dags/tutorial_taskflow_api_etl_virtualenv.py
[2023-01-21 04:16:16,438] {logging_mixin.py:109} INFO - [2023-01-21 04:16:16,438] {dag.py:2398} INFO - Sync 1 DAGs
[2023-01-21 04:16:16,450] {logging_mixin.py:109} INFO - [2023-01-21 04:16:16,450] {dag.py:2937} INFO - Setting next_dagrun for tutorial_taskflow_api_etl_virtualenv to None
[2023-01-21 04:16:16,460] {processor.py:171} INFO - Processing /home/airflow/.local/lib/python3.8/site-packages/airflow/example_dags/tutorial_taskflow_api_etl_virtualenv.py took 0.368 seconds
[2023-01-21 04:16:46,676] {processor.py:163} INFO - Started process (PID=1311) to work on /home/airflow/.local/lib/python3.8/site-packages/airflow/example_dags/tutorial_taskflow_api_etl_virtualenv.py
[2023-01-21 04:16:46,678] {processor.py:642} INFO - Processing file /home/airflow/.local/lib/python3.8/site-packages/airflow/example_dags/tutorial_taskflow_api_etl_virtualenv.py for tasks to queue
[2023-01-21 04:16:46,679] {logging_mixin.py:109} INFO - [2023-01-21 04:16:46,679] {dagbag.py:500} INFO - Filling up the DagBag from /home/airflow/.local/lib/python3.8/site-packages/airflow/example_dags/tutorial_taskflow_api_etl_virtualenv.py
[2023-01-21 04:16:46,721] {processor.py:654} INFO - DAG(s) dict_keys(['tutorial_taskflow_api_etl_virtualenv']) retrieved from /home/airflow/.local/lib/python3.8/site-packages/airflow/example_dags/tutorial_taskflow_api_etl_virtualenv.py
[2023-01-21 04:16:47,050] {logging_mixin.py:109} INFO - [2023-01-21 04:16:47,050] {dag.py:2398} INFO - Sync 1 DAGs
[2023-01-21 04:16:47,069] {logging_mixin.py:109} INFO - [2023-01-21 04:16:47,068] {dag.py:2937} INFO - Setting next_dagrun for tutorial_taskflow_api_etl_virtualenv to None
[2023-01-21 04:16:47,085] {processor.py:171} INFO - Processing /home/airflow/.local/lib/python3.8/site-packages/airflow/example_dags/tutorial_taskflow_api_etl_virtualenv.py took 0.411 seconds
[2023-01-21 04:17:17,163] {processor.py:163} INFO - Started process (PID=1372) to work on /home/airflow/.local/lib/python3.8/site-packages/airflow/example_dags/tutorial_taskflow_api_etl_virtualenv.py
[2023-01-21 04:17:17,180] {processor.py:642} INFO - Processing file /home/airflow/.local/lib/python3.8/site-packages/airflow/example_dags/tutorial_taskflow_api_etl_virtualenv.py for tasks to queue
[2023-01-21 04:17:17,181] {logging_mixin.py:109} INFO - [2023-01-21 04:17:17,181] {dagbag.py:500} INFO - Filling up the DagBag from /home/airflow/.local/lib/python3.8/site-packages/airflow/example_dags/tutorial_taskflow_api_etl_virtualenv.py
[2023-01-21 04:17:17,221] {processor.py:654} INFO - DAG(s) dict_keys(['tutorial_taskflow_api_etl_virtualenv']) retrieved from /home/airflow/.local/lib/python3.8/site-packages/airflow/example_dags/tutorial_taskflow_api_etl_virtualenv.py
[2023-01-21 04:17:17,546] {logging_mixin.py:109} INFO - [2023-01-21 04:17:17,546] {dag.py:2398} INFO - Sync 1 DAGs
[2023-01-21 04:17:17,559] {logging_mixin.py:109} INFO - [2023-01-21 04:17:17,559] {dag.py:2937} INFO - Setting next_dagrun for tutorial_taskflow_api_etl_virtualenv to None
[2023-01-21 04:17:17,568] {processor.py:171} INFO - Processing /home/airflow/.local/lib/python3.8/site-packages/airflow/example_dags/tutorial_taskflow_api_etl_virtualenv.py took 0.410 seconds
[2023-01-21 04:17:47,731] {processor.py:163} INFO - Started process (PID=1434) to work on /home/airflow/.local/lib/python3.8/site-packages/airflow/example_dags/tutorial_taskflow_api_etl_virtualenv.py
[2023-01-21 04:17:47,734] {processor.py:642} INFO - Processing file /home/airflow/.local/lib/python3.8/site-packages/airflow/example_dags/tutorial_taskflow_api_etl_virtualenv.py for tasks to queue
[2023-01-21 04:17:47,735] {logging_mixin.py:109} INFO - [2023-01-21 04:17:47,735] {dagbag.py:500} INFO - Filling up the DagBag from /home/airflow/.local/lib/python3.8/site-packages/airflow/example_dags/tutorial_taskflow_api_etl_virtualenv.py
[2023-01-21 04:17:47,777] {processor.py:654} INFO - DAG(s) dict_keys(['tutorial_taskflow_api_etl_virtualenv']) retrieved from /home/airflow/.local/lib/python3.8/site-packages/airflow/example_dags/tutorial_taskflow_api_etl_virtualenv.py
[2023-01-21 04:17:48,095] {logging_mixin.py:109} INFO - [2023-01-21 04:17:48,095] {dag.py:2398} INFO - Sync 1 DAGs
[2023-01-21 04:17:48,109] {logging_mixin.py:109} INFO - [2023-01-21 04:17:48,109] {dag.py:2937} INFO - Setting next_dagrun for tutorial_taskflow_api_etl_virtualenv to None
[2023-01-21 04:17:48,120] {processor.py:171} INFO - Processing /home/airflow/.local/lib/python3.8/site-packages/airflow/example_dags/tutorial_taskflow_api_etl_virtualenv.py took 0.393 seconds
[2023-01-21 04:18:18,564] {processor.py:163} INFO - Started process (PID=1504) to work on /home/airflow/.local/lib/python3.8/site-packages/airflow/example_dags/tutorial_taskflow_api_etl_virtualenv.py
[2023-01-21 04:18:18,567] {processor.py:642} INFO - Processing file /home/airflow/.local/lib/python3.8/site-packages/airflow/example_dags/tutorial_taskflow_api_etl_virtualenv.py for tasks to queue
[2023-01-21 04:18:18,568] {logging_mixin.py:109} INFO - [2023-01-21 04:18:18,568] {dagbag.py:500} INFO - Filling up the DagBag from /home/airflow/.local/lib/python3.8/site-packages/airflow/example_dags/tutorial_taskflow_api_etl_virtualenv.py
[2023-01-21 04:18:18,618] {processor.py:654} INFO - DAG(s) dict_keys(['tutorial_taskflow_api_etl_virtualenv']) retrieved from /home/airflow/.local/lib/python3.8/site-packages/airflow/example_dags/tutorial_taskflow_api_etl_virtualenv.py
[2023-01-21 04:18:18,926] {logging_mixin.py:109} INFO - [2023-01-21 04:18:18,926] {dag.py:2398} INFO - Sync 1 DAGs
[2023-01-21 04:18:18,940] {logging_mixin.py:109} INFO - [2023-01-21 04:18:18,940] {dag.py:2937} INFO - Setting next_dagrun for tutorial_taskflow_api_etl_virtualenv to None
[2023-01-21 04:18:18,950] {processor.py:171} INFO - Processing /home/airflow/.local/lib/python3.8/site-packages/airflow/example_dags/tutorial_taskflow_api_etl_virtualenv.py took 0.391 seconds
[2023-01-21 04:18:48,981] {processor.py:163} INFO - Started process (PID=1569) to work on /home/airflow/.local/lib/python3.8/site-packages/airflow/example_dags/tutorial_taskflow_api_etl_virtualenv.py
[2023-01-21 04:18:48,983] {processor.py:642} INFO - Processing file /home/airflow/.local/lib/python3.8/site-packages/airflow/example_dags/tutorial_taskflow_api_etl_virtualenv.py for tasks to queue
[2023-01-21 04:18:48,984] {logging_mixin.py:109} INFO - [2023-01-21 04:18:48,984] {dagbag.py:500} INFO - Filling up the DagBag from /home/airflow/.local/lib/python3.8/site-packages/airflow/example_dags/tutorial_taskflow_api_etl_virtualenv.py
[2023-01-21 04:18:49,023] {processor.py:654} INFO - DAG(s) dict_keys(['tutorial_taskflow_api_etl_virtualenv']) retrieved from /home/airflow/.local/lib/python3.8/site-packages/airflow/example_dags/tutorial_taskflow_api_etl_virtualenv.py
[2023-01-21 04:18:49,355] {logging_mixin.py:109} INFO - [2023-01-21 04:18:49,355] {dag.py:2398} INFO - Sync 1 DAGs
[2023-01-21 04:18:49,372] {logging_mixin.py:109} INFO - [2023-01-21 04:18:49,371] {dag.py:2937} INFO - Setting next_dagrun for tutorial_taskflow_api_etl_virtualenv to None
[2023-01-21 04:18:49,384] {processor.py:171} INFO - Processing /home/airflow/.local/lib/python3.8/site-packages/airflow/example_dags/tutorial_taskflow_api_etl_virtualenv.py took 0.407 seconds
[2023-01-21 04:19:20,316] {processor.py:163} INFO - Started process (PID=1639) to work on /home/airflow/.local/lib/python3.8/site-packages/airflow/example_dags/tutorial_taskflow_api_etl_virtualenv.py
[2023-01-21 04:19:20,319] {processor.py:642} INFO - Processing file /home/airflow/.local/lib/python3.8/site-packages/airflow/example_dags/tutorial_taskflow_api_etl_virtualenv.py for tasks to queue
[2023-01-21 04:19:20,321] {logging_mixin.py:109} INFO - [2023-01-21 04:19:20,320] {dagbag.py:500} INFO - Filling up the DagBag from /home/airflow/.local/lib/python3.8/site-packages/airflow/example_dags/tutorial_taskflow_api_etl_virtualenv.py
[2023-01-21 04:19:20,365] {processor.py:654} INFO - DAG(s) dict_keys(['tutorial_taskflow_api_etl_virtualenv']) retrieved from /home/airflow/.local/lib/python3.8/site-packages/airflow/example_dags/tutorial_taskflow_api_etl_virtualenv.py
[2023-01-21 04:19:20,663] {logging_mixin.py:109} INFO - [2023-01-21 04:19:20,663] {dag.py:2398} INFO - Sync 1 DAGs
[2023-01-21 04:19:20,682] {logging_mixin.py:109} INFO - [2023-01-21 04:19:20,682] {dag.py:2937} INFO - Setting next_dagrun for tutorial_taskflow_api_etl_virtualenv to None
[2023-01-21 04:19:20,694] {processor.py:171} INFO - Processing /home/airflow/.local/lib/python3.8/site-packages/airflow/example_dags/tutorial_taskflow_api_etl_virtualenv.py took 0.382 seconds
[2023-01-21 04:19:50,860] {processor.py:163} INFO - Started process (PID=1701) to work on /home/airflow/.local/lib/python3.8/site-packages/airflow/example_dags/tutorial_taskflow_api_etl_virtualenv.py
[2023-01-21 04:19:50,863] {processor.py:642} INFO - Processing file /home/airflow/.local/lib/python3.8/site-packages/airflow/example_dags/tutorial_taskflow_api_etl_virtualenv.py for tasks to queue
[2023-01-21 04:19:50,867] {logging_mixin.py:109} INFO - [2023-01-21 04:19:50,866] {dagbag.py:500} INFO - Filling up the DagBag from /home/airflow/.local/lib/python3.8/site-packages/airflow/example_dags/tutorial_taskflow_api_etl_virtualenv.py
[2023-01-21 04:19:50,936] {processor.py:654} INFO - DAG(s) dict_keys(['tutorial_taskflow_api_etl_virtualenv']) retrieved from /home/airflow/.local/lib/python3.8/site-packages/airflow/example_dags/tutorial_taskflow_api_etl_virtualenv.py
[2023-01-21 04:19:51,408] {logging_mixin.py:109} INFO - [2023-01-21 04:19:51,408] {dag.py:2398} INFO - Sync 1 DAGs
[2023-01-21 04:19:51,435] {logging_mixin.py:109} INFO - [2023-01-21 04:19:51,435] {dag.py:2937} INFO - Setting next_dagrun for tutorial_taskflow_api_etl_virtualenv to None
[2023-01-21 04:19:51,451] {processor.py:171} INFO - Processing /home/airflow/.local/lib/python3.8/site-packages/airflow/example_dags/tutorial_taskflow_api_etl_virtualenv.py took 0.597 seconds
[2023-01-21 04:20:21,490] {processor.py:163} INFO - Started process (PID=1763) to work on /home/airflow/.local/lib/python3.8/site-packages/airflow/example_dags/tutorial_taskflow_api_etl_virtualenv.py
[2023-01-21 04:20:21,492] {processor.py:642} INFO - Processing file /home/airflow/.local/lib/python3.8/site-packages/airflow/example_dags/tutorial_taskflow_api_etl_virtualenv.py for tasks to queue
[2023-01-21 04:20:21,493] {logging_mixin.py:109} INFO - [2023-01-21 04:20:21,493] {dagbag.py:500} INFO - Filling up the DagBag from /home/airflow/.local/lib/python3.8/site-packages/airflow/example_dags/tutorial_taskflow_api_etl_virtualenv.py
[2023-01-21 04:20:21,532] {processor.py:654} INFO - DAG(s) dict_keys(['tutorial_taskflow_api_etl_virtualenv']) retrieved from /home/airflow/.local/lib/python3.8/site-packages/airflow/example_dags/tutorial_taskflow_api_etl_virtualenv.py
[2023-01-21 04:20:21,878] {logging_mixin.py:109} INFO - [2023-01-21 04:20:21,878] {dag.py:2398} INFO - Sync 1 DAGs
[2023-01-21 04:20:21,897] {logging_mixin.py:109} INFO - [2023-01-21 04:20:21,896] {dag.py:2937} INFO - Setting next_dagrun for tutorial_taskflow_api_etl_virtualenv to None
[2023-01-21 04:20:21,909] {processor.py:171} INFO - Processing /home/airflow/.local/lib/python3.8/site-packages/airflow/example_dags/tutorial_taskflow_api_etl_virtualenv.py took 0.423 seconds
[2023-01-21 04:20:52,011] {processor.py:163} INFO - Started process (PID=1836) to work on /home/airflow/.local/lib/python3.8/site-packages/airflow/example_dags/tutorial_taskflow_api_etl_virtualenv.py
[2023-01-21 04:20:52,013] {processor.py:642} INFO - Processing file /home/airflow/.local/lib/python3.8/site-packages/airflow/example_dags/tutorial_taskflow_api_etl_virtualenv.py for tasks to queue
[2023-01-21 04:20:52,014] {logging_mixin.py:109} INFO - [2023-01-21 04:20:52,014] {dagbag.py:500} INFO - Filling up the DagBag from /home/airflow/.local/lib/python3.8/site-packages/airflow/example_dags/tutorial_taskflow_api_etl_virtualenv.py
[2023-01-21 04:20:52,054] {processor.py:654} INFO - DAG(s) dict_keys(['tutorial_taskflow_api_etl_virtualenv']) retrieved from /home/airflow/.local/lib/python3.8/site-packages/airflow/example_dags/tutorial_taskflow_api_etl_virtualenv.py
[2023-01-21 04:20:52,419] {logging_mixin.py:109} INFO - [2023-01-21 04:20:52,419] {dag.py:2398} INFO - Sync 1 DAGs
[2023-01-21 04:20:52,434] {logging_mixin.py:109} INFO - [2023-01-21 04:20:52,433] {dag.py:2937} INFO - Setting next_dagrun for tutorial_taskflow_api_etl_virtualenv to None
[2023-01-21 04:20:52,444] {processor.py:171} INFO - Processing /home/airflow/.local/lib/python3.8/site-packages/airflow/example_dags/tutorial_taskflow_api_etl_virtualenv.py took 0.437 seconds
[2023-01-21 04:21:22,593] {processor.py:163} INFO - Started process (PID=1901) to work on /home/airflow/.local/lib/python3.8/site-packages/airflow/example_dags/tutorial_taskflow_api_etl_virtualenv.py
[2023-01-21 04:21:22,596] {processor.py:642} INFO - Processing file /home/airflow/.local/lib/python3.8/site-packages/airflow/example_dags/tutorial_taskflow_api_etl_virtualenv.py for tasks to queue
[2023-01-21 04:21:22,597] {logging_mixin.py:109} INFO - [2023-01-21 04:21:22,597] {dagbag.py:500} INFO - Filling up the DagBag from /home/airflow/.local/lib/python3.8/site-packages/airflow/example_dags/tutorial_taskflow_api_etl_virtualenv.py
[2023-01-21 04:21:22,651] {processor.py:654} INFO - DAG(s) dict_keys(['tutorial_taskflow_api_etl_virtualenv']) retrieved from /home/airflow/.local/lib/python3.8/site-packages/airflow/example_dags/tutorial_taskflow_api_etl_virtualenv.py
[2023-01-21 04:21:22,990] {logging_mixin.py:109} INFO - [2023-01-21 04:21:22,990] {dag.py:2398} INFO - Sync 1 DAGs
[2023-01-21 04:21:23,009] {logging_mixin.py:109} INFO - [2023-01-21 04:21:23,009] {dag.py:2937} INFO - Setting next_dagrun for tutorial_taskflow_api_etl_virtualenv to None
[2023-01-21 04:21:23,032] {processor.py:171} INFO - Processing /home/airflow/.local/lib/python3.8/site-packages/airflow/example_dags/tutorial_taskflow_api_etl_virtualenv.py took 0.445 seconds
[2023-01-21 04:21:53,840] {processor.py:163} INFO - Started process (PID=1964) to work on /home/airflow/.local/lib/python3.8/site-packages/airflow/example_dags/tutorial_taskflow_api_etl_virtualenv.py
[2023-01-21 04:21:53,843] {processor.py:642} INFO - Processing file /home/airflow/.local/lib/python3.8/site-packages/airflow/example_dags/tutorial_taskflow_api_etl_virtualenv.py for tasks to queue
[2023-01-21 04:21:53,844] {logging_mixin.py:109} INFO - [2023-01-21 04:21:53,844] {dagbag.py:500} INFO - Filling up the DagBag from /home/airflow/.local/lib/python3.8/site-packages/airflow/example_dags/tutorial_taskflow_api_etl_virtualenv.py
[2023-01-21 04:21:53,885] {processor.py:654} INFO - DAG(s) dict_keys(['tutorial_taskflow_api_etl_virtualenv']) retrieved from /home/airflow/.local/lib/python3.8/site-packages/airflow/example_dags/tutorial_taskflow_api_etl_virtualenv.py
[2023-01-21 04:21:54,171] {logging_mixin.py:109} INFO - [2023-01-21 04:21:54,171] {dag.py:2398} INFO - Sync 1 DAGs
[2023-01-21 04:21:54,185] {logging_mixin.py:109} INFO - [2023-01-21 04:21:54,185] {dag.py:2937} INFO - Setting next_dagrun for tutorial_taskflow_api_etl_virtualenv to None
[2023-01-21 04:21:54,196] {processor.py:171} INFO - Processing /home/airflow/.local/lib/python3.8/site-packages/airflow/example_dags/tutorial_taskflow_api_etl_virtualenv.py took 0.360 seconds
[2023-01-21 04:22:24,595] {processor.py:163} INFO - Started process (PID=2040) to work on /home/airflow/.local/lib/python3.8/site-packages/airflow/example_dags/tutorial_taskflow_api_etl_virtualenv.py
[2023-01-21 04:22:24,598] {processor.py:642} INFO - Processing file /home/airflow/.local/lib/python3.8/site-packages/airflow/example_dags/tutorial_taskflow_api_etl_virtualenv.py for tasks to queue
[2023-01-21 04:22:24,599] {logging_mixin.py:109} INFO - [2023-01-21 04:22:24,599] {dagbag.py:500} INFO - Filling up the DagBag from /home/airflow/.local/lib/python3.8/site-packages/airflow/example_dags/tutorial_taskflow_api_etl_virtualenv.py
[2023-01-21 04:22:24,634] {processor.py:654} INFO - DAG(s) dict_keys(['tutorial_taskflow_api_etl_virtualenv']) retrieved from /home/airflow/.local/lib/python3.8/site-packages/airflow/example_dags/tutorial_taskflow_api_etl_virtualenv.py
[2023-01-21 04:22:24,908] {logging_mixin.py:109} INFO - [2023-01-21 04:22:24,908] {dag.py:2398} INFO - Sync 1 DAGs
[2023-01-21 04:22:24,921] {logging_mixin.py:109} INFO - [2023-01-21 04:22:24,921] {dag.py:2937} INFO - Setting next_dagrun for tutorial_taskflow_api_etl_virtualenv to None
[2023-01-21 04:22:24,932] {processor.py:171} INFO - Processing /home/airflow/.local/lib/python3.8/site-packages/airflow/example_dags/tutorial_taskflow_api_etl_virtualenv.py took 0.342 seconds
[2023-01-21 04:22:55,952] {processor.py:163} INFO - Started process (PID=2108) to work on /home/airflow/.local/lib/python3.8/site-packages/airflow/example_dags/tutorial_taskflow_api_etl_virtualenv.py
[2023-01-21 04:22:55,955] {processor.py:642} INFO - Processing file /home/airflow/.local/lib/python3.8/site-packages/airflow/example_dags/tutorial_taskflow_api_etl_virtualenv.py for tasks to queue
[2023-01-21 04:22:55,956] {logging_mixin.py:109} INFO - [2023-01-21 04:22:55,956] {dagbag.py:500} INFO - Filling up the DagBag from /home/airflow/.local/lib/python3.8/site-packages/airflow/example_dags/tutorial_taskflow_api_etl_virtualenv.py
[2023-01-21 04:22:55,994] {processor.py:654} INFO - DAG(s) dict_keys(['tutorial_taskflow_api_etl_virtualenv']) retrieved from /home/airflow/.local/lib/python3.8/site-packages/airflow/example_dags/tutorial_taskflow_api_etl_virtualenv.py
[2023-01-21 04:22:56,315] {logging_mixin.py:109} INFO - [2023-01-21 04:22:56,315] {dag.py:2398} INFO - Sync 1 DAGs
[2023-01-21 04:22:56,331] {logging_mixin.py:109} INFO - [2023-01-21 04:22:56,331] {dag.py:2937} INFO - Setting next_dagrun for tutorial_taskflow_api_etl_virtualenv to None
[2023-01-21 04:22:56,343] {processor.py:171} INFO - Processing /home/airflow/.local/lib/python3.8/site-packages/airflow/example_dags/tutorial_taskflow_api_etl_virtualenv.py took 0.395 seconds
[2023-01-21 04:23:27,225] {processor.py:163} INFO - Started process (PID=2185) to work on /home/airflow/.local/lib/python3.8/site-packages/airflow/example_dags/tutorial_taskflow_api_etl_virtualenv.py
[2023-01-21 04:23:27,228] {processor.py:642} INFO - Processing file /home/airflow/.local/lib/python3.8/site-packages/airflow/example_dags/tutorial_taskflow_api_etl_virtualenv.py for tasks to queue
[2023-01-21 04:23:27,231] {logging_mixin.py:109} INFO - [2023-01-21 04:23:27,230] {dagbag.py:500} INFO - Filling up the DagBag from /home/airflow/.local/lib/python3.8/site-packages/airflow/example_dags/tutorial_taskflow_api_etl_virtualenv.py
[2023-01-21 04:23:27,283] {processor.py:654} INFO - DAG(s) dict_keys(['tutorial_taskflow_api_etl_virtualenv']) retrieved from /home/airflow/.local/lib/python3.8/site-packages/airflow/example_dags/tutorial_taskflow_api_etl_virtualenv.py
[2023-01-21 04:23:27,615] {logging_mixin.py:109} INFO - [2023-01-21 04:23:27,614] {dag.py:2398} INFO - Sync 1 DAGs
[2023-01-21 04:23:27,643] {logging_mixin.py:109} INFO - [2023-01-21 04:23:27,643] {dag.py:2937} INFO - Setting next_dagrun for tutorial_taskflow_api_etl_virtualenv to None
[2023-01-21 04:23:27,668] {processor.py:171} INFO - Processing /home/airflow/.local/lib/python3.8/site-packages/airflow/example_dags/tutorial_taskflow_api_etl_virtualenv.py took 0.455 seconds
[2023-01-21 04:23:58,603] {processor.py:163} INFO - Started process (PID=2253) to work on /home/airflow/.local/lib/python3.8/site-packages/airflow/example_dags/tutorial_taskflow_api_etl_virtualenv.py
[2023-01-21 04:23:58,606] {processor.py:642} INFO - Processing file /home/airflow/.local/lib/python3.8/site-packages/airflow/example_dags/tutorial_taskflow_api_etl_virtualenv.py for tasks to queue
[2023-01-21 04:23:58,607] {logging_mixin.py:109} INFO - [2023-01-21 04:23:58,607] {dagbag.py:500} INFO - Filling up the DagBag from /home/airflow/.local/lib/python3.8/site-packages/airflow/example_dags/tutorial_taskflow_api_etl_virtualenv.py
[2023-01-21 04:23:58,658] {processor.py:654} INFO - DAG(s) dict_keys(['tutorial_taskflow_api_etl_virtualenv']) retrieved from /home/airflow/.local/lib/python3.8/site-packages/airflow/example_dags/tutorial_taskflow_api_etl_virtualenv.py
[2023-01-21 04:23:58,979] {logging_mixin.py:109} INFO - [2023-01-21 04:23:58,979] {dag.py:2398} INFO - Sync 1 DAGs
[2023-01-21 04:23:58,994] {logging_mixin.py:109} INFO - [2023-01-21 04:23:58,994] {dag.py:2937} INFO - Setting next_dagrun for tutorial_taskflow_api_etl_virtualenv to None
[2023-01-21 04:23:59,009] {processor.py:171} INFO - Processing /home/airflow/.local/lib/python3.8/site-packages/airflow/example_dags/tutorial_taskflow_api_etl_virtualenv.py took 0.411 seconds
[2023-01-21 04:24:29,407] {processor.py:163} INFO - Started process (PID=2321) to work on /home/airflow/.local/lib/python3.8/site-packages/airflow/example_dags/tutorial_taskflow_api_etl_virtualenv.py
[2023-01-21 04:24:29,409] {processor.py:642} INFO - Processing file /home/airflow/.local/lib/python3.8/site-packages/airflow/example_dags/tutorial_taskflow_api_etl_virtualenv.py for tasks to queue
[2023-01-21 04:24:29,410] {logging_mixin.py:109} INFO - [2023-01-21 04:24:29,410] {dagbag.py:500} INFO - Filling up the DagBag from /home/airflow/.local/lib/python3.8/site-packages/airflow/example_dags/tutorial_taskflow_api_etl_virtualenv.py
[2023-01-21 04:24:29,451] {processor.py:654} INFO - DAG(s) dict_keys(['tutorial_taskflow_api_etl_virtualenv']) retrieved from /home/airflow/.local/lib/python3.8/site-packages/airflow/example_dags/tutorial_taskflow_api_etl_virtualenv.py
[2023-01-21 04:24:29,734] {logging_mixin.py:109} INFO - [2023-01-21 04:24:29,733] {dag.py:2398} INFO - Sync 1 DAGs
[2023-01-21 04:24:29,746] {logging_mixin.py:109} INFO - [2023-01-21 04:24:29,746] {dag.py:2937} INFO - Setting next_dagrun for tutorial_taskflow_api_etl_virtualenv to None
[2023-01-21 04:24:29,756] {processor.py:171} INFO - Processing /home/airflow/.local/lib/python3.8/site-packages/airflow/example_dags/tutorial_taskflow_api_etl_virtualenv.py took 0.353 seconds
[2023-01-21 04:25:00,091] {processor.py:163} INFO - Started process (PID=2397) to work on /home/airflow/.local/lib/python3.8/site-packages/airflow/example_dags/tutorial_taskflow_api_etl_virtualenv.py
[2023-01-21 04:25:00,093] {processor.py:642} INFO - Processing file /home/airflow/.local/lib/python3.8/site-packages/airflow/example_dags/tutorial_taskflow_api_etl_virtualenv.py for tasks to queue
[2023-01-21 04:25:00,094] {logging_mixin.py:109} INFO - [2023-01-21 04:25:00,094] {dagbag.py:500} INFO - Filling up the DagBag from /home/airflow/.local/lib/python3.8/site-packages/airflow/example_dags/tutorial_taskflow_api_etl_virtualenv.py
[2023-01-21 04:25:00,140] {processor.py:654} INFO - DAG(s) dict_keys(['tutorial_taskflow_api_etl_virtualenv']) retrieved from /home/airflow/.local/lib/python3.8/site-packages/airflow/example_dags/tutorial_taskflow_api_etl_virtualenv.py
[2023-01-21 04:25:00,492] {logging_mixin.py:109} INFO - [2023-01-21 04:25:00,492] {dag.py:2398} INFO - Sync 1 DAGs
[2023-01-21 04:25:00,510] {logging_mixin.py:109} INFO - [2023-01-21 04:25:00,509] {dag.py:2937} INFO - Setting next_dagrun for tutorial_taskflow_api_etl_virtualenv to None
[2023-01-21 04:25:00,522] {processor.py:171} INFO - Processing /home/airflow/.local/lib/python3.8/site-packages/airflow/example_dags/tutorial_taskflow_api_etl_virtualenv.py took 0.435 seconds
[2023-01-21 04:25:30,902] {processor.py:163} INFO - Started process (PID=2471) to work on /home/airflow/.local/lib/python3.8/site-packages/airflow/example_dags/tutorial_taskflow_api_etl_virtualenv.py
[2023-01-21 04:25:30,904] {processor.py:642} INFO - Processing file /home/airflow/.local/lib/python3.8/site-packages/airflow/example_dags/tutorial_taskflow_api_etl_virtualenv.py for tasks to queue
[2023-01-21 04:25:30,906] {logging_mixin.py:109} INFO - [2023-01-21 04:25:30,905] {dagbag.py:500} INFO - Filling up the DagBag from /home/airflow/.local/lib/python3.8/site-packages/airflow/example_dags/tutorial_taskflow_api_etl_virtualenv.py
[2023-01-21 04:25:30,944] {processor.py:654} INFO - DAG(s) dict_keys(['tutorial_taskflow_api_etl_virtualenv']) retrieved from /home/airflow/.local/lib/python3.8/site-packages/airflow/example_dags/tutorial_taskflow_api_etl_virtualenv.py
[2023-01-21 04:25:31,260] {logging_mixin.py:109} INFO - [2023-01-21 04:25:31,260] {dag.py:2398} INFO - Sync 1 DAGs
[2023-01-21 04:25:31,274] {logging_mixin.py:109} INFO - [2023-01-21 04:25:31,274] {dag.py:2937} INFO - Setting next_dagrun for tutorial_taskflow_api_etl_virtualenv to None
[2023-01-21 04:25:31,284] {processor.py:171} INFO - Processing /home/airflow/.local/lib/python3.8/site-packages/airflow/example_dags/tutorial_taskflow_api_etl_virtualenv.py took 0.386 seconds
[2023-01-21 04:26:01,646] {processor.py:163} INFO - Started process (PID=2539) to work on /home/airflow/.local/lib/python3.8/site-packages/airflow/example_dags/tutorial_taskflow_api_etl_virtualenv.py
[2023-01-21 04:26:01,647] {processor.py:642} INFO - Processing file /home/airflow/.local/lib/python3.8/site-packages/airflow/example_dags/tutorial_taskflow_api_etl_virtualenv.py for tasks to queue
[2023-01-21 04:26:01,649] {logging_mixin.py:109} INFO - [2023-01-21 04:26:01,649] {dagbag.py:500} INFO - Filling up the DagBag from /home/airflow/.local/lib/python3.8/site-packages/airflow/example_dags/tutorial_taskflow_api_etl_virtualenv.py
[2023-01-21 04:26:01,689] {processor.py:654} INFO - DAG(s) dict_keys(['tutorial_taskflow_api_etl_virtualenv']) retrieved from /home/airflow/.local/lib/python3.8/site-packages/airflow/example_dags/tutorial_taskflow_api_etl_virtualenv.py
[2023-01-21 04:26:01,997] {logging_mixin.py:109} INFO - [2023-01-21 04:26:01,997] {dag.py:2398} INFO - Sync 1 DAGs
[2023-01-21 04:26:02,011] {logging_mixin.py:109} INFO - [2023-01-21 04:26:02,010] {dag.py:2937} INFO - Setting next_dagrun for tutorial_taskflow_api_etl_virtualenv to None
[2023-01-21 04:26:02,022] {processor.py:171} INFO - Processing /home/airflow/.local/lib/python3.8/site-packages/airflow/example_dags/tutorial_taskflow_api_etl_virtualenv.py took 0.380 seconds
[2023-01-21 04:26:32,865] {processor.py:163} INFO - Started process (PID=2615) to work on /home/airflow/.local/lib/python3.8/site-packages/airflow/example_dags/tutorial_taskflow_api_etl_virtualenv.py
[2023-01-21 04:26:32,868] {processor.py:642} INFO - Processing file /home/airflow/.local/lib/python3.8/site-packages/airflow/example_dags/tutorial_taskflow_api_etl_virtualenv.py for tasks to queue
[2023-01-21 04:26:32,870] {logging_mixin.py:109} INFO - [2023-01-21 04:26:32,870] {dagbag.py:500} INFO - Filling up the DagBag from /home/airflow/.local/lib/python3.8/site-packages/airflow/example_dags/tutorial_taskflow_api_etl_virtualenv.py
[2023-01-21 04:26:32,912] {processor.py:654} INFO - DAG(s) dict_keys(['tutorial_taskflow_api_etl_virtualenv']) retrieved from /home/airflow/.local/lib/python3.8/site-packages/airflow/example_dags/tutorial_taskflow_api_etl_virtualenv.py
[2023-01-21 04:26:33,217] {logging_mixin.py:109} INFO - [2023-01-21 04:26:33,217] {dag.py:2398} INFO - Sync 1 DAGs
[2023-01-21 04:26:33,234] {logging_mixin.py:109} INFO - [2023-01-21 04:26:33,234] {dag.py:2937} INFO - Setting next_dagrun for tutorial_taskflow_api_etl_virtualenv to None
[2023-01-21 04:26:33,247] {processor.py:171} INFO - Processing /home/airflow/.local/lib/python3.8/site-packages/airflow/example_dags/tutorial_taskflow_api_etl_virtualenv.py took 0.385 seconds
[2023-01-21 04:27:03,303] {processor.py:163} INFO - Started process (PID=2684) to work on /home/airflow/.local/lib/python3.8/site-packages/airflow/example_dags/tutorial_taskflow_api_etl_virtualenv.py
[2023-01-21 04:27:03,305] {processor.py:642} INFO - Processing file /home/airflow/.local/lib/python3.8/site-packages/airflow/example_dags/tutorial_taskflow_api_etl_virtualenv.py for tasks to queue
[2023-01-21 04:27:03,306] {logging_mixin.py:109} INFO - [2023-01-21 04:27:03,306] {dagbag.py:500} INFO - Filling up the DagBag from /home/airflow/.local/lib/python3.8/site-packages/airflow/example_dags/tutorial_taskflow_api_etl_virtualenv.py
[2023-01-21 04:27:03,343] {processor.py:654} INFO - DAG(s) dict_keys(['tutorial_taskflow_api_etl_virtualenv']) retrieved from /home/airflow/.local/lib/python3.8/site-packages/airflow/example_dags/tutorial_taskflow_api_etl_virtualenv.py
[2023-01-21 04:27:03,617] {logging_mixin.py:109} INFO - [2023-01-21 04:27:03,617] {dag.py:2398} INFO - Sync 1 DAGs
[2023-01-21 04:27:03,633] {logging_mixin.py:109} INFO - [2023-01-21 04:27:03,633] {dag.py:2937} INFO - Setting next_dagrun for tutorial_taskflow_api_etl_virtualenv to None
[2023-01-21 04:27:03,642] {processor.py:171} INFO - Processing /home/airflow/.local/lib/python3.8/site-packages/airflow/example_dags/tutorial_taskflow_api_etl_virtualenv.py took 0.343 seconds
[2023-01-21 04:27:34,154] {processor.py:163} INFO - Started process (PID=2752) to work on /home/airflow/.local/lib/python3.8/site-packages/airflow/example_dags/tutorial_taskflow_api_etl_virtualenv.py
[2023-01-21 04:27:34,156] {processor.py:642} INFO - Processing file /home/airflow/.local/lib/python3.8/site-packages/airflow/example_dags/tutorial_taskflow_api_etl_virtualenv.py for tasks to queue
[2023-01-21 04:27:34,157] {logging_mixin.py:109} INFO - [2023-01-21 04:27:34,157] {dagbag.py:500} INFO - Filling up the DagBag from /home/airflow/.local/lib/python3.8/site-packages/airflow/example_dags/tutorial_taskflow_api_etl_virtualenv.py
[2023-01-21 04:27:34,198] {processor.py:654} INFO - DAG(s) dict_keys(['tutorial_taskflow_api_etl_virtualenv']) retrieved from /home/airflow/.local/lib/python3.8/site-packages/airflow/example_dags/tutorial_taskflow_api_etl_virtualenv.py
[2023-01-21 04:27:34,560] {logging_mixin.py:109} INFO - [2023-01-21 04:27:34,560] {dag.py:2398} INFO - Sync 1 DAGs
[2023-01-21 04:27:34,575] {logging_mixin.py:109} INFO - [2023-01-21 04:27:34,575] {dag.py:2937} INFO - Setting next_dagrun for tutorial_taskflow_api_etl_virtualenv to None
[2023-01-21 04:27:34,586] {processor.py:171} INFO - Processing /home/airflow/.local/lib/python3.8/site-packages/airflow/example_dags/tutorial_taskflow_api_etl_virtualenv.py took 0.436 seconds
[2023-01-21 04:28:04,875] {processor.py:163} INFO - Started process (PID=2828) to work on /home/airflow/.local/lib/python3.8/site-packages/airflow/example_dags/tutorial_taskflow_api_etl_virtualenv.py
[2023-01-21 04:28:04,878] {processor.py:642} INFO - Processing file /home/airflow/.local/lib/python3.8/site-packages/airflow/example_dags/tutorial_taskflow_api_etl_virtualenv.py for tasks to queue
[2023-01-21 04:28:04,879] {logging_mixin.py:109} INFO - [2023-01-21 04:28:04,879] {dagbag.py:500} INFO - Filling up the DagBag from /home/airflow/.local/lib/python3.8/site-packages/airflow/example_dags/tutorial_taskflow_api_etl_virtualenv.py
[2023-01-21 04:28:04,921] {processor.py:654} INFO - DAG(s) dict_keys(['tutorial_taskflow_api_etl_virtualenv']) retrieved from /home/airflow/.local/lib/python3.8/site-packages/airflow/example_dags/tutorial_taskflow_api_etl_virtualenv.py
[2023-01-21 04:28:05,194] {logging_mixin.py:109} INFO - [2023-01-21 04:28:05,194] {dag.py:2398} INFO - Sync 1 DAGs
[2023-01-21 04:28:05,207] {logging_mixin.py:109} INFO - [2023-01-21 04:28:05,207] {dag.py:2937} INFO - Setting next_dagrun for tutorial_taskflow_api_etl_virtualenv to None
[2023-01-21 04:28:05,220] {processor.py:171} INFO - Processing /home/airflow/.local/lib/python3.8/site-packages/airflow/example_dags/tutorial_taskflow_api_etl_virtualenv.py took 0.349 seconds
