[2023-01-21T21:29:35.856+0000] {taskinstance.py:1083} INFO - Dependencies all met for <TaskInstance: crypto_currency_etl.cal_avg_price_using_coins_historical_data manual__2023-01-21T21:29:28.177241+00:00 [queued]>
[2023-01-21T21:29:35.867+0000] {taskinstance.py:1083} INFO - Dependencies all met for <TaskInstance: crypto_currency_etl.cal_avg_price_using_coins_historical_data manual__2023-01-21T21:29:28.177241+00:00 [queued]>
[2023-01-21T21:29:35.868+0000] {taskinstance.py:1279} INFO - 
--------------------------------------------------------------------------------
[2023-01-21T21:29:35.869+0000] {taskinstance.py:1280} INFO - Starting attempt 1 of 1
[2023-01-21T21:29:35.869+0000] {taskinstance.py:1281} INFO - 
--------------------------------------------------------------------------------
[2023-01-21T21:29:35.882+0000] {taskinstance.py:1300} INFO - Executing <Task(PythonOperator): cal_avg_price_using_coins_historical_data> on 2023-01-21 21:29:28.177241+00:00
[2023-01-21T21:29:35.888+0000] {standard_task_runner.py:55} INFO - Started process 518 to run task
[2023-01-21T21:29:35.892+0000] {standard_task_runner.py:82} INFO - Running: ['***', 'tasks', 'run', 'crypto_currency_etl', 'cal_avg_price_using_coins_historical_data', 'manual__2023-01-21T21:29:28.177241+00:00', '--job-id', '239', '--raw', '--subdir', 'DAGS_FOLDER/crypto_currency_etl.py', '--cfg-path', '/tmp/tmpd0cxih4p']
[2023-01-21T21:29:35.896+0000] {standard_task_runner.py:83} INFO - Job 239: Subtask cal_avg_price_using_coins_historical_data
[2023-01-21T21:29:35.968+0000] {task_command.py:388} INFO - Running <TaskInstance: crypto_currency_etl.cal_avg_price_using_coins_historical_data manual__2023-01-21T21:29:28.177241+00:00 [running]> on host 365d47c8e5b5
[2023-01-21T21:29:36.032+0000] {taskinstance.py:1507} INFO - Exporting the following env vars:
AIRFLOW_CTX_DAG_OWNER=***
AIRFLOW_CTX_DAG_ID=crypto_currency_etl
AIRFLOW_CTX_TASK_ID=cal_avg_price_using_coins_historical_data
AIRFLOW_CTX_EXECUTION_DATE=2023-01-21T21:29:28.177241+00:00
AIRFLOW_CTX_TRY_NUMBER=1
AIRFLOW_CTX_DAG_RUN_ID=manual__2023-01-21T21:29:28.177241+00:00
[2023-01-21T21:29:36.046+0000] {crypto_transformer.py:40} INFO - calculate_avg_price bitcoin
[2023-01-21T21:29:36.330+0000] {crypto_transformer.py:55} INFO - Checking price for bitcoin
[2023-01-21T21:29:36.331+0000] {crypto_transformer.py:40} INFO - calculate_avg_price ethereum
[2023-01-21T21:29:36.650+0000] {crypto_transformer.py:55} INFO - Checking price for ethereum
[2023-01-21T21:29:36.651+0000] {crypto_transformer.py:40} INFO - calculate_avg_price tether
[2023-01-21T21:29:36.955+0000] {crypto_transformer.py:55} INFO - Checking price for tether
[2023-01-21T21:29:36.956+0000] {crypto_transformer.py:40} INFO - calculate_avg_price usd-coin
[2023-01-21T21:29:37.247+0000] {crypto_transformer.py:55} INFO - Checking price for usd-coin
[2023-01-21T21:29:37.248+0000] {crypto_transformer.py:40} INFO - calculate_avg_price binancecoin
[2023-01-21T21:29:37.552+0000] {crypto_transformer.py:55} INFO - Checking price for binancecoin
[2023-01-21T21:29:37.554+0000] {crypto_transformer.py:40} INFO - calculate_avg_price ripple
[2023-01-21T21:29:37.823+0000] {crypto_transformer.py:55} INFO - Checking price for ripple
[2023-01-21T21:29:37.824+0000] {crypto_transformer.py:40} INFO - calculate_avg_price binance-usd
[2023-01-21T21:29:38.161+0000] {crypto_transformer.py:55} INFO - Checking price for binance-usd
[2023-01-21T21:29:38.162+0000] {crypto_transformer.py:40} INFO - calculate_avg_price cardano
[2023-01-21T21:29:38.468+0000] {crypto_transformer.py:55} INFO - Checking price for cardano
[2023-01-21T21:29:38.469+0000] {crypto_transformer.py:40} INFO - calculate_avg_price dogecoin
[2023-01-21T21:29:38.774+0000] {crypto_transformer.py:55} INFO - Checking price for dogecoin
[2023-01-21T21:29:38.776+0000] {crypto_transformer.py:40} INFO - calculate_avg_price solana
[2023-01-21T21:29:39.067+0000] {crypto_transformer.py:55} INFO - Checking price for solana
[2023-01-21T21:29:39.068+0000] {python.py:177} INFO - Done. Returned value was: [{'id': 'tether', 'symbol': 'usdt', 'name': 'Tether', 'image': 'https://assets.coingecko.com/coins/images/325/large/Tether.png?1668148663', 'current_price': 0.99953, 'market_cap': 66469641272, 'market_cap_rank': 3, 'fully_diluted_valuation': 66469641272, 'total_volume': 55289494155, 'high_24h': 1.005, 'low_24h': 0.988207, 'price_change_24h': -0.000539050114290784, 'price_change_percentage_24h': -0.0539, 'market_cap_change_24h': -58895293.09762573, 'market_cap_change_percentage_24h': -0.08853, 'circulating_supply': 66484835812.1458, 'total_supply': 66484835812.1458, 'max_supply': None, 'ath': 1.32, 'ath_change_percentage': -24.42382, 'ath_date': '2018-07-24T00:00:00.000Z', 'atl': 0.572521, 'atl_change_percentage': 74.65646, 'atl_date': '2015-03-02T00:00:00.000Z', 'roi': None, 'last_updated': '2023-01-21T21:25:12.161Z'}, {'id': 'usd-coin', 'symbol': 'usdc', 'name': 'USD Coin', 'image': 'https://assets.coingecko.com/coins/images/6319/large/USD_Coin_icon.png?1547042389', 'current_price': 0.998838, 'market_cap': 43347438768, 'market_cap_rank': 4, 'fully_diluted_valuation': 43343626684, 'total_volume': 3640955926, 'high_24h': 1.004, 'low_24h': 0.987488, 'price_change_24h': -0.001520512030999122, 'price_change_percentage_24h': -0.152, 'market_cap_change_24h': 144304454, 'market_cap_change_percentage_24h': 0.33401, 'circulating_supply': 43352224707.5394, 'total_supply': 43348412202.4294, 'max_supply': None, 'ath': 1.17, 'ath_change_percentage': -14.73656, 'ath_date': '2019-05-08T00:40:28.300Z', 'atl': 0.891848, 'atl_change_percentage': 12.11436, 'atl_date': '2021-05-19T13:14:05.611Z', 'roi': None, 'last_updated': '2023-01-21T21:29:07.428Z'}, {'id': 'binance-usd', 'symbol': 'busd', 'name': 'Binance USD', 'image': 'https://assets.coingecko.com/coins/images/9576/large/BUSD.png?1568947766', 'current_price': 0.999262, 'market_cap': 16191899821, 'market_cap_rank': 7, 'fully_diluted_valuation': 16191899821, 'total_volume': 13782972486, 'high_24h': 1.008, 'low_24h': 0.99123, 'price_change_24h': 0.00225239, 'price_change_percentage_24h': 0.22591, 'market_cap_change_24h': -58661337.89533806, 'market_cap_change_percentage_24h': -0.36098, 'circulating_supply': 16216621579.68, 'total_supply': 16216621579.68, 'max_supply': None, 'ath': 1.15, 'ath_change_percentage': -13.48306, 'ath_date': '2020-03-13T02:35:42.953Z', 'atl': 0.901127, 'atl_change_percentage': 10.81476, 'atl_date': '2021-05-19T13:04:37.445Z', 'roi': None, 'last_updated': '2023-01-21T21:29:15.118Z'}]
[2023-01-21T21:29:39.094+0000] {taskinstance.py:1318} INFO - Marking task as SUCCESS. dag_id=crypto_currency_etl, task_id=cal_avg_price_using_coins_historical_data, execution_date=20230121T212928, start_date=20230121T212935, end_date=20230121T212939
[2023-01-21T21:29:39.157+0000] {local_task_job.py:208} INFO - Task exited with return code 0
[2023-01-21T21:29:39.190+0000] {taskinstance.py:2578} INFO - 1 downstream tasks scheduled from follow-on schedule check
