[2023-01-22T00:00:08.414+0000] {taskinstance.py:1083} INFO - Dependencies all met for <TaskInstance: crypto_currency_etl.cal_avg_price_using_coins_historical_data scheduled__2023-01-21T00:00:00+00:00 [queued]>
[2023-01-22T00:00:08.426+0000] {taskinstance.py:1083} INFO - Dependencies all met for <TaskInstance: crypto_currency_etl.cal_avg_price_using_coins_historical_data scheduled__2023-01-21T00:00:00+00:00 [queued]>
[2023-01-22T00:00:08.427+0000] {taskinstance.py:1279} INFO - 
--------------------------------------------------------------------------------
[2023-01-22T00:00:08.428+0000] {taskinstance.py:1280} INFO - Starting attempt 1 of 1
[2023-01-22T00:00:08.428+0000] {taskinstance.py:1281} INFO - 
--------------------------------------------------------------------------------
[2023-01-22T00:00:08.439+0000] {taskinstance.py:1300} INFO - Executing <Task(PythonOperator): cal_avg_price_using_coins_historical_data> on 2023-01-21 00:00:00+00:00
[2023-01-22T00:00:08.444+0000] {standard_task_runner.py:55} INFO - Started process 10296 to run task
[2023-01-22T00:00:08.447+0000] {standard_task_runner.py:82} INFO - Running: ['***', 'tasks', 'run', 'crypto_currency_etl', 'cal_avg_price_using_coins_historical_data', 'scheduled__2023-01-21T00:00:00+00:00', '--job-id', '247', '--raw', '--subdir', 'DAGS_FOLDER/crypto_currency_etl.py', '--cfg-path', '/tmp/tmplq7z5gjs']
[2023-01-22T00:00:08.450+0000] {standard_task_runner.py:83} INFO - Job 247: Subtask cal_avg_price_using_coins_historical_data
[2023-01-22T00:00:08.519+0000] {task_command.py:388} INFO - Running <TaskInstance: crypto_currency_etl.cal_avg_price_using_coins_historical_data scheduled__2023-01-21T00:00:00+00:00 [running]> on host 365d47c8e5b5
[2023-01-22T00:00:08.580+0000] {taskinstance.py:1507} INFO - Exporting the following env vars:
AIRFLOW_CTX_DAG_OWNER=***
AIRFLOW_CTX_DAG_ID=crypto_currency_etl
AIRFLOW_CTX_TASK_ID=cal_avg_price_using_coins_historical_data
AIRFLOW_CTX_EXECUTION_DATE=2023-01-21T00:00:00+00:00
AIRFLOW_CTX_TRY_NUMBER=1
AIRFLOW_CTX_DAG_RUN_ID=scheduled__2023-01-21T00:00:00+00:00
[2023-01-22T00:00:08.593+0000] {crypto_transformer.py:40} INFO - calculate_avg_price bitcoin
[2023-01-22T00:00:08.875+0000] {crypto_transformer.py:55} INFO - Checking price for bitcoin
[2023-01-22T00:00:08.876+0000] {crypto_transformer.py:40} INFO - calculate_avg_price ethereum
[2023-01-22T00:00:09.208+0000] {crypto_transformer.py:55} INFO - Checking price for ethereum
[2023-01-22T00:00:09.209+0000] {crypto_transformer.py:40} INFO - calculate_avg_price tether
[2023-01-22T00:00:13.835+0000] {crypto_transformer.py:55} INFO - Checking price for tether
[2023-01-22T00:00:13.836+0000] {crypto_transformer.py:40} INFO - calculate_avg_price usd-coin
[2023-01-22T00:00:14.237+0000] {crypto_transformer.py:55} INFO - Checking price for usd-coin
[2023-01-22T00:00:14.238+0000] {crypto_transformer.py:40} INFO - calculate_avg_price binancecoin
[2023-01-22T00:00:14.600+0000] {crypto_transformer.py:55} INFO - Checking price for binancecoin
[2023-01-22T00:00:14.600+0000] {crypto_transformer.py:40} INFO - calculate_avg_price ripple
[2023-01-22T00:00:14.780+0000] {crypto_transformer.py:55} INFO - Checking price for ripple
[2023-01-22T00:00:14.781+0000] {crypto_transformer.py:40} INFO - calculate_avg_price binance-usd
[2023-01-22T00:00:15.074+0000] {crypto_transformer.py:55} INFO - Checking price for binance-usd
[2023-01-22T00:00:15.075+0000] {crypto_transformer.py:40} INFO - calculate_avg_price cardano
[2023-01-22T00:00:15.387+0000] {crypto_transformer.py:55} INFO - Checking price for cardano
[2023-01-22T00:00:15.389+0000] {crypto_transformer.py:40} INFO - calculate_avg_price dogecoin
[2023-01-22T00:00:15.667+0000] {crypto_transformer.py:55} INFO - Checking price for dogecoin
[2023-01-22T00:00:15.668+0000] {crypto_transformer.py:40} INFO - calculate_avg_price solana
[2023-01-22T00:00:16.026+0000] {crypto_transformer.py:55} INFO - Checking price for solana
[2023-01-22T00:00:16.028+0000] {python.py:177} INFO - Done. Returned value was: [{'id': 'tether', 'symbol': 'usdt', 'name': 'Tether', 'image': 'https://assets.coingecko.com/coins/images/325/large/Tether.png?1668148663', 'current_price': 1.0, 'market_cap': 66376505552, 'market_cap_rank': 3, 'fully_diluted_valuation': 66376505552, 'total_volume': 52081373665, 'high_24h': 1.006, 'low_24h': 0.988207, 'price_change_24h': -0.001070806988143103, 'price_change_percentage_24h': -0.10696, 'market_cap_change_24h': -166158067.98828125, 'market_cap_change_percentage_24h': -0.2497, 'circulating_supply': 66484835812.1458, 'total_supply': 66484835812.1458, 'max_supply': None, 'ath': 1.32, 'ath_change_percentage': -24.43208, 'ath_date': '2018-07-24T00:00:00.000Z', 'atl': 0.572521, 'atl_change_percentage': 74.63736, 'atl_date': '2015-03-02T00:00:00.000Z', 'roi': None, 'last_updated': '2023-01-21T23:55:20.263Z'}, {'id': 'usd-coin', 'symbol': 'usdc', 'name': 'USD Coin', 'image': 'https://assets.coingecko.com/coins/images/6319/large/USD_Coin_icon.png?1547042389', 'current_price': 0.999444, 'market_cap': 43327364624, 'market_cap_rank': 4, 'fully_diluted_valuation': 43327364568, 'total_volume': 3554986217, 'high_24h': 1.009, 'low_24h': 0.987488, 'price_change_24h': -0.001700698679012236, 'price_change_percentage_24h': -0.16988, 'market_cap_change_24h': 117680391, 'market_cap_change_percentage_24h': 0.27235, 'circulating_supply': 43361555068.3437, 'total_supply': 43361555012.4637, 'max_supply': None, 'ath': 1.17, 'ath_change_percentage': -14.86177, 'ath_date': '2019-05-08T00:40:28.300Z', 'atl': 0.891848, 'atl_change_percentage': 11.94971, 'atl_date': '2021-05-19T13:14:05.611Z', 'roi': None, 'last_updated': '2023-01-21T23:59:43.687Z'}, {'id': 'binance-usd', 'symbol': 'busd', 'name': 'Binance USD', 'image': 'https://assets.coingecko.com/coins/images/9576/large/BUSD.png?1568947766', 'current_price': 0.999186, 'market_cap': 16227361913, 'market_cap_rank': 7, 'fully_diluted_valuation': 16227361913, 'total_volume': 12963696502, 'high_24h': 1.008, 'low_24h': 0.99123, 'price_change_24h': -0.001637611112271564, 'price_change_percentage_24h': -0.16363, 'market_cap_change_24h': -120204365.22385788, 'market_cap_change_percentage_24h': -0.7353, 'circulating_supply': 16216621579.68, 'total_supply': 16216621579.68, 'max_supply': None, 'ath': 1.15, 'ath_change_percentage': -13.36643, 'ath_date': '2020-03-13T02:35:42.953Z', 'atl': 0.901127, 'atl_change_percentage': 10.96415, 'atl_date': '2021-05-19T13:04:37.445Z', 'roi': None, 'last_updated': '2023-01-21T23:59:30.179Z'}]
[2023-01-22T00:00:16.049+0000] {taskinstance.py:1318} INFO - Marking task as SUCCESS. dag_id=crypto_currency_etl, task_id=cal_avg_price_using_coins_historical_data, execution_date=20230121T000000, start_date=20230122T000008, end_date=20230122T000016
[2023-01-22T00:00:16.111+0000] {local_task_job.py:208} INFO - Task exited with return code 0
[2023-01-22T00:00:16.147+0000] {taskinstance.py:2578} INFO - 1 downstream tasks scheduled from follow-on schedule check
