[2023-01-21T05:20:57.302+0000] {taskinstance.py:1083} INFO - Dependencies all met for <TaskInstance: crypto_coins_etl.insert_coins scheduled__2023-01-20T00:00:00+00:00 [queued]>
[2023-01-21T05:20:57.318+0000] {taskinstance.py:1083} INFO - Dependencies all met for <TaskInstance: crypto_coins_etl.insert_coins scheduled__2023-01-20T00:00:00+00:00 [queued]>
[2023-01-21T05:20:57.320+0000] {taskinstance.py:1279} INFO - 
--------------------------------------------------------------------------------
[2023-01-21T05:20:57.321+0000] {taskinstance.py:1280} INFO - Starting attempt 1 of 1
[2023-01-21T05:20:57.322+0000] {taskinstance.py:1281} INFO - 
--------------------------------------------------------------------------------
[2023-01-21T05:20:57.338+0000] {taskinstance.py:1300} INFO - Executing <Task(PythonOperator): insert_coins> on 2023-01-20 00:00:00+00:00
[2023-01-21T05:20:57.345+0000] {standard_task_runner.py:55} INFO - Started process 136 to run task
[2023-01-21T05:20:57.350+0000] {standard_task_runner.py:82} INFO - Running: ['***', 'tasks', 'run', 'crypto_coins_etl', 'insert_coins', 'scheduled__2023-01-20T00:00:00+00:00', '--job-id', '48', '--raw', '--subdir', 'DAGS_FOLDER/crypto_coins_etl.py', '--cfg-path', '/tmp/tmp6qke65do']
[2023-01-21T05:20:57.351+0000] {standard_task_runner.py:83} INFO - Job 48: Subtask insert_coins
[2023-01-21T05:20:57.439+0000] {task_command.py:388} INFO - Running <TaskInstance: crypto_coins_etl.insert_coins scheduled__2023-01-20T00:00:00+00:00 [running]> on host ac5a85f5e1cc
[2023-01-21T05:20:57.506+0000] {taskinstance.py:1507} INFO - Exporting the following env vars:
AIRFLOW_CTX_DAG_OWNER=***
AIRFLOW_CTX_DAG_ID=crypto_coins_etl
AIRFLOW_CTX_TASK_ID=insert_coins
AIRFLOW_CTX_EXECUTION_DATE=2023-01-20T00:00:00+00:00
AIRFLOW_CTX_TRY_NUMBER=1
AIRFLOW_CTX_DAG_RUN_ID=scheduled__2023-01-20T00:00:00+00:00
[2023-01-21T05:20:57.508+0000] {logging_mixin.py:137} INFO - --------
[2023-01-21T05:20:57.509+0000] {logging_mixin.py:137} INFO - the_ti <TaskInstance: crypto_coins_etl.insert_coins scheduled__2023-01-20T00:00:00+00:00 [running]>
[2023-01-21T05:20:57.510+0000] {python.py:177} INFO - Done. Returned value was: None
[2023-01-21T05:20:57.522+0000] {taskinstance.py:1318} INFO - Marking task as SUCCESS. dag_id=crypto_coins_etl, task_id=insert_coins, execution_date=20230120T000000, start_date=20230121T052057, end_date=20230121T052057
[2023-01-21T05:20:57.563+0000] {local_task_job.py:208} INFO - Task exited with return code 0
[2023-01-21T05:20:57.584+0000] {taskinstance.py:2578} INFO - 0 downstream tasks scheduled from follow-on schedule check
