[2023-01-22T03:32:15.166+0000] {taskinstance.py:1083} INFO - Dependencies all met for <TaskInstance: debts_tracker_etl.map_debts_data manual__2023-01-22T03:32:11.891303+00:00 [queued]>
[2023-01-22T03:32:15.178+0000] {taskinstance.py:1083} INFO - Dependencies all met for <TaskInstance: debts_tracker_etl.map_debts_data manual__2023-01-22T03:32:11.891303+00:00 [queued]>
[2023-01-22T03:32:15.179+0000] {taskinstance.py:1279} INFO - 
--------------------------------------------------------------------------------
[2023-01-22T03:32:15.180+0000] {taskinstance.py:1280} INFO - Starting attempt 1 of 2
[2023-01-22T03:32:15.180+0000] {taskinstance.py:1281} INFO - 
--------------------------------------------------------------------------------
[2023-01-22T03:32:15.194+0000] {taskinstance.py:1300} INFO - Executing <Task(PythonOperator): map_debts_data> on 2023-01-22 03:32:11.891303+00:00
[2023-01-22T03:32:15.201+0000] {standard_task_runner.py:55} INFO - Started process 616 to run task
[2023-01-22T03:32:15.205+0000] {standard_task_runner.py:82} INFO - Running: ['***', 'tasks', 'run', 'debts_tracker_etl', 'map_debts_data', 'manual__2023-01-22T03:32:11.891303+00:00', '--job-id', '25', '--raw', '--subdir', 'DAGS_FOLDER/debts_tracker_etl.py', '--cfg-path', '/tmp/tmpl38lpshe']
[2023-01-22T03:32:15.210+0000] {standard_task_runner.py:83} INFO - Job 25: Subtask map_debts_data
[2023-01-22T03:32:15.293+0000] {task_command.py:388} INFO - Running <TaskInstance: debts_tracker_etl.map_debts_data manual__2023-01-22T03:32:11.891303+00:00 [running]> on host 4b1c480b6ccb
[2023-01-22T03:32:15.363+0000] {taskinstance.py:1507} INFO - Exporting the following env vars:
AIRFLOW_CTX_DAG_OWNER=Tony Stark, Peter Parker
AIRFLOW_CTX_DAG_ID=debts_tracker_etl
AIRFLOW_CTX_TASK_ID=map_debts_data
AIRFLOW_CTX_EXECUTION_DATE=2023-01-22T03:32:11.891303+00:00
AIRFLOW_CTX_TRY_NUMBER=1
AIRFLOW_CTX_DAG_RUN_ID=manual__2023-01-22T03:32:11.891303+00:00
[2023-01-22T03:32:15.377+0000] {logging_mixin.py:137} INFO - ---------------1
[2023-01-22T03:32:15.378+0000] {logging_mixin.py:137} INFO - the paiytmen {'0': [{'amount': 51.25, 'date': '2020-09-29', 'payment_plan_id': 0}, {'amount': 51.25, 'date': '2020-10-29', 'payment_plan_id': 0}], '1': [{'amount': 25, 'date': '2020-08-08', 'payment_plan_id': 1}, {'amount': 25, 'date': '2020-08-08', 'payment_plan_id': 1}], '2': [{'amount': 4312.67, 'date': '2020-08-08', 'payment_plan_id': 2}], '3': [{'amount': 1230.085, 'date': '2020-08-01', 'payment_plan_id': 3}, {'amount': 1230.085, 'date': '2020-08-08', 'payment_plan_id': 3}, {'amount': 1230.085, 'date': '2020-08-15', 'payment_plan_id': 3}]}
[2023-01-22T03:32:15.379+0000] {debts_tracker_transformer.py:89} INFO - setting debts is_in_payment_plan flag for debt_id: 0
[2023-01-22T03:32:15.380+0000] {debts_tracker_transformer.py:40} INFO - Getting payments info for payment_plan_id: 0
[2023-01-22T03:32:15.380+0000] {debts_tracker_transformer.py:63} INFO - calculating remaining amount for payment_plan_id: 0
[2023-01-22T03:32:15.381+0000] {debts_tracker_transformer.py:46} INFO - checking if payments are on time
[2023-01-22T03:32:15.382+0000] {debts_tracker_transformer.py:89} INFO - setting debts is_in_payment_plan flag for debt_id: 1
[2023-01-22T03:32:15.383+0000] {debts_tracker_transformer.py:40} INFO - Getting payments info for payment_plan_id: 1
[2023-01-22T03:32:15.383+0000] {debts_tracker_transformer.py:63} INFO - calculating remaining amount for payment_plan_id: 1
[2023-01-22T03:32:15.384+0000] {debts_tracker_transformer.py:46} INFO - checking if payments are on time
[2023-01-22T03:32:15.385+0000] {debts_tracker_transformer.py:89} INFO - setting debts is_in_payment_plan flag for debt_id: 2
[2023-01-22T03:32:15.385+0000] {debts_tracker_transformer.py:40} INFO - Getting payments info for payment_plan_id: 2
[2023-01-22T03:32:15.386+0000] {debts_tracker_transformer.py:63} INFO - calculating remaining amount for payment_plan_id: 2
[2023-01-22T03:32:15.387+0000] {debts_tracker_transformer.py:46} INFO - checking if payments are on time
[2023-01-22T03:32:15.387+0000] {debts_tracker_transformer.py:89} INFO - setting debts is_in_payment_plan flag for debt_id: 3
[2023-01-22T03:32:15.389+0000] {debts_tracker_transformer.py:40} INFO - Getting payments info for payment_plan_id: 3
[2023-01-22T03:32:15.389+0000] {debts_tracker_transformer.py:63} INFO - calculating remaining amount for payment_plan_id: 3
[2023-01-22T03:32:15.390+0000] {debts_tracker_transformer.py:46} INFO - checking if payments are on time
[2023-01-22T03:32:15.391+0000] {debts_tracker_transformer.py:89} INFO - setting debts is_in_payment_plan flag for debt_id: 4
[2023-01-22T03:32:15.392+0000] {python.py:177} INFO - Done. Returned value was: [{'amount': 123.46, 'id': 0, 'is_in_payment_plan': True, 'remaining_amount': 0.0, 'is_payment_on_time': False}, {'amount': 100, 'id': 1, 'is_in_payment_plan': True, 'remaining_amount': 50, 'is_payment_on_time': False}, {'amount': 4920.34, 'id': 2, 'is_in_payment_plan': True, 'remaining_amount': 607.6700000000001, 'is_payment_on_time': True}, {'amount': 12938, 'id': 3, 'is_in_payment_plan': True, 'remaining_amount': 622.415, 'is_payment_on_time': True}, {'amount': 9238.02, 'id': 4, 'is_in_payment_plan': False}]
[2023-01-22T03:32:15.419+0000] {taskinstance.py:1318} INFO - Marking task as SUCCESS. dag_id=debts_tracker_etl, task_id=map_debts_data, execution_date=20230122T033211, start_date=20230122T033215, end_date=20230122T033215
[2023-01-22T03:32:15.459+0000] {local_task_job.py:208} INFO - Task exited with return code 0
[2023-01-22T03:32:15.487+0000] {taskinstance.py:2578} INFO - 1 downstream tasks scheduled from follow-on schedule check
