[2023-01-22T01:51:06.635+0000] {taskinstance.py:1083} INFO - Dependencies all met for <TaskInstance: debts_tracker_etl.load_debts_data manual__2023-01-22T01:51:04.883706+00:00 [queued]>
[2023-01-22T01:51:06.645+0000] {taskinstance.py:1083} INFO - Dependencies all met for <TaskInstance: debts_tracker_etl.load_debts_data manual__2023-01-22T01:51:04.883706+00:00 [queued]>
[2023-01-22T01:51:06.646+0000] {taskinstance.py:1279} INFO - 
--------------------------------------------------------------------------------
[2023-01-22T01:51:06.647+0000] {taskinstance.py:1280} INFO - Starting attempt 1 of 2
[2023-01-22T01:51:06.648+0000] {taskinstance.py:1281} INFO - 
--------------------------------------------------------------------------------
[2023-01-22T01:51:06.660+0000] {taskinstance.py:1300} INFO - Executing <Task(PythonOperator): load_debts_data> on 2023-01-22 01:51:04.883706+00:00
[2023-01-22T01:51:06.667+0000] {standard_task_runner.py:55} INFO - Started process 17347 to run task
[2023-01-22T01:51:06.671+0000] {standard_task_runner.py:82} INFO - Running: ['***', 'tasks', 'run', 'debts_tracker_etl', 'load_debts_data', 'manual__2023-01-22T01:51:04.883706+00:00', '--job-id', '271', '--raw', '--subdir', 'DAGS_FOLDER/debts_tracker_etl.py', '--cfg-path', '/tmp/tmppzghzrxp']
[2023-01-22T01:51:06.674+0000] {standard_task_runner.py:83} INFO - Job 271: Subtask load_debts_data
[2023-01-22T01:51:06.773+0000] {task_command.py:388} INFO - Running <TaskInstance: debts_tracker_etl.load_debts_data manual__2023-01-22T01:51:04.883706+00:00 [running]> on host 365d47c8e5b5
[2023-01-22T01:51:06.843+0000] {taskinstance.py:1507} INFO - Exporting the following env vars:
AIRFLOW_CTX_DAG_OWNER=Tony Stark, Peter Parker
AIRFLOW_CTX_DAG_ID=debts_tracker_etl
AIRFLOW_CTX_TASK_ID=load_debts_data
AIRFLOW_CTX_EXECUTION_DATE=2023-01-22T01:51:04.883706+00:00
AIRFLOW_CTX_TRY_NUMBER=1
AIRFLOW_CTX_DAG_RUN_ID=manual__2023-01-22T01:51:04.883706+00:00
[2023-01-22T01:51:06.845+0000] {debts_tracker_transformer.py:12} INFO - init loading debts
[2023-01-22T01:51:07.199+0000] {http_services.py:40} INFO - Debts API call succefully 200
[2023-01-22T01:51:07.511+0000] {http_services.py:40} INFO - Debts API call succefully 200
[2023-01-22T01:51:07.513+0000] {http_services.py:68} INFO - validated payment_plan info 0
[2023-01-22T01:51:07.514+0000] {http_services.py:68} INFO - validated payment_plan info 1
[2023-01-22T01:51:07.514+0000] {http_services.py:68} INFO - validated payment_plan info 2
[2023-01-22T01:51:07.515+0000] {http_services.py:68} INFO - validated payment_plan info 3
[2023-01-22T01:51:07.829+0000] {http_services.py:40} INFO - Debts API call succefully 200
[2023-01-22T01:51:07.831+0000] {http_services.py:85} INFO - validated payment info 0
[2023-01-22T01:51:07.832+0000] {http_services.py:85} INFO - validated payment info 0
[2023-01-22T01:51:07.832+0000] {http_services.py:85} INFO - validated payment info 1
[2023-01-22T01:51:07.833+0000] {http_services.py:85} INFO - validated payment info 1
[2023-01-22T01:51:07.833+0000] {http_services.py:85} INFO - validated payment info 2
[2023-01-22T01:51:07.834+0000] {http_services.py:85} INFO - validated payment info 3
[2023-01-22T01:51:07.834+0000] {http_services.py:85} INFO - validated payment info 3
[2023-01-22T01:51:07.835+0000] {http_services.py:85} INFO - validated payment info 3
[2023-01-22T01:51:07.836+0000] {debts_tracker_transformer.py:16} INFO - login coins complete
[2023-01-22T01:51:07.836+0000] {python.py:177} INFO - Done. Returned value was: {'debts': {0: {'amount': 123.46, 'id': 0}, 1: {'amount': 100, 'id': 1}, 2: {'amount': 4920.34, 'id': 2}, 3: {'amount': 12938, 'id': 3}, 4: {'amount': 9238.02, 'id': 4}}, 'payment_plans': {0: {'amount_to_pay': 102.5, 'debt_id': 0, 'id': 0, 'installment_amount': 51.25, 'installment_frequency': 'WEEKLY', 'start_date': '2020-09-28'}, 1: {'amount_to_pay': 100, 'debt_id': 1, 'id': 1, 'installment_amount': 25, 'installment_frequency': 'WEEKLY', 'start_date': '2020-08-01'}, 2: {'amount_to_pay': 4920.34, 'debt_id': 2, 'id': 2, 'installment_amount': 1230.085, 'installment_frequency': 'BI_WEEKLY', 'start_date': '2020-01-01'}, 3: {'amount_to_pay': 4312.67, 'debt_id': 3, 'id': 3, 'installment_amount': 1230.085, 'installment_frequency': 'WEEKLY', 'start_date': '2020-08-01'}}, 'payments': {0: [{'amount': 51.25, 'date': '2020-09-29', 'payment_plan_id': 0}, {'amount': 51.25, 'date': '2020-10-29', 'payment_plan_id': 0}], 1: [{'amount': 25, 'date': '2020-08-08', 'payment_plan_id': 1}, {'amount': 25, 'date': '2020-08-08', 'payment_plan_id': 1}], 2: [{'amount': 4312.67, 'date': '2020-08-08', 'payment_plan_id': 2}], 3: [{'amount': 1230.085, 'date': '2020-08-01', 'payment_plan_id': 3}, {'amount': 1230.085, 'date': '2020-08-08', 'payment_plan_id': 3}, {'amount': 1230.085, 'date': '2020-08-15', 'payment_plan_id': 3}]}}
[2023-01-22T01:51:07.858+0000] {taskinstance.py:1318} INFO - Marking task as SUCCESS. dag_id=debts_tracker_etl, task_id=load_debts_data, execution_date=20230122T015104, start_date=20230122T015106, end_date=20230122T015107
[2023-01-22T01:51:07.894+0000] {local_task_job.py:208} INFO - Task exited with return code 0
[2023-01-22T01:51:07.919+0000] {taskinstance.py:2578} INFO - 1 downstream tasks scheduled from follow-on schedule check
