[2023-01-22T01:14:01.509+0000] {taskinstance.py:1083} INFO - Dependencies all met for <TaskInstance: debts_tracker_etl.map_debts_to_payment_plans manual__2023-01-22T01:13:57.783185+00:00 [queued]>
[2023-01-22T01:14:01.520+0000] {taskinstance.py:1083} INFO - Dependencies all met for <TaskInstance: debts_tracker_etl.map_debts_to_payment_plans manual__2023-01-22T01:13:57.783185+00:00 [queued]>
[2023-01-22T01:14:01.521+0000] {taskinstance.py:1279} INFO - 
--------------------------------------------------------------------------------
[2023-01-22T01:14:01.522+0000] {taskinstance.py:1280} INFO - Starting attempt 1 of 2
[2023-01-22T01:14:01.523+0000] {taskinstance.py:1281} INFO - 
--------------------------------------------------------------------------------
[2023-01-22T01:14:01.536+0000] {taskinstance.py:1300} INFO - Executing <Task(PythonOperator): map_debts_to_payment_plans> on 2023-01-22 01:13:57.783185+00:00
[2023-01-22T01:14:01.542+0000] {standard_task_runner.py:55} INFO - Started process 15000 to run task
[2023-01-22T01:14:01.546+0000] {standard_task_runner.py:82} INFO - Running: ['***', 'tasks', 'run', 'debts_tracker_etl', 'map_debts_to_payment_plans', 'manual__2023-01-22T01:13:57.783185+00:00', '--job-id', '258', '--raw', '--subdir', 'DAGS_FOLDER/debts_tracker_etl.py', '--cfg-path', '/tmp/tmp77tyn5j3']
[2023-01-22T01:14:01.551+0000] {standard_task_runner.py:83} INFO - Job 258: Subtask map_debts_to_payment_plans
[2023-01-22T01:14:01.650+0000] {task_command.py:388} INFO - Running <TaskInstance: debts_tracker_etl.map_debts_to_payment_plans manual__2023-01-22T01:13:57.783185+00:00 [running]> on host 365d47c8e5b5
[2023-01-22T01:14:01.735+0000] {taskinstance.py:1507} INFO - Exporting the following env vars:
AIRFLOW_CTX_DAG_OWNER=Tony Stark, Peter Parker
AIRFLOW_CTX_DAG_ID=debts_tracker_etl
AIRFLOW_CTX_TASK_ID=map_debts_to_payment_plans
AIRFLOW_CTX_EXECUTION_DATE=2023-01-22T01:13:57.783185+00:00
AIRFLOW_CTX_TRY_NUMBER=1
AIRFLOW_CTX_DAG_RUN_ID=manual__2023-01-22T01:13:57.783185+00:00
[2023-01-22T01:14:01.755+0000] {python.py:177} INFO - Done. Returned value was: True
[2023-01-22T01:14:01.801+0000] {taskinstance.py:1318} INFO - Marking task as SUCCESS. dag_id=debts_tracker_etl, task_id=map_debts_to_payment_plans, execution_date=20230122T011357, start_date=20230122T011401, end_date=20230122T011401
[2023-01-22T01:14:01.880+0000] {local_task_job.py:208} INFO - Task exited with return code 0
[2023-01-22T01:14:01.907+0000] {taskinstance.py:2578} INFO - 0 downstream tasks scheduled from follow-on schedule check
