[2023-01-21T19:36:34.257+0000] {taskinstance.py:1083} INFO - Dependencies all met for <TaskInstance: crypto_coins_etl.save_top_three_coins manual__2023-01-21T19:36:26.652494+00:00 [queued]>
[2023-01-21T19:36:34.269+0000] {taskinstance.py:1083} INFO - Dependencies all met for <TaskInstance: crypto_coins_etl.save_top_three_coins manual__2023-01-21T19:36:26.652494+00:00 [queued]>
[2023-01-21T19:36:34.270+0000] {taskinstance.py:1279} INFO - 
--------------------------------------------------------------------------------
[2023-01-21T19:36:34.270+0000] {taskinstance.py:1280} INFO - Starting attempt 1 of 1
[2023-01-21T19:36:34.271+0000] {taskinstance.py:1281} INFO - 
--------------------------------------------------------------------------------
[2023-01-21T19:36:34.283+0000] {taskinstance.py:1300} INFO - Executing <Task(PythonOperator): save_top_three_coins> on 2023-01-21 19:36:26.652494+00:00
[2023-01-21T19:36:34.288+0000] {standard_task_runner.py:55} INFO - Started process 152 to run task
[2023-01-21T19:36:34.292+0000] {standard_task_runner.py:82} INFO - Running: ['***', 'tasks', 'run', 'crypto_coins_etl', 'save_top_three_coins', 'manual__2023-01-21T19:36:26.652494+00:00', '--job-id', '120', '--raw', '--subdir', 'DAGS_FOLDER/crypto_coins_etl.py', '--cfg-path', '/tmp/tmpb_h8iuei']
[2023-01-21T19:36:34.296+0000] {standard_task_runner.py:83} INFO - Job 120: Subtask save_top_three_coins
[2023-01-21T19:36:34.368+0000] {task_command.py:388} INFO - Running <TaskInstance: crypto_coins_etl.save_top_three_coins manual__2023-01-21T19:36:26.652494+00:00 [running]> on host af1ba313f085
[2023-01-21T19:36:34.431+0000] {taskinstance.py:1507} INFO - Exporting the following env vars:
AIRFLOW_CTX_DAG_OWNER=***
AIRFLOW_CTX_DAG_ID=crypto_coins_etl
AIRFLOW_CTX_TASK_ID=save_top_three_coins
AIRFLOW_CTX_EXECUTION_DATE=2023-01-21T19:36:26.652494+00:00
AIRFLOW_CTX_TRY_NUMBER=1
AIRFLOW_CTX_DAG_RUN_ID=manual__2023-01-21T19:36:26.652494+00:00
[2023-01-21T19:36:34.460+0000] {coin.py:30} INFO - coin already exist Bitcoin
[2023-01-21T19:36:34.462+0000] {coin.py:30} INFO - coin already exist Ethereum
[2023-01-21T19:36:34.464+0000] {coin.py:30} INFO - coin already exist BNB
[2023-01-21T19:36:34.464+0000] {logging_mixin.py:137} INFO - data loading completed [{'id': 'bitcoin', 'symbol': 'btc', 'name': 'Bitcoin', 'image': 'https://assets.coingecko.com/coins/images/1/large/bitcoin.png?1547033579', 'current_price': 23244, 'market_cap': 448161036477, 'market_cap_rank': 1, 'fully_diluted_valuation': 488429286654, 'total_volume': 52316667876, 'high_24h': 23329, 'low_24h': 21403, 'price_change_24h': 1838.11, 'price_change_percentage_24h': 8.58687, 'market_cap_change_24h': 35677539745, 'market_cap_change_percentage_24h': 8.64945, 'circulating_supply': 19268668.0, 'total_supply': 21000000.0, 'max_supply': 21000000.0, 'ath': 69045, 'ath_change_percentage': -66.31618, 'ath_date': '2021-11-10T14:24:11.849Z', 'atl': 67.81, 'atl_change_percentage': 34197.68215, 'atl_date': '2013-07-06T00:00:00.000Z', 'roi': None, 'last_updated': '2023-01-21T19:35:27.629Z'}, {'id': 'ethereum', 'symbol': 'eth', 'name': 'Ethereum', 'image': 'https://assets.coingecko.com/coins/images/279/large/ethereum.png?1595348880', 'current_price': 1663.98, 'market_cap': 200638105354, 'market_cap_rank': 2, 'fully_diluted_valuation': 200638105354, 'total_volume': 11551944539, 'high_24h': 1676.55, 'low_24h': 1591.77, 'price_change_24h': 72.22, 'price_change_percentage_24h': 4.53704, 'market_cap_change_24h': 8562914254, 'market_cap_change_percentage_24h': 4.45811, 'circulating_supply': 120517812.503798, 'total_supply': 120517812.503798, 'max_supply': None, 'ath': 4878.26, 'ath_change_percentage': -65.87331, 'ath_date': '2021-11-10T14:24:19.604Z', 'atl': 0.432979, 'atl_change_percentage': 384396.51454, 'atl_date': '2015-10-20T00:00:00.000Z', 'roi': {'times': 94.72441302590246, 'currency': 'btc', 'percentage': 9472.441302590247}, 'last_updated': '2023-01-21T19:35:01.748Z'}, {'id': 'binancecoin', 'symbol': 'bnb', 'name': 'BNB', 'image': 'https://assets.coingecko.com/coins/images/825/large/bnb-icon2_2x.png?1644979850', 'current_price': 304.81, 'market_cap': 41146719951, 'market_cap_rank': 5, 'fully_diluted_valuation': 60998554004, 'total_volume': 1296939274, 'high_24h': 310.68, 'low_24h': 293.11, 'price_change_24h': 11.7, 'price_change_percentage_24h': 3.98999, 'market_cap_change_24h': 1614196986, 'market_cap_change_percentage_24h': 4.08321, 'circulating_supply': 134910476.56, 'total_supply': 157219628.63, 'max_supply': 200000000.0, 'ath': 686.31, 'ath_change_percentage': -55.55875, 'ath_date': '2021-05-10T07:24:17.097Z', 'atl': 0.0398177, 'atl_change_percentage': 765899.14507, 'atl_date': '2017-10-19T00:00:00.000Z', 'roi': None, 'last_updated': '2023-01-21T19:35:36.234Z'}]
[2023-01-21T19:36:34.466+0000] {python.py:177} INFO - Done. Returned value was: None
[2023-01-21T19:36:34.475+0000] {taskinstance.py:1318} INFO - Marking task as SUCCESS. dag_id=crypto_coins_etl, task_id=save_top_three_coins, execution_date=20230121T193626, start_date=20230121T193634, end_date=20230121T193634
[2023-01-21T19:36:34.505+0000] {local_task_job.py:208} INFO - Task exited with return code 0
[2023-01-21T19:36:34.523+0000] {taskinstance.py:2578} INFO - 0 downstream tasks scheduled from follow-on schedule check
