[2023-01-22T03:34:09.674+0000] {taskinstance.py:1083} INFO - Dependencies all met for <TaskInstance: debts_tracker_etl.load_debts_data manual__2023-01-22T03:34:08.266733+00:00 [queued]>
[2023-01-22T03:34:09.686+0000] {taskinstance.py:1083} INFO - Dependencies all met for <TaskInstance: debts_tracker_etl.load_debts_data manual__2023-01-22T03:34:08.266733+00:00 [queued]>
[2023-01-22T03:34:09.687+0000] {taskinstance.py:1279} INFO - 
--------------------------------------------------------------------------------
[2023-01-22T03:34:09.687+0000] {taskinstance.py:1280} INFO - Starting attempt 1 of 2
[2023-01-22T03:34:09.688+0000] {taskinstance.py:1281} INFO - 
--------------------------------------------------------------------------------
[2023-01-22T03:34:09.703+0000] {taskinstance.py:1300} INFO - Executing <Task(PythonOperator): load_debts_data> on 2023-01-22 03:34:08.266733+00:00
[2023-01-22T03:34:09.709+0000] {standard_task_runner.py:55} INFO - Started process 749 to run task
[2023-01-22T03:34:09.714+0000] {standard_task_runner.py:82} INFO - Running: ['***', 'tasks', 'run', 'debts_tracker_etl', 'load_debts_data', 'manual__2023-01-22T03:34:08.266733+00:00', '--job-id', '28', '--raw', '--subdir', 'DAGS_FOLDER/debts_tracker_etl.py', '--cfg-path', '/tmp/tmpvdghsb6q']
[2023-01-22T03:34:09.719+0000] {standard_task_runner.py:83} INFO - Job 28: Subtask load_debts_data
[2023-01-22T03:34:09.801+0000] {task_command.py:388} INFO - Running <TaskInstance: debts_tracker_etl.load_debts_data manual__2023-01-22T03:34:08.266733+00:00 [running]> on host 4b1c480b6ccb
[2023-01-22T03:34:09.875+0000] {taskinstance.py:1507} INFO - Exporting the following env vars:
AIRFLOW_CTX_DAG_OWNER=Tony Stark, Peter Parker
AIRFLOW_CTX_DAG_ID=debts_tracker_etl
AIRFLOW_CTX_TASK_ID=load_debts_data
AIRFLOW_CTX_EXECUTION_DATE=2023-01-22T03:34:08.266733+00:00
AIRFLOW_CTX_TRY_NUMBER=1
AIRFLOW_CTX_DAG_RUN_ID=manual__2023-01-22T03:34:08.266733+00:00
[2023-01-22T03:34:09.877+0000] {debts_tracker_transformer.py:22} INFO - init loading debts
[2023-01-22T03:34:10.273+0000] {http_services.py:40} INFO - Debts API call succefully 200
[2023-01-22T03:34:10.545+0000] {http_services.py:40} INFO - Debts API call succefully 200
[2023-01-22T03:34:10.546+0000] {http_services.py:68} INFO - validated payment_plan info 0
[2023-01-22T03:34:10.548+0000] {http_services.py:68} INFO - validated payment_plan info 1
[2023-01-22T03:34:10.549+0000] {http_services.py:68} INFO - validated payment_plan info 2
[2023-01-22T03:34:10.550+0000] {http_services.py:68} INFO - validated payment_plan info 3
[2023-01-22T03:34:10.953+0000] {http_services.py:40} INFO - Debts API call succefully 200
[2023-01-22T03:34:10.955+0000] {http_services.py:85} INFO - validated payment info 0
[2023-01-22T03:34:10.956+0000] {http_services.py:85} INFO - validated payment info 0
[2023-01-22T03:34:10.956+0000] {http_services.py:85} INFO - validated payment info 1
[2023-01-22T03:34:10.957+0000] {http_services.py:85} INFO - validated payment info 1
[2023-01-22T03:34:10.958+0000] {http_services.py:85} INFO - validated payment info 2
[2023-01-22T03:34:10.959+0000] {http_services.py:85} INFO - validated payment info 3
[2023-01-22T03:34:10.959+0000] {http_services.py:85} INFO - validated payment info 3
[2023-01-22T03:34:10.960+0000] {http_services.py:85} INFO - validated payment info 3
[2023-01-22T03:34:10.961+0000] {debts_tracker_transformer.py:26} INFO - login coins complete
[2023-01-22T03:34:10.961+0000] {python.py:177} INFO - Done. Returned value was: {'debts': {0: {'amount': 123.46, 'id': 0}, 1: {'amount': 100, 'id': 1}, 2: {'amount': 4920.34, 'id': 2}, 3: {'amount': 12938, 'id': 3}, 4: {'amount': 9238.02, 'id': 4}}, 'payment_plans': {0: {'amount_to_pay': 102.5, 'debt_id': 0, 'id': 0, 'installment_amount': 51.25, 'installment_frequency': 'WEEKLY', 'start_date': '2020-09-28'}, 1: {'amount_to_pay': 100, 'debt_id': 1, 'id': 1, 'installment_amount': 25, 'installment_frequency': 'WEEKLY', 'start_date': '2020-08-01'}, 2: {'amount_to_pay': 4920.34, 'debt_id': 2, 'id': 2, 'installment_amount': 1230.085, 'installment_frequency': 'BI_WEEKLY', 'start_date': '2020-01-01'}, 3: {'amount_to_pay': 4312.67, 'debt_id': 3, 'id': 3, 'installment_amount': 1230.085, 'installment_frequency': 'WEEKLY', 'start_date': '2020-08-01'}}, 'payments': {0: [{'amount': 51.25, 'date': '2020-09-29', 'payment_plan_id': 0}, {'amount': 51.25, 'date': '2020-10-29', 'payment_plan_id': 0}], 1: [{'amount': 25, 'date': '2020-08-08', 'payment_plan_id': 1}, {'amount': 25, 'date': '2020-08-08', 'payment_plan_id': 1}], 2: [{'amount': 4312.67, 'date': '2020-08-08', 'payment_plan_id': 2}], 3: [{'amount': 1230.085, 'date': '2020-08-01', 'payment_plan_id': 3}, {'amount': 1230.085, 'date': '2020-08-08', 'payment_plan_id': 3}, {'amount': 1230.085, 'date': '2020-08-15', 'payment_plan_id': 3}]}}
[2023-01-22T03:34:10.988+0000] {taskinstance.py:1318} INFO - Marking task as SUCCESS. dag_id=debts_tracker_etl, task_id=load_debts_data, execution_date=20230122T033408, start_date=20230122T033409, end_date=20230122T033410
[2023-01-22T03:34:11.054+0000] {local_task_job.py:208} INFO - Task exited with return code 0
[2023-01-22T03:34:11.087+0000] {taskinstance.py:2578} INFO - 1 downstream tasks scheduled from follow-on schedule check
