[2023-01-21T20:28:43.707+0000] {taskinstance.py:1083} INFO - Dependencies all met for <TaskInstance: crypto_coins_etl.create_coins_table manual__2023-01-21T20:28:37.661024+00:00 [queued]>
[2023-01-21T20:28:43.719+0000] {taskinstance.py:1083} INFO - Dependencies all met for <TaskInstance: crypto_coins_etl.create_coins_table manual__2023-01-21T20:28:37.661024+00:00 [queued]>
[2023-01-21T20:28:43.720+0000] {taskinstance.py:1279} INFO - 
--------------------------------------------------------------------------------
[2023-01-21T20:28:43.720+0000] {taskinstance.py:1280} INFO - Starting attempt 1 of 1
[2023-01-21T20:28:43.721+0000] {taskinstance.py:1281} INFO - 
--------------------------------------------------------------------------------
[2023-01-21T20:28:43.733+0000] {taskinstance.py:1300} INFO - Executing <Task(PostgresOperator): create_coins_table> on 2023-01-21 20:28:37.661024+00:00
[2023-01-21T20:28:43.739+0000] {standard_task_runner.py:55} INFO - Started process 1834 to run task
[2023-01-21T20:28:43.744+0000] {standard_task_runner.py:82} INFO - Running: ['***', 'tasks', 'run', 'crypto_coins_etl', 'create_coins_table', 'manual__2023-01-21T20:28:37.661024+00:00', '--job-id', '133', '--raw', '--subdir', 'DAGS_FOLDER/crypto_coins_etl.py', '--cfg-path', '/tmp/tmp7ldca2mn']
[2023-01-21T20:28:43.747+0000] {standard_task_runner.py:83} INFO - Job 133: Subtask create_coins_table
[2023-01-21T20:28:43.821+0000] {task_command.py:388} INFO - Running <TaskInstance: crypto_coins_etl.create_coins_table manual__2023-01-21T20:28:37.661024+00:00 [running]> on host 6256f74551c5
[2023-01-21T20:28:43.889+0000] {taskinstance.py:1507} INFO - Exporting the following env vars:
AIRFLOW_CTX_DAG_OWNER=***
AIRFLOW_CTX_DAG_ID=crypto_coins_etl
AIRFLOW_CTX_TASK_ID=create_coins_table
AIRFLOW_CTX_EXECUTION_DATE=2023-01-21T20:28:37.661024+00:00
AIRFLOW_CTX_TRY_NUMBER=1
AIRFLOW_CTX_DAG_RUN_ID=manual__2023-01-21T20:28:37.661024+00:00
[2023-01-21T20:28:43.891+0000] {sql.py:254} INFO - Executing:  CREATE TABLE IF NOT EXISTS coins(             id BIGSERIAL PRIMARY KEY,             name TEXT ,             symbol TEXT ,             current_price FLOAT NOT NULL,             high_24h FLOAT NOT NULL,             low_24h FLOAT NOT NULL         );
[2023-01-21T20:28:43.901+0000] {base.py:73} INFO - Using connection ID 'postgres' for task execution.
[2023-01-21T20:28:44.162+0000] {base.py:73} INFO - Using connection ID 'postgres' for task execution.
[2023-01-21T20:28:44.168+0000] {sql.py:375} INFO - Running statement:  CREATE TABLE IF NOT EXISTS coins(             id BIGSERIAL PRIMARY KEY,             name TEXT ,             symbol TEXT ,             current_price FLOAT NOT NULL,             high_24h FLOAT NOT NULL,             low_24h FLOAT NOT NULL         );, parameters: None
[2023-01-21T20:28:44.179+0000] {taskinstance.py:1318} INFO - Marking task as SUCCESS. dag_id=crypto_coins_etl, task_id=create_coins_table, execution_date=20230121T202837, start_date=20230121T202843, end_date=20230121T202844
[2023-01-21T20:28:44.243+0000] {local_task_job.py:208} INFO - Task exited with return code 0
[2023-01-21T20:28:44.277+0000] {taskinstance.py:2578} INFO - 1 downstream tasks scheduled from follow-on schedule check
