[2023-01-21T06:32:55.189+0000] {taskinstance.py:1083} INFO - Dependencies all met for <TaskInstance: crypto_coins_etl.get_top_three_coins manual__2023-01-21T06:32:51.540908+00:00 [queued]>
[2023-01-21T06:32:55.201+0000] {taskinstance.py:1083} INFO - Dependencies all met for <TaskInstance: crypto_coins_etl.get_top_three_coins manual__2023-01-21T06:32:51.540908+00:00 [queued]>
[2023-01-21T06:32:55.202+0000] {taskinstance.py:1279} INFO - 
--------------------------------------------------------------------------------
[2023-01-21T06:32:55.203+0000] {taskinstance.py:1280} INFO - Starting attempt 1 of 1
[2023-01-21T06:32:55.203+0000] {taskinstance.py:1281} INFO - 
--------------------------------------------------------------------------------
[2023-01-21T06:32:55.217+0000] {taskinstance.py:1300} INFO - Executing <Task(PythonOperator): get_top_three_coins> on 2023-01-21 06:32:51.540908+00:00
[2023-01-21T06:32:55.224+0000] {standard_task_runner.py:55} INFO - Started process 4759 to run task
[2023-01-21T06:32:55.228+0000] {standard_task_runner.py:82} INFO - Running: ['***', 'tasks', 'run', 'crypto_coins_etl', 'get_top_three_coins', 'manual__2023-01-21T06:32:51.540908+00:00', '--job-id', '108', '--raw', '--subdir', 'DAGS_FOLDER/crypto_coins_etl.py', '--cfg-path', '/tmp/tmpx9vogeso']
[2023-01-21T06:32:55.232+0000] {standard_task_runner.py:83} INFO - Job 108: Subtask get_top_three_coins
[2023-01-21T06:32:55.312+0000] {task_command.py:388} INFO - Running <TaskInstance: crypto_coins_etl.get_top_three_coins manual__2023-01-21T06:32:51.540908+00:00 [running]> on host ac5a85f5e1cc
[2023-01-21T06:32:55.384+0000] {taskinstance.py:1507} INFO - Exporting the following env vars:
AIRFLOW_CTX_DAG_OWNER=***
AIRFLOW_CTX_DAG_ID=crypto_coins_etl
AIRFLOW_CTX_TASK_ID=get_top_three_coins
AIRFLOW_CTX_EXECUTION_DATE=2023-01-21T06:32:51.540908+00:00
AIRFLOW_CTX_TRY_NUMBER=1
AIRFLOW_CTX_DAG_RUN_ID=manual__2023-01-21T06:32:51.540908+00:00
[2023-01-21T06:32:55.398+0000] {taskinstance.py:1768} ERROR - Task failed with exception
Traceback (most recent call last):
  File "/home/airflow/.local/lib/python3.8/site-packages/airflow/operators/python.py", line 175, in execute
    return_value = self.execute_callable()
  File "/home/airflow/.local/lib/python3.8/site-packages/airflow/operators/python.py", line 192, in execute_callable
    return self.python_callable(*self.op_args, **self.op_kwargs)
  File "/opt/airflow/plugins/transformers/crypto/crypto_transformer.py", line 23, in get_top_three_coins
    sorted_coins = sorted(coins, key= lambda k:k['current_price'], reverse=True)
TypeError: 'NoneType' object is not iterable
[2023-01-21T06:32:55.408+0000] {taskinstance.py:1318} INFO - Marking task as FAILED. dag_id=crypto_coins_etl, task_id=get_top_three_coins, execution_date=20230121T063251, start_date=20230121T063255, end_date=20230121T063255
[2023-01-21T06:32:55.420+0000] {standard_task_runner.py:100} ERROR - Failed to execute job 108 for task get_top_three_coins ('NoneType' object is not iterable; 4759)
[2023-01-21T06:32:55.441+0000] {local_task_job.py:208} INFO - Task exited with return code 1
[2023-01-21T06:32:55.472+0000] {taskinstance.py:2578} INFO - 0 downstream tasks scheduled from follow-on schedule check
