[2023-01-21T21:29:34.743+0000] {taskinstance.py:1083} INFO - Dependencies all met for <TaskInstance: crypto_currency_etl.save_top_three_coins manual__2023-01-21T21:29:28.177241+00:00 [queued]>
[2023-01-21T21:29:34.756+0000] {taskinstance.py:1083} INFO - Dependencies all met for <TaskInstance: crypto_currency_etl.save_top_three_coins manual__2023-01-21T21:29:28.177241+00:00 [queued]>
[2023-01-21T21:29:34.756+0000] {taskinstance.py:1279} INFO - 
--------------------------------------------------------------------------------
[2023-01-21T21:29:34.757+0000] {taskinstance.py:1280} INFO - Starting attempt 1 of 1
[2023-01-21T21:29:34.758+0000] {taskinstance.py:1281} INFO - 
--------------------------------------------------------------------------------
[2023-01-21T21:29:34.771+0000] {taskinstance.py:1300} INFO - Executing <Task(PythonOperator): save_top_three_coins> on 2023-01-21 21:29:28.177241+00:00
[2023-01-21T21:29:34.777+0000] {standard_task_runner.py:55} INFO - Started process 515 to run task
[2023-01-21T21:29:34.782+0000] {standard_task_runner.py:82} INFO - Running: ['***', 'tasks', 'run', 'crypto_currency_etl', 'save_top_three_coins', 'manual__2023-01-21T21:29:28.177241+00:00', '--job-id', '238', '--raw', '--subdir', 'DAGS_FOLDER/crypto_currency_etl.py', '--cfg-path', '/tmp/tmpsh3nz68h']
[2023-01-21T21:29:34.786+0000] {standard_task_runner.py:83} INFO - Job 238: Subtask save_top_three_coins
[2023-01-21T21:29:34.873+0000] {task_command.py:388} INFO - Running <TaskInstance: crypto_currency_etl.save_top_three_coins manual__2023-01-21T21:29:28.177241+00:00 [running]> on host 365d47c8e5b5
[2023-01-21T21:29:34.940+0000] {taskinstance.py:1507} INFO - Exporting the following env vars:
AIRFLOW_CTX_DAG_OWNER=***
AIRFLOW_CTX_DAG_ID=crypto_currency_etl
AIRFLOW_CTX_TASK_ID=save_top_three_coins
AIRFLOW_CTX_EXECUTION_DATE=2023-01-21T21:29:28.177241+00:00
AIRFLOW_CTX_TRY_NUMBER=1
AIRFLOW_CTX_DAG_RUN_ID=manual__2023-01-21T21:29:28.177241+00:00
[2023-01-21T21:29:34.969+0000] {coin.py:32} INFO - coin already exist Bitcoin
[2023-01-21T21:29:34.970+0000] {coin.py:32} INFO - coin already exist Ethereum
[2023-01-21T21:29:34.972+0000] {coin.py:32} INFO - coin already exist BNB
[2023-01-21T21:29:34.973+0000] {logging_mixin.py:137} INFO - data loading completed [{'id': 'bitcoin', 'symbol': 'btc', 'name': 'Bitcoin', 'image': 'https://assets.coingecko.com/coins/images/1/large/bitcoin.png?1547033579', 'current_price': 23138, 'market_cap': 445803911872, 'market_cap_rank': 1, 'fully_diluted_valuation': 485858629411, 'total_volume': 46768573693, 'high_24h': 23329, 'low_24h': 22251, 'price_change_24h': 886.97, 'price_change_percentage_24h': 3.98624, 'market_cap_change_24h': 15367559218, 'market_cap_change_percentage_24h': 3.57023, 'circulating_supply': 19268737.0, 'total_supply': 21000000.0, 'max_supply': 21000000.0, 'ath': 69045, 'ath_change_percentage': -66.49232, 'ath_date': '2021-11-10T14:24:11.849Z', 'atl': 67.81, 'atl_change_percentage': 34018.33524, 'atl_date': '2013-07-06T00:00:00.000Z', 'roi': None, 'last_updated': '2023-01-21T21:29:07.446Z'}, {'id': 'ethereum', 'symbol': 'eth', 'name': 'Ethereum', 'image': 'https://assets.coingecko.com/coins/images/279/large/ethereum.png?1595348880', 'current_price': 1655.17, 'market_cap': 199632985393, 'market_cap_rank': 2, 'fully_diluted_valuation': 199632985393, 'total_volume': 10036635361, 'high_24h': 1676.55, 'low_24h': 1631.33, 'price_change_24h': 16.15, 'price_change_percentage_24h': 0.98543, 'market_cap_change_24h': 1584428429, 'market_cap_change_percentage_24h': 0.80002, 'circulating_supply': 120517812.503798, 'total_supply': 120517812.503798, 'max_supply': None, 'ath': 4878.26, 'ath_change_percentage': -66.04543, 'ath_date': '2021-11-10T14:24:19.604Z', 'atl': 0.432979, 'atl_change_percentage': 382457.33892, 'atl_date': '2015-10-20T00:00:00.000Z', 'roi': {'times': 94.67965483479712, 'currency': 'btc', 'percentage': 9467.965483479713}, 'last_updated': '2023-01-21T21:28:57.230Z'}, {'id': 'binancecoin', 'symbol': 'bnb', 'name': 'BNB', 'image': 'https://assets.coingecko.com/coins/images/825/large/bnb-icon2_2x.png?1644979850', 'current_price': 303.46, 'market_cap': 40940392835, 'market_cap_rank': 5, 'fully_diluted_valuation': 60692681368, 'total_volume': 1137297046, 'high_24h': 310.68, 'low_24h': 300.77, 'price_change_24h': 2.11, 'price_change_percentage_24h': 0.70041, 'market_cap_change_24h': 208826930, 'market_cap_change_percentage_24h': 0.51269, 'circulating_supply': 134910476.56, 'total_supply': 157219628.63, 'max_supply': 200000000.0, 'ath': 686.31, 'ath_change_percentage': -55.78311, 'ath_date': '2021-05-10T07:24:17.097Z', 'atl': 0.0398177, 'atl_change_percentage': 762031.98721, 'atl_date': '2017-10-19T00:00:00.000Z', 'roi': None, 'last_updated': '2023-01-21T21:28:56.781Z'}]
[2023-01-21T21:29:34.974+0000] {python.py:177} INFO - Done. Returned value was: None
[2023-01-21T21:29:34.985+0000] {taskinstance.py:1318} INFO - Marking task as SUCCESS. dag_id=crypto_currency_etl, task_id=save_top_three_coins, execution_date=20230121T212928, start_date=20230121T212934, end_date=20230121T212934
[2023-01-21T21:29:35.036+0000] {local_task_job.py:208} INFO - Task exited with return code 0
[2023-01-21T21:29:35.067+0000] {taskinstance.py:2578} INFO - 1 downstream tasks scheduled from follow-on schedule check
