[2023-01-22T03:50:31.344+0000] {taskinstance.py:1083} INFO - Dependencies all met for <TaskInstance: debts_tracker_etl.create_encrypt_file manual__2023-01-22T03:50:24.393482+00:00 [queued]>
[2023-01-22T03:50:31.357+0000] {taskinstance.py:1083} INFO - Dependencies all met for <TaskInstance: debts_tracker_etl.create_encrypt_file manual__2023-01-22T03:50:24.393482+00:00 [queued]>
[2023-01-22T03:50:31.358+0000] {taskinstance.py:1279} INFO - 
--------------------------------------------------------------------------------
[2023-01-22T03:50:31.358+0000] {taskinstance.py:1280} INFO - Starting attempt 1 of 2
[2023-01-22T03:50:31.359+0000] {taskinstance.py:1281} INFO - 
--------------------------------------------------------------------------------
[2023-01-22T03:50:31.373+0000] {taskinstance.py:1300} INFO - Executing <Task(PythonOperator): create_encrypt_file> on 2023-01-22 03:50:24.393482+00:00
[2023-01-22T03:50:31.380+0000] {standard_task_runner.py:55} INFO - Started process 1814 to run task
[2023-01-22T03:50:31.385+0000] {standard_task_runner.py:82} INFO - Running: ['***', 'tasks', 'run', 'debts_tracker_etl', 'create_encrypt_file', 'manual__2023-01-22T03:50:24.393482+00:00', '--job-id', '43', '--raw', '--subdir', 'DAGS_FOLDER/debts_tracker_etl.py', '--cfg-path', '/tmp/tmp763s_49z']
[2023-01-22T03:50:31.389+0000] {standard_task_runner.py:83} INFO - Job 43: Subtask create_encrypt_file
[2023-01-22T03:50:31.471+0000] {task_command.py:388} INFO - Running <TaskInstance: debts_tracker_etl.create_encrypt_file manual__2023-01-22T03:50:24.393482+00:00 [running]> on host 4b1c480b6ccb
[2023-01-22T03:50:31.553+0000] {taskinstance.py:1507} INFO - Exporting the following env vars:
AIRFLOW_CTX_DAG_OWNER=Tony Stark, Peter Parker
AIRFLOW_CTX_DAG_ID=debts_tracker_etl
AIRFLOW_CTX_TASK_ID=create_encrypt_file
AIRFLOW_CTX_EXECUTION_DATE=2023-01-22T03:50:24.393482+00:00
AIRFLOW_CTX_TRY_NUMBER=1
AIRFLOW_CTX_DAG_RUN_ID=manual__2023-01-22T03:50:24.393482+00:00
[2023-01-22T03:50:31.577+0000] {logging_mixin.py:137} INFO - 0-----
[2023-01-22T03:50:31.578+0000] {logging_mixin.py:137} INFO - b'gAAAAABjzLKH6SpaMXL9WZfDty8r4Kz8npG8FBNFTx-hx7YJGlRyhFz31xjPFs0LMdENrmEwN9tgKLFY1QwPCpvX8J42L--yyY18gBe3T-LJ1mU9le0_xvm-6kIFprnrNBsHbATcF2bEyKWr7A8QUlSTrPBrIrkVLTcdcrbViEEUqAJbSmcrMJprJ4W0H9n4roW2fXVfy4dG3Stp18b6xvd6aImGT3UXrTTqjCIRAljGQTQs23dfUtN12lGjGcyrbnRtR7hnZWAU83UqhObC8PERxUEAFXxPpsb70WDQ_KLt8ssCI3Jqg_ivBwYlghMW8oJOy60BWNo67k4XwRRTVkBtglRxzdGL5F0ozVNH0z5I81rZ0dTouWs='
[2023-01-22T03:50:31.579+0000] {python.py:177} INFO - Done. Returned value was: None
[2023-01-22T03:50:31.589+0000] {taskinstance.py:1318} INFO - Marking task as SUCCESS. dag_id=debts_tracker_etl, task_id=create_encrypt_file, execution_date=20230122T035024, start_date=20230122T035031, end_date=20230122T035031
[2023-01-22T03:50:31.638+0000] {local_task_job.py:208} INFO - Task exited with return code 0
[2023-01-22T03:50:31.669+0000] {taskinstance.py:2578} INFO - 0 downstream tasks scheduled from follow-on schedule check
