[2023-01-21T06:06:16.269+0000] {taskinstance.py:1083} INFO - Dependencies all met for <TaskInstance: crypto_coins_etl.create_coins_table manual__2023-01-21T06:06:12.837298+00:00 [queued]>
[2023-01-21T06:06:16.282+0000] {taskinstance.py:1083} INFO - Dependencies all met for <TaskInstance: crypto_coins_etl.create_coins_table manual__2023-01-21T06:06:12.837298+00:00 [queued]>
[2023-01-21T06:06:16.283+0000] {taskinstance.py:1279} INFO - 
--------------------------------------------------------------------------------
[2023-01-21T06:06:16.284+0000] {taskinstance.py:1280} INFO - Starting attempt 1 of 1
[2023-01-21T06:06:16.285+0000] {taskinstance.py:1281} INFO - 
--------------------------------------------------------------------------------
[2023-01-21T06:06:16.297+0000] {taskinstance.py:1300} INFO - Executing <Task(PostgresOperator): create_coins_table> on 2023-01-21 06:06:12.837298+00:00
[2023-01-21T06:06:16.304+0000] {standard_task_runner.py:55} INFO - Started process 2975 to run task
[2023-01-21T06:06:16.308+0000] {standard_task_runner.py:82} INFO - Running: ['***', 'tasks', 'run', 'crypto_coins_etl', 'create_coins_table', 'manual__2023-01-21T06:06:12.837298+00:00', '--job-id', '65', '--raw', '--subdir', 'DAGS_FOLDER/crypto_coins_etl.py', '--cfg-path', '/tmp/tmpzwokis_7']
[2023-01-21T06:06:16.312+0000] {standard_task_runner.py:83} INFO - Job 65: Subtask create_coins_table
[2023-01-21T06:06:16.390+0000] {task_command.py:388} INFO - Running <TaskInstance: crypto_coins_etl.create_coins_table manual__2023-01-21T06:06:12.837298+00:00 [running]> on host ac5a85f5e1cc
[2023-01-21T06:06:16.459+0000] {taskinstance.py:1507} INFO - Exporting the following env vars:
AIRFLOW_CTX_DAG_OWNER=***
AIRFLOW_CTX_DAG_ID=crypto_coins_etl
AIRFLOW_CTX_TASK_ID=create_coins_table
AIRFLOW_CTX_EXECUTION_DATE=2023-01-21T06:06:12.837298+00:00
AIRFLOW_CTX_TRY_NUMBER=1
AIRFLOW_CTX_DAG_RUN_ID=manual__2023-01-21T06:06:12.837298+00:00
[2023-01-21T06:06:16.462+0000] {sql.py:254} INFO - Executing:  CREATE TABLE IF NOT EXISTS coin(             id INTENGER NOT NULL,             name TEXT NOT NULL,             symbol TEXT ,             current_price FLOAT NOT NULL,             high_24h FLOAT NOT NULL,             high_24h FLOAT NOT NULL         );
[2023-01-21T06:06:16.472+0000] {base.py:73} INFO - Using connection ID 'postgres' for task execution.
[2023-01-21T06:06:16.779+0000] {base.py:73} INFO - Using connection ID 'postgres' for task execution.
[2023-01-21T06:06:16.786+0000] {sql.py:375} INFO - Running statement:  CREATE TABLE IF NOT EXISTS coin(             id INTENGER NOT NULL,             name TEXT NOT NULL,             symbol TEXT ,             current_price FLOAT NOT NULL,             high_24h FLOAT NOT NULL,             high_24h FLOAT NOT NULL         );, parameters: None
[2023-01-21T06:06:16.789+0000] {taskinstance.py:1768} ERROR - Task failed with exception
Traceback (most recent call last):
  File "/home/airflow/.local/lib/python3.8/site-packages/airflow/providers/common/sql/operators/sql.py", line 260, in execute
    output = hook.run(
  File "/home/airflow/.local/lib/python3.8/site-packages/airflow/providers/common/sql/hooks/sql.py", line 349, in run
    self._run_command(cur, sql_statement, parameters)
  File "/home/airflow/.local/lib/python3.8/site-packages/airflow/providers/common/sql/hooks/sql.py", line 380, in _run_command
    cur.execute(sql_statement)
psycopg2.errors.UndefinedObject: type "intenger" does not exist
LINE 1:  CREATE TABLE IF NOT EXISTS coin(             id INTENGER NO...
                                                         ^

[2023-01-21T06:06:16.803+0000] {taskinstance.py:1318} INFO - Marking task as FAILED. dag_id=crypto_coins_etl, task_id=create_coins_table, execution_date=20230121T060612, start_date=20230121T060616, end_date=20230121T060616
[2023-01-21T06:06:16.818+0000] {standard_task_runner.py:100} ERROR - Failed to execute job 65 for task create_coins_table (type "intenger" does not exist
LINE 1:  CREATE TABLE IF NOT EXISTS coin(             id INTENGER NO...
                                                         ^
; 2975)
[2023-01-21T06:06:16.847+0000] {local_task_job.py:208} INFO - Task exited with return code 1
[2023-01-21T06:06:16.875+0000] {taskinstance.py:2578} INFO - 0 downstream tasks scheduled from follow-on schedule check
