[2023-01-22T04:18:19.789+0000] {taskinstance.py:1083} INFO - Dependencies all met for <TaskInstance: debts_tracker_etl.create_encrypt_file manual__2023-01-22T04:18:12.890147+00:00 [queued]>
[2023-01-22T04:18:19.799+0000] {taskinstance.py:1083} INFO - Dependencies all met for <TaskInstance: debts_tracker_etl.create_encrypt_file manual__2023-01-22T04:18:12.890147+00:00 [queued]>
[2023-01-22T04:18:19.800+0000] {taskinstance.py:1279} INFO - 
--------------------------------------------------------------------------------
[2023-01-22T04:18:19.801+0000] {taskinstance.py:1280} INFO - Starting attempt 1 of 2
[2023-01-22T04:18:19.802+0000] {taskinstance.py:1281} INFO - 
--------------------------------------------------------------------------------
[2023-01-22T04:18:19.815+0000] {taskinstance.py:1300} INFO - Executing <Task(PythonOperator): create_encrypt_file> on 2023-01-22 04:18:12.890147+00:00
[2023-01-22T04:18:19.822+0000] {standard_task_runner.py:55} INFO - Started process 3578 to run task
[2023-01-22T04:18:19.826+0000] {standard_task_runner.py:82} INFO - Running: ['***', 'tasks', 'run', 'debts_tracker_etl', 'create_encrypt_file', 'manual__2023-01-22T04:18:12.890147+00:00', '--job-id', '56', '--raw', '--subdir', 'DAGS_FOLDER/debts_tracker_etl.py', '--cfg-path', '/tmp/tmppds4b1qo']
[2023-01-22T04:18:19.832+0000] {standard_task_runner.py:83} INFO - Job 56: Subtask create_encrypt_file
[2023-01-22T04:18:19.913+0000] {task_command.py:388} INFO - Running <TaskInstance: debts_tracker_etl.create_encrypt_file manual__2023-01-22T04:18:12.890147+00:00 [running]> on host 4b1c480b6ccb
[2023-01-22T04:18:19.999+0000] {taskinstance.py:1507} INFO - Exporting the following env vars:
AIRFLOW_CTX_DAG_OWNER=Tony Stark, Peter Parker
AIRFLOW_CTX_DAG_ID=debts_tracker_etl
AIRFLOW_CTX_TASK_ID=create_encrypt_file
AIRFLOW_CTX_EXECUTION_DATE=2023-01-22T04:18:12.890147+00:00
AIRFLOW_CTX_TRY_NUMBER=1
AIRFLOW_CTX_DAG_RUN_ID=manual__2023-01-22T04:18:12.890147+00:00
[2023-01-22T04:18:20.024+0000] {python.py:177} INFO - Done. Returned value was: None
[2023-01-22T04:18:20.035+0000] {taskinstance.py:1318} INFO - Marking task as SUCCESS. dag_id=debts_tracker_etl, task_id=create_encrypt_file, execution_date=20230122T041812, start_date=20230122T041819, end_date=20230122T041820
[2023-01-22T04:18:20.079+0000] {local_task_job.py:208} INFO - Task exited with return code 0
[2023-01-22T04:18:20.106+0000] {taskinstance.py:2578} INFO - 1 downstream tasks scheduled from follow-on schedule check
