[2023-01-21T21:25:38.657+0000] {taskinstance.py:1083} INFO - Dependencies all met for <TaskInstance: crypto_currency_etl.load_coins manual__2023-01-21T21:25:37.135954+00:00 [queued]>
[2023-01-21T21:25:38.669+0000] {taskinstance.py:1083} INFO - Dependencies all met for <TaskInstance: crypto_currency_etl.load_coins manual__2023-01-21T21:25:37.135954+00:00 [queued]>
[2023-01-21T21:25:38.670+0000] {taskinstance.py:1279} INFO - 
--------------------------------------------------------------------------------
[2023-01-21T21:25:38.671+0000] {taskinstance.py:1280} INFO - Starting attempt 1 of 1
[2023-01-21T21:25:38.671+0000] {taskinstance.py:1281} INFO - 
--------------------------------------------------------------------------------
[2023-01-21T21:25:38.685+0000] {taskinstance.py:1300} INFO - Executing <Task(PythonOperator): load_coins> on 2023-01-21 21:25:37.135954+00:00
[2023-01-21T21:25:38.692+0000] {standard_task_runner.py:55} INFO - Started process 251 to run task
[2023-01-21T21:25:38.696+0000] {standard_task_runner.py:82} INFO - Running: ['***', 'tasks', 'run', 'crypto_currency_etl', 'load_coins', 'manual__2023-01-21T21:25:37.135954+00:00', '--job-id', '233', '--raw', '--subdir', 'DAGS_FOLDER/crypto_currency_etl.py', '--cfg-path', '/tmp/tmpf76_6xip']
[2023-01-21T21:25:38.700+0000] {standard_task_runner.py:83} INFO - Job 233: Subtask load_coins
[2023-01-21T21:25:38.775+0000] {task_command.py:388} INFO - Running <TaskInstance: crypto_currency_etl.load_coins manual__2023-01-21T21:25:37.135954+00:00 [running]> on host 365d47c8e5b5
[2023-01-21T21:25:38.846+0000] {taskinstance.py:1507} INFO - Exporting the following env vars:
AIRFLOW_CTX_DAG_OWNER=***
AIRFLOW_CTX_DAG_ID=crypto_currency_etl
AIRFLOW_CTX_TASK_ID=load_coins
AIRFLOW_CTX_EXECUTION_DATE=2023-01-21T21:25:37.135954+00:00
AIRFLOW_CTX_TRY_NUMBER=1
AIRFLOW_CTX_DAG_RUN_ID=manual__2023-01-21T21:25:37.135954+00:00
[2023-01-21T21:25:38.849+0000] {crypto_transformer.py:15} INFO - init loading coin
[2023-01-21T21:25:39.110+0000] {crypto_transformer.py:17} INFO - login coins complete
[2023-01-21T21:25:39.112+0000] {python.py:177} INFO - Done. Returned value was: {'status': {'error_code': 429, 'error_message': "You've exceeded the Rate Limit. Please visit https://www.coingecko.com/en/api/pricing to subscribe to our API plans for higher rate limits."}}
[2023-01-21T21:25:39.140+0000] {taskinstance.py:1318} INFO - Marking task as SUCCESS. dag_id=crypto_currency_etl, task_id=load_coins, execution_date=20230121T212537, start_date=20230121T212538, end_date=20230121T212539
[2023-01-21T21:25:39.193+0000] {local_task_job.py:208} INFO - Task exited with return code 0
[2023-01-21T21:25:39.229+0000] {taskinstance.py:2578} INFO - 1 downstream tasks scheduled from follow-on schedule check
