[2023-01-22T02:24:18.184+0000] {taskinstance.py:1083} INFO - Dependencies all met for <TaskInstance: debts_tracker_etl.map_debts_data manual__2023-01-22T02:24:14.281292+00:00 [queued]>
[2023-01-22T02:24:18.195+0000] {taskinstance.py:1083} INFO - Dependencies all met for <TaskInstance: debts_tracker_etl.map_debts_data manual__2023-01-22T02:24:14.281292+00:00 [queued]>
[2023-01-22T02:24:18.196+0000] {taskinstance.py:1279} INFO - 
--------------------------------------------------------------------------------
[2023-01-22T02:24:18.197+0000] {taskinstance.py:1280} INFO - Starting attempt 1 of 2
[2023-01-22T02:24:18.197+0000] {taskinstance.py:1281} INFO - 
--------------------------------------------------------------------------------
[2023-01-22T02:24:18.210+0000] {taskinstance.py:1300} INFO - Executing <Task(PythonOperator): map_debts_data> on 2023-01-22 02:24:14.281292+00:00
[2023-01-22T02:24:18.216+0000] {standard_task_runner.py:55} INFO - Started process 19502 to run task
[2023-01-22T02:24:18.220+0000] {standard_task_runner.py:82} INFO - Running: ['***', 'tasks', 'run', 'debts_tracker_etl', 'map_debts_data', 'manual__2023-01-22T02:24:14.281292+00:00', '--job-id', '294', '--raw', '--subdir', 'DAGS_FOLDER/debts_tracker_etl.py', '--cfg-path', '/tmp/tmp91d0zi23']
[2023-01-22T02:24:18.224+0000] {standard_task_runner.py:83} INFO - Job 294: Subtask map_debts_data
[2023-01-22T02:24:18.303+0000] {task_command.py:388} INFO - Running <TaskInstance: debts_tracker_etl.map_debts_data manual__2023-01-22T02:24:14.281292+00:00 [running]> on host 365d47c8e5b5
[2023-01-22T02:24:18.375+0000] {taskinstance.py:1507} INFO - Exporting the following env vars:
AIRFLOW_CTX_DAG_OWNER=Tony Stark, Peter Parker
AIRFLOW_CTX_DAG_ID=debts_tracker_etl
AIRFLOW_CTX_TASK_ID=map_debts_data
AIRFLOW_CTX_EXECUTION_DATE=2023-01-22T02:24:14.281292+00:00
AIRFLOW_CTX_TRY_NUMBER=1
AIRFLOW_CTX_DAG_RUN_ID=manual__2023-01-22T02:24:14.281292+00:00
[2023-01-22T02:24:18.389+0000] {logging_mixin.py:137} INFO - ---------------1
[2023-01-22T02:24:18.390+0000] {logging_mixin.py:137} INFO - the paiytmen {'0': [{'amount': 51.25, 'date': '2020-09-29', 'payment_plan_id': 0}, {'amount': 51.25, 'date': '2020-10-29', 'payment_plan_id': 0}], '1': [{'amount': 25, 'date': '2020-08-08', 'payment_plan_id': 1}, {'amount': 25, 'date': '2020-08-08', 'payment_plan_id': 1}], '2': [{'amount': 4312.67, 'date': '2020-08-08', 'payment_plan_id': 2}], '3': [{'amount': 1230.085, 'date': '2020-08-01', 'payment_plan_id': 3}, {'amount': 1230.085, 'date': '2020-08-08', 'payment_plan_id': 3}, {'amount': 1230.085, 'date': '2020-08-15', 'payment_plan_id': 3}]}
[2023-01-22T02:24:18.391+0000] {debts_tracker_transformer.py:85} INFO - setting debts is_in_payment_plan flag for debt_id: 0
[2023-01-22T02:24:18.392+0000] {debts_tracker_transformer.py:36} INFO - Getting payments info for payment_plan_id: 0
[2023-01-22T02:24:18.392+0000] {debts_tracker_transformer.py:59} INFO - calculating remaining amount for payment_plan_id: 0
[2023-01-22T02:24:18.393+0000] {debts_tracker_transformer.py:42} INFO - checking if payments are on time
[2023-01-22T02:24:18.394+0000] {debts_tracker_transformer.py:85} INFO - setting debts is_in_payment_plan flag for debt_id: 1
[2023-01-22T02:24:18.395+0000] {debts_tracker_transformer.py:36} INFO - Getting payments info for payment_plan_id: 1
[2023-01-22T02:24:18.396+0000] {debts_tracker_transformer.py:59} INFO - calculating remaining amount for payment_plan_id: 1
[2023-01-22T02:24:18.396+0000] {debts_tracker_transformer.py:42} INFO - checking if payments are on time
[2023-01-22T02:24:18.397+0000] {debts_tracker_transformer.py:85} INFO - setting debts is_in_payment_plan flag for debt_id: 2
[2023-01-22T02:24:18.397+0000] {debts_tracker_transformer.py:36} INFO - Getting payments info for payment_plan_id: 2
[2023-01-22T02:24:18.398+0000] {debts_tracker_transformer.py:59} INFO - calculating remaining amount for payment_plan_id: 2
[2023-01-22T02:24:18.398+0000] {debts_tracker_transformer.py:42} INFO - checking if payments are on time
[2023-01-22T02:24:18.399+0000] {debts_tracker_transformer.py:85} INFO - setting debts is_in_payment_plan flag for debt_id: 3
[2023-01-22T02:24:18.400+0000] {debts_tracker_transformer.py:36} INFO - Getting payments info for payment_plan_id: 3
[2023-01-22T02:24:18.400+0000] {debts_tracker_transformer.py:59} INFO - calculating remaining amount for payment_plan_id: 3
[2023-01-22T02:24:18.401+0000] {debts_tracker_transformer.py:42} INFO - checking if payments are on time
[2023-01-22T02:24:18.401+0000] {debts_tracker_transformer.py:85} INFO - setting debts is_in_payment_plan flag for debt_id: 4
[2023-01-22T02:24:18.402+0000] {python.py:177} INFO - Done. Returned value was: [{'amount': 123.46, 'id': 0, 'is_in_payment_plan': True, 'remaining_amount': 0.0, 'is_payment_on_time': False}, {'amount': 100, 'id': 1, 'is_in_payment_plan': True, 'remaining_amount': 50, 'is_payment_on_time': False}, {'amount': 4920.34, 'id': 2, 'is_in_payment_plan': True, 'remaining_amount': 607.6700000000001, 'is_payment_on_time': True}, {'amount': 12938, 'id': 3, 'is_in_payment_plan': True, 'remaining_amount': 622.415, 'is_payment_on_time': True}, {'amount': 9238.02, 'id': 4, 'is_in_payment_plan': False}]
[2023-01-22T02:24:18.425+0000] {taskinstance.py:1318} INFO - Marking task as SUCCESS. dag_id=debts_tracker_etl, task_id=map_debts_data, execution_date=20230122T022414, start_date=20230122T022418, end_date=20230122T022418
[2023-01-22T02:24:18.475+0000] {local_task_job.py:208} INFO - Task exited with return code 0
[2023-01-22T02:24:18.504+0000] {taskinstance.py:2578} INFO - 0 downstream tasks scheduled from follow-on schedule check
