[2023-01-21T20:36:04.184+0000] {taskinstance.py:1083} INFO - Dependencies all met for <TaskInstance: crypto_coins_etl.get_top_three_coins manual__2023-01-21T20:36:00.446189+00:00 [queued]>
[2023-01-21T20:36:04.195+0000] {taskinstance.py:1083} INFO - Dependencies all met for <TaskInstance: crypto_coins_etl.get_top_three_coins manual__2023-01-21T20:36:00.446189+00:00 [queued]>
[2023-01-21T20:36:04.196+0000] {taskinstance.py:1279} INFO - 
--------------------------------------------------------------------------------
[2023-01-21T20:36:04.197+0000] {taskinstance.py:1280} INFO - Starting attempt 1 of 1
[2023-01-21T20:36:04.198+0000] {taskinstance.py:1281} INFO - 
--------------------------------------------------------------------------------
[2023-01-21T20:36:04.211+0000] {taskinstance.py:1300} INFO - Executing <Task(PythonOperator): get_top_three_coins> on 2023-01-21 20:36:00.446189+00:00
[2023-01-21T20:36:04.217+0000] {standard_task_runner.py:55} INFO - Started process 2365 to run task
[2023-01-21T20:36:04.222+0000] {standard_task_runner.py:82} INFO - Running: ['***', 'tasks', 'run', 'crypto_coins_etl', 'get_top_three_coins', 'manual__2023-01-21T20:36:00.446189+00:00', '--job-id', '157', '--raw', '--subdir', 'DAGS_FOLDER/crypto_coins_etl.py', '--cfg-path', '/tmp/tmpfz0t_3zi']
[2023-01-21T20:36:04.232+0000] {standard_task_runner.py:83} INFO - Job 157: Subtask get_top_three_coins
[2023-01-21T20:36:04.318+0000] {task_command.py:388} INFO - Running <TaskInstance: crypto_coins_etl.get_top_three_coins manual__2023-01-21T20:36:00.446189+00:00 [running]> on host 6256f74551c5
[2023-01-21T20:36:04.390+0000] {taskinstance.py:1507} INFO - Exporting the following env vars:
AIRFLOW_CTX_DAG_OWNER=***
AIRFLOW_CTX_DAG_ID=crypto_coins_etl
AIRFLOW_CTX_TASK_ID=get_top_three_coins
AIRFLOW_CTX_EXECUTION_DATE=2023-01-21T20:36:00.446189+00:00
AIRFLOW_CTX_TRY_NUMBER=1
AIRFLOW_CTX_DAG_RUN_ID=manual__2023-01-21T20:36:00.446189+00:00
[2023-01-21T20:36:04.407+0000] {python.py:177} INFO - Done. Returned value was: [{'id': 'bitcoin', 'symbol': 'btc', 'name': 'Bitcoin', 'image': 'https://assets.coingecko.com/coins/images/1/large/bitcoin.png?1547033579', 'current_price': 23166, 'market_cap': 446374936204, 'market_cap_rank': 1, 'fully_diluted_valuation': 486481262268, 'total_volume': 49820828657, 'high_24h': 23329, 'low_24h': 21877, 'price_change_24h': 1288.36, 'price_change_percentage_24h': 5.88902, 'market_cap_change_24h': 25054224486, 'market_cap_change_percentage_24h': 5.94659, 'circulating_supply': 19268725.0, 'total_supply': 21000000.0, 'max_supply': 21000000.0, 'ath': 69045, 'ath_change_percentage': -66.27871, 'ath_date': '2021-11-10T14:24:11.849Z', 'atl': 67.81, 'atl_change_percentage': 34235.83316, 'atl_date': '2013-07-06T00:00:00.000Z', 'roi': None, 'last_updated': '2023-01-21T20:30:37.548Z'}, {'id': 'ethereum', 'symbol': 'eth', 'name': 'Ethereum', 'image': 'https://assets.coingecko.com/coins/images/279/large/ethereum.png?1595348880', 'current_price': 1658.18, 'market_cap': 199840153713, 'market_cap_rank': 2, 'fully_diluted_valuation': 199840153713, 'total_volume': 10713553981, 'high_24h': 1676.55, 'low_24h': 1629.21, 'price_change_24h': 28.97, 'price_change_percentage_24h': 1.77818, 'market_cap_change_24h': 3760460347, 'market_cap_change_percentage_24h': 1.91782, 'circulating_supply': 120517812.503798, 'total_supply': 120517812.503798, 'max_supply': None, 'ath': 4878.26, 'ath_change_percentage': -65.856, 'ath_date': '2021-11-10T14:24:19.604Z', 'atl': 0.432979, 'atl_change_percentage': 384591.58986, 'atl_date': '2015-10-20T00:00:00.000Z', 'roi': {'times': 94.62808276370163, 'currency': 'btc', 'percentage': 9462.808276370162}, 'last_updated': '2023-01-21T20:30:39.058Z'}, {'id': 'binancecoin', 'symbol': 'bnb', 'name': 'BNB', 'image': 'https://assets.coingecko.com/coins/images/825/large/bnb-icon2_2x.png?1644979850', 'current_price': 303.34, 'market_cap': 40923082173, 'market_cap_rank': 5, 'fully_diluted_valuation': 60667018924, 'total_volume': 1238955750, 'high_24h': 310.68, 'low_24h': 297.79, 'price_change_24h': 5.54, 'price_change_percentage_24h': 1.86063, 'market_cap_change_24h': 604933198, 'market_cap_change_percentage_24h': 1.5004, 'circulating_supply': 134910476.56, 'total_supply': 157219628.63, 'max_supply': 200000000.0, 'ath': 686.31, 'ath_change_percentage': -55.63936, 'ath_date': '2021-05-10T07:24:17.097Z', 'atl': 0.0398177, 'atl_change_percentage': 764509.72763, 'atl_date': '2017-10-19T00:00:00.000Z', 'roi': None, 'last_updated': '2023-01-21T20:30:34.101Z'}]
[2023-01-21T20:36:04.431+0000] {taskinstance.py:1318} INFO - Marking task as SUCCESS. dag_id=crypto_coins_etl, task_id=get_top_three_coins, execution_date=20230121T203600, start_date=20230121T203604, end_date=20230121T203604
[2023-01-21T20:36:04.474+0000] {local_task_job.py:208} INFO - Task exited with return code 0
[2023-01-21T20:36:04.504+0000] {taskinstance.py:2578} INFO - 1 downstream tasks scheduled from follow-on schedule check
