[2023-01-21T20:54:37.713+0000] {taskinstance.py:1083} INFO - Dependencies all met for <TaskInstance: crypto_coins_etl.cal_avg_price_using_coin_history manual__2023-01-21T20:54:28.539318+00:00 [queued]>
[2023-01-21T20:54:37.731+0000] {taskinstance.py:1083} INFO - Dependencies all met for <TaskInstance: crypto_coins_etl.cal_avg_price_using_coin_history manual__2023-01-21T20:54:28.539318+00:00 [queued]>
[2023-01-21T20:54:37.732+0000] {taskinstance.py:1279} INFO - 
--------------------------------------------------------------------------------
[2023-01-21T20:54:37.733+0000] {taskinstance.py:1280} INFO - Starting attempt 1 of 1
[2023-01-21T20:54:37.735+0000] {taskinstance.py:1281} INFO - 
--------------------------------------------------------------------------------
[2023-01-21T20:54:37.754+0000] {taskinstance.py:1300} INFO - Executing <Task(PythonOperator): cal_avg_price_using_coin_history> on 2023-01-21 20:54:28.539318+00:00
[2023-01-21T20:54:37.764+0000] {standard_task_runner.py:55} INFO - Started process 3655 to run task
[2023-01-21T20:54:37.770+0000] {standard_task_runner.py:82} INFO - Running: ['***', 'tasks', 'run', 'crypto_coins_etl', 'cal_avg_price_using_coin_history', 'manual__2023-01-21T20:54:28.539318+00:00', '--job-id', '200', '--raw', '--subdir', 'DAGS_FOLDER/crypto_coins_etl.py', '--cfg-path', '/tmp/tmp9uigcg5t']
[2023-01-21T20:54:37.782+0000] {standard_task_runner.py:83} INFO - Job 200: Subtask cal_avg_price_using_coin_history
[2023-01-21T20:54:37.864+0000] {task_command.py:388} INFO - Running <TaskInstance: crypto_coins_etl.cal_avg_price_using_coin_history manual__2023-01-21T20:54:28.539318+00:00 [running]> on host 6256f74551c5
[2023-01-21T20:54:37.954+0000] {taskinstance.py:1507} INFO - Exporting the following env vars:
AIRFLOW_CTX_DAG_OWNER=***
AIRFLOW_CTX_DAG_ID=crypto_coins_etl
AIRFLOW_CTX_TASK_ID=cal_avg_price_using_coin_history
AIRFLOW_CTX_EXECUTION_DATE=2023-01-21T20:54:28.539318+00:00
AIRFLOW_CTX_TRY_NUMBER=1
AIRFLOW_CTX_DAG_RUN_ID=manual__2023-01-21T20:54:28.539318+00:00
[2023-01-21T20:54:37.971+0000] {crypto_transformer.py:40} INFO - calculate_avg_price bitcoin
[2023-01-21T20:54:38.348+0000] {crypto_transformer.py:53} INFO - Checking price for bitcoin
[2023-01-21T20:54:38.349+0000] {crypto_transformer.py:40} INFO - calculate_avg_price ethereum
[2023-01-21T20:54:38.642+0000] {crypto_transformer.py:53} INFO - Checking price for ethereum
[2023-01-21T20:54:38.643+0000] {crypto_transformer.py:40} INFO - calculate_avg_price tether
[2023-01-21T20:54:38.960+0000] {crypto_transformer.py:53} INFO - Checking price for tether
[2023-01-21T20:54:38.961+0000] {crypto_transformer.py:40} INFO - calculate_avg_price usd-coin
[2023-01-21T20:54:39.268+0000] {crypto_transformer.py:53} INFO - Checking price for usd-coin
[2023-01-21T20:54:39.270+0000] {crypto_transformer.py:40} INFO - calculate_avg_price binancecoin
[2023-01-21T20:54:39.537+0000] {crypto_transformer.py:53} INFO - Checking price for binancecoin
[2023-01-21T20:54:39.538+0000] {crypto_transformer.py:40} INFO - calculate_avg_price ripple
[2023-01-21T20:54:39.835+0000] {crypto_transformer.py:53} INFO - Checking price for ripple
[2023-01-21T20:54:39.836+0000] {crypto_transformer.py:40} INFO - calculate_avg_price binance-usd
[2023-01-21T20:54:40.106+0000] {crypto_transformer.py:53} INFO - Checking price for binance-usd
[2023-01-21T20:54:40.107+0000] {crypto_transformer.py:40} INFO - calculate_avg_price cardano
[2023-01-21T20:54:40.390+0000] {crypto_transformer.py:53} INFO - Checking price for cardano
[2023-01-21T20:54:40.391+0000] {crypto_transformer.py:40} INFO - calculate_avg_price dogecoin
[2023-01-21T20:54:40.672+0000] {crypto_transformer.py:53} INFO - Checking price for dogecoin
[2023-01-21T20:54:40.673+0000] {crypto_transformer.py:40} INFO - calculate_avg_price solana
[2023-01-21T20:54:41.033+0000] {crypto_transformer.py:53} INFO - Checking price for solana
[2023-01-21T20:54:41.035+0000] {logging_mixin.py:137} INFO - ----
[2023-01-21T20:54:41.036+0000] {logging_mixin.py:137} INFO - must_buy_coins [{'id': 'tether', 'symbol': 'usdt', 'name': 'Tether', 'image': 'https://assets.coingecko.com/coins/images/325/large/Tether.png?1668148663', 'current_price': 1.0, 'market_cap': 66479785873, 'market_cap_rank': 3, 'fully_diluted_valuation': 66479785873, 'total_volume': 57648939999, 'high_24h': 1.005, 'low_24h': 0.988207, 'price_change_24h': 0.00062752, 'price_change_percentage_24h': 0.06276, 'market_cap_change_24h': -245040275.90747833, 'market_cap_change_percentage_24h': -0.36724, 'circulating_supply': 66484835812.1458, 'total_supply': 66484835812.1458, 'max_supply': None, 'ath': 1.32, 'ath_change_percentage': -24.35572, 'ath_date': '2018-07-24T00:00:00.000Z', 'atl': 0.572521, 'atl_change_percentage': 74.81383, 'atl_date': '2015-03-02T00:00:00.000Z', 'roi': None, 'last_updated': '2023-01-21T20:45:16.664Z'}]
[2023-01-21T20:54:41.038+0000] {logging_mixin.py:137} INFO - ----
[2023-01-21T20:54:41.039+0000] {python.py:177} INFO - Done. Returned value was: [{'id': 'tether', 'symbol': 'usdt', 'name': 'Tether', 'image': 'https://assets.coingecko.com/coins/images/325/large/Tether.png?1668148663', 'current_price': 1.0, 'market_cap': 66479785873, 'market_cap_rank': 3, 'fully_diluted_valuation': 66479785873, 'total_volume': 57648939999, 'high_24h': 1.005, 'low_24h': 0.988207, 'price_change_24h': 0.00062752, 'price_change_percentage_24h': 0.06276, 'market_cap_change_24h': -245040275.90747833, 'market_cap_change_percentage_24h': -0.36724, 'circulating_supply': 66484835812.1458, 'total_supply': 66484835812.1458, 'max_supply': None, 'ath': 1.32, 'ath_change_percentage': -24.35572, 'ath_date': '2018-07-24T00:00:00.000Z', 'atl': 0.572521, 'atl_change_percentage': 74.81383, 'atl_date': '2015-03-02T00:00:00.000Z', 'roi': None, 'last_updated': '2023-01-21T20:45:16.664Z'}]
[2023-01-21T20:54:41.068+0000] {taskinstance.py:1318} INFO - Marking task as SUCCESS. dag_id=crypto_coins_etl, task_id=cal_avg_price_using_coin_history, execution_date=20230121T205428, start_date=20230121T205437, end_date=20230121T205441
[2023-01-21T20:54:41.131+0000] {local_task_job.py:208} INFO - Task exited with return code 0
[2023-01-21T20:54:41.154+0000] {taskinstance.py:2578} INFO - 0 downstream tasks scheduled from follow-on schedule check
