[2023-01-21T05:20:55.904+0000] {taskinstance.py:1083} INFO - Dependencies all met for <TaskInstance: crypto_coins_etl.create_coins_table manual__2023-01-21T05:20:53.341192+00:00 [queued]>
[2023-01-21T05:20:55.917+0000] {taskinstance.py:1083} INFO - Dependencies all met for <TaskInstance: crypto_coins_etl.create_coins_table manual__2023-01-21T05:20:53.341192+00:00 [queued]>
[2023-01-21T05:20:55.917+0000] {taskinstance.py:1279} INFO - 
--------------------------------------------------------------------------------
[2023-01-21T05:20:55.918+0000] {taskinstance.py:1280} INFO - Starting attempt 1 of 1
[2023-01-21T05:20:55.919+0000] {taskinstance.py:1281} INFO - 
--------------------------------------------------------------------------------
[2023-01-21T05:20:55.937+0000] {taskinstance.py:1300} INFO - Executing <Task(PostgresOperator): create_coins_table> on 2023-01-21 05:20:53.341192+00:00
[2023-01-21T05:20:55.943+0000] {standard_task_runner.py:55} INFO - Started process 133 to run task
[2023-01-21T05:20:55.947+0000] {standard_task_runner.py:82} INFO - Running: ['***', 'tasks', 'run', 'crypto_coins_etl', 'create_coins_table', 'manual__2023-01-21T05:20:53.341192+00:00', '--job-id', '47', '--raw', '--subdir', 'DAGS_FOLDER/crypto_coins_etl.py', '--cfg-path', '/tmp/tmput45yigd']
[2023-01-21T05:20:55.948+0000] {standard_task_runner.py:83} INFO - Job 47: Subtask create_coins_table
[2023-01-21T05:20:56.046+0000] {task_command.py:388} INFO - Running <TaskInstance: crypto_coins_etl.create_coins_table manual__2023-01-21T05:20:53.341192+00:00 [running]> on host ac5a85f5e1cc
[2023-01-21T05:20:56.146+0000] {taskinstance.py:1507} INFO - Exporting the following env vars:
AIRFLOW_CTX_DAG_OWNER=***
AIRFLOW_CTX_DAG_ID=crypto_coins_etl
AIRFLOW_CTX_TASK_ID=create_coins_table
AIRFLOW_CTX_EXECUTION_DATE=2023-01-21T05:20:53.341192+00:00
AIRFLOW_CTX_TRY_NUMBER=1
AIRFLOW_CTX_DAG_RUN_ID=manual__2023-01-21T05:20:53.341192+00:00
[2023-01-21T05:20:56.148+0000] {sql.py:254} INFO - Executing:  CREATE TABLE IF NOT EXISTS coins(             firstname TEXT NOT NULL,             lastname TEXT NOT NULL,             country TEXT NOT NULL,             username TEXT NOT NULL,             password TEXT NOT NULL,             Email TEXT NOT NULL         );
[2023-01-21T05:20:56.159+0000] {base.py:73} INFO - Using connection ID 'postgres' for task execution.
[2023-01-21T05:20:56.404+0000] {base.py:73} INFO - Using connection ID 'postgres' for task execution.
[2023-01-21T05:20:56.409+0000] {sql.py:375} INFO - Running statement:  CREATE TABLE IF NOT EXISTS coins(             firstname TEXT NOT NULL,             lastname TEXT NOT NULL,             country TEXT NOT NULL,             username TEXT NOT NULL,             password TEXT NOT NULL,             Email TEXT NOT NULL         );, parameters: None
[2023-01-21T05:20:56.422+0000] {taskinstance.py:1318} INFO - Marking task as SUCCESS. dag_id=crypto_coins_etl, task_id=create_coins_table, execution_date=20230121T052053, start_date=20230121T052055, end_date=20230121T052056
[2023-01-21T05:20:56.482+0000] {local_task_job.py:208} INFO - Task exited with return code 0
[2023-01-21T05:20:56.507+0000] {taskinstance.py:2578} INFO - 1 downstream tasks scheduled from follow-on schedule check
