[2023-01-21T21:19:25.196+0000] {taskinstance.py:1083} INFO - Dependencies all met for <TaskInstance: crypto_coins_etl.save_purchase_record manual__2023-01-21T21:19:11.141759+00:00 [queued]>
[2023-01-21T21:19:25.209+0000] {taskinstance.py:1083} INFO - Dependencies all met for <TaskInstance: crypto_coins_etl.save_purchase_record manual__2023-01-21T21:19:11.141759+00:00 [queued]>
[2023-01-21T21:19:25.210+0000] {taskinstance.py:1279} INFO - 
--------------------------------------------------------------------------------
[2023-01-21T21:19:25.211+0000] {taskinstance.py:1280} INFO - Starting attempt 1 of 1
[2023-01-21T21:19:25.212+0000] {taskinstance.py:1281} INFO - 
--------------------------------------------------------------------------------
[2023-01-21T21:19:25.227+0000] {taskinstance.py:1300} INFO - Executing <Task(PythonOperator): save_purchase_record> on 2023-01-21 21:19:11.141759+00:00
[2023-01-21T21:19:25.236+0000] {standard_task_runner.py:55} INFO - Started process 5260 to run task
[2023-01-21T21:19:25.240+0000] {standard_task_runner.py:82} INFO - Running: ['***', 'tasks', 'run', 'crypto_coins_etl', 'save_purchase_record', 'manual__2023-01-21T21:19:11.141759+00:00', '--job-id', '220', '--raw', '--subdir', 'DAGS_FOLDER/crypto_coins_etl.py', '--cfg-path', '/tmp/tmp1698zr9_']
[2023-01-21T21:19:25.244+0000] {standard_task_runner.py:83} INFO - Job 220: Subtask save_purchase_record
[2023-01-21T21:19:25.326+0000] {task_command.py:388} INFO - Running <TaskInstance: crypto_coins_etl.save_purchase_record manual__2023-01-21T21:19:11.141759+00:00 [running]> on host 6256f74551c5
[2023-01-21T21:19:25.402+0000] {taskinstance.py:1507} INFO - Exporting the following env vars:
AIRFLOW_CTX_DAG_OWNER=***
AIRFLOW_CTX_DAG_ID=crypto_coins_etl
AIRFLOW_CTX_TASK_ID=save_purchase_record
AIRFLOW_CTX_EXECUTION_DATE=2023-01-21T21:19:11.141759+00:00
AIRFLOW_CTX_TRY_NUMBER=1
AIRFLOW_CTX_DAG_RUN_ID=manual__2023-01-21T21:19:11.141759+00:00
[2023-01-21T21:19:25.419+0000] {python.py:177} INFO - Done. Returned value was: True
[2023-01-21T21:19:25.451+0000] {taskinstance.py:1318} INFO - Marking task as SUCCESS. dag_id=crypto_coins_etl, task_id=save_purchase_record, execution_date=20230121T211911, start_date=20230121T211925, end_date=20230121T211925
[2023-01-21T21:19:25.493+0000] {local_task_job.py:208} INFO - Task exited with return code 0
[2023-01-21T21:19:25.515+0000] {taskinstance.py:2578} INFO - 0 downstream tasks scheduled from follow-on schedule check
