[2023-01-21T04:51:31.773+0000] {taskinstance.py:1083} INFO - Dependencies all met for <TaskInstance: crypto_coins_etl.load_top_three_coins manual__2023-01-21T04:51:30.381067+00:00 [queued]>
[2023-01-21T04:51:31.792+0000] {taskinstance.py:1083} INFO - Dependencies all met for <TaskInstance: crypto_coins_etl.load_top_three_coins manual__2023-01-21T04:51:30.381067+00:00 [queued]>
[2023-01-21T04:51:31.793+0000] {taskinstance.py:1279} INFO - 
--------------------------------------------------------------------------------
[2023-01-21T04:51:31.794+0000] {taskinstance.py:1280} INFO - Starting attempt 1 of 1
[2023-01-21T04:51:31.795+0000] {taskinstance.py:1281} INFO - 
--------------------------------------------------------------------------------
[2023-01-21T04:51:31.821+0000] {taskinstance.py:1300} INFO - Executing <Task(PythonOperator): load_top_three_coins> on 2023-01-21 04:51:30.381067+00:00
[2023-01-21T04:51:31.832+0000] {standard_task_runner.py:55} INFO - Started process 372 to run task
[2023-01-21T04:51:31.861+0000] {standard_task_runner.py:82} INFO - Running: ['***', 'tasks', 'run', 'crypto_coins_etl', 'load_top_three_coins', 'manual__2023-01-21T04:51:30.381067+00:00', '--job-id', '35', '--raw', '--subdir', 'DAGS_FOLDER/crypto_coins_etl.py', '--cfg-path', '/tmp/tmpjxqt9g5g']
[2023-01-21T04:51:31.863+0000] {standard_task_runner.py:83} INFO - Job 35: Subtask load_top_three_coins
[2023-01-21T04:51:31.964+0000] {task_command.py:388} INFO - Running <TaskInstance: crypto_coins_etl.load_top_three_coins manual__2023-01-21T04:51:30.381067+00:00 [running]> on host 492086e6db69
[2023-01-21T04:51:32.056+0000] {taskinstance.py:1507} INFO - Exporting the following env vars:
AIRFLOW_CTX_DAG_OWNER=***
AIRFLOW_CTX_DAG_ID=crypto_coins_etl
AIRFLOW_CTX_TASK_ID=load_top_three_coins
AIRFLOW_CTX_EXECUTION_DATE=2023-01-21T04:51:30.381067+00:00
AIRFLOW_CTX_TRY_NUMBER=1
AIRFLOW_CTX_DAG_RUN_ID=manual__2023-01-21T04:51:30.381067+00:00
[2023-01-21T04:51:32.716+0000] {logging_mixin.py:137} INFO - the_coins
[2023-01-21T04:51:32.717+0000] {python.py:177} INFO - Done. Returned value was: hello
[2023-01-21T04:51:32.748+0000] {taskinstance.py:1318} INFO - Marking task as SUCCESS. dag_id=crypto_coins_etl, task_id=load_top_three_coins, execution_date=20230121T045130, start_date=20230121T045131, end_date=20230121T045132
[2023-01-21T04:51:32.799+0000] {local_task_job.py:208} INFO - Task exited with return code 0
[2023-01-21T04:51:32.852+0000] {taskinstance.py:2578} INFO - 0 downstream tasks scheduled from follow-on schedule check
