[2023-01-22T03:36:27.517+0000] {taskinstance.py:1083} INFO - Dependencies all met for <TaskInstance: debts_tracker_etl.create_encrypt_file manual__2023-01-22T03:36:22.509397+00:00 [queued]>
[2023-01-22T03:36:27.530+0000] {taskinstance.py:1083} INFO - Dependencies all met for <TaskInstance: debts_tracker_etl.create_encrypt_file manual__2023-01-22T03:36:22.509397+00:00 [queued]>
[2023-01-22T03:36:27.531+0000] {taskinstance.py:1279} INFO - 
--------------------------------------------------------------------------------
[2023-01-22T03:36:27.532+0000] {taskinstance.py:1280} INFO - Starting attempt 1 of 2
[2023-01-22T03:36:27.532+0000] {taskinstance.py:1281} INFO - 
--------------------------------------------------------------------------------
[2023-01-22T03:36:27.545+0000] {taskinstance.py:1300} INFO - Executing <Task(PythonOperator): create_encrypt_file> on 2023-01-22 03:36:22.509397+00:00
[2023-01-22T03:36:27.552+0000] {standard_task_runner.py:55} INFO - Started process 899 to run task
[2023-01-22T03:36:27.556+0000] {standard_task_runner.py:82} INFO - Running: ['***', 'tasks', 'run', 'debts_tracker_etl', 'create_encrypt_file', 'manual__2023-01-22T03:36:22.509397+00:00', '--job-id', '33', '--raw', '--subdir', 'DAGS_FOLDER/debts_tracker_etl.py', '--cfg-path', '/tmp/tmp7cp_sqox']
[2023-01-22T03:36:27.561+0000] {standard_task_runner.py:83} INFO - Job 33: Subtask create_encrypt_file
[2023-01-22T03:36:27.639+0000] {task_command.py:388} INFO - Running <TaskInstance: debts_tracker_etl.create_encrypt_file manual__2023-01-22T03:36:22.509397+00:00 [running]> on host 4b1c480b6ccb
[2023-01-22T03:36:27.708+0000] {taskinstance.py:1507} INFO - Exporting the following env vars:
AIRFLOW_CTX_DAG_OWNER=Tony Stark, Peter Parker
AIRFLOW_CTX_DAG_ID=debts_tracker_etl
AIRFLOW_CTX_TASK_ID=create_encrypt_file
AIRFLOW_CTX_EXECUTION_DATE=2023-01-22T03:36:22.509397+00:00
AIRFLOW_CTX_TRY_NUMBER=1
AIRFLOW_CTX_DAG_RUN_ID=manual__2023-01-22T03:36:22.509397+00:00
[2023-01-22T03:36:27.734+0000] {logging_mixin.py:137} INFO - 0-----
[2023-01-22T03:36:27.735+0000] {logging_mixin.py:137} INFO - b'gAAAAABjzK87lci06NVvdv3G2d7l1b0gQ9raB4xiNigVEo_YdWeuEb5WNjcIUNfIsFAV95R7m3UZQ35wvE6YkwhwLrD6sfitCyQGPG6uovROXH21NHVX1qcHT7HlIMeCc_fdDIYXR1noX1YMtxmCVbTBBLn6TPq3boowSBmWo6BAGRAjOD015z--WoTvUV3XUtlZOO4RfGfp04IJZuGU4JPURzJ2kfy_G8Hk9rKH7b_sZYzNVg-uGkJl8CAqLpNo8R9faA0QSwZ20nWctG_j-iVAnDL3KfHLCmYFEdjgf_gfg4-_bB6JWQcGm7ytiUXnkn6NeY2MRoYHdNDubSMbl7So-AzxsaXdM_AQs5k_MCqMJVkOTjANLS0='
[2023-01-22T03:36:27.735+0000] {python.py:177} INFO - Done. Returned value was: None
[2023-01-22T03:36:27.745+0000] {taskinstance.py:1318} INFO - Marking task as SUCCESS. dag_id=debts_tracker_etl, task_id=create_encrypt_file, execution_date=20230122T033622, start_date=20230122T033627, end_date=20230122T033627
[2023-01-22T03:36:27.769+0000] {local_task_job.py:208} INFO - Task exited with return code 0
[2023-01-22T03:36:27.790+0000] {taskinstance.py:2578} INFO - 0 downstream tasks scheduled from follow-on schedule check
