[2023-01-22T03:50:05.972+0000] {taskinstance.py:1083} INFO - Dependencies all met for <TaskInstance: debts_tracker_etl.map_debts_data manual__2023-01-22T03:50:01.546804+00:00 [queued]>
[2023-01-22T03:50:05.983+0000] {taskinstance.py:1083} INFO - Dependencies all met for <TaskInstance: debts_tracker_etl.map_debts_data manual__2023-01-22T03:50:01.546804+00:00 [queued]>
[2023-01-22T03:50:05.984+0000] {taskinstance.py:1279} INFO - 
--------------------------------------------------------------------------------
[2023-01-22T03:50:05.985+0000] {taskinstance.py:1280} INFO - Starting attempt 1 of 2
[2023-01-22T03:50:05.986+0000] {taskinstance.py:1281} INFO - 
--------------------------------------------------------------------------------
[2023-01-22T03:50:06.000+0000] {taskinstance.py:1300} INFO - Executing <Task(PythonOperator): map_debts_data> on 2023-01-22 03:50:01.546804+00:00
[2023-01-22T03:50:06.007+0000] {standard_task_runner.py:55} INFO - Started process 1777 to run task
[2023-01-22T03:50:06.011+0000] {standard_task_runner.py:82} INFO - Running: ['***', 'tasks', 'run', 'debts_tracker_etl', 'map_debts_data', 'manual__2023-01-22T03:50:01.546804+00:00', '--job-id', '39', '--raw', '--subdir', 'DAGS_FOLDER/debts_tracker_etl.py', '--cfg-path', '/tmp/tmpkygy98l5']
[2023-01-22T03:50:06.015+0000] {standard_task_runner.py:83} INFO - Job 39: Subtask map_debts_data
[2023-01-22T03:50:06.095+0000] {task_command.py:388} INFO - Running <TaskInstance: debts_tracker_etl.map_debts_data manual__2023-01-22T03:50:01.546804+00:00 [running]> on host 4b1c480b6ccb
[2023-01-22T03:50:06.166+0000] {taskinstance.py:1507} INFO - Exporting the following env vars:
AIRFLOW_CTX_DAG_OWNER=Tony Stark, Peter Parker
AIRFLOW_CTX_DAG_ID=debts_tracker_etl
AIRFLOW_CTX_TASK_ID=map_debts_data
AIRFLOW_CTX_EXECUTION_DATE=2023-01-22T03:50:01.546804+00:00
AIRFLOW_CTX_TRY_NUMBER=1
AIRFLOW_CTX_DAG_RUN_ID=manual__2023-01-22T03:50:01.546804+00:00
[2023-01-22T03:50:06.180+0000] {logging_mixin.py:137} INFO - ---------------1
[2023-01-22T03:50:06.181+0000] {logging_mixin.py:137} INFO - the paiytmen {'0': [{'amount': 51.25, 'date': '2020-09-29', 'payment_plan_id': 0}, {'amount': 51.25, 'date': '2020-10-29', 'payment_plan_id': 0}], '1': [{'amount': 25, 'date': '2020-08-08', 'payment_plan_id': 1}, {'amount': 25, 'date': '2020-08-08', 'payment_plan_id': 1}], '2': [{'amount': 4312.67, 'date': '2020-08-08', 'payment_plan_id': 2}], '3': [{'amount': 1230.085, 'date': '2020-08-01', 'payment_plan_id': 3}, {'amount': 1230.085, 'date': '2020-08-08', 'payment_plan_id': 3}, {'amount': 1230.085, 'date': '2020-08-15', 'payment_plan_id': 3}]}
[2023-01-22T03:50:06.182+0000] {debts_tracker_transformer.py:95} INFO - setting debts is_in_payment_plan flag for debt_id: 0
[2023-01-22T03:50:06.183+0000] {debts_tracker_transformer.py:46} INFO - Getting payments info for payment_plan_id: 0
[2023-01-22T03:50:06.184+0000] {debts_tracker_transformer.py:69} INFO - calculating remaining amount for payment_plan_id: 0
[2023-01-22T03:50:06.184+0000] {debts_tracker_transformer.py:52} INFO - checking if payments are on time
[2023-01-22T03:50:06.186+0000] {debts_tracker_transformer.py:95} INFO - setting debts is_in_payment_plan flag for debt_id: 1
[2023-01-22T03:50:06.187+0000] {debts_tracker_transformer.py:46} INFO - Getting payments info for payment_plan_id: 1
[2023-01-22T03:50:06.188+0000] {debts_tracker_transformer.py:69} INFO - calculating remaining amount for payment_plan_id: 1
[2023-01-22T03:50:06.189+0000] {debts_tracker_transformer.py:52} INFO - checking if payments are on time
[2023-01-22T03:50:06.190+0000] {debts_tracker_transformer.py:95} INFO - setting debts is_in_payment_plan flag for debt_id: 2
[2023-01-22T03:50:06.191+0000] {debts_tracker_transformer.py:46} INFO - Getting payments info for payment_plan_id: 2
[2023-01-22T03:50:06.191+0000] {debts_tracker_transformer.py:69} INFO - calculating remaining amount for payment_plan_id: 2
[2023-01-22T03:50:06.192+0000] {debts_tracker_transformer.py:52} INFO - checking if payments are on time
[2023-01-22T03:50:06.193+0000] {debts_tracker_transformer.py:95} INFO - setting debts is_in_payment_plan flag for debt_id: 3
[2023-01-22T03:50:06.194+0000] {debts_tracker_transformer.py:46} INFO - Getting payments info for payment_plan_id: 3
[2023-01-22T03:50:06.194+0000] {debts_tracker_transformer.py:69} INFO - calculating remaining amount for payment_plan_id: 3
[2023-01-22T03:50:06.195+0000] {debts_tracker_transformer.py:52} INFO - checking if payments are on time
[2023-01-22T03:50:06.195+0000] {debts_tracker_transformer.py:95} INFO - setting debts is_in_payment_plan flag for debt_id: 4
[2023-01-22T03:50:06.196+0000] {python.py:177} INFO - Done. Returned value was: [{'amount': 123.46, 'id': 0, 'is_in_payment_plan': True, 'remaining_amount': 0.0, 'is_payment_on_time': False}, {'amount': 100, 'id': 1, 'is_in_payment_plan': True, 'remaining_amount': 50, 'is_payment_on_time': False}, {'amount': 4920.34, 'id': 2, 'is_in_payment_plan': True, 'remaining_amount': 607.6700000000001, 'is_payment_on_time': True}, {'amount': 12938, 'id': 3, 'is_in_payment_plan': True, 'remaining_amount': 622.415, 'is_payment_on_time': True}, {'amount': 9238.02, 'id': 4, 'is_in_payment_plan': False}]
[2023-01-22T03:50:06.224+0000] {taskinstance.py:1318} INFO - Marking task as SUCCESS. dag_id=debts_tracker_etl, task_id=map_debts_data, execution_date=20230122T035001, start_date=20230122T035005, end_date=20230122T035006
[2023-01-22T03:50:06.264+0000] {local_task_job.py:208} INFO - Task exited with return code 0
[2023-01-22T03:50:06.289+0000] {taskinstance.py:2578} INFO - 1 downstream tasks scheduled from follow-on schedule check
