[2023-01-21T06:34:14.296+0000] {taskinstance.py:1083} INFO - Dependencies all met for <TaskInstance: crypto_coins_etl.save_top_three_coins manual__2023-01-21T06:34:07.211051+00:00 [queued]>
[2023-01-21T06:34:14.308+0000] {taskinstance.py:1083} INFO - Dependencies all met for <TaskInstance: crypto_coins_etl.save_top_three_coins manual__2023-01-21T06:34:07.211051+00:00 [queued]>
[2023-01-21T06:34:14.309+0000] {taskinstance.py:1279} INFO - 
--------------------------------------------------------------------------------
[2023-01-21T06:34:14.310+0000] {taskinstance.py:1280} INFO - Starting attempt 1 of 1
[2023-01-21T06:34:14.311+0000] {taskinstance.py:1281} INFO - 
--------------------------------------------------------------------------------
[2023-01-21T06:34:14.323+0000] {taskinstance.py:1300} INFO - Executing <Task(PythonOperator): save_top_three_coins> on 2023-01-21 06:34:07.211051+00:00
[2023-01-21T06:34:14.330+0000] {standard_task_runner.py:55} INFO - Started process 4850 to run task
[2023-01-21T06:34:14.334+0000] {standard_task_runner.py:82} INFO - Running: ['***', 'tasks', 'run', 'crypto_coins_etl', 'save_top_three_coins', 'manual__2023-01-21T06:34:07.211051+00:00', '--job-id', '112', '--raw', '--subdir', 'DAGS_FOLDER/crypto_coins_etl.py', '--cfg-path', '/tmp/tmp0wvtv_xi']
[2023-01-21T06:34:14.340+0000] {standard_task_runner.py:83} INFO - Job 112: Subtask save_top_three_coins
[2023-01-21T06:34:14.428+0000] {task_command.py:388} INFO - Running <TaskInstance: crypto_coins_etl.save_top_three_coins manual__2023-01-21T06:34:07.211051+00:00 [running]> on host ac5a85f5e1cc
[2023-01-21T06:34:14.498+0000] {taskinstance.py:1507} INFO - Exporting the following env vars:
AIRFLOW_CTX_DAG_OWNER=***
AIRFLOW_CTX_DAG_ID=crypto_coins_etl
AIRFLOW_CTX_TASK_ID=save_top_three_coins
AIRFLOW_CTX_EXECUTION_DATE=2023-01-21T06:34:07.211051+00:00
AIRFLOW_CTX_TRY_NUMBER=1
AIRFLOW_CTX_DAG_RUN_ID=manual__2023-01-21T06:34:07.211051+00:00
[2023-01-21T06:34:14.528+0000] {coin.py:30} INFO - coin already exist Bitcoin
[2023-01-21T06:34:14.530+0000] {coin.py:30} INFO - coin already exist Ethereum
[2023-01-21T06:34:14.532+0000] {coin.py:30} INFO - coin already exist BNB
[2023-01-21T06:34:14.533+0000] {logging_mixin.py:137} INFO - data loading completed [{'id': 'bitcoin', 'symbol': 'btc', 'name': 'Bitcoin', 'image': 'https://assets.coingecko.com/coins/images/1/large/bitcoin.png?1547033579', 'current_price': 22604, 'market_cap': 435437796745, 'market_cap_rank': 1, 'fully_diluted_valuation': 474577761460, 'total_volume': 41871113680, 'high_24h': 22732, 'low_24h': 20918, 'price_change_24h': 1608.52, 'price_change_percentage_24h': 7.66123, 'market_cap_change_24h': 31213732633, 'market_cap_change_percentage_24h': 7.72189, 'circulating_supply': 19268062.0, 'total_supply': 21000000.0, 'max_supply': 21000000.0, 'ath': 69045, 'ath_change_percentage': -67.26923, 'ath_date': '2021-11-10T14:24:11.849Z', 'atl': 67.81, 'atl_change_percentage': 33227.26181, 'atl_date': '2013-07-06T00:00:00.000Z', 'roi': None, 'last_updated': '2023-01-21T06:31:01.426Z'}, {'id': 'ethereum', 'symbol': 'eth', 'name': 'Ethereum', 'image': 'https://assets.coingecko.com/coins/images/279/large/ethereum.png?1595348880', 'current_price': 1649.98, 'market_cap': 198781613183, 'market_cap_rank': 2, 'fully_diluted_valuation': 198781613183, 'total_volume': 9672294226, 'high_24h': 1666.29, 'low_24h': 1545.68, 'price_change_24h': 101.8, 'price_change_percentage_24h': 6.57522, 'market_cap_change_24h': 12191656005, 'market_cap_change_percentage_24h': 6.53393, 'circulating_supply': 120517812.503798, 'total_supply': 120517812.503798, 'max_supply': None, 'ath': 4878.26, 'ath_change_percentage': -66.19224, 'ath_date': '2021-11-10T14:24:19.604Z', 'atl': 0.432979, 'atl_change_percentage': 380803.28685, 'atl_date': '2015-10-20T00:00:00.000Z', 'roi': {'times': 96.61317475128766, 'currency': 'btc', 'percentage': 9661.317475128766}, 'last_updated': '2023-01-21T06:30:46.488Z'}, {'id': 'binancecoin', 'symbol': 'bnb', 'name': 'BNB', 'image': 'https://assets.coingecko.com/coins/images/825/large/bnb-icon2_2x.png?1644979850', 'current_price': 303.06, 'market_cap': 40907403455, 'market_cap_rank': 5, 'fully_diluted_valuation': 60643775781, 'total_volume': 1007263086, 'high_24h': 305.52, 'low_24h': 287.29, 'price_change_24h': 14.28, 'price_change_percentage_24h': 4.94487, 'market_cap_change_24h': 1964738449, 'market_cap_change_percentage_24h': 5.04521, 'circulating_supply': 134910476.56, 'total_supply': 157219628.63, 'max_supply': 200000000.0, 'ath': 686.31, 'ath_change_percentage': -55.81874, 'ath_date': '2021-05-10T07:24:17.097Z', 'atl': 0.0398177, 'atl_change_percentage': 761417.86849, 'atl_date': '2017-10-19T00:00:00.000Z', 'roi': None, 'last_updated': '2023-01-21T06:30:36.582Z'}]
[2023-01-21T06:34:14.534+0000] {python.py:177} INFO - Done. Returned value was: None
[2023-01-21T06:34:14.546+0000] {taskinstance.py:1318} INFO - Marking task as SUCCESS. dag_id=crypto_coins_etl, task_id=save_top_three_coins, execution_date=20230121T063407, start_date=20230121T063414, end_date=20230121T063414
[2023-01-21T06:34:14.587+0000] {local_task_job.py:208} INFO - Task exited with return code 0
[2023-01-21T06:34:14.610+0000] {taskinstance.py:2578} INFO - 0 downstream tasks scheduled from follow-on schedule check
