[2023-01-21T05:20:55.889+0000] {taskinstance.py:1083} INFO - Dependencies all met for <TaskInstance: crypto_coins_etl.create_coins_table scheduled__2023-01-20T00:00:00+00:00 [queued]>
[2023-01-21T05:20:55.903+0000] {taskinstance.py:1083} INFO - Dependencies all met for <TaskInstance: crypto_coins_etl.create_coins_table scheduled__2023-01-20T00:00:00+00:00 [queued]>
[2023-01-21T05:20:55.904+0000] {taskinstance.py:1279} INFO - 
--------------------------------------------------------------------------------
[2023-01-21T05:20:55.905+0000] {taskinstance.py:1280} INFO - Starting attempt 1 of 1
[2023-01-21T05:20:55.906+0000] {taskinstance.py:1281} INFO - 
--------------------------------------------------------------------------------
[2023-01-21T05:20:55.921+0000] {taskinstance.py:1300} INFO - Executing <Task(PostgresOperator): create_coins_table> on 2023-01-20 00:00:00+00:00
[2023-01-21T05:20:55.927+0000] {standard_task_runner.py:55} INFO - Started process 132 to run task
[2023-01-21T05:20:55.931+0000] {standard_task_runner.py:82} INFO - Running: ['***', 'tasks', 'run', 'crypto_coins_etl', 'create_coins_table', 'scheduled__2023-01-20T00:00:00+00:00', '--job-id', '46', '--raw', '--subdir', 'DAGS_FOLDER/crypto_coins_etl.py', '--cfg-path', '/tmp/tmpgyhggi0p']
[2023-01-21T05:20:55.932+0000] {standard_task_runner.py:83} INFO - Job 46: Subtask create_coins_table
[2023-01-21T05:20:56.019+0000] {task_command.py:388} INFO - Running <TaskInstance: crypto_coins_etl.create_coins_table scheduled__2023-01-20T00:00:00+00:00 [running]> on host ac5a85f5e1cc
[2023-01-21T05:20:56.106+0000] {taskinstance.py:1507} INFO - Exporting the following env vars:
AIRFLOW_CTX_DAG_OWNER=***
AIRFLOW_CTX_DAG_ID=crypto_coins_etl
AIRFLOW_CTX_TASK_ID=create_coins_table
AIRFLOW_CTX_EXECUTION_DATE=2023-01-20T00:00:00+00:00
AIRFLOW_CTX_TRY_NUMBER=1
AIRFLOW_CTX_DAG_RUN_ID=scheduled__2023-01-20T00:00:00+00:00
[2023-01-21T05:20:56.110+0000] {sql.py:254} INFO - Executing:  CREATE TABLE IF NOT EXISTS coins(             firstname TEXT NOT NULL,             lastname TEXT NOT NULL,             country TEXT NOT NULL,             username TEXT NOT NULL,             password TEXT NOT NULL,             Email TEXT NOT NULL         );
[2023-01-21T05:20:56.128+0000] {base.py:73} INFO - Using connection ID 'postgres' for task execution.
[2023-01-21T05:20:56.389+0000] {base.py:73} INFO - Using connection ID 'postgres' for task execution.
[2023-01-21T05:20:56.394+0000] {sql.py:375} INFO - Running statement:  CREATE TABLE IF NOT EXISTS coins(             firstname TEXT NOT NULL,             lastname TEXT NOT NULL,             country TEXT NOT NULL,             username TEXT NOT NULL,             password TEXT NOT NULL,             Email TEXT NOT NULL         );, parameters: None
[2023-01-21T05:20:56.415+0000] {taskinstance.py:1318} INFO - Marking task as SUCCESS. dag_id=crypto_coins_etl, task_id=create_coins_table, execution_date=20230120T000000, start_date=20230121T052055, end_date=20230121T052056
[2023-01-21T05:20:56.466+0000] {local_task_job.py:208} INFO - Task exited with return code 0
[2023-01-21T05:20:56.496+0000] {taskinstance.py:2578} INFO - 1 downstream tasks scheduled from follow-on schedule check
