[2023-01-22T00:00:17.522+0000] {taskinstance.py:1083} INFO - Dependencies all met for <TaskInstance: crypto_currency_etl.place_order scheduled__2023-01-21T00:00:00+00:00 [queued]>
[2023-01-22T00:00:17.532+0000] {taskinstance.py:1083} INFO - Dependencies all met for <TaskInstance: crypto_currency_etl.place_order scheduled__2023-01-21T00:00:00+00:00 [queued]>
[2023-01-22T00:00:17.533+0000] {taskinstance.py:1279} INFO - 
--------------------------------------------------------------------------------
[2023-01-22T00:00:17.534+0000] {taskinstance.py:1280} INFO - Starting attempt 1 of 1
[2023-01-22T00:00:17.534+0000] {taskinstance.py:1281} INFO - 
--------------------------------------------------------------------------------
[2023-01-22T00:00:17.546+0000] {taskinstance.py:1300} INFO - Executing <Task(PythonOperator): place_order> on 2023-01-21 00:00:00+00:00
[2023-01-22T00:00:17.552+0000] {standard_task_runner.py:55} INFO - Started process 10312 to run task
[2023-01-22T00:00:17.556+0000] {standard_task_runner.py:82} INFO - Running: ['***', 'tasks', 'run', 'crypto_currency_etl', 'place_order', 'scheduled__2023-01-21T00:00:00+00:00', '--job-id', '248', '--raw', '--subdir', 'DAGS_FOLDER/crypto_currency_etl.py', '--cfg-path', '/tmp/tmpgtpxtyo1']
[2023-01-22T00:00:17.559+0000] {standard_task_runner.py:83} INFO - Job 248: Subtask place_order
[2023-01-22T00:00:17.628+0000] {task_command.py:388} INFO - Running <TaskInstance: crypto_currency_etl.place_order scheduled__2023-01-21T00:00:00+00:00 [running]> on host 365d47c8e5b5
[2023-01-22T00:00:17.689+0000] {taskinstance.py:1507} INFO - Exporting the following env vars:
AIRFLOW_CTX_DAG_OWNER=***
AIRFLOW_CTX_DAG_ID=crypto_currency_etl
AIRFLOW_CTX_TASK_ID=place_order
AIRFLOW_CTX_EXECUTION_DATE=2023-01-21T00:00:00+00:00
AIRFLOW_CTX_TRY_NUMBER=1
AIRFLOW_CTX_DAG_RUN_ID=scheduled__2023-01-21T00:00:00+00:00
[2023-01-22T00:00:17.702+0000] {python.py:177} INFO - Done. Returned value was: [{'coin_id': {'id': 'tether', 'symbol': 'usdt', 'name': 'Tether', 'image': 'https://assets.coingecko.com/coins/images/325/large/Tether.png?1668148663', 'current_price': 1.0, 'market_cap': 66376505552, 'market_cap_rank': 3, 'fully_diluted_valuation': 66376505552, 'total_volume': 52081373665, 'high_24h': 1.006, 'low_24h': 0.988207, 'price_change_24h': -0.001070806988143103, 'price_change_percentage_24h': -0.10696, 'market_cap_change_24h': -166158067.98828125, 'market_cap_change_percentage_24h': -0.2497, 'circulating_supply': 66484835812.1458, 'total_supply': 66484835812.1458, 'max_supply': None, 'ath': 1.32, 'ath_change_percentage': -24.43208, 'ath_date': '2018-07-24T00:00:00.000Z', 'atl': 0.572521, 'atl_change_percentage': 74.63736, 'atl_date': '2015-03-02T00:00:00.000Z', 'roi': None, 'last_updated': '2023-01-21T23:55:20.263Z'}, 'quantity': 3, 'status': 'completed'}, {'coin_id': {'id': 'usd-coin', 'symbol': 'usdc', 'name': 'USD Coin', 'image': 'https://assets.coingecko.com/coins/images/6319/large/USD_Coin_icon.png?1547042389', 'current_price': 0.999444, 'market_cap': 43327364624, 'market_cap_rank': 4, 'fully_diluted_valuation': 43327364568, 'total_volume': 3554986217, 'high_24h': 1.009, 'low_24h': 0.987488, 'price_change_24h': -0.001700698679012236, 'price_change_percentage_24h': -0.16988, 'market_cap_change_24h': 117680391, 'market_cap_change_percentage_24h': 0.27235, 'circulating_supply': 43361555068.3437, 'total_supply': 43361555012.4637, 'max_supply': None, 'ath': 1.17, 'ath_change_percentage': -14.86177, 'ath_date': '2019-05-08T00:40:28.300Z', 'atl': 0.891848, 'atl_change_percentage': 11.94971, 'atl_date': '2021-05-19T13:14:05.611Z', 'roi': None, 'last_updated': '2023-01-21T23:59:43.687Z'}, 'quantity': 3, 'status': 'completed'}, {'coin_id': {'id': 'binance-usd', 'symbol': 'busd', 'name': 'Binance USD', 'image': 'https://assets.coingecko.com/coins/images/9576/large/BUSD.png?1568947766', 'current_price': 0.999186, 'market_cap': 16227361913, 'market_cap_rank': 7, 'fully_diluted_valuation': 16227361913, 'total_volume': 12963696502, 'high_24h': 1.008, 'low_24h': 0.99123, 'price_change_24h': -0.001637611112271564, 'price_change_percentage_24h': -0.16363, 'market_cap_change_24h': -120204365.22385788, 'market_cap_change_percentage_24h': -0.7353, 'circulating_supply': 16216621579.68, 'total_supply': 16216621579.68, 'max_supply': None, 'ath': 1.15, 'ath_change_percentage': -13.36643, 'ath_date': '2020-03-13T02:35:42.953Z', 'atl': 0.901127, 'atl_change_percentage': 10.96415, 'atl_date': '2021-05-19T13:04:37.445Z', 'roi': None, 'last_updated': '2023-01-21T23:59:30.179Z'}, 'quantity': 3, 'status': 'completed'}]
[2023-01-22T00:00:17.723+0000] {taskinstance.py:1318} INFO - Marking task as SUCCESS. dag_id=crypto_currency_etl, task_id=place_order, execution_date=20230121T000000, start_date=20230122T000017, end_date=20230122T000017
[2023-01-22T00:00:17.774+0000] {local_task_job.py:208} INFO - Task exited with return code 0
[2023-01-22T00:00:17.805+0000] {taskinstance.py:2578} INFO - 2 downstream tasks scheduled from follow-on schedule check
